[0.058s] Invoking command in '/home/donavyn/ros2_ws/build/examples_rclcpp_minimal_timer': CMAKE_PREFIX_PATH=${CMAKE_PREFIX_PATH}:/home/donavyn/ros2_ws/install/launch_testing_examples:/home/donavyn/ros2_ws/install/examples_rclpy_pointcloud_publisher:/home/donavyn/ros2_ws/install/examples_rclpy_minimal_subscriber:/home/donavyn/ros2_ws/install/examples_rclpy_minimal_service:/home/donavyn/ros2_ws/install/examples_rclpy_minimal_publisher:/home/donavyn/ros2_ws/install/examples_rclpy_minimal_client:/home/donavyn/ros2_ws/install/examples_rclpy_minimal_action_server:/home/donavyn/ros2_ws/install/examples_rclpy_minimal_action_client:/home/donavyn/ros2_ws/install/examples_rclpy_guard_conditions:/home/donavyn/ros2_ws/install/examples_rclpy_executors:/opt/ros/humble /usr/bin/cmake --build /home/donavyn/ros2_ws/build/examples_rclcpp_minimal_timer -- -j16 -l16
[0.668s] [ 50%] Built target timer_member_function
[0.668s] [100%] Built target timer_lambda
[0.833s] Invoked command in '/home/donavyn/ros2_ws/build/examples_rclcpp_minimal_timer' returned '0': CMAKE_PREFIX_PATH=${CMAKE_PREFIX_PATH}:/home/donavyn/ros2_ws/install/launch_testing_examples:/home/donavyn/ros2_ws/install/examples_rclpy_pointcloud_publisher:/home/donavyn/ros2_ws/install/examples_rclpy_minimal_subscriber:/home/donavyn/ros2_ws/install/examples_rclpy_minimal_service:/home/donavyn/ros2_ws/install/examples_rclpy_minimal_publisher:/home/donavyn/ros2_ws/install/examples_rclpy_minimal_client:/home/donavyn/ros2_ws/install/examples_rclpy_minimal_action_server:/home/donavyn/ros2_ws/install/examples_rclpy_minimal_action_client:/home/donavyn/ros2_ws/install/examples_rclpy_guard_conditions:/home/donavyn/ros2_ws/install/examples_rclpy_executors:/opt/ros/humble /usr/bin/cmake --build /home/donavyn/ros2_ws/build/examples_rclcpp_minimal_timer -- -j16 -l16
[0.893s] Invoking command in '/home/donavyn/ros2_ws/build/examples_rclcpp_minimal_timer': CMAKE_PREFIX_PATH=${CMAKE_PREFIX_PATH}:/home/donavyn/ros2_ws/install/launch_testing_examples:/home/donavyn/ros2_ws/install/examples_rclpy_pointcloud_publisher:/home/donavyn/ros2_ws/install/examples_rclpy_minimal_subscriber:/home/donavyn/ros2_ws/install/examples_rclpy_minimal_service:/home/donavyn/ros2_ws/install/examples_rclpy_minimal_publisher:/home/donavyn/ros2_ws/install/examples_rclpy_minimal_client:/home/donavyn/ros2_ws/install/examples_rclpy_minimal_action_server:/home/donavyn/ros2_ws/install/examples_rclpy_minimal_action_client:/home/donavyn/ros2_ws/install/examples_rclpy_guard_conditions:/home/donavyn/ros2_ws/install/examples_rclpy_executors:/opt/ros/humble /usr/bin/cmake --install /home/donavyn/ros2_ws/build/examples_rclcpp_minimal_timer
[0.932s] -- Install configuration: ""
[0.932s] -- Execute custom install script
[0.932s] -- Up-to-date symlink: /home/donavyn/ros2_ws/install/examples_rclcpp_minimal_timer/lib/examples_rclcpp_minimal_timer/timer_lambda
[0.932s] -- Up-to-date symlink: /home/donavyn/ros2_ws/install/examples_rclcpp_minimal_timer/lib/examples_rclcpp_minimal_timer/timer_member_function
[0.932s] -- Up-to-date symlink: /home/donavyn/ros2_ws/install/examples_rclcpp_minimal_timer/share/ament_index/resource_index/package_run_dependencies/examples_rclcpp_minimal_timer
[0.932s] -- Up-to-date symlink: /home/donavyn/ros2_ws/install/examples_rclcpp_minimal_timer/share/ament_index/resource_index/parent_prefix_path/examples_rclcpp_minimal_timer
[0.932s] -- Up-to-date symlink: /home/donavyn/ros2_ws/install/examples_rclcpp_minimal_timer/share/examples_rclcpp_minimal_timer/environment/ament_prefix_path.sh
[0.932s] -- Up-to-date symlink: /home/donavyn/ros2_ws/install/examples_rclcpp_minimal_timer/share/examples_rclcpp_minimal_timer/environment/ament_prefix_path.dsv
[0.932s] -- Up-to-date symlink: /home/donavyn/ros2_ws/install/examples_rclcpp_minimal_timer/share/examples_rclcpp_minimal_timer/environment/path.sh
[0.932s] -- Up-to-date symlink: /home/donavyn/ros2_ws/install/examples_rclcpp_minimal_timer/share/examples_rclcpp_minimal_timer/environment/path.dsv
[0.932s] -- Up-to-date symlink: /home/donavyn/ros2_ws/install/examples_rclcpp_minimal_timer/share/examples_rclcpp_minimal_timer/local_setup.bash
[0.933s] -- Up-to-date symlink: /home/donavyn/ros2_ws/install/examples_rclcpp_minimal_timer/share/examples_rclcpp_minimal_timer/local_setup.sh
[0.933s] -- Up-to-date symlink: /home/donavyn/ros2_ws/install/examples_rclcpp_minimal_timer/share/examples_rclcpp_minimal_timer/local_setup.zsh
[0.933s] -- Up-to-date symlink: /home/donavyn/ros2_ws/install/examples_rclcpp_minimal_timer/share/examples_rclcpp_minimal_timer/local_setup.dsv
[0.933s] -- Symlinking: /home/donavyn/ros2_ws/install/examples_rclcpp_minimal_timer/share/examples_rclcpp_minimal_timer/package.dsv
[0.935s] -- Up-to-date symlink: /home/donavyn/ros2_ws/install/examples_rclcpp_minimal_timer/share/ament_index/resource_index/packages/examples_rclcpp_minimal_timer
[0.935s] -- Up-to-date symlink: /home/donavyn/ros2_ws/install/examples_rclcpp_minimal_timer/share/examples_rclcpp_minimal_timer/cmake/examples_rclcpp_minimal_timerConfig.cmake
[0.935s] -- Up-to-date symlink: /home/donavyn/ros2_ws/install/examples_rclcpp_minimal_timer/share/examples_rclcpp_minimal_timer/cmake/examples_rclcpp_minimal_timerConfig-version.cmake
[0.935s] -- Up-to-date symlink: /home/donavyn/ros2_ws/install/examples_rclcpp_minimal_timer/share/examples_rclcpp_minimal_timer/package.xml
[0.973s] Invoked command in '/home/donavyn/ros2_ws/build/examples_rclcpp_minimal_timer' returned '0': CMAKE_PREFIX_PATH=${CMAKE_PREFIX_PATH}:/home/donavyn/ros2_ws/install/launch_testing_examples:/home/donavyn/ros2_ws/install/examples_rclpy_pointcloud_publisher:/home/donavyn/ros2_ws/install/examples_rclpy_minimal_subscriber:/home/donavyn/ros2_ws/install/examples_rclpy_minimal_service:/home/donavyn/ros2_ws/install/examples_rclpy_minimal_publisher:/home/donavyn/ros2_ws/install/examples_rclpy_minimal_client:/home/donavyn/ros2_ws/install/examples_rclpy_minimal_action_server:/home/donavyn/ros2_ws/install/examples_rclpy_minimal_action_client:/home/donavyn/ros2_ws/install/examples_rclpy_guard_conditions:/home/donavyn/ros2_ws/install/examples_rclpy_executors:/opt/ros/humble /usr/bin/cmake --install /home/donavyn/ros2_ws/build/examples_rclcpp_minimal_timer
