[0.041s] Invoking command in '/home/donavyn/ros2_ws/build/examples_rclcpp_minimal_action_client': CMAKE_PREFIX_PATH=/opt/ros/humble /usr/bin/cmake /home/donavyn/ros2_ws/src/examples/rclcpp/actions/minimal_action_client -DAMENT_CMAKE_SYMLINK_INSTALL=1 -DCMAKE_INSTALL_PREFIX=/home/donavyn/ros2_ws/install/examples_rclcpp_minimal_action_client
[1.110s] -- The C compiler identification is GNU 11.4.0
[1.110s] -- The CXX compiler identification is GNU 11.4.0
[1.110s] -- Detecting C compiler ABI info
[1.110s] -- Detecting C compiler ABI info - done
[1.110s] -- Check for working C compiler: /usr/bin/cc - skipped
[1.110s] -- Detecting C compile features
[1.110s] -- Detecting C compile features - done
[1.110s] -- Detecting CXX compiler ABI info
[1.110s] -- Detecting CXX compiler ABI info - done
[1.110s] -- Check for working CXX compiler: /usr/bin/c++ - skipped
[1.110s] -- Detecting CXX compile features
[1.110s] -- Detecting CXX compile features - done
[1.110s] -- Found ament_cmake: 1.3.10 (/opt/ros/humble/share/ament_cmake/cmake)
[1.110s] -- Found Python3: /usr/bin/python3 (found version "3.10.12") found components: Interpreter 
[1.110s] -- Override CMake install command with custom implementation using symlinks instead of copying resources
[1.110s] -- Found example_interfaces: 0.9.3 (/opt/ros/humble/share/example_interfaces/cmake)
[1.110s] -- Found rosidl_generator_c: 3.1.5 (/opt/ros/humble/share/rosidl_generator_c/cmake)
[1.110s] -- Found rosidl_adapter: 3.1.5 (/opt/ros/humble/share/rosidl_adapter/cmake)
[1.110s] -- Found rosidl_generator_cpp: 3.1.5 (/opt/ros/humble/share/rosidl_generator_cpp/cmake)
[1.110s] -- Using all available rosidl_typesupport_c: rosidl_typesupport_fastrtps_c;rosidl_typesupport_introspection_c
[1.111s] -- Using all available rosidl_typesupport_cpp: rosidl_typesupport_fastrtps_cpp;rosidl_typesupport_introspection_cpp
[1.111s] -- Found rclcpp: 16.0.10 (/opt/ros/humble/share/rclcpp/cmake)
[1.122s] -- Found rmw_implementation_cmake: 6.1.2 (/opt/ros/humble/share/rmw_implementation_cmake/cmake)
[1.123s] -- Found rmw_fastrtps_cpp: 6.2.7 (/opt/ros/humble/share/rmw_fastrtps_cpp/cmake)
[1.232s] -- Found OpenSSL: /usr/lib/x86_64-linux-gnu/libcrypto.so (found version "3.0.2")  
[1.276s] -- Found FastRTPS: /opt/ros/humble/include  
[1.336s] -- Using RMW implementation 'rmw_fastrtps_cpp' as default
[1.345s] -- Looking for pthread.h
[1.463s] -- Looking for pthread.h - found
[1.463s] -- Performing Test CMAKE_HAVE_LIBC_PTHREAD
[1.574s] -- Performing Test CMAKE_HAVE_LIBC_PTHREAD - Success
[1.578s] -- Found Threads: TRUE  
[1.657s] -- Found rclcpp_action: 16.0.10 (/opt/ros/humble/share/rclcpp_action/cmake)
[1.681s] -- Found ament_lint_auto: 0.12.11 (/opt/ros/humble/share/ament_lint_auto/cmake)
[1.818s] -- Added test 'copyright' to check source files copyright and LICENSE
[1.820s] -- Added test 'cppcheck' to perform static code analysis on C / C++ code
[1.820s] -- Configured cppcheck include dirs: 
[1.820s] -- Configured cppcheck exclude dirs and/or files: 
[1.826s] -- Added test 'cpplint' to check C / C++ code against the Google style
[1.826s] -- Configured cpplint exclude dirs and/or files: 
[1.841s] -- Added test 'lint_cmake' to check CMake code style
[1.841s] -- Added test 'uncrustify' to check C / C++ code style
[1.841s] -- Configured uncrustify additional arguments: 
[1.841s] -- Added test 'xmllint' to check XML markup files
[1.841s] -- Configuring done
[1.858s] -- Generating done
[1.858s] -- Build files have been written to: /home/donavyn/ros2_ws/build/examples_rclcpp_minimal_action_client
[1.916s] Invoked command in '/home/donavyn/ros2_ws/build/examples_rclcpp_minimal_action_client' returned '0': CMAKE_PREFIX_PATH=/opt/ros/humble /usr/bin/cmake /home/donavyn/ros2_ws/src/examples/rclcpp/actions/minimal_action_client -DAMENT_CMAKE_SYMLINK_INSTALL=1 -DCMAKE_INSTALL_PREFIX=/home/donavyn/ros2_ws/install/examples_rclcpp_minimal_action_client
[1.917s] Invoking command in '/home/donavyn/ros2_ws/build/examples_rclcpp_minimal_action_client': CMAKE_PREFIX_PATH=/opt/ros/humble /usr/bin/cmake --build /home/donavyn/ros2_ws/build/examples_rclcpp_minimal_action_client -- -j16 -l16
[2.104s] [ 12%] [32mBuilding CXX object CMakeFiles/action_client_not_composable.dir/not_composable.cpp.o[0m
[2.115s] [ 25%] [32mBuilding CXX object CMakeFiles/action_client_member_functions.dir/member_functions.cpp.o[0m
[2.125s] [ 37%] [32mBuilding CXX object CMakeFiles/action_client_not_composable_with_cancel.dir/not_composable_with_cancel.cpp.o[0m
[2.125s] [ 50%] [32mBuilding CXX object CMakeFiles/action_client_not_composable_with_feedback.dir/not_composable_with_feedback.cpp.o[0m
[13.940s] [ 62%] [32m[1mLinking CXX executable action_client_not_composable_with_cancel[0m
[15.012s] [ 62%] Built target action_client_not_composable_with_cancel
[21.902s] [ 75%] [32m[1mLinking CXX executable action_client_not_composable_with_feedback[0m
[22.265s] [ 87%] [32m[1mLinking CXX executable action_client_not_composable[0m
[22.718s] [ 87%] Built target action_client_not_composable_with_feedback
[22.841s] [ 87%] Built target action_client_not_composable
[24.179s] [100%] [32m[1mLinking CXX executable action_client_member_functions[0m
[24.624s] [100%] Built target action_client_member_functions
[25.578s] Invoked command in '/home/donavyn/ros2_ws/build/examples_rclcpp_minimal_action_client' returned '0': CMAKE_PREFIX_PATH=/opt/ros/humble /usr/bin/cmake --build /home/donavyn/ros2_ws/build/examples_rclcpp_minimal_action_client -- -j16 -l16
[26.702s] Invoking command in '/home/donavyn/ros2_ws/build/examples_rclcpp_minimal_action_client': CMAKE_PREFIX_PATH=/opt/ros/humble /usr/bin/cmake --install /home/donavyn/ros2_ws/build/examples_rclcpp_minimal_action_client
[27.684s] -- Install configuration: ""
[27.684s] -- Execute custom install script
[27.684s] -- Symlinking: /home/donavyn/ros2_ws/install/examples_rclcpp_minimal_action_client/lib/examples_rclcpp_minimal_action_client/action_client_member_functions
[27.684s] -- Symlinking: /home/donavyn/ros2_ws/install/examples_rclcpp_minimal_action_client/lib/examples_rclcpp_minimal_action_client/action_client_not_composable
[27.684s] -- Symlinking: /home/donavyn/ros2_ws/install/examples_rclcpp_minimal_action_client/lib/examples_rclcpp_minimal_action_client/action_client_not_composable_with_cancel
[27.684s] -- Symlinking: /home/donavyn/ros2_ws/install/examples_rclcpp_minimal_action_client/lib/examples_rclcpp_minimal_action_client/action_client_not_composable_with_feedback
[27.685s] -- Symlinking: /home/donavyn/ros2_ws/install/examples_rclcpp_minimal_action_client/share/ament_index/resource_index/package_run_dependencies/examples_rclcpp_minimal_action_client
[27.685s] -- Symlinking: /home/donavyn/ros2_ws/install/examples_rclcpp_minimal_action_client/share/ament_index/resource_index/parent_prefix_path/examples_rclcpp_minimal_action_client
[27.685s] -- Symlinking: /home/donavyn/ros2_ws/install/examples_rclcpp_minimal_action_client/share/examples_rclcpp_minimal_action_client/environment/ament_prefix_path.sh
[27.685s] -- Symlinking: /home/donavyn/ros2_ws/install/examples_rclcpp_minimal_action_client/share/examples_rclcpp_minimal_action_client/environment/ament_prefix_path.dsv
[27.685s] -- Symlinking: /home/donavyn/ros2_ws/install/examples_rclcpp_minimal_action_client/share/examples_rclcpp_minimal_action_client/environment/path.sh
[27.685s] -- Symlinking: /home/donavyn/ros2_ws/install/examples_rclcpp_minimal_action_client/share/examples_rclcpp_minimal_action_client/environment/path.dsv
[27.685s] -- Symlinking: /home/donavyn/ros2_ws/install/examples_rclcpp_minimal_action_client/share/examples_rclcpp_minimal_action_client/local_setup.bash
[27.685s] -- Symlinking: /home/donavyn/ros2_ws/install/examples_rclcpp_minimal_action_client/share/examples_rclcpp_minimal_action_client/local_setup.sh
[27.685s] -- Symlinking: /home/donavyn/ros2_ws/install/examples_rclcpp_minimal_action_client/share/examples_rclcpp_minimal_action_client/local_setup.zsh
[27.685s] -- Symlinking: /home/donavyn/ros2_ws/install/examples_rclcpp_minimal_action_client/share/examples_rclcpp_minimal_action_client/local_setup.dsv
[27.685s] -- Symlinking: /home/donavyn/ros2_ws/install/examples_rclcpp_minimal_action_client/share/examples_rclcpp_minimal_action_client/package.dsv
[27.685s] -- Symlinking: /home/donavyn/ros2_ws/install/examples_rclcpp_minimal_action_client/share/ament_index/resource_index/packages/examples_rclcpp_minimal_action_client
[27.686s] -- Symlinking: /home/donavyn/ros2_ws/install/examples_rclcpp_minimal_action_client/share/examples_rclcpp_minimal_action_client/cmake/examples_rclcpp_minimal_action_clientConfig.cmake
[27.686s] -- Symlinking: /home/donavyn/ros2_ws/install/examples_rclcpp_minimal_action_client/share/examples_rclcpp_minimal_action_client/cmake/examples_rclcpp_minimal_action_clientConfig-version.cmake
[27.686s] -- Symlinking: /home/donavyn/ros2_ws/install/examples_rclcpp_minimal_action_client/share/examples_rclcpp_minimal_action_client/package.xml
[27.808s] Invoked command in '/home/donavyn/ros2_ws/build/examples_rclcpp_minimal_action_client' returned '0': CMAKE_PREFIX_PATH=/opt/ros/humble /usr/bin/cmake --install /home/donavyn/ros2_ws/build/examples_rclcpp_minimal_action_client
