[0.055s] Invoking command in '/home/donavyn/ros2_ws/build/examples_rclcpp_wait_set': CMAKE_PREFIX_PATH=${CMAKE_PREFIX_PATH}:/home/donavyn/ros2_ws/install/launch_testing_examples:/home/donavyn/ros2_ws/install/examples_rclpy_pointcloud_publisher:/home/donavyn/ros2_ws/install/examples_rclpy_minimal_subscriber:/home/donavyn/ros2_ws/install/examples_rclpy_minimal_service:/home/donavyn/ros2_ws/install/examples_rclpy_minimal_publisher:/home/donavyn/ros2_ws/install/examples_rclpy_minimal_client:/home/donavyn/ros2_ws/install/examples_rclpy_minimal_action_server:/home/donavyn/ros2_ws/install/examples_rclpy_minimal_action_client:/home/donavyn/ros2_ws/install/examples_rclpy_guard_conditions:/home/donavyn/ros2_ws/install/examples_rclpy_executors:/opt/ros/humble /usr/bin/cmake /home/donavyn/ros2_ws/src/examples/rclcpp/wait_set -DCMAKE_INSTALL_PREFIX=/home/donavyn/ros2_ws/install/examples_rclcpp_wait_set
[1.162s] -- Found ament_cmake: 1.3.10 (/opt/ros/humble/share/ament_cmake/cmake)
[1.162s] -- Override CMake install command with custom implementation using symlinks instead of copying resources
[1.162s] -- Found example_interfaces: 0.9.3 (/opt/ros/humble/share/example_interfaces/cmake)
[1.162s] -- Found rosidl_generator_c: 3.1.5 (/opt/ros/humble/share/rosidl_generator_c/cmake)
[1.162s] -- Found rosidl_adapter: 3.1.5 (/opt/ros/humble/share/rosidl_adapter/cmake)
[1.162s] -- Found rosidl_generator_cpp: 3.1.5 (/opt/ros/humble/share/rosidl_generator_cpp/cmake)
[1.162s] -- Using all available rosidl_typesupport_c: rosidl_typesupport_fastrtps_c;rosidl_typesupport_introspection_c
[1.162s] -- Using all available rosidl_typesupport_cpp: rosidl_typesupport_fastrtps_cpp;rosidl_typesupport_introspection_cpp
[1.162s] -- Found rclcpp: 16.0.10 (/opt/ros/humble/share/rclcpp/cmake)
[1.162s] -- Found rmw_implementation_cmake: 6.1.2 (/opt/ros/humble/share/rmw_implementation_cmake/cmake)
[1.162s] -- Found rmw_fastrtps_cpp: 6.2.7 (/opt/ros/humble/share/rmw_fastrtps_cpp/cmake)
[1.162s] -- Using RMW implementation 'rmw_fastrtps_cpp' as default
[1.162s] -- Found rclcpp_components: 16.0.10 (/opt/ros/humble/share/rclcpp_components/cmake)
[1.162s] -- Found ament_lint_auto: 0.12.11 (/opt/ros/humble/share/ament_lint_auto/cmake)
[1.162s] -- Added test 'copyright' to check source files copyright and LICENSE
[1.162s] -- Added test 'cppcheck' to perform static code analysis on C / C++ code
[1.162s] -- Configured cppcheck include dirs: /home/donavyn/ros2_ws/src/examples/rclcpp/wait_set/include
[1.162s] -- Configured cppcheck exclude dirs and/or files: 
[1.162s] -- Added test 'cpplint' to check C / C++ code against the Google style
[1.162s] -- Configured cpplint exclude dirs and/or files: 
[1.162s] -- Added test 'lint_cmake' to check CMake code style
[1.162s] -- Added test 'uncrustify' to check C / C++ code style
[1.162s] -- Configured uncrustify additional arguments: 
[1.163s] -- Added test 'xmllint' to check XML markup files
[1.163s] -- Configuring done
[1.163s] -- Generating done
[1.163s] -- Build files have been written to: /home/donavyn/ros2_ws/build/examples_rclcpp_wait_set
[1.181s] Invoked command in '/home/donavyn/ros2_ws/build/examples_rclcpp_wait_set' returned '0': CMAKE_PREFIX_PATH=${CMAKE_PREFIX_PATH}:/home/donavyn/ros2_ws/install/launch_testing_examples:/home/donavyn/ros2_ws/install/examples_rclpy_pointcloud_publisher:/home/donavyn/ros2_ws/install/examples_rclpy_minimal_subscriber:/home/donavyn/ros2_ws/install/examples_rclpy_minimal_service:/home/donavyn/ros2_ws/install/examples_rclpy_minimal_publisher:/home/donavyn/ros2_ws/install/examples_rclpy_minimal_client:/home/donavyn/ros2_ws/install/examples_rclpy_minimal_action_server:/home/donavyn/ros2_ws/install/examples_rclpy_minimal_action_client:/home/donavyn/ros2_ws/install/examples_rclpy_guard_conditions:/home/donavyn/ros2_ws/install/examples_rclpy_executors:/opt/ros/humble /usr/bin/cmake /home/donavyn/ros2_ws/src/examples/rclcpp/wait_set -DCMAKE_INSTALL_PREFIX=/home/donavyn/ros2_ws/install/examples_rclcpp_wait_set
[1.183s] Invoking command in '/home/donavyn/ros2_ws/build/examples_rclcpp_wait_set': CMAKE_PREFIX_PATH=${CMAKE_PREFIX_PATH}:/home/donavyn/ros2_ws/install/launch_testing_examples:/home/donavyn/ros2_ws/install/examples_rclpy_pointcloud_publisher:/home/donavyn/ros2_ws/install/examples_rclpy_minimal_subscriber:/home/donavyn/ros2_ws/install/examples_rclpy_minimal_service:/home/donavyn/ros2_ws/install/examples_rclpy_minimal_publisher:/home/donavyn/ros2_ws/install/examples_rclpy_minimal_client:/home/donavyn/ros2_ws/install/examples_rclpy_minimal_action_server:/home/donavyn/ros2_ws/install/examples_rclpy_minimal_action_client:/home/donavyn/ros2_ws/install/examples_rclpy_guard_conditions:/home/donavyn/ros2_ws/install/examples_rclpy_executors:/opt/ros/humble /usr/bin/cmake --build /home/donavyn/ros2_ws/build/examples_rclcpp_wait_set -- -j16 -l16
[1.334s] [35m[1mConsolidate compiler generated dependencies of target talker[0m
[1.334s] [35m[1mConsolidate compiler generated dependencies of target listener[0m
[1.334s] [35m[1mConsolidate compiler generated dependencies of target wait_set[0m
[1.334s] [35m[1mConsolidate compiler generated dependencies of target wait_set_talker[0m
[1.334s] [35m[1mConsolidate compiler generated dependencies of target thread_safe_wait_set[0m
[1.334s] [35m[1mConsolidate compiler generated dependencies of target wait_set_topics_and_timer[0m
[1.334s] [35m[1mConsolidate compiler generated dependencies of target executor_random_order[0m
[1.334s] [35m[1mConsolidate compiler generated dependencies of target wait_set_random_order[0m
[1.334s] [35m[1mConsolidate compiler generated dependencies of target wait_set_listener[0m
[1.334s] [35m[1mConsolidate compiler generated dependencies of target static_wait_set[0m
[1.334s] [  8%] Built target talker
[1.334s] [35m[1mConsolidate compiler generated dependencies of target wait_set_topics_with_different_rates[0m
[1.358s] [ 16%] Built target listener
[1.370s] [ 25%] Built target wait_set
[1.370s] [ 33%] Built target thread_safe_wait_set
[1.380s] [ 41%] Built target wait_set_random_order
[1.383s] [ 50%] Built target wait_set_listener
[1.384s] [ 58%] Built target wait_set_topics_and_timer
[1.384s] [ 66%] Built target wait_set_talker
[1.386s] [ 75%] Built target executor_random_order
[1.394s] [ 83%] Built target static_wait_set
[1.405s] [ 91%] Built target wait_set_topics_with_different_rates
[1.405s] [35m[1mConsolidate compiler generated dependencies of target wait_set_composed[0m
[1.430s] [100%] Built target wait_set_composed
[1.473s] Invoked command in '/home/donavyn/ros2_ws/build/examples_rclcpp_wait_set' returned '0': CMAKE_PREFIX_PATH=${CMAKE_PREFIX_PATH}:/home/donavyn/ros2_ws/install/launch_testing_examples:/home/donavyn/ros2_ws/install/examples_rclpy_pointcloud_publisher:/home/donavyn/ros2_ws/install/examples_rclpy_minimal_subscriber:/home/donavyn/ros2_ws/install/examples_rclpy_minimal_service:/home/donavyn/ros2_ws/install/examples_rclpy_minimal_publisher:/home/donavyn/ros2_ws/install/examples_rclpy_minimal_client:/home/donavyn/ros2_ws/install/examples_rclpy_minimal_action_server:/home/donavyn/ros2_ws/install/examples_rclpy_minimal_action_client:/home/donavyn/ros2_ws/install/examples_rclpy_guard_conditions:/home/donavyn/ros2_ws/install/examples_rclpy_executors:/opt/ros/humble /usr/bin/cmake --build /home/donavyn/ros2_ws/build/examples_rclcpp_wait_set -- -j16 -l16
[1.578s] Invoking command in '/home/donavyn/ros2_ws/build/examples_rclcpp_wait_set': CMAKE_PREFIX_PATH=${CMAKE_PREFIX_PATH}:/home/donavyn/ros2_ws/install/launch_testing_examples:/home/donavyn/ros2_ws/install/examples_rclpy_pointcloud_publisher:/home/donavyn/ros2_ws/install/examples_rclpy_minimal_subscriber:/home/donavyn/ros2_ws/install/examples_rclpy_minimal_service:/home/donavyn/ros2_ws/install/examples_rclpy_minimal_publisher:/home/donavyn/ros2_ws/install/examples_rclpy_minimal_client:/home/donavyn/ros2_ws/install/examples_rclpy_minimal_action_server:/home/donavyn/ros2_ws/install/examples_rclpy_minimal_action_client:/home/donavyn/ros2_ws/install/examples_rclpy_guard_conditions:/home/donavyn/ros2_ws/install/examples_rclpy_executors:/opt/ros/humble /usr/bin/cmake --install /home/donavyn/ros2_ws/build/examples_rclcpp_wait_set
[1.610s] -- Install configuration: ""
[1.610s] -- Execute custom install script
[1.611s] -- Up-to-date symlink: /home/donavyn/ros2_ws/install/examples_rclcpp_wait_set/lib/examples_rclcpp_wait_set/wait_set_talker
[1.611s] -- Up-to-date symlink: /home/donavyn/ros2_ws/install/examples_rclcpp_wait_set/lib/examples_rclcpp_wait_set/wait_set_listener
[1.611s] -- Up-to-date symlink: /home/donavyn/ros2_ws/install/examples_rclcpp_wait_set/lib/libtalker.so
[1.611s] -- Up-to-date symlink: /home/donavyn/ros2_ws/install/examples_rclcpp_wait_set/lib/liblistener.so
[1.611s] -- Up-to-date symlink: /home/donavyn/ros2_ws/install/examples_rclcpp_wait_set/lib/examples_rclcpp_wait_set/wait_set
[1.611s] -- Up-to-date symlink: /home/donavyn/ros2_ws/install/examples_rclcpp_wait_set/lib/examples_rclcpp_wait_set/static_wait_set
[1.611s] -- Up-to-date symlink: /home/donavyn/ros2_ws/install/examples_rclcpp_wait_set/lib/examples_rclcpp_wait_set/thread_safe_wait_set
[1.611s] -- Up-to-date symlink: /home/donavyn/ros2_ws/install/examples_rclcpp_wait_set/lib/examples_rclcpp_wait_set/wait_set_topics_and_timer
[1.611s] -- Up-to-date symlink: /home/donavyn/ros2_ws/install/examples_rclcpp_wait_set/lib/examples_rclcpp_wait_set/wait_set_random_order
[1.611s] -- Up-to-date symlink: /home/donavyn/ros2_ws/install/examples_rclcpp_wait_set/lib/examples_rclcpp_wait_set/executor_random_order
[1.611s] -- Up-to-date symlink: /home/donavyn/ros2_ws/install/examples_rclcpp_wait_set/lib/examples_rclcpp_wait_set/wait_set_topics_with_different_rates
[1.611s] -- Up-to-date symlink: /home/donavyn/ros2_ws/install/examples_rclcpp_wait_set/lib/examples_rclcpp_wait_set/wait_set_composed
[1.611s] -- Up-to-date symlink: /home/donavyn/ros2_ws/install/examples_rclcpp_wait_set/share/ament_index/resource_index/package_run_dependencies/examples_rclcpp_wait_set
[1.612s] -- Up-to-date symlink: /home/donavyn/ros2_ws/install/examples_rclcpp_wait_set/share/ament_index/resource_index/parent_prefix_path/examples_rclcpp_wait_set
[1.612s] -- Up-to-date symlink: /home/donavyn/ros2_ws/install/examples_rclcpp_wait_set/share/examples_rclcpp_wait_set/environment/ament_prefix_path.sh
[1.612s] -- Up-to-date symlink: /home/donavyn/ros2_ws/install/examples_rclcpp_wait_set/share/examples_rclcpp_wait_set/environment/ament_prefix_path.dsv
[1.612s] -- Up-to-date symlink: /home/donavyn/ros2_ws/install/examples_rclcpp_wait_set/share/examples_rclcpp_wait_set/environment/path.sh
[1.612s] -- Up-to-date symlink: /home/donavyn/ros2_ws/install/examples_rclcpp_wait_set/share/examples_rclcpp_wait_set/environment/path.dsv
[1.612s] -- Up-to-date symlink: /home/donavyn/ros2_ws/install/examples_rclcpp_wait_set/share/examples_rclcpp_wait_set/local_setup.bash
[1.612s] -- Up-to-date symlink: /home/donavyn/ros2_ws/install/examples_rclcpp_wait_set/share/examples_rclcpp_wait_set/local_setup.sh
[1.612s] -- Up-to-date symlink: /home/donavyn/ros2_ws/install/examples_rclcpp_wait_set/share/examples_rclcpp_wait_set/local_setup.zsh
[1.612s] -- Up-to-date symlink: /home/donavyn/ros2_ws/install/examples_rclcpp_wait_set/share/examples_rclcpp_wait_set/local_setup.dsv
[1.612s] -- Symlinking: /home/donavyn/ros2_ws/install/examples_rclcpp_wait_set/share/examples_rclcpp_wait_set/package.dsv
[1.613s] -- Up-to-date symlink: /home/donavyn/ros2_ws/install/examples_rclcpp_wait_set/share/ament_index/resource_index/packages/examples_rclcpp_wait_set
[1.613s] -- Up-to-date symlink: /home/donavyn/ros2_ws/install/examples_rclcpp_wait_set/share/ament_index/resource_index/rclcpp_components/examples_rclcpp_wait_set
[1.613s] -- Up-to-date symlink: /home/donavyn/ros2_ws/install/examples_rclcpp_wait_set/share/examples_rclcpp_wait_set/cmake/examples_rclcpp_wait_setConfig.cmake
[1.613s] -- Up-to-date symlink: /home/donavyn/ros2_ws/install/examples_rclcpp_wait_set/share/examples_rclcpp_wait_set/cmake/examples_rclcpp_wait_setConfig-version.cmake
[1.613s] -- Up-to-date symlink: /home/donavyn/ros2_ws/install/examples_rclcpp_wait_set/share/examples_rclcpp_wait_set/package.xml
[1.701s] Invoked command in '/home/donavyn/ros2_ws/build/examples_rclcpp_wait_set' returned '0': CMAKE_PREFIX_PATH=${CMAKE_PREFIX_PATH}:/home/donavyn/ros2_ws/install/launch_testing_examples:/home/donavyn/ros2_ws/install/examples_rclpy_pointcloud_publisher:/home/donavyn/ros2_ws/install/examples_rclpy_minimal_subscriber:/home/donavyn/ros2_ws/install/examples_rclpy_minimal_service:/home/donavyn/ros2_ws/install/examples_rclpy_minimal_publisher:/home/donavyn/ros2_ws/install/examples_rclpy_minimal_client:/home/donavyn/ros2_ws/install/examples_rclpy_minimal_action_server:/home/donavyn/ros2_ws/install/examples_rclpy_minimal_action_client:/home/donavyn/ros2_ws/install/examples_rclpy_guard_conditions:/home/donavyn/ros2_ws/install/examples_rclpy_executors:/opt/ros/humble /usr/bin/cmake --install /home/donavyn/ros2_ws/build/examples_rclcpp_wait_set
