/home/donavyn/docker_test/ros2_ws/install/demo_nodes_py/lib/python3.10/site-packages/demo_nodes_py/__init__.py
/home/donavyn/docker_test/ros2_ws/install/demo_nodes_py/lib/python3.10/site-packages/demo_nodes_py/logging/use_logger_service.py
/home/donavyn/docker_test/ros2_ws/install/demo_nodes_py/lib/python3.10/site-packages/demo_nodes_py/logging/__init__.py
/home/donavyn/docker_test/ros2_ws/install/demo_nodes_py/lib/python3.10/site-packages/demo_nodes_py/parameters/__init__.py
/home/donavyn/docker_test/ros2_ws/install/demo_nodes_py/lib/python3.10/site-packages/demo_nodes_py/parameters/set_parameters_callback.py
/home/donavyn/docker_test/ros2_ws/install/demo_nodes_py/lib/python3.10/site-packages/demo_nodes_py/parameters/async_param_client.py
/home/donavyn/docker_test/ros2_ws/install/demo_nodes_py/lib/python3.10/site-packages/demo_nodes_py/events/matched_event_detect.py
/home/donavyn/docker_test/ros2_ws/install/demo_nodes_py/lib/python3.10/site-packages/demo_nodes_py/events/__init__.py
/home/donavyn/docker_test/ros2_ws/install/demo_nodes_py/lib/python3.10/site-packages/demo_nodes_py/services/add_two_ints_server.py
/home/donavyn/docker_test/ros2_ws/install/demo_nodes_py/lib/python3.10/site-packages/demo_nodes_py/services/add_two_ints_client_async.py
/home/donavyn/docker_test/ros2_ws/install/demo_nodes_py/lib/python3.10/site-packages/demo_nodes_py/services/__init__.py
/home/donavyn/docker_test/ros2_ws/install/demo_nodes_py/lib/python3.10/site-packages/demo_nodes_py/services/add_two_ints_client.py
/home/donavyn/docker_test/ros2_ws/install/demo_nodes_py/lib/python3.10/site-packages/demo_nodes_py/services/introspection.py
/home/donavyn/docker_test/ros2_ws/install/demo_nodes_py/lib/python3.10/site-packages/demo_nodes_py/topics/talker.py
/home/donavyn/docker_test/ros2_ws/install/demo_nodes_py/lib/python3.10/site-packages/demo_nodes_py/topics/__init__.py
/home/donavyn/docker_test/ros2_ws/install/demo_nodes_py/lib/python3.10/site-packages/demo_nodes_py/topics/talker_qos.py
/home/donavyn/docker_test/ros2_ws/install/demo_nodes_py/lib/python3.10/site-packages/demo_nodes_py/topics/listener.py
/home/donavyn/docker_test/ros2_ws/install/demo_nodes_py/lib/python3.10/site-packages/demo_nodes_py/topics/listener_serialized.py
/home/donavyn/docker_test/ros2_ws/install/demo_nodes_py/lib/python3.10/site-packages/demo_nodes_py/topics/listener_qos.py
/home/donavyn/docker_test/ros2_ws/install/demo_nodes_py/lib/python3.10/site-packages/demo_nodes_py/__pycache__/__init__.cpython-310.pyc
/home/donavyn/docker_test/ros2_ws/install/demo_nodes_py/lib/python3.10/site-packages/demo_nodes_py/logging/__pycache__/use_logger_service.cpython-310.pyc
/home/donavyn/docker_test/ros2_ws/install/demo_nodes_py/lib/python3.10/site-packages/demo_nodes_py/logging/__pycache__/__init__.cpython-310.pyc
/home/donavyn/docker_test/ros2_ws/install/demo_nodes_py/lib/python3.10/site-packages/demo_nodes_py/parameters/__pycache__/__init__.cpython-310.pyc
/home/donavyn/docker_test/ros2_ws/install/demo_nodes_py/lib/python3.10/site-packages/demo_nodes_py/parameters/__pycache__/set_parameters_callback.cpython-310.pyc
/home/donavyn/docker_test/ros2_ws/install/demo_nodes_py/lib/python3.10/site-packages/demo_nodes_py/parameters/__pycache__/async_param_client.cpython-310.pyc
/home/donavyn/docker_test/ros2_ws/install/demo_nodes_py/lib/python3.10/site-packages/demo_nodes_py/events/__pycache__/matched_event_detect.cpython-310.pyc
/home/donavyn/docker_test/ros2_ws/install/demo_nodes_py/lib/python3.10/site-packages/demo_nodes_py/events/__pycache__/__init__.cpython-310.pyc
/home/donavyn/docker_test/ros2_ws/install/demo_nodes_py/lib/python3.10/site-packages/demo_nodes_py/services/__pycache__/add_two_ints_server.cpython-310.pyc
/home/donavyn/docker_test/ros2_ws/install/demo_nodes_py/lib/python3.10/site-packages/demo_nodes_py/services/__pycache__/add_two_ints_client_async.cpython-310.pyc
/home/donavyn/docker_test/ros2_ws/install/demo_nodes_py/lib/python3.10/site-packages/demo_nodes_py/services/__pycache__/__init__.cpython-310.pyc
/home/donavyn/docker_test/ros2_ws/install/demo_nodes_py/lib/python3.10/site-packages/demo_nodes_py/services/__pycache__/add_two_ints_client.cpython-310.pyc
/home/donavyn/docker_test/ros2_ws/install/demo_nodes_py/lib/python3.10/site-packages/demo_nodes_py/services/__pycache__/introspection.cpython-310.pyc
/home/donavyn/docker_test/ros2_ws/install/demo_nodes_py/lib/python3.10/site-packages/demo_nodes_py/topics/__pycache__/talker.cpython-310.pyc
/home/donavyn/docker_test/ros2_ws/install/demo_nodes_py/lib/python3.10/site-packages/demo_nodes_py/topics/__pycache__/__init__.cpython-310.pyc
/home/donavyn/docker_test/ros2_ws/install/demo_nodes_py/lib/python3.10/site-packages/demo_nodes_py/topics/__pycache__/talker_qos.cpython-310.pyc
/home/donavyn/docker_test/ros2_ws/install/demo_nodes_py/lib/python3.10/site-packages/demo_nodes_py/topics/__pycache__/listener.cpython-310.pyc
/home/donavyn/docker_test/ros2_ws/install/demo_nodes_py/lib/python3.10/site-packages/demo_nodes_py/topics/__pycache__/listener_serialized.cpython-310.pyc
/home/donavyn/docker_test/ros2_ws/install/demo_nodes_py/lib/python3.10/site-packages/demo_nodes_py/topics/__pycache__/listener_qos.cpython-310.pyc
/home/donavyn/docker_test/ros2_ws/install/demo_nodes_py/share/ament_index/resource_index/packages/demo_nodes_py
/home/donavyn/docker_test/ros2_ws/install/demo_nodes_py/share/demo_nodes_py/package.xml
/home/donavyn/docker_test/ros2_ws/install/demo_nodes_py/share/demo_nodes_py/params.yaml
/home/donavyn/docker_test/ros2_ws/install/demo_nodes_py/lib/python3.10/site-packages/demo_nodes_py-0.35.1-py3.10.egg-info/entry_points.txt
/home/donavyn/docker_test/ros2_ws/install/demo_nodes_py/lib/python3.10/site-packages/demo_nodes_py-0.35.1-py3.10.egg-info/zip-safe
/home/donavyn/docker_test/ros2_ws/install/demo_nodes_py/lib/python3.10/site-packages/demo_nodes_py-0.35.1-py3.10.egg-info/dependency_links.txt
/home/donavyn/docker_test/ros2_ws/install/demo_nodes_py/lib/python3.10/site-packages/demo_nodes_py-0.35.1-py3.10.egg-info/PKG-INFO
/home/donavyn/docker_test/ros2_ws/install/demo_nodes_py/lib/python3.10/site-packages/demo_nodes_py-0.35.1-py3.10.egg-info/SOURCES.txt
/home/donavyn/docker_test/ros2_ws/install/demo_nodes_py/lib/python3.10/site-packages/demo_nodes_py-0.35.1-py3.10.egg-info/requires.txt
/home/donavyn/docker_test/ros2_ws/install/demo_nodes_py/lib/python3.10/site-packages/demo_nodes_py-0.35.1-py3.10.egg-info/top_level.txt
/home/donavyn/docker_test/ros2_ws/install/demo_nodes_py/lib/demo_nodes_py/add_two_ints_client
/home/donavyn/docker_test/ros2_ws/install/demo_nodes_py/lib/demo_nodes_py/add_two_ints_client_async
/home/donavyn/docker_test/ros2_ws/install/demo_nodes_py/lib/demo_nodes_py/add_two_ints_server
/home/donavyn/docker_test/ros2_ws/install/demo_nodes_py/lib/demo_nodes_py/async_param_client
/home/donavyn/docker_test/ros2_ws/install/demo_nodes_py/lib/demo_nodes_py/introspection
/home/donavyn/docker_test/ros2_ws/install/demo_nodes_py/lib/demo_nodes_py/listener
/home/donavyn/docker_test/ros2_ws/install/demo_nodes_py/lib/demo_nodes_py/listener_qos
/home/donavyn/docker_test/ros2_ws/install/demo_nodes_py/lib/demo_nodes_py/listener_serialized
/home/donavyn/docker_test/ros2_ws/install/demo_nodes_py/lib/demo_nodes_py/matched_event_detect
/home/donavyn/docker_test/ros2_ws/install/demo_nodes_py/lib/demo_nodes_py/set_parameters_callback
/home/donavyn/docker_test/ros2_ws/install/demo_nodes_py/lib/demo_nodes_py/talker
/home/donavyn/docker_test/ros2_ws/install/demo_nodes_py/lib/demo_nodes_py/talker_qos
/home/donavyn/docker_test/ros2_ws/install/demo_nodes_py/lib/demo_nodes_py/use_logger_service
