[0.010s] Invoking command in '/home/donavyn/ros2_ws/build/more_interfaces': CMAKE_PREFIX_PATH=${CMAKE_PREFIX_PATH}:/home/donavyn/ros2_ws/install/py_srvcli:/home/donavyn/ros2_ws/install/py_pubsub:/home/donavyn/ros2_ws/install/my_package:/home/donavyn/ros2_ws/install/launch_testing_examples:/home/donavyn/ros2_ws/install/examples_rclpy_pointcloud_publisher:/home/donavyn/ros2_ws/install/examples_rclpy_minimal_subscriber:/home/donavyn/ros2_ws/install/examples_rclpy_minimal_service:/home/donavyn/ros2_ws/install/examples_rclpy_minimal_publisher:/home/donavyn/ros2_ws/install/examples_rclpy_minimal_client:/home/donavyn/ros2_ws/install/examples_rclpy_minimal_action_server:/home/donavyn/ros2_ws/install/examples_rclpy_minimal_action_client:/home/donavyn/ros2_ws/install/examples_rclpy_guard_conditions:/home/donavyn/ros2_ws/install/examples_rclpy_executors:/opt/ros/humble /usr/bin/cmake /home/donavyn/ros2_ws/src/more_interfaces -DCMAKE_INSTALL_PREFIX=/home/donavyn/ros2_ws/install/more_interfaces
[0.092s] -- The C compiler identification is GNU 11.4.0
[0.151s] -- The CXX compiler identification is GNU 11.4.0
[0.158s] -- Detecting C compiler ABI info
[0.222s] -- Detecting C compiler ABI info - done
[0.234s] -- Check for working C compiler: /usr/bin/cc - skipped
[0.236s] -- Detecting C compile features
[0.237s] -- Detecting C compile features - done
[0.241s] -- Detecting CXX compiler ABI info
[0.313s] -- Detecting CXX compiler ABI info - done
[0.325s] -- Check for working CXX compiler: /usr/bin/c++ - skipped
[0.325s] -- Detecting CXX compile features
[0.326s] -- Detecting CXX compile features - done
[0.338s] -- Found ament_cmake: 1.3.10 (/opt/ros/humble/share/ament_cmake/cmake)
[0.454s] -- Found Python3: /usr/bin/python3 (found version "3.10.12") found components: Interpreter 
[0.558s] -- Found rosidl_default_generators: 1.2.0 (/opt/ros/humble/share/rosidl_default_generators/cmake)
[0.564s] -- Using all available rosidl_typesupport_c: rosidl_typesupport_fastrtps_c;rosidl_typesupport_introspection_c
[0.574s] -- Found rosidl_adapter: 3.1.5 (/opt/ros/humble/share/rosidl_adapter/cmake)
[0.619s] -- Using all available rosidl_typesupport_cpp: rosidl_typesupport_fastrtps_cpp;rosidl_typesupport_introspection_cpp
[0.823s] -- Found ament_cmake_ros: 0.10.0 (/opt/ros/humble/share/ament_cmake_ros/cmake)
[0.973s] -- Using all available rosidl_typesupport_c: rosidl_typesupport_fastrtps_c;rosidl_typesupport_introspection_c
[1.178s] -- Using all available rosidl_typesupport_cpp: rosidl_typesupport_fastrtps_cpp;rosidl_typesupport_introspection_cpp
[1.202s] -- Found PythonInterp: /usr/bin/python3 (found suitable version "3.10.12", minimum required is "3.6") 
[1.211s] -- Found python_cmake_module: 0.10.0 (/opt/ros/humble/share/python_cmake_module/cmake)
[1.236s] -- Found PythonLibs: /usr/lib/x86_64-linux-gnu/libpython3.10.so (found suitable version "3.10.12", minimum required is "3.5") 
[1.236s] -- Using PYTHON_EXECUTABLE: /usr/bin/python3
[1.236s] -- Using PYTHON_INCLUDE_DIRS: /usr/include/python3.10
[1.236s] -- Using PYTHON_LIBRARIES: /usr/lib/x86_64-linux-gnu/libpython3.10.so
[1.253s] -- Found PythonExtra: .so  
[1.282s] -- Found rclcpp: 16.0.10 (/opt/ros/humble/share/rclcpp/cmake)
[1.342s] -- Found rmw_implementation_cmake: 6.1.2 (/opt/ros/humble/share/rmw_implementation_cmake/cmake)
[1.346s] -- Found rmw_fastrtps_cpp: 6.2.7 (/opt/ros/humble/share/rmw_fastrtps_cpp/cmake)
[1.445s] -- Found OpenSSL: /usr/lib/x86_64-linux-gnu/libcrypto.so (found version "3.0.2")  
[1.468s] -- Found FastRTPS: /opt/ros/humble/include  
[1.499s] -- Using RMW implementation 'rmw_fastrtps_cpp' as default
[1.513s] -- Looking for pthread.h
[1.584s] -- Looking for pthread.h - found
[1.585s] -- Performing Test CMAKE_HAVE_LIBC_PTHREAD
[1.652s] -- Performing Test CMAKE_HAVE_LIBC_PTHREAD - Success
[1.654s] -- Found Threads: TRUE  
[1.706s] -- Found ament_lint_auto: 0.12.11 (/opt/ros/humble/share/ament_lint_auto/cmake)
[1.735s] -- Added test 'cppcheck' to perform static code analysis on C / C++ code
[1.735s] -- Configured cppcheck include dirs: 
[1.735s] -- Configured cppcheck exclude dirs and/or files: 
[1.736s] -- Added test 'lint_cmake' to check CMake code style
[1.737s] -- Added test 'uncrustify' to check C / C++ code style
[1.737s] -- Configured uncrustify additional arguments: 
[1.738s] -- Added test 'xmllint' to check XML markup files
[1.740s] -- Configuring done
[1.760s] -- Generating done
[1.761s] -- Build files have been written to: /home/donavyn/ros2_ws/build/more_interfaces
[1.776s] Invoked command in '/home/donavyn/ros2_ws/build/more_interfaces' returned '0': CMAKE_PREFIX_PATH=${CMAKE_PREFIX_PATH}:/home/donavyn/ros2_ws/install/py_srvcli:/home/donavyn/ros2_ws/install/py_pubsub:/home/donavyn/ros2_ws/install/my_package:/home/donavyn/ros2_ws/install/launch_testing_examples:/home/donavyn/ros2_ws/install/examples_rclpy_pointcloud_publisher:/home/donavyn/ros2_ws/install/examples_rclpy_minimal_subscriber:/home/donavyn/ros2_ws/install/examples_rclpy_minimal_service:/home/donavyn/ros2_ws/install/examples_rclpy_minimal_publisher:/home/donavyn/ros2_ws/install/examples_rclpy_minimal_client:/home/donavyn/ros2_ws/install/examples_rclpy_minimal_action_server:/home/donavyn/ros2_ws/install/examples_rclpy_minimal_action_client:/home/donavyn/ros2_ws/install/examples_rclpy_guard_conditions:/home/donavyn/ros2_ws/install/examples_rclpy_executors:/opt/ros/humble /usr/bin/cmake /home/donavyn/ros2_ws/src/more_interfaces -DCMAKE_INSTALL_PREFIX=/home/donavyn/ros2_ws/install/more_interfaces
[1.778s] Invoking command in '/home/donavyn/ros2_ws/build/more_interfaces': CMAKE_PREFIX_PATH=${CMAKE_PREFIX_PATH}:/home/donavyn/ros2_ws/install/py_srvcli:/home/donavyn/ros2_ws/install/py_pubsub:/home/donavyn/ros2_ws/install/my_package:/home/donavyn/ros2_ws/install/launch_testing_examples:/home/donavyn/ros2_ws/install/examples_rclpy_pointcloud_publisher:/home/donavyn/ros2_ws/install/examples_rclpy_minimal_subscriber:/home/donavyn/ros2_ws/install/examples_rclpy_minimal_service:/home/donavyn/ros2_ws/install/examples_rclpy_minimal_publisher:/home/donavyn/ros2_ws/install/examples_rclpy_minimal_client:/home/donavyn/ros2_ws/install/examples_rclpy_minimal_action_server:/home/donavyn/ros2_ws/install/examples_rclpy_minimal_action_client:/home/donavyn/ros2_ws/install/examples_rclpy_guard_conditions:/home/donavyn/ros2_ws/install/examples_rclpy_executors:/opt/ros/humble /usr/bin/cmake --build /home/donavyn/ros2_ws/build/more_interfaces -- -j16 -l16
[1.816s] [  3%] [34m[1mGenerating C code for ROS interfaces[0m
[1.824s] [  6%] [34m[1mGenerating C++ code for ROS interfaces[0m
[1.838s] [  6%] Built target ament_cmake_python_copy_more_interfaces
[1.989s] [  6%] Built target more_interfaces__cpp
[1.994s] running egg_info
[1.994s] creating more_interfaces.egg-info
[1.994s] writing more_interfaces.egg-info/PKG-INFO
[1.994s] writing dependency_links to more_interfaces.egg-info/dependency_links.txt
[1.995s] writing top-level names to more_interfaces.egg-info/top_level.txt
[1.995s] writing manifest file 'more_interfaces.egg-info/SOURCES.txt'
[1.996s] reading manifest file 'more_interfaces.egg-info/SOURCES.txt'
[1.997s] writing manifest file 'more_interfaces.egg-info/SOURCES.txt'
[1.998s] [ 18%] [34m[1mGenerating C++ type support dispatch for ROS interfaces[0m
[1.999s] [ 18%] [34m[1mGenerating C++ type support for eProsima Fast-RTPS[0m
[1.999s] [ 18%] [34m[1mGenerating C++ introspection for ROS interfaces[0m
[1.999s] [ 18%] [32mBuilding C object CMakeFiles/more_interfaces__rosidl_generator_c.dir/rosidl_generator_c/more_interfaces/msg/detail/address_book__functions.c.o[0m
[2.043s] [ 18%] Built target ament_cmake_python_build_more_interfaces_egg
[2.049s] [ 21%] [32m[1mLinking C shared library libmore_interfaces__rosidl_generator_c.so[0m
[2.087s] [ 21%] Built target more_interfaces__rosidl_generator_c
[2.097s] [ 30%] [34m[1mGenerating C type support for eProsima Fast-RTPS[0m
[2.097s] [ 30%] [34m[1mGenerating C introspection for ROS interfaces[0m
[2.097s] [ 30%] [34m[1mGenerating C type support dispatch for ROS interfaces[0m
[2.184s] [ 33%] [32mBuilding CXX object CMakeFiles/more_interfaces__rosidl_typesupport_cpp.dir/rosidl_typesupport_cpp/more_interfaces/msg/address_book__type_support.cpp.o[0m
[2.199s] [ 36%] [32mBuilding CXX object CMakeFiles/more_interfaces__rosidl_typesupport_introspection_cpp.dir/rosidl_typesupport_introspection_cpp/more_interfaces/msg/detail/address_book__type_support.cpp.o[0m
[2.203s] [ 39%] [32mBuilding CXX object CMakeFiles/more_interfaces__rosidl_typesupport_fastrtps_cpp.dir/rosidl_typesupport_fastrtps_cpp/more_interfaces/msg/detail/dds_fastrtps/address_book__type_support.cpp.o[0m
[2.289s] [ 42%] [32mBuilding CXX object CMakeFiles/more_interfaces__rosidl_typesupport_c.dir/rosidl_typesupport_c/more_interfaces/msg/address_book__type_support.cpp.o[0m
[2.310s] [ 48%] [32mBuilding CXX object CMakeFiles/more_interfaces__rosidl_typesupport_fastrtps_c.dir/rosidl_typesupport_fastrtps_c/more_interfaces/msg/detail/address_book__type_support_c.cpp.o[0m
[2.310s] [ 48%] [32mBuilding C object CMakeFiles/more_interfaces__rosidl_typesupport_introspection_c.dir/rosidl_typesupport_introspection_c/more_interfaces/msg/detail/address_book__type_support.c.o[0m
[2.319s] [ 51%] [32m[1mLinking CXX shared library libmore_interfaces__rosidl_typesupport_c.so[0m
[2.347s] [ 54%] [32m[1mLinking C shared library libmore_interfaces__rosidl_typesupport_introspection_c.so[0m
[2.362s] [ 54%] Built target more_interfaces__rosidl_typesupport_c
[2.380s] [ 54%] Built target more_interfaces__rosidl_typesupport_introspection_c
[2.410s] [ 57%] [32m[1mLinking CXX shared library libmore_interfaces__rosidl_typesupport_cpp.so[0m
[2.453s] [ 57%] Built target more_interfaces__rosidl_typesupport_cpp
[2.475s] [ 60%] [32mBuilding CXX object CMakeFiles/publish_address_book.dir/src/publish_address_book.cpp.o[0m
[2.501s] [ 63%] [32m[1mLinking CXX shared library libmore_interfaces__rosidl_typesupport_introspection_cpp.so[0m
[2.501s] [ 66%] [32m[1mLinking CXX shared library libmore_interfaces__rosidl_typesupport_fastrtps_cpp.so[0m
[2.569s] [ 69%] Built target more_interfaces__rosidl_typesupport_introspection_cpp
[2.570s] [ 69%] [32m[1mLinking CXX shared library libmore_interfaces__rosidl_typesupport_fastrtps_c.so[0m
[2.574s] [ 69%] Built target more_interfaces__rosidl_typesupport_fastrtps_cpp
[2.622s] [ 69%] Built target more_interfaces__rosidl_typesupport_fastrtps_c
[2.648s] [ 69%] Built target more_interfaces
[2.667s] [ 72%] [34m[1mGenerating Python code for ROS interfaces[0m
[2.849s] [ 72%] Built target more_interfaces__py
[2.869s] [ 75%] [32mBuilding C object CMakeFiles/more_interfaces__rosidl_generator_py.dir/rosidl_generator_py/more_interfaces/msg/_address_book_s.c.o[0m
[2.944s] [ 78%] [32m[1mLinking C shared library rosidl_generator_py/more_interfaces/libmore_interfaces__rosidl_generator_py.so[0m
[2.979s] [ 78%] Built target more_interfaces__rosidl_generator_py
[2.997s] [ 87%] [32mBuilding C object CMakeFiles/more_interfaces__rosidl_typesupport_introspection_c__pyext.dir/rosidl_generator_py/more_interfaces/_more_interfaces_s.ep.rosidl_typesupport_introspection_c.c.o[0m
[2.997s] [ 87%] [32mBuilding C object CMakeFiles/more_interfaces__rosidl_typesupport_c__pyext.dir/rosidl_generator_py/more_interfaces/_more_interfaces_s.ep.rosidl_typesupport_c.c.o[0m
[2.998s] [ 87%] [32mBuilding C object CMakeFiles/more_interfaces__rosidl_typesupport_fastrtps_c__pyext.dir/rosidl_generator_py/more_interfaces/_more_interfaces_s.ep.rosidl_typesupport_fastrtps_c.c.o[0m
[3.059s] [ 90%] [32m[1mLinking C shared library rosidl_generator_py/more_interfaces/more_interfaces_s__rosidl_typesupport_c.cpython-310-x86_64-linux-gnu.so[0m
[3.060s] [ 93%] [32m[1mLinking C shared library rosidl_generator_py/more_interfaces/more_interfaces_s__rosidl_typesupport_introspection_c.cpython-310-x86_64-linux-gnu.so[0m
[3.062s] [ 96%] [32m[1mLinking C shared library rosidl_generator_py/more_interfaces/more_interfaces_s__rosidl_typesupport_fastrtps_c.cpython-310-x86_64-linux-gnu.so[0m
[3.086s] [ 96%] Built target more_interfaces__rosidl_typesupport_c__pyext
[3.087s] [ 96%] Built target more_interfaces__rosidl_typesupport_introspection_c__pyext
[3.091s] [ 96%] Built target more_interfaces__rosidl_typesupport_fastrtps_c__pyext
[4.920s] [100%] [32m[1mLinking CXX executable publish_address_book[0m
[5.024s] [100%] Built target publish_address_book
[5.033s] Invoked command in '/home/donavyn/ros2_ws/build/more_interfaces' returned '0': CMAKE_PREFIX_PATH=${CMAKE_PREFIX_PATH}:/home/donavyn/ros2_ws/install/py_srvcli:/home/donavyn/ros2_ws/install/py_pubsub:/home/donavyn/ros2_ws/install/my_package:/home/donavyn/ros2_ws/install/launch_testing_examples:/home/donavyn/ros2_ws/install/examples_rclpy_pointcloud_publisher:/home/donavyn/ros2_ws/install/examples_rclpy_minimal_subscriber:/home/donavyn/ros2_ws/install/examples_rclpy_minimal_service:/home/donavyn/ros2_ws/install/examples_rclpy_minimal_publisher:/home/donavyn/ros2_ws/install/examples_rclpy_minimal_client:/home/donavyn/ros2_ws/install/examples_rclpy_minimal_action_server:/home/donavyn/ros2_ws/install/examples_rclpy_minimal_action_client:/home/donavyn/ros2_ws/install/examples_rclpy_guard_conditions:/home/donavyn/ros2_ws/install/examples_rclpy_executors:/opt/ros/humble /usr/bin/cmake --build /home/donavyn/ros2_ws/build/more_interfaces -- -j16 -l16
[5.127s] Invoking command in '/home/donavyn/ros2_ws/build/more_interfaces': CMAKE_PREFIX_PATH=${CMAKE_PREFIX_PATH}:/home/donavyn/ros2_ws/install/py_srvcli:/home/donavyn/ros2_ws/install/py_pubsub:/home/donavyn/ros2_ws/install/my_package:/home/donavyn/ros2_ws/install/launch_testing_examples:/home/donavyn/ros2_ws/install/examples_rclpy_pointcloud_publisher:/home/donavyn/ros2_ws/install/examples_rclpy_minimal_subscriber:/home/donavyn/ros2_ws/install/examples_rclpy_minimal_service:/home/donavyn/ros2_ws/install/examples_rclpy_minimal_publisher:/home/donavyn/ros2_ws/install/examples_rclpy_minimal_client:/home/donavyn/ros2_ws/install/examples_rclpy_minimal_action_server:/home/donavyn/ros2_ws/install/examples_rclpy_minimal_action_client:/home/donavyn/ros2_ws/install/examples_rclpy_guard_conditions:/home/donavyn/ros2_ws/install/examples_rclpy_executors:/opt/ros/humble /usr/bin/cmake --install /home/donavyn/ros2_ws/build/more_interfaces
[5.131s] -- Install configuration: ""
[5.131s] -- Installing: /home/donavyn/ros2_ws/install/more_interfaces/share/ament_index/resource_index/rosidl_interfaces/more_interfaces
[5.131s] -- Installing: /home/donavyn/ros2_ws/install/more_interfaces/include/more_interfaces/more_interfaces
[5.131s] -- Installing: /home/donavyn/ros2_ws/install/more_interfaces/include/more_interfaces/more_interfaces/msg
[5.131s] -- Installing: /home/donavyn/ros2_ws/install/more_interfaces/include/more_interfaces/more_interfaces/msg/address_book.h
[5.132s] -- Installing: /home/donavyn/ros2_ws/install/more_interfaces/include/more_interfaces/more_interfaces/msg/rosidl_generator_c__visibility_control.h
[5.132s] -- Installing: /home/donavyn/ros2_ws/install/more_interfaces/include/more_interfaces/more_interfaces/msg/detail
[5.132s] -- Installing: /home/donavyn/ros2_ws/install/more_interfaces/include/more_interfaces/more_interfaces/msg/detail/address_book__functions.c
[5.132s] -- Installing: /home/donavyn/ros2_ws/install/more_interfaces/include/more_interfaces/more_interfaces/msg/detail/address_book__type_support.h
[5.132s] -- Installing: /home/donavyn/ros2_ws/install/more_interfaces/include/more_interfaces/more_interfaces/msg/detail/address_book__functions.h
[5.132s] -- Installing: /home/donavyn/ros2_ws/install/more_interfaces/include/more_interfaces/more_interfaces/msg/detail/address_book__struct.h
[5.132s] -- Installing: /home/donavyn/ros2_ws/install/more_interfaces/share/more_interfaces/environment/library_path.sh
[5.132s] -- Installing: /home/donavyn/ros2_ws/install/more_interfaces/share/more_interfaces/environment/library_path.dsv
[5.132s] -- Installing: /home/donavyn/ros2_ws/install/more_interfaces/lib/libmore_interfaces__rosidl_generator_c.so
[5.132s] -- Set runtime path of "/home/donavyn/ros2_ws/install/more_interfaces/lib/libmore_interfaces__rosidl_generator_c.so" to ""
[5.132s] -- Up-to-date: /home/donavyn/ros2_ws/install/more_interfaces/include/more_interfaces/more_interfaces
[5.132s] -- Up-to-date: /home/donavyn/ros2_ws/install/more_interfaces/include/more_interfaces/more_interfaces/msg
[5.132s] -- Installing: /home/donavyn/ros2_ws/install/more_interfaces/include/more_interfaces/more_interfaces/msg/rosidl_typesupport_fastrtps_c__visibility_control.h
[5.133s] -- Up-to-date: /home/donavyn/ros2_ws/install/more_interfaces/include/more_interfaces/more_interfaces/msg/detail
[5.133s] -- Installing: /home/donavyn/ros2_ws/install/more_interfaces/include/more_interfaces/more_interfaces/msg/detail/address_book__rosidl_typesupport_fastrtps_c.h
[5.133s] -- Installing: /home/donavyn/ros2_ws/install/more_interfaces/lib/libmore_interfaces__rosidl_typesupport_fastrtps_c.so
[5.133s] -- Set runtime path of "/home/donavyn/ros2_ws/install/more_interfaces/lib/libmore_interfaces__rosidl_typesupport_fastrtps_c.so" to ""
[5.133s] -- Up-to-date: /home/donavyn/ros2_ws/install/more_interfaces/include/more_interfaces/more_interfaces
[5.133s] -- Up-to-date: /home/donavyn/ros2_ws/install/more_interfaces/include/more_interfaces/more_interfaces/msg
[5.133s] -- Installing: /home/donavyn/ros2_ws/install/more_interfaces/include/more_interfaces/more_interfaces/msg/rosidl_typesupport_introspection_c__visibility_control.h
[5.133s] -- Up-to-date: /home/donavyn/ros2_ws/install/more_interfaces/include/more_interfaces/more_interfaces/msg/detail
[5.133s] -- Installing: /home/donavyn/ros2_ws/install/more_interfaces/include/more_interfaces/more_interfaces/msg/detail/address_book__type_support.c
[5.133s] -- Installing: /home/donavyn/ros2_ws/install/more_interfaces/include/more_interfaces/more_interfaces/msg/detail/address_book__rosidl_typesupport_introspection_c.h
[5.133s] -- Installing: /home/donavyn/ros2_ws/install/more_interfaces/lib/libmore_interfaces__rosidl_typesupport_introspection_c.so
[5.133s] -- Set runtime path of "/home/donavyn/ros2_ws/install/more_interfaces/lib/libmore_interfaces__rosidl_typesupport_introspection_c.so" to ""
[5.133s] -- Installing: /home/donavyn/ros2_ws/install/more_interfaces/lib/libmore_interfaces__rosidl_typesupport_c.so
[5.133s] -- Set runtime path of "/home/donavyn/ros2_ws/install/more_interfaces/lib/libmore_interfaces__rosidl_typesupport_c.so" to ""
[5.134s] -- Up-to-date: /home/donavyn/ros2_ws/install/more_interfaces/include/more_interfaces/more_interfaces
[5.134s] -- Up-to-date: /home/donavyn/ros2_ws/install/more_interfaces/include/more_interfaces/more_interfaces/msg
[5.134s] -- Installing: /home/donavyn/ros2_ws/install/more_interfaces/include/more_interfaces/more_interfaces/msg/address_book.hpp
[5.134s] -- Up-to-date: /home/donavyn/ros2_ws/install/more_interfaces/include/more_interfaces/more_interfaces/msg/detail
[5.134s] -- Installing: /home/donavyn/ros2_ws/install/more_interfaces/include/more_interfaces/more_interfaces/msg/detail/address_book__struct.hpp
[5.134s] -- Installing: /home/donavyn/ros2_ws/install/more_interfaces/include/more_interfaces/more_interfaces/msg/detail/address_book__traits.hpp
[5.134s] -- Installing: /home/donavyn/ros2_ws/install/more_interfaces/include/more_interfaces/more_interfaces/msg/detail/address_book__builder.hpp
[5.134s] -- Up-to-date: /home/donavyn/ros2_ws/install/more_interfaces/include/more_interfaces/more_interfaces
[5.134s] -- Up-to-date: /home/donavyn/ros2_ws/install/more_interfaces/include/more_interfaces/more_interfaces/msg
[5.134s] -- Installing: /home/donavyn/ros2_ws/install/more_interfaces/include/more_interfaces/more_interfaces/msg/rosidl_typesupport_fastrtps_cpp__visibility_control.h
[5.134s] -- Up-to-date: /home/donavyn/ros2_ws/install/more_interfaces/include/more_interfaces/more_interfaces/msg/detail
[5.134s] -- Installing: /home/donavyn/ros2_ws/install/more_interfaces/include/more_interfaces/more_interfaces/msg/detail/dds_fastrtps
[5.134s] -- Installing: /home/donavyn/ros2_ws/install/more_interfaces/include/more_interfaces/more_interfaces/msg/detail/address_book__rosidl_typesupport_fastrtps_cpp.hpp
[5.134s] -- Installing: /home/donavyn/ros2_ws/install/more_interfaces/lib/libmore_interfaces__rosidl_typesupport_fastrtps_cpp.so
[5.134s] -- Set runtime path of "/home/donavyn/ros2_ws/install/more_interfaces/lib/libmore_interfaces__rosidl_typesupport_fastrtps_cpp.so" to ""
[5.135s] -- Up-to-date: /home/donavyn/ros2_ws/install/more_interfaces/include/more_interfaces/more_interfaces
[5.135s] -- Up-to-date: /home/donavyn/ros2_ws/install/more_interfaces/include/more_interfaces/more_interfaces/msg
[5.135s] -- Up-to-date: /home/donavyn/ros2_ws/install/more_interfaces/include/more_interfaces/more_interfaces/msg/detail
[5.135s] -- Installing: /home/donavyn/ros2_ws/install/more_interfaces/include/more_interfaces/more_interfaces/msg/detail/address_book__rosidl_typesupport_introspection_cpp.hpp
[5.135s] -- Installing: /home/donavyn/ros2_ws/install/more_interfaces/include/more_interfaces/more_interfaces/msg/detail/address_book__type_support.cpp
[5.135s] -- Installing: /home/donavyn/ros2_ws/install/more_interfaces/lib/libmore_interfaces__rosidl_typesupport_introspection_cpp.so
[5.135s] -- Set runtime path of "/home/donavyn/ros2_ws/install/more_interfaces/lib/libmore_interfaces__rosidl_typesupport_introspection_cpp.so" to ""
[5.135s] -- Installing: /home/donavyn/ros2_ws/install/more_interfaces/lib/libmore_interfaces__rosidl_typesupport_cpp.so
[5.135s] -- Set runtime path of "/home/donavyn/ros2_ws/install/more_interfaces/lib/libmore_interfaces__rosidl_typesupport_cpp.so" to ""
[5.135s] -- Installing: /home/donavyn/ros2_ws/install/more_interfaces/share/more_interfaces/environment/pythonpath.sh
[5.135s] -- Installing: /home/donavyn/ros2_ws/install/more_interfaces/share/more_interfaces/environment/pythonpath.dsv
[5.135s] -- Installing: /home/donavyn/ros2_ws/install/more_interfaces/local/lib/python3.10/dist-packages/more_interfaces-0.0.0-py3.10.egg-info
[5.135s] -- Installing: /home/donavyn/ros2_ws/install/more_interfaces/local/lib/python3.10/dist-packages/more_interfaces-0.0.0-py3.10.egg-info/dependency_links.txt
[5.136s] -- Installing: /home/donavyn/ros2_ws/install/more_interfaces/local/lib/python3.10/dist-packages/more_interfaces-0.0.0-py3.10.egg-info/PKG-INFO
[5.136s] -- Installing: /home/donavyn/ros2_ws/install/more_interfaces/local/lib/python3.10/dist-packages/more_interfaces-0.0.0-py3.10.egg-info/SOURCES.txt
[5.136s] -- Installing: /home/donavyn/ros2_ws/install/more_interfaces/local/lib/python3.10/dist-packages/more_interfaces-0.0.0-py3.10.egg-info/top_level.txt
[5.136s] -- Installing: /home/donavyn/ros2_ws/install/more_interfaces/local/lib/python3.10/dist-packages/more_interfaces
[5.136s] -- Installing: /home/donavyn/ros2_ws/install/more_interfaces/local/lib/python3.10/dist-packages/more_interfaces/libmore_interfaces__rosidl_generator_py.so
[5.136s] -- Installing: /home/donavyn/ros2_ws/install/more_interfaces/local/lib/python3.10/dist-packages/more_interfaces/__init__.py
[5.136s] -- Installing: /home/donavyn/ros2_ws/install/more_interfaces/local/lib/python3.10/dist-packages/more_interfaces/more_interfaces_s__rosidl_typesupport_introspection_c.cpython-310-x86_64-linux-gnu.so
[5.136s] -- Installing: /home/donavyn/ros2_ws/install/more_interfaces/local/lib/python3.10/dist-packages/more_interfaces/more_interfaces_s__rosidl_typesupport_fastrtps_c.cpython-310-x86_64-linux-gnu.so
[5.136s] -- Installing: /home/donavyn/ros2_ws/install/more_interfaces/local/lib/python3.10/dist-packages/more_interfaces/msg
[5.136s] -- Installing: /home/donavyn/ros2_ws/install/more_interfaces/local/lib/python3.10/dist-packages/more_interfaces/msg/__init__.py
[5.136s] -- Installing: /home/donavyn/ros2_ws/install/more_interfaces/local/lib/python3.10/dist-packages/more_interfaces/msg/_address_book_s.c
[5.136s] -- Installing: /home/donavyn/ros2_ws/install/more_interfaces/local/lib/python3.10/dist-packages/more_interfaces/msg/_address_book.py
[5.137s] -- Installing: /home/donavyn/ros2_ws/install/more_interfaces/local/lib/python3.10/dist-packages/more_interfaces/_more_interfaces_s.ep.rosidl_typesupport_fastrtps_c.c
[5.137s] -- Installing: /home/donavyn/ros2_ws/install/more_interfaces/local/lib/python3.10/dist-packages/more_interfaces/_more_interfaces_s.ep.rosidl_typesupport_c.c
[5.137s] -- Installing: /home/donavyn/ros2_ws/install/more_interfaces/local/lib/python3.10/dist-packages/more_interfaces/more_interfaces_s__rosidl_typesupport_c.cpython-310-x86_64-linux-gnu.so
[5.137s] -- Installing: /home/donavyn/ros2_ws/install/more_interfaces/local/lib/python3.10/dist-packages/more_interfaces/_more_interfaces_s.ep.rosidl_typesupport_introspection_c.c
[5.165s] Listing '/home/donavyn/ros2_ws/install/more_interfaces/local/lib/python3.10/dist-packages/more_interfaces'...
[5.165s] Compiling '/home/donavyn/ros2_ws/install/more_interfaces/local/lib/python3.10/dist-packages/more_interfaces/__init__.py'...
[5.165s] Listing '/home/donavyn/ros2_ws/install/more_interfaces/local/lib/python3.10/dist-packages/more_interfaces/msg'...
[5.165s] Compiling '/home/donavyn/ros2_ws/install/more_interfaces/local/lib/python3.10/dist-packages/more_interfaces/msg/__init__.py'...
[5.165s] Compiling '/home/donavyn/ros2_ws/install/more_interfaces/local/lib/python3.10/dist-packages/more_interfaces/msg/_address_book.py'...
[5.167s] -- Installing: /home/donavyn/ros2_ws/install/more_interfaces/local/lib/python3.10/dist-packages/more_interfaces/more_interfaces_s__rosidl_typesupport_fastrtps_c.cpython-310-x86_64-linux-gnu.so
[5.168s] -- Set runtime path of "/home/donavyn/ros2_ws/install/more_interfaces/local/lib/python3.10/dist-packages/more_interfaces/more_interfaces_s__rosidl_typesupport_fastrtps_c.cpython-310-x86_64-linux-gnu.so" to ""
[5.168s] -- Installing: /home/donavyn/ros2_ws/install/more_interfaces/local/lib/python3.10/dist-packages/more_interfaces/more_interfaces_s__rosidl_typesupport_introspection_c.cpython-310-x86_64-linux-gnu.so
[5.168s] -- Set runtime path of "/home/donavyn/ros2_ws/install/more_interfaces/local/lib/python3.10/dist-packages/more_interfaces/more_interfaces_s__rosidl_typesupport_introspection_c.cpython-310-x86_64-linux-gnu.so" to ""
[5.168s] -- Installing: /home/donavyn/ros2_ws/install/more_interfaces/local/lib/python3.10/dist-packages/more_interfaces/more_interfaces_s__rosidl_typesupport_c.cpython-310-x86_64-linux-gnu.so
[5.168s] -- Set runtime path of "/home/donavyn/ros2_ws/install/more_interfaces/local/lib/python3.10/dist-packages/more_interfaces/more_interfaces_s__rosidl_typesupport_c.cpython-310-x86_64-linux-gnu.so" to ""
[5.168s] -- Installing: /home/donavyn/ros2_ws/install/more_interfaces/lib/libmore_interfaces__rosidl_generator_py.so
[5.169s] -- Set runtime path of "/home/donavyn/ros2_ws/install/more_interfaces/lib/libmore_interfaces__rosidl_generator_py.so" to ""
[5.169s] -- Installing: /home/donavyn/ros2_ws/install/more_interfaces/share/more_interfaces/msg/AddressBook.idl
[5.169s] -- Installing: /home/donavyn/ros2_ws/install/more_interfaces/share/more_interfaces/msg/AddressBook.msg
[5.169s] -- Installing: /home/donavyn/ros2_ws/install/more_interfaces/lib/more_interfaces/publish_address_book
[5.170s] -- Set runtime path of "/home/donavyn/ros2_ws/install/more_interfaces/lib/more_interfaces/publish_address_book" to ""
[5.170s] -- Installing: /home/donavyn/ros2_ws/install/more_interfaces/share/ament_index/resource_index/package_run_dependencies/more_interfaces
[5.170s] -- Installing: /home/donavyn/ros2_ws/install/more_interfaces/share/ament_index/resource_index/parent_prefix_path/more_interfaces
[5.170s] -- Installing: /home/donavyn/ros2_ws/install/more_interfaces/share/more_interfaces/environment/ament_prefix_path.sh
[5.170s] -- Installing: /home/donavyn/ros2_ws/install/more_interfaces/share/more_interfaces/environment/ament_prefix_path.dsv
[5.170s] -- Installing: /home/donavyn/ros2_ws/install/more_interfaces/share/more_interfaces/environment/path.sh
[5.170s] -- Installing: /home/donavyn/ros2_ws/install/more_interfaces/share/more_interfaces/environment/path.dsv
[5.170s] -- Installing: /home/donavyn/ros2_ws/install/more_interfaces/share/more_interfaces/local_setup.bash
[5.170s] -- Installing: /home/donavyn/ros2_ws/install/more_interfaces/share/more_interfaces/local_setup.sh
[5.171s] -- Installing: /home/donavyn/ros2_ws/install/more_interfaces/share/more_interfaces/local_setup.zsh
[5.171s] -- Installing: /home/donavyn/ros2_ws/install/more_interfaces/share/more_interfaces/local_setup.dsv
[5.171s] -- Installing: /home/donavyn/ros2_ws/install/more_interfaces/share/more_interfaces/package.dsv
[5.171s] -- Installing: /home/donavyn/ros2_ws/install/more_interfaces/share/ament_index/resource_index/packages/more_interfaces
[5.171s] -- Installing: /home/donavyn/ros2_ws/install/more_interfaces/share/more_interfaces/cmake/export_more_interfaces__rosidl_generator_cExport.cmake
[5.171s] -- Installing: /home/donavyn/ros2_ws/install/more_interfaces/share/more_interfaces/cmake/export_more_interfaces__rosidl_generator_cExport-noconfig.cmake
[5.171s] -- Installing: /home/donavyn/ros2_ws/install/more_interfaces/share/more_interfaces/cmake/export_more_interfaces__rosidl_typesupport_fastrtps_cExport.cmake
[5.171s] -- Installing: /home/donavyn/ros2_ws/install/more_interfaces/share/more_interfaces/cmake/export_more_interfaces__rosidl_typesupport_fastrtps_cExport-noconfig.cmake
[5.171s] -- Installing: /home/donavyn/ros2_ws/install/more_interfaces/share/more_interfaces/cmake/more_interfaces__rosidl_typesupport_introspection_cExport.cmake
[5.171s] -- Installing: /home/donavyn/ros2_ws/install/more_interfaces/share/more_interfaces/cmake/more_interfaces__rosidl_typesupport_introspection_cExport-noconfig.cmake
[5.171s] -- Installing: /home/donavyn/ros2_ws/install/more_interfaces/share/more_interfaces/cmake/more_interfaces__rosidl_typesupport_cExport.cmake
[5.171s] -- Installing: /home/donavyn/ros2_ws/install/more_interfaces/share/more_interfaces/cmake/more_interfaces__rosidl_typesupport_cExport-noconfig.cmake
[5.171s] -- Installing: /home/donavyn/ros2_ws/install/more_interfaces/share/more_interfaces/cmake/export_more_interfaces__rosidl_generator_cppExport.cmake
[5.172s] -- Installing: /home/donavyn/ros2_ws/install/more_interfaces/share/more_interfaces/cmake/export_more_interfaces__rosidl_typesupport_fastrtps_cppExport.cmake
[5.172s] -- Installing: /home/donavyn/ros2_ws/install/more_interfaces/share/more_interfaces/cmake/export_more_interfaces__rosidl_typesupport_fastrtps_cppExport-noconfig.cmake
[5.172s] -- Installing: /home/donavyn/ros2_ws/install/more_interfaces/share/more_interfaces/cmake/more_interfaces__rosidl_typesupport_introspection_cppExport.cmake
[5.172s] -- Installing: /home/donavyn/ros2_ws/install/more_interfaces/share/more_interfaces/cmake/more_interfaces__rosidl_typesupport_introspection_cppExport-noconfig.cmake
[5.172s] -- Installing: /home/donavyn/ros2_ws/install/more_interfaces/share/more_interfaces/cmake/more_interfaces__rosidl_typesupport_cppExport.cmake
[5.172s] -- Installing: /home/donavyn/ros2_ws/install/more_interfaces/share/more_interfaces/cmake/more_interfaces__rosidl_typesupport_cppExport-noconfig.cmake
[5.172s] -- Installing: /home/donavyn/ros2_ws/install/more_interfaces/share/more_interfaces/cmake/export_more_interfaces__rosidl_generator_pyExport.cmake
[5.172s] -- Installing: /home/donavyn/ros2_ws/install/more_interfaces/share/more_interfaces/cmake/export_more_interfaces__rosidl_generator_pyExport-noconfig.cmake
[5.172s] -- Installing: /home/donavyn/ros2_ws/install/more_interfaces/share/more_interfaces/cmake/rosidl_cmake-extras.cmake
[5.172s] -- Installing: /home/donavyn/ros2_ws/install/more_interfaces/share/more_interfaces/cmake/ament_cmake_export_include_directories-extras.cmake
[5.172s] -- Installing: /home/donavyn/ros2_ws/install/more_interfaces/share/more_interfaces/cmake/ament_cmake_export_libraries-extras.cmake
[5.172s] -- Installing: /home/donavyn/ros2_ws/install/more_interfaces/share/more_interfaces/cmake/ament_cmake_export_targets-extras.cmake
[5.173s] -- Installing: /home/donavyn/ros2_ws/install/more_interfaces/share/more_interfaces/cmake/rosidl_cmake_export_typesupport_targets-extras.cmake
[5.173s] -- Installing: /home/donavyn/ros2_ws/install/more_interfaces/share/more_interfaces/cmake/ament_cmake_export_dependencies-extras.cmake
[5.173s] -- Installing: /home/donavyn/ros2_ws/install/more_interfaces/share/more_interfaces/cmake/rosidl_cmake_export_typesupport_libraries-extras.cmake
[5.173s] -- Installing: /home/donavyn/ros2_ws/install/more_interfaces/share/more_interfaces/cmake/more_interfacesConfig.cmake
[5.173s] -- Installing: /home/donavyn/ros2_ws/install/more_interfaces/share/more_interfaces/cmake/more_interfacesConfig-version.cmake
[5.173s] -- Installing: /home/donavyn/ros2_ws/install/more_interfaces/share/more_interfaces/package.xml
[5.175s] Invoked command in '/home/donavyn/ros2_ws/build/more_interfaces' returned '0': CMAKE_PREFIX_PATH=${CMAKE_PREFIX_PATH}:/home/donavyn/ros2_ws/install/py_srvcli:/home/donavyn/ros2_ws/install/py_pubsub:/home/donavyn/ros2_ws/install/my_package:/home/donavyn/ros2_ws/install/launch_testing_examples:/home/donavyn/ros2_ws/install/examples_rclpy_pointcloud_publisher:/home/donavyn/ros2_ws/install/examples_rclpy_minimal_subscriber:/home/donavyn/ros2_ws/install/examples_rclpy_minimal_service:/home/donavyn/ros2_ws/install/examples_rclpy_minimal_publisher:/home/donavyn/ros2_ws/install/examples_rclpy_minimal_client:/home/donavyn/ros2_ws/install/examples_rclpy_minimal_action_server:/home/donavyn/ros2_ws/install/examples_rclpy_minimal_action_client:/home/donavyn/ros2_ws/install/examples_rclpy_guard_conditions:/home/donavyn/ros2_ws/install/examples_rclpy_executors:/opt/ros/humble /usr/bin/cmake --install /home/donavyn/ros2_ws/build/more_interfaces
