[0.318s] Invoking command in '/home/donavyn/ros2_ws/src/py_srvcli': PYTHONPATH=/home/donavyn/ros2_ws/build/py_srvcli/prefix_override:/usr/lib/python3/dist-packages/colcon_core/task/python/colcon_distutils_commands:/home/donavyn/ros2_ws/install/py_srvcli/lib/python3.10/site-packages:${PYTHONPATH} /usr/bin/python3 -W ignore:setup.py install is deprecated setup.py egg_info --egg-base ../../build/py_srvcli build --build-base /home/donavyn/ros2_ws/build/py_srvcli/build install --record /home/donavyn/ros2_ws/build/py_srvcli/install.log --single-version-externally-managed install_data
[0.429s] running egg_info
[0.430s] creating ../../build/py_srvcli/py_srvcli.egg-info
[0.430s] writing ../../build/py_srvcli/py_srvcli.egg-info/PKG-INFO
[0.430s] writing dependency_links to ../../build/py_srvcli/py_srvcli.egg-info/dependency_links.txt
[0.430s] writing entry points to ../../build/py_srvcli/py_srvcli.egg-info/entry_points.txt
[0.430s] writing requirements to ../../build/py_srvcli/py_srvcli.egg-info/requires.txt
[0.430s] writing top-level names to ../../build/py_srvcli/py_srvcli.egg-info/top_level.txt
[0.430s] writing manifest file '../../build/py_srvcli/py_srvcli.egg-info/SOURCES.txt'
[0.431s] reading manifest file '../../build/py_srvcli/py_srvcli.egg-info/SOURCES.txt'
[0.431s] adding license file 'LICENSE'
[0.431s] writing manifest file '../../build/py_srvcli/py_srvcli.egg-info/SOURCES.txt'
[0.431s] running build
[0.431s] running build_py
[0.432s] creating /home/donavyn/ros2_ws/build/py_srvcli/build
[0.432s] creating /home/donavyn/ros2_ws/build/py_srvcli/build/lib
[0.432s] creating /home/donavyn/ros2_ws/build/py_srvcli/build/lib/py_srvcli
[0.432s] copying py_srvcli/__init__.py -> /home/donavyn/ros2_ws/build/py_srvcli/build/lib/py_srvcli
[0.432s] copying py_srvcli/service_member_function.py -> /home/donavyn/ros2_ws/build/py_srvcli/build/lib/py_srvcli
[0.432s] copying py_srvcli/client_member_function.py -> /home/donavyn/ros2_ws/build/py_srvcli/build/lib/py_srvcli
[0.432s] running install
[0.432s] running install_lib
[0.432s] creating /home/donavyn/ros2_ws/install/py_srvcli/lib/python3.10/site-packages/py_srvcli
[0.432s] copying /home/donavyn/ros2_ws/build/py_srvcli/build/lib/py_srvcli/__init__.py -> /home/donavyn/ros2_ws/install/py_srvcli/lib/python3.10/site-packages/py_srvcli
[0.432s] copying /home/donavyn/ros2_ws/build/py_srvcli/build/lib/py_srvcli/service_member_function.py -> /home/donavyn/ros2_ws/install/py_srvcli/lib/python3.10/site-packages/py_srvcli
[0.432s] copying /home/donavyn/ros2_ws/build/py_srvcli/build/lib/py_srvcli/client_member_function.py -> /home/donavyn/ros2_ws/install/py_srvcli/lib/python3.10/site-packages/py_srvcli
[0.433s] byte-compiling /home/donavyn/ros2_ws/install/py_srvcli/lib/python3.10/site-packages/py_srvcli/__init__.py to __init__.cpython-310.pyc
[0.433s] byte-compiling /home/donavyn/ros2_ws/install/py_srvcli/lib/python3.10/site-packages/py_srvcli/service_member_function.py to service_member_function.cpython-310.pyc
[0.433s] byte-compiling /home/donavyn/ros2_ws/install/py_srvcli/lib/python3.10/site-packages/py_srvcli/client_member_function.py to client_member_function.cpython-310.pyc
[0.433s] running install_data
[0.433s] creating /home/donavyn/ros2_ws/install/py_srvcli/share/ament_index
[0.433s] creating /home/donavyn/ros2_ws/install/py_srvcli/share/ament_index/resource_index
[0.433s] creating /home/donavyn/ros2_ws/install/py_srvcli/share/ament_index/resource_index/packages
[0.434s] copying resource/py_srvcli -> /home/donavyn/ros2_ws/install/py_srvcli/share/ament_index/resource_index/packages
[0.434s] copying package.xml -> /home/donavyn/ros2_ws/install/py_srvcli/share/py_srvcli
[0.434s] running install_egg_info
[0.434s] Copying ../../build/py_srvcli/py_srvcli.egg-info to /home/donavyn/ros2_ws/install/py_srvcli/lib/python3.10/site-packages/py_srvcli-0.0.0-py3.10.egg-info
[0.435s] running install_scripts
[0.447s] Installing client script to /home/donavyn/ros2_ws/install/py_srvcli/lib/py_srvcli
[0.447s] Installing service script to /home/donavyn/ros2_ws/install/py_srvcli/lib/py_srvcli
[0.447s] writing list of installed files to '/home/donavyn/ros2_ws/build/py_srvcli/install.log'
[0.460s] Invoked command in '/home/donavyn/ros2_ws/src/py_srvcli' returned '0': PYTHONPATH=/home/donavyn/ros2_ws/build/py_srvcli/prefix_override:/usr/lib/python3/dist-packages/colcon_core/task/python/colcon_distutils_commands:/home/donavyn/ros2_ws/install/py_srvcli/lib/python3.10/site-packages:${PYTHONPATH} /usr/bin/python3 -W ignore:setup.py install is deprecated setup.py egg_info --egg-base ../../build/py_srvcli build --build-base /home/donavyn/ros2_ws/build/py_srvcli/build install --record /home/donavyn/ros2_ws/build/py_srvcli/install.log --single-version-externally-managed install_data
