[0.000000] (-) TimerEvent: {}
[0.000170] (-) JobUnselected: {'identifier': 'action_tutorials_interfaces'}
[0.000229] (-) JobUnselected: {'identifier': 'examples_rclcpp_async_client'}
[0.000269] (-) JobUnselected: {'identifier': 'examples_rclcpp_cbg_executor'}
[0.000304] (-) JobUnselected: {'identifier': 'examples_rclcpp_minimal_action_client'}
[0.000354] (-) JobUnselected: {'identifier': 'examples_rclcpp_minimal_action_server'}
[0.000396] (-) JobUnselected: {'identifier': 'examples_rclcpp_minimal_client'}
[0.000427] (-) JobUnselected: {'identifier': 'examples_rclcpp_minimal_composition'}
[0.000478] (-) JobUnselected: {'identifier': 'examples_rclcpp_minimal_publisher'}
[0.000498] (-) JobUnselected: {'identifier': 'examples_rclcpp_minimal_service'}
[0.000520] (-) JobUnselected: {'identifier': 'examples_rclcpp_minimal_subscriber'}
[0.000548] (-) JobUnselected: {'identifier': 'examples_rclcpp_minimal_timer'}
[0.000570] (-) JobUnselected: {'identifier': 'examples_rclcpp_multithreaded_executor'}
[0.000615] (-) JobUnselected: {'identifier': 'examples_rclcpp_wait_set'}
[0.000647] (-) JobUnselected: {'identifier': 'examples_rclpy_executors'}
[0.000667] (-) JobUnselected: {'identifier': 'examples_rclpy_guard_conditions'}
[0.000689] (-) JobUnselected: {'identifier': 'examples_rclpy_minimal_action_client'}
[0.000710] (-) JobUnselected: {'identifier': 'examples_rclpy_minimal_action_server'}
[0.000739] (-) JobUnselected: {'identifier': 'examples_rclpy_minimal_client'}
[0.000785] (-) JobUnselected: {'identifier': 'examples_rclpy_minimal_publisher'}
[0.000805] (-) JobUnselected: {'identifier': 'examples_rclpy_minimal_service'}
[0.000829] (-) JobUnselected: {'identifier': 'examples_rclpy_minimal_subscriber'}
[0.000848] (-) JobUnselected: {'identifier': 'examples_rclpy_pointcloud_publisher'}
[0.000877] (-) JobUnselected: {'identifier': 'launch_testing_examples'}
[0.000926] (-) JobUnselected: {'identifier': 'more_interfaces'}
[0.000946] (-) JobUnselected: {'identifier': 'my_package'}
[0.000966] (-) JobUnselected: {'identifier': 'py_pubsub'}
[0.000986] (-) JobUnselected: {'identifier': 'py_srvcli'}
[0.001031] (-) JobUnselected: {'identifier': 'python_parameters'}
[0.001051] (-) JobUnselected: {'identifier': 'turtlesim'}
[0.001075] (-) JobUnselected: {'identifier': 'tutorial_interfaces'}
[0.001097] (learning_tf2_py) JobQueued: {'identifier': 'learning_tf2_py', 'dependencies': OrderedDict([('turtlesim', '/home/donavyn/docker_test/ros2_ws/install/turtlesim')])}
[0.001127] (learning_tf2_py) JobStarted: {'identifier': 'learning_tf2_py'}
[0.007891] (learning_tf2_py) JobEnded: {'identifier': 'learning_tf2_py', 'rc': 1}
[0.018310] (-) EventReactorShutdown: {}
