[0.060s] Invoking command in '/home/donavyn/ros2_ws/build/examples_rclcpp_async_client': CMAKE_PREFIX_PATH=${CMAKE_PREFIX_PATH}:/home/donavyn/ros2_ws/install/launch_testing_examples:/home/donavyn/ros2_ws/install/examples_rclpy_pointcloud_publisher:/home/donavyn/ros2_ws/install/examples_rclpy_minimal_subscriber:/home/donavyn/ros2_ws/install/examples_rclpy_minimal_service:/home/donavyn/ros2_ws/install/examples_rclpy_minimal_publisher:/home/donavyn/ros2_ws/install/examples_rclpy_minimal_client:/home/donavyn/ros2_ws/install/examples_rclpy_minimal_action_server:/home/donavyn/ros2_ws/install/examples_rclpy_minimal_action_client:/home/donavyn/ros2_ws/install/examples_rclpy_guard_conditions:/home/donavyn/ros2_ws/install/examples_rclpy_executors:/opt/ros/humble /usr/bin/cmake /home/donavyn/ros2_ws/src/examples/rclcpp/services/async_client -DCMAKE_INSTALL_PREFIX=/home/donavyn/ros2_ws/install/examples_rclcpp_async_client
[1.183s] -- Found ament_cmake: 1.3.10 (/opt/ros/humble/share/ament_cmake/cmake)
[1.184s] -- Override CMake install command with custom implementation using symlinks instead of copying resources
[1.184s] -- Found example_interfaces: 0.9.3 (/opt/ros/humble/share/example_interfaces/cmake)
[1.184s] -- Found rosidl_generator_c: 3.1.5 (/opt/ros/humble/share/rosidl_generator_c/cmake)
[1.184s] -- Found rosidl_adapter: 3.1.5 (/opt/ros/humble/share/rosidl_adapter/cmake)
[1.184s] -- Found rosidl_generator_cpp: 3.1.5 (/opt/ros/humble/share/rosidl_generator_cpp/cmake)
[1.184s] -- Using all available rosidl_typesupport_c: rosidl_typesupport_fastrtps_c;rosidl_typesupport_introspection_c
[1.184s] -- Using all available rosidl_typesupport_cpp: rosidl_typesupport_fastrtps_cpp;rosidl_typesupport_introspection_cpp
[1.184s] -- Found rclcpp: 16.0.10 (/opt/ros/humble/share/rclcpp/cmake)
[1.184s] -- Found rmw_implementation_cmake: 6.1.2 (/opt/ros/humble/share/rmw_implementation_cmake/cmake)
[1.184s] -- Found rmw_fastrtps_cpp: 6.2.7 (/opt/ros/humble/share/rmw_fastrtps_cpp/cmake)
[1.184s] -- Using RMW implementation 'rmw_fastrtps_cpp' as default
[1.184s] -- Found ament_lint_auto: 0.12.11 (/opt/ros/humble/share/ament_lint_auto/cmake)
[1.184s] -- Added test 'copyright' to check source files copyright and LICENSE
[1.184s] -- Added test 'cppcheck' to perform static code analysis on C / C++ code
[1.184s] -- Configured cppcheck include dirs: 
[1.184s] -- Configured cppcheck exclude dirs and/or files: 
[1.184s] -- Added test 'cpplint' to check C / C++ code against the Google style
[1.184s] -- Configured cpplint exclude dirs and/or files: 
[1.184s] -- Added test 'lint_cmake' to check CMake code style
[1.184s] -- Added test 'uncrustify' to check C / C++ code style
[1.184s] -- Configured uncrustify additional arguments: 
[1.184s] -- Added test 'xmllint' to check XML markup files
[1.184s] -- Configuring done
[1.184s] -- Generating done
[1.184s] -- Build files have been written to: /home/donavyn/ros2_ws/build/examples_rclcpp_async_client
[1.206s] Invoked command in '/home/donavyn/ros2_ws/build/examples_rclcpp_async_client' returned '0': CMAKE_PREFIX_PATH=${CMAKE_PREFIX_PATH}:/home/donavyn/ros2_ws/install/launch_testing_examples:/home/donavyn/ros2_ws/install/examples_rclpy_pointcloud_publisher:/home/donavyn/ros2_ws/install/examples_rclpy_minimal_subscriber:/home/donavyn/ros2_ws/install/examples_rclpy_minimal_service:/home/donavyn/ros2_ws/install/examples_rclpy_minimal_publisher:/home/donavyn/ros2_ws/install/examples_rclpy_minimal_client:/home/donavyn/ros2_ws/install/examples_rclpy_minimal_action_server:/home/donavyn/ros2_ws/install/examples_rclpy_minimal_action_client:/home/donavyn/ros2_ws/install/examples_rclpy_guard_conditions:/home/donavyn/ros2_ws/install/examples_rclpy_executors:/opt/ros/humble /usr/bin/cmake /home/donavyn/ros2_ws/src/examples/rclcpp/services/async_client -DCMAKE_INSTALL_PREFIX=/home/donavyn/ros2_ws/install/examples_rclcpp_async_client
[1.208s] Invoking command in '/home/donavyn/ros2_ws/build/examples_rclcpp_async_client': CMAKE_PREFIX_PATH=${CMAKE_PREFIX_PATH}:/home/donavyn/ros2_ws/install/launch_testing_examples:/home/donavyn/ros2_ws/install/examples_rclpy_pointcloud_publisher:/home/donavyn/ros2_ws/install/examples_rclpy_minimal_subscriber:/home/donavyn/ros2_ws/install/examples_rclpy_minimal_service:/home/donavyn/ros2_ws/install/examples_rclpy_minimal_publisher:/home/donavyn/ros2_ws/install/examples_rclpy_minimal_client:/home/donavyn/ros2_ws/install/examples_rclpy_minimal_action_server:/home/donavyn/ros2_ws/install/examples_rclpy_minimal_action_client:/home/donavyn/ros2_ws/install/examples_rclpy_guard_conditions:/home/donavyn/ros2_ws/install/examples_rclpy_executors:/opt/ros/humble /usr/bin/cmake --build /home/donavyn/ros2_ws/build/examples_rclcpp_async_client -- -j16 -l16
[1.282s] [35m[1mConsolidate compiler generated dependencies of target client_main[0m
[1.348s] [100%] Built target client_main
[1.416s] Invoked command in '/home/donavyn/ros2_ws/build/examples_rclcpp_async_client' returned '0': CMAKE_PREFIX_PATH=${CMAKE_PREFIX_PATH}:/home/donavyn/ros2_ws/install/launch_testing_examples:/home/donavyn/ros2_ws/install/examples_rclpy_pointcloud_publisher:/home/donavyn/ros2_ws/install/examples_rclpy_minimal_subscriber:/home/donavyn/ros2_ws/install/examples_rclpy_minimal_service:/home/donavyn/ros2_ws/install/examples_rclpy_minimal_publisher:/home/donavyn/ros2_ws/install/examples_rclpy_minimal_client:/home/donavyn/ros2_ws/install/examples_rclpy_minimal_action_server:/home/donavyn/ros2_ws/install/examples_rclpy_minimal_action_client:/home/donavyn/ros2_ws/install/examples_rclpy_guard_conditions:/home/donavyn/ros2_ws/install/examples_rclpy_executors:/opt/ros/humble /usr/bin/cmake --build /home/donavyn/ros2_ws/build/examples_rclcpp_async_client -- -j16 -l16
[1.482s] Invoking command in '/home/donavyn/ros2_ws/build/examples_rclcpp_async_client': CMAKE_PREFIX_PATH=${CMAKE_PREFIX_PATH}:/home/donavyn/ros2_ws/install/launch_testing_examples:/home/donavyn/ros2_ws/install/examples_rclpy_pointcloud_publisher:/home/donavyn/ros2_ws/install/examples_rclpy_minimal_subscriber:/home/donavyn/ros2_ws/install/examples_rclpy_minimal_service:/home/donavyn/ros2_ws/install/examples_rclpy_minimal_publisher:/home/donavyn/ros2_ws/install/examples_rclpy_minimal_client:/home/donavyn/ros2_ws/install/examples_rclpy_minimal_action_server:/home/donavyn/ros2_ws/install/examples_rclpy_minimal_action_client:/home/donavyn/ros2_ws/install/examples_rclpy_guard_conditions:/home/donavyn/ros2_ws/install/examples_rclpy_executors:/opt/ros/humble /usr/bin/cmake --install /home/donavyn/ros2_ws/build/examples_rclcpp_async_client
[1.500s] -- Install configuration: ""
[1.500s] -- Execute custom install script
[1.501s] -- Up-to-date symlink: /home/donavyn/ros2_ws/install/examples_rclcpp_async_client/lib/examples_rclcpp_async_client/client_main
[1.501s] -- Up-to-date symlink: /home/donavyn/ros2_ws/install/examples_rclcpp_async_client/share/ament_index/resource_index/package_run_dependencies/examples_rclcpp_async_client
[1.501s] -- Up-to-date symlink: /home/donavyn/ros2_ws/install/examples_rclcpp_async_client/share/ament_index/resource_index/parent_prefix_path/examples_rclcpp_async_client
[1.502s] -- Up-to-date symlink: /home/donavyn/ros2_ws/install/examples_rclcpp_async_client/share/examples_rclcpp_async_client/environment/ament_prefix_path.sh
[1.503s] -- Up-to-date symlink: /home/donavyn/ros2_ws/install/examples_rclcpp_async_client/share/examples_rclcpp_async_client/environment/ament_prefix_path.dsv
[1.504s] -- Up-to-date symlink: /home/donavyn/ros2_ws/install/examples_rclcpp_async_client/share/examples_rclcpp_async_client/environment/path.sh
[1.506s] -- Up-to-date symlink: /home/donavyn/ros2_ws/install/examples_rclcpp_async_client/share/examples_rclcpp_async_client/environment/path.dsv
[1.506s] -- Up-to-date symlink: /home/donavyn/ros2_ws/install/examples_rclcpp_async_client/share/examples_rclcpp_async_client/local_setup.bash
[1.506s] -- Up-to-date symlink: /home/donavyn/ros2_ws/install/examples_rclcpp_async_client/share/examples_rclcpp_async_client/local_setup.sh
[1.507s] -- Up-to-date symlink: /home/donavyn/ros2_ws/install/examples_rclcpp_async_client/share/examples_rclcpp_async_client/local_setup.zsh
[1.507s] -- Up-to-date symlink: /home/donavyn/ros2_ws/install/examples_rclcpp_async_client/share/examples_rclcpp_async_client/local_setup.dsv
[1.507s] -- Symlinking: /home/donavyn/ros2_ws/install/examples_rclcpp_async_client/share/examples_rclcpp_async_client/package.dsv
[1.517s] -- Up-to-date symlink: /home/donavyn/ros2_ws/install/examples_rclcpp_async_client/share/ament_index/resource_index/packages/examples_rclcpp_async_client
[1.517s] -- Up-to-date symlink: /home/donavyn/ros2_ws/install/examples_rclcpp_async_client/share/examples_rclcpp_async_client/cmake/examples_rclcpp_async_clientConfig.cmake
[1.517s] -- Up-to-date symlink: /home/donavyn/ros2_ws/install/examples_rclcpp_async_client/share/examples_rclcpp_async_client/cmake/examples_rclcpp_async_clientConfig-version.cmake
[1.517s] -- Up-to-date symlink: /home/donavyn/ros2_ws/install/examples_rclcpp_async_client/share/examples_rclcpp_async_client/package.xml
[1.556s] Invoked command in '/home/donavyn/ros2_ws/build/examples_rclcpp_async_client' returned '0': CMAKE_PREFIX_PATH=${CMAKE_PREFIX_PATH}:/home/donavyn/ros2_ws/install/launch_testing_examples:/home/donavyn/ros2_ws/install/examples_rclpy_pointcloud_publisher:/home/donavyn/ros2_ws/install/examples_rclpy_minimal_subscriber:/home/donavyn/ros2_ws/install/examples_rclpy_minimal_service:/home/donavyn/ros2_ws/install/examples_rclpy_minimal_publisher:/home/donavyn/ros2_ws/install/examples_rclpy_minimal_client:/home/donavyn/ros2_ws/install/examples_rclpy_minimal_action_server:/home/donavyn/ros2_ws/install/examples_rclpy_minimal_action_client:/home/donavyn/ros2_ws/install/examples_rclpy_guard_conditions:/home/donavyn/ros2_ws/install/examples_rclpy_executors:/opt/ros/humble /usr/bin/cmake --install /home/donavyn/ros2_ws/build/examples_rclcpp_async_client
