[0.350s] Invoking command in '/home/donavyn/ros2_ws/src/python_parameters': PYTHONPATH=/home/donavyn/ros2_ws/src/python_parameters/build/python_parameters/prefix_override:/usr/lib/python3/dist-packages/colcon_core/task/python/colcon_distutils_commands:/home/donavyn/ros2_ws/src/python_parameters/install/python_parameters/lib/python3.10/site-packages:${PYTHONPATH} /usr/bin/python3 -W ignore:setup.py install is deprecated setup.py egg_info --egg-base build/python_parameters build --build-base /home/donavyn/ros2_ws/src/python_parameters/build/python_parameters/build install --record /home/donavyn/ros2_ws/src/python_parameters/build/python_parameters/install.log --single-version-externally-managed install_data
[0.481s] running egg_info
[0.481s] writing build/python_parameters/python_parameters.egg-info/PKG-INFO
[0.481s] writing dependency_links to build/python_parameters/python_parameters.egg-info/dependency_links.txt
[0.481s] writing entry points to build/python_parameters/python_parameters.egg-info/entry_points.txt
[0.481s] writing requirements to build/python_parameters/python_parameters.egg-info/requires.txt
[0.481s] writing top-level names to build/python_parameters/python_parameters.egg-info/top_level.txt
[0.482s] reading manifest file 'build/python_parameters/python_parameters.egg-info/SOURCES.txt'
[0.482s] adding license file 'LICENSE'
[0.483s] writing manifest file 'build/python_parameters/python_parameters.egg-info/SOURCES.txt'
[0.483s] running build
[0.483s] running build_py
[0.483s] running install
[0.483s] running install_lib
[0.484s] running install_data
[0.484s] copying launch/python_parameters_launch.py -> /home/donavyn/ros2_ws/src/python_parameters/install/python_parameters/share/python_parameters
[0.484s] running install_egg_info
[0.485s] removing '/home/donavyn/ros2_ws/src/python_parameters/install/python_parameters/lib/python3.10/site-packages/python_parameters-0.0.0-py3.10.egg-info' (and everything under it)
[0.485s] Copying build/python_parameters/python_parameters.egg-info to /home/donavyn/ros2_ws/src/python_parameters/install/python_parameters/lib/python3.10/site-packages/python_parameters-0.0.0-py3.10.egg-info
[0.486s] running install_scripts
[0.498s] Installing minimal_param_node script to /home/donavyn/ros2_ws/src/python_parameters/install/python_parameters/lib/python_parameters
[0.498s] writing list of installed files to '/home/donavyn/ros2_ws/src/python_parameters/build/python_parameters/install.log'
[0.523s] Invoked command in '/home/donavyn/ros2_ws/src/python_parameters' returned '0': PYTHONPATH=/home/donavyn/ros2_ws/src/python_parameters/build/python_parameters/prefix_override:/usr/lib/python3/dist-packages/colcon_core/task/python/colcon_distutils_commands:/home/donavyn/ros2_ws/src/python_parameters/install/python_parameters/lib/python3.10/site-packages:${PYTHONPATH} /usr/bin/python3 -W ignore:setup.py install is deprecated setup.py egg_info --egg-base build/python_parameters build --build-base /home/donavyn/ros2_ws/src/python_parameters/build/python_parameters/build install --record /home/donavyn/ros2_ws/src/python_parameters/build/python_parameters/install.log --single-version-externally-managed install_data
