[2.699s] Invoking command in '/home/donavyn/ros2_ws/build/examples_rclpy_guard_conditions': PYTHONPATH=/home/donavyn/ros2_ws/build/examples_rclpy_guard_conditions/prefix_override:/usr/lib/python3/dist-packages/colcon_core/task/python/colcon_distutils_commands:/home/donavyn/ros2_ws/install/examples_rclpy_guard_conditions/lib/python3.10/site-packages:${PYTHONPATH} /usr/bin/python3 -W ignore:setup.py install is deprecated setup.py develop --uninstall --editable --build-directory /home/donavyn/ros2_ws/build/examples_rclpy_guard_conditions/build
[2.970s] running develop
[2.971s] /usr/lib/python3/dist-packages/setuptools/command/easy_install.py:158: EasyInstallDeprecationWarning: easy_install command is deprecated. Use build and pip and other standards-based tools.
[2.971s]   warnings.warn(
[3.126s] Removing /home/donavyn/ros2_ws/install/examples_rclpy_guard_conditions/lib/python3.10/site-packages/examples-rclpy-guard-conditions.egg-link (link to .)
[3.166s] Invoked command in '/home/donavyn/ros2_ws/build/examples_rclpy_guard_conditions' returned '0': PYTHONPATH=/home/donavyn/ros2_ws/build/examples_rclpy_guard_conditions/prefix_override:/usr/lib/python3/dist-packages/colcon_core/task/python/colcon_distutils_commands:/home/donavyn/ros2_ws/install/examples_rclpy_guard_conditions/lib/python3.10/site-packages:${PYTHONPATH} /usr/bin/python3 -W ignore:setup.py install is deprecated setup.py develop --uninstall --editable --build-directory /home/donavyn/ros2_ws/build/examples_rclpy_guard_conditions/build
[3.169s] Invoking command in '/home/donavyn/ros2_ws/src/examples/rclpy/guard_conditions': PYTHONPATH=/home/donavyn/ros2_ws/build/examples_rclpy_guard_conditions/prefix_override:/usr/lib/python3/dist-packages/colcon_core/task/python/colcon_distutils_commands:/home/donavyn/ros2_ws/install/examples_rclpy_guard_conditions/lib/python3.10/site-packages:${PYTHONPATH} /usr/bin/python3 -W ignore:setup.py install is deprecated setup.py egg_info --egg-base ../../../../build/examples_rclpy_guard_conditions build --build-base /home/donavyn/ros2_ws/build/examples_rclpy_guard_conditions/build install --record /home/donavyn/ros2_ws/build/examples_rclpy_guard_conditions/install.log --single-version-externally-managed install_data --force
[3.437s] running egg_info
[3.438s] writing ../../../../build/examples_rclpy_guard_conditions/examples_rclpy_guard_conditions.egg-info/PKG-INFO
[3.438s] writing dependency_links to ../../../../build/examples_rclpy_guard_conditions/examples_rclpy_guard_conditions.egg-info/dependency_links.txt
[3.439s] writing entry points to ../../../../build/examples_rclpy_guard_conditions/examples_rclpy_guard_conditions.egg-info/entry_points.txt
[3.439s] writing requirements to ../../../../build/examples_rclpy_guard_conditions/examples_rclpy_guard_conditions.egg-info/requires.txt
[3.439s] writing top-level names to ../../../../build/examples_rclpy_guard_conditions/examples_rclpy_guard_conditions.egg-info/top_level.txt
[3.441s] reading manifest file '../../../../build/examples_rclpy_guard_conditions/examples_rclpy_guard_conditions.egg-info/SOURCES.txt'
[3.441s] writing manifest file '../../../../build/examples_rclpy_guard_conditions/examples_rclpy_guard_conditions.egg-info/SOURCES.txt'
[3.442s] running build
[3.442s] running build_py
[3.442s] creating /home/donavyn/ros2_ws/build/examples_rclpy_guard_conditions/build
[3.442s] creating /home/donavyn/ros2_ws/build/examples_rclpy_guard_conditions/build/lib
[3.442s] creating /home/donavyn/ros2_ws/build/examples_rclpy_guard_conditions/build/lib/examples_rclpy_guard_conditions
[3.442s] copying examples_rclpy_guard_conditions/__init__.py -> /home/donavyn/ros2_ws/build/examples_rclpy_guard_conditions/build/lib/examples_rclpy_guard_conditions
[3.442s] copying examples_rclpy_guard_conditions/trigger_guard_condition.py -> /home/donavyn/ros2_ws/build/examples_rclpy_guard_conditions/build/lib/examples_rclpy_guard_conditions
[3.442s] running install
[3.443s] running install_lib
[3.443s] creating /home/donavyn/ros2_ws/install/examples_rclpy_guard_conditions/lib/python3.10/site-packages/examples_rclpy_guard_conditions
[3.443s] copying /home/donavyn/ros2_ws/build/examples_rclpy_guard_conditions/build/lib/examples_rclpy_guard_conditions/__init__.py -> /home/donavyn/ros2_ws/install/examples_rclpy_guard_conditions/lib/python3.10/site-packages/examples_rclpy_guard_conditions
[3.443s] copying /home/donavyn/ros2_ws/build/examples_rclpy_guard_conditions/build/lib/examples_rclpy_guard_conditions/trigger_guard_condition.py -> /home/donavyn/ros2_ws/install/examples_rclpy_guard_conditions/lib/python3.10/site-packages/examples_rclpy_guard_conditions
[3.444s] byte-compiling /home/donavyn/ros2_ws/install/examples_rclpy_guard_conditions/lib/python3.10/site-packages/examples_rclpy_guard_conditions/__init__.py to __init__.cpython-310.pyc
[3.444s] byte-compiling /home/donavyn/ros2_ws/install/examples_rclpy_guard_conditions/lib/python3.10/site-packages/examples_rclpy_guard_conditions/trigger_guard_condition.py to trigger_guard_condition.cpython-310.pyc
[3.445s] running install_data
[3.445s] copying resource/examples_rclpy_guard_conditions -> /home/donavyn/ros2_ws/install/examples_rclpy_guard_conditions/share/ament_index/resource_index/packages
[3.445s] copying package.xml -> /home/donavyn/ros2_ws/install/examples_rclpy_guard_conditions/share/examples_rclpy_guard_conditions
[3.445s] running install_egg_info
[3.447s] Copying ../../../../build/examples_rclpy_guard_conditions/examples_rclpy_guard_conditions.egg-info to /home/donavyn/ros2_ws/install/examples_rclpy_guard_conditions/lib/python3.10/site-packages/examples_rclpy_guard_conditions-0.15.2-py3.10.egg-info
[3.448s] running install_scripts
[3.471s] Installing trigger_guard_condition script to /home/donavyn/ros2_ws/install/examples_rclpy_guard_conditions/lib/examples_rclpy_guard_conditions
[3.471s] writing list of installed files to '/home/donavyn/ros2_ws/build/examples_rclpy_guard_conditions/install.log'
[3.501s] Invoked command in '/home/donavyn/ros2_ws/src/examples/rclpy/guard_conditions' returned '0': PYTHONPATH=/home/donavyn/ros2_ws/build/examples_rclpy_guard_conditions/prefix_override:/usr/lib/python3/dist-packages/colcon_core/task/python/colcon_distutils_commands:/home/donavyn/ros2_ws/install/examples_rclpy_guard_conditions/lib/python3.10/site-packages:${PYTHONPATH} /usr/bin/python3 -W ignore:setup.py install is deprecated setup.py egg_info --egg-base ../../../../build/examples_rclpy_guard_conditions build --build-base /home/donavyn/ros2_ws/build/examples_rclpy_guard_conditions/build install --record /home/donavyn/ros2_ws/build/examples_rclpy_guard_conditions/install.log --single-version-externally-managed install_data --force
