[0.062s] DEBUG:colcon:Command line arguments: ['/usr/bin/colcon', 'list', '-p', '--base-paths', '/home/donavyn/ros2_ws']
[0.062s] DEBUG:colcon:Parsed command line arguments: Namespace(log_base=None, log_level=None, verb_name='list', build_base='build', ignore_user_meta=False, metas=['./colcon.meta'], base_paths=['/home/donavyn/ros2_ws'], packages_ignore=None, packages_ignore_regex=None, paths=None, packages_up_to=None, packages_up_to_regex=None, packages_above=None, packages_above_and_dependencies=None, packages_above_depth=None, packages_select_by_dep=None, packages_skip_by_dep=None, packages_skip_up_to=None, packages_select_build_failed=False, packages_skip_build_finished=False, packages_select_test_failures=False, packages_skip_test_passed=False, packages_select=None, packages_skip=None, packages_select_regex=None, packages_skip_regex=None, packages_start=None, packages_end=None, allow_overriding=[], topological_order=False, names_only=False, paths_only=True, topological_graph=False, topological_graph_dot=False, topological_graph_density=False, topological_graph_legend=False, topological_graph_dot_cluster=False, topological_graph_dot_include_skipped=False, verb_parser=<colcon_defaults.argument_parser.defaults.DefaultArgumentsDecorator object at 0x784b5431ee00>, verb_extension=<colcon_package_information.verb.list.ListVerb object at 0x784b5431dc30>, main=<bound method ListVerb.main of <colcon_package_information.verb.list.ListVerb object at 0x784b5431dc30>>)
[0.159s] Level 1:colcon.colcon_core.package_discovery:discover_packages(colcon_meta) check parameters
[0.160s] Level 1:colcon.colcon_core.package_discovery:discover_packages(recursive) check parameters
[0.160s] Level 1:colcon.colcon_core.package_discovery:discover_packages(ignore) check parameters
[0.160s] Level 1:colcon.colcon_core.package_discovery:discover_packages(path) check parameters
[0.160s] Level 1:colcon.colcon_core.package_discovery:discover_packages(recursive) discover
[0.160s] INFO:colcon.colcon_core.package_discovery:Crawling recursively for packages in '/home/donavyn/ros2_ws'
[0.160s] Level 1:colcon.colcon_core.package_identification:_identify(/home/donavyn/ros2_ws) by extensions ['ignore', 'ignore_ament_install']
[0.160s] Level 1:colcon.colcon_core.package_identification:_identify(/home/donavyn/ros2_ws) by extension 'ignore'
[0.160s] Level 1:colcon.colcon_core.package_identification:_identify(/home/donavyn/ros2_ws) by extension 'ignore_ament_install'
[0.160s] Level 1:colcon.colcon_core.package_identification:_identify(/home/donavyn/ros2_ws) by extensions ['colcon_pkg']
[0.160s] Level 1:colcon.colcon_core.package_identification:_identify(/home/donavyn/ros2_ws) by extension 'colcon_pkg'
[0.160s] Level 1:colcon.colcon_core.package_identification:_identify(/home/donavyn/ros2_ws) by extensions ['colcon_meta']
[0.160s] Level 1:colcon.colcon_core.package_identification:_identify(/home/donavyn/ros2_ws) by extension 'colcon_meta'
[0.160s] Level 1:colcon.colcon_core.package_identification:_identify(/home/donavyn/ros2_ws) by extensions ['ros']
[0.160s] Level 1:colcon.colcon_core.package_identification:_identify(/home/donavyn/ros2_ws) by extension 'ros'
[0.167s] Level 1:colcon.colcon_core.package_identification:_identify(/home/donavyn/ros2_ws) by extensions ['cmake', 'python']
[0.167s] Level 1:colcon.colcon_core.package_identification:_identify(/home/donavyn/ros2_ws) by extension 'cmake'
[0.167s] Level 1:colcon.colcon_core.package_identification:_identify(/home/donavyn/ros2_ws) by extension 'python'
[0.167s] Level 1:colcon.colcon_core.package_identification:_identify(/home/donavyn/ros2_ws) by extensions ['python_setup_py']
[0.167s] Level 1:colcon.colcon_core.package_identification:_identify(/home/donavyn/ros2_ws) by extension 'python_setup_py'
[0.167s] Level 1:colcon.colcon_core.package_identification:_identify(/home/donavyn/ros2_ws/build) by extensions ['ignore', 'ignore_ament_install']
[0.168s] Level 1:colcon.colcon_core.package_identification:_identify(/home/donavyn/ros2_ws/build) by extension 'ignore'
[0.168s] Level 1:colcon.colcon_core.package_identification:_identify(/home/donavyn/ros2_ws/build) ignored
[0.168s] Level 1:colcon.colcon_core.package_identification:_identify(/home/donavyn/ros2_ws/install) by extensions ['ignore', 'ignore_ament_install']
[0.168s] Level 1:colcon.colcon_core.package_identification:_identify(/home/donavyn/ros2_ws/install) by extension 'ignore'
[0.168s] Level 1:colcon.colcon_core.package_identification:_identify(/home/donavyn/ros2_ws/install) ignored
[0.168s] Level 1:colcon.colcon_core.package_identification:_identify(/home/donavyn/ros2_ws/log) by extensions ['ignore', 'ignore_ament_install']
[0.168s] Level 1:colcon.colcon_core.package_identification:_identify(/home/donavyn/ros2_ws/log) by extension 'ignore'
[0.168s] Level 1:colcon.colcon_core.package_identification:_identify(/home/donavyn/ros2_ws/log) ignored
[0.168s] Level 1:colcon.colcon_core.package_identification:_identify(/home/donavyn/ros2_ws/src) by extensions ['ignore', 'ignore_ament_install']
[0.168s] Level 1:colcon.colcon_core.package_identification:_identify(/home/donavyn/ros2_ws/src) by extension 'ignore'
[0.168s] Level 1:colcon.colcon_core.package_identification:_identify(/home/donavyn/ros2_ws/src) by extension 'ignore_ament_install'
[0.168s] Level 1:colcon.colcon_core.package_identification:_identify(/home/donavyn/ros2_ws/src) by extensions ['colcon_pkg']
[0.168s] Level 1:colcon.colcon_core.package_identification:_identify(/home/donavyn/ros2_ws/src) by extension 'colcon_pkg'
[0.168s] Level 1:colcon.colcon_core.package_identification:_identify(/home/donavyn/ros2_ws/src) by extensions ['colcon_meta']
[0.168s] Level 1:colcon.colcon_core.package_identification:_identify(/home/donavyn/ros2_ws/src) by extension 'colcon_meta'
[0.168s] Level 1:colcon.colcon_core.package_identification:_identify(/home/donavyn/ros2_ws/src) by extensions ['ros']
[0.168s] Level 1:colcon.colcon_core.package_identification:_identify(/home/donavyn/ros2_ws/src) by extension 'ros'
[0.168s] Level 1:colcon.colcon_core.package_identification:_identify(/home/donavyn/ros2_ws/src) by extensions ['cmake', 'python']
[0.168s] Level 1:colcon.colcon_core.package_identification:_identify(/home/donavyn/ros2_ws/src) by extension 'cmake'
[0.168s] Level 1:colcon.colcon_core.package_identification:_identify(/home/donavyn/ros2_ws/src) by extension 'python'
[0.168s] Level 1:colcon.colcon_core.package_identification:_identify(/home/donavyn/ros2_ws/src) by extensions ['python_setup_py']
[0.168s] Level 1:colcon.colcon_core.package_identification:_identify(/home/donavyn/ros2_ws/src) by extension 'python_setup_py'
[0.168s] Level 1:colcon.colcon_core.package_identification:_identify(/home/donavyn/ros2_ws/src/action_tutorials_interfaces) by extensions ['ignore', 'ignore_ament_install']
[0.168s] Level 1:colcon.colcon_core.package_identification:_identify(/home/donavyn/ros2_ws/src/action_tutorials_interfaces) by extension 'ignore'
[0.168s] Level 1:colcon.colcon_core.package_identification:_identify(/home/donavyn/ros2_ws/src/action_tutorials_interfaces) by extension 'ignore_ament_install'
[0.168s] Level 1:colcon.colcon_core.package_identification:_identify(/home/donavyn/ros2_ws/src/action_tutorials_interfaces) by extensions ['colcon_pkg']
[0.168s] Level 1:colcon.colcon_core.package_identification:_identify(/home/donavyn/ros2_ws/src/action_tutorials_interfaces) by extension 'colcon_pkg'
[0.168s] Level 1:colcon.colcon_core.package_identification:_identify(/home/donavyn/ros2_ws/src/action_tutorials_interfaces) by extensions ['colcon_meta']
[0.168s] Level 1:colcon.colcon_core.package_identification:_identify(/home/donavyn/ros2_ws/src/action_tutorials_interfaces) by extension 'colcon_meta'
[0.168s] Level 1:colcon.colcon_core.package_identification:_identify(/home/donavyn/ros2_ws/src/action_tutorials_interfaces) by extensions ['ros']
[0.168s] Level 1:colcon.colcon_core.package_identification:_identify(/home/donavyn/ros2_ws/src/action_tutorials_interfaces) by extension 'ros'
[0.170s] DEBUG:colcon.colcon_core.package_identification:Package '/home/donavyn/ros2_ws/src/action_tutorials_interfaces' with type 'ros.ament_cmake' and name 'action_tutorials_interfaces'
[0.171s] Level 1:colcon.colcon_core.package_identification:_identify(/home/donavyn/ros2_ws/src/examples) by extensions ['ignore', 'ignore_ament_install']
[0.171s] Level 1:colcon.colcon_core.package_identification:_identify(/home/donavyn/ros2_ws/src/examples) by extension 'ignore'
[0.171s] Level 1:colcon.colcon_core.package_identification:_identify(/home/donavyn/ros2_ws/src/examples) by extension 'ignore_ament_install'
[0.171s] Level 1:colcon.colcon_core.package_identification:_identify(/home/donavyn/ros2_ws/src/examples) by extensions ['colcon_pkg']
[0.171s] Level 1:colcon.colcon_core.package_identification:_identify(/home/donavyn/ros2_ws/src/examples) by extension 'colcon_pkg'
[0.171s] Level 1:colcon.colcon_core.package_identification:_identify(/home/donavyn/ros2_ws/src/examples) by extensions ['colcon_meta']
[0.171s] Level 1:colcon.colcon_core.package_identification:_identify(/home/donavyn/ros2_ws/src/examples) by extension 'colcon_meta'
[0.171s] Level 1:colcon.colcon_core.package_identification:_identify(/home/donavyn/ros2_ws/src/examples) by extensions ['ros']
[0.171s] Level 1:colcon.colcon_core.package_identification:_identify(/home/donavyn/ros2_ws/src/examples) by extension 'ros'
[0.171s] Level 1:colcon.colcon_core.package_identification:_identify(/home/donavyn/ros2_ws/src/examples) by extensions ['cmake', 'python']
[0.171s] Level 1:colcon.colcon_core.package_identification:_identify(/home/donavyn/ros2_ws/src/examples) by extension 'cmake'
[0.171s] Level 1:colcon.colcon_core.package_identification:_identify(/home/donavyn/ros2_ws/src/examples) by extension 'python'
[0.171s] Level 1:colcon.colcon_core.package_identification:_identify(/home/donavyn/ros2_ws/src/examples) by extensions ['python_setup_py']
[0.171s] Level 1:colcon.colcon_core.package_identification:_identify(/home/donavyn/ros2_ws/src/examples) by extension 'python_setup_py'
[0.171s] Level 1:colcon.colcon_core.package_identification:_identify(/home/donavyn/ros2_ws/src/examples/launch_testing) by extensions ['ignore', 'ignore_ament_install']
[0.171s] Level 1:colcon.colcon_core.package_identification:_identify(/home/donavyn/ros2_ws/src/examples/launch_testing) by extension 'ignore'
[0.171s] Level 1:colcon.colcon_core.package_identification:_identify(/home/donavyn/ros2_ws/src/examples/launch_testing) by extension 'ignore_ament_install'
[0.171s] Level 1:colcon.colcon_core.package_identification:_identify(/home/donavyn/ros2_ws/src/examples/launch_testing) by extensions ['colcon_pkg']
[0.171s] Level 1:colcon.colcon_core.package_identification:_identify(/home/donavyn/ros2_ws/src/examples/launch_testing) by extension 'colcon_pkg'
[0.171s] Level 1:colcon.colcon_core.package_identification:_identify(/home/donavyn/ros2_ws/src/examples/launch_testing) by extensions ['colcon_meta']
[0.171s] Level 1:colcon.colcon_core.package_identification:_identify(/home/donavyn/ros2_ws/src/examples/launch_testing) by extension 'colcon_meta'
[0.171s] Level 1:colcon.colcon_core.package_identification:_identify(/home/donavyn/ros2_ws/src/examples/launch_testing) by extensions ['ros']
[0.171s] Level 1:colcon.colcon_core.package_identification:_identify(/home/donavyn/ros2_ws/src/examples/launch_testing) by extension 'ros'
[0.171s] Level 1:colcon.colcon_core.package_identification:_identify(/home/donavyn/ros2_ws/src/examples/launch_testing) by extensions ['cmake', 'python']
[0.171s] Level 1:colcon.colcon_core.package_identification:_identify(/home/donavyn/ros2_ws/src/examples/launch_testing) by extension 'cmake'
[0.171s] Level 1:colcon.colcon_core.package_identification:_identify(/home/donavyn/ros2_ws/src/examples/launch_testing) by extension 'python'
[0.171s] Level 1:colcon.colcon_core.package_identification:_identify(/home/donavyn/ros2_ws/src/examples/launch_testing) by extensions ['python_setup_py']
[0.171s] Level 1:colcon.colcon_core.package_identification:_identify(/home/donavyn/ros2_ws/src/examples/launch_testing) by extension 'python_setup_py'
[0.171s] Level 1:colcon.colcon_core.package_identification:_identify(/home/donavyn/ros2_ws/src/examples/launch_testing/launch_testing_examples) by extensions ['ignore', 'ignore_ament_install']
[0.171s] Level 1:colcon.colcon_core.package_identification:_identify(/home/donavyn/ros2_ws/src/examples/launch_testing/launch_testing_examples) by extension 'ignore'
[0.171s] Level 1:colcon.colcon_core.package_identification:_identify(/home/donavyn/ros2_ws/src/examples/launch_testing/launch_testing_examples) by extension 'ignore_ament_install'
[0.171s] Level 1:colcon.colcon_core.package_identification:_identify(/home/donavyn/ros2_ws/src/examples/launch_testing/launch_testing_examples) by extensions ['colcon_pkg']
[0.171s] Level 1:colcon.colcon_core.package_identification:_identify(/home/donavyn/ros2_ws/src/examples/launch_testing/launch_testing_examples) by extension 'colcon_pkg'
[0.171s] Level 1:colcon.colcon_core.package_identification:_identify(/home/donavyn/ros2_ws/src/examples/launch_testing/launch_testing_examples) by extensions ['colcon_meta']
[0.171s] Level 1:colcon.colcon_core.package_identification:_identify(/home/donavyn/ros2_ws/src/examples/launch_testing/launch_testing_examples) by extension 'colcon_meta'
[0.171s] Level 1:colcon.colcon_core.package_identification:_identify(/home/donavyn/ros2_ws/src/examples/launch_testing/launch_testing_examples) by extensions ['ros']
[0.171s] Level 1:colcon.colcon_core.package_identification:_identify(/home/donavyn/ros2_ws/src/examples/launch_testing/launch_testing_examples) by extension 'ros'
[0.172s] DEBUG:colcon.colcon_core.package_identification:Package '/home/donavyn/ros2_ws/src/examples/launch_testing/launch_testing_examples' with type 'ros.ament_python' and name 'launch_testing_examples'
[0.172s] Level 1:colcon.colcon_core.package_identification:_identify(/home/donavyn/ros2_ws/src/examples/rclcpp) by extensions ['ignore', 'ignore_ament_install']
[0.172s] Level 1:colcon.colcon_core.package_identification:_identify(/home/donavyn/ros2_ws/src/examples/rclcpp) by extension 'ignore'
[0.172s] Level 1:colcon.colcon_core.package_identification:_identify(/home/donavyn/ros2_ws/src/examples/rclcpp) by extension 'ignore_ament_install'
[0.172s] Level 1:colcon.colcon_core.package_identification:_identify(/home/donavyn/ros2_ws/src/examples/rclcpp) by extensions ['colcon_pkg']
[0.172s] Level 1:colcon.colcon_core.package_identification:_identify(/home/donavyn/ros2_ws/src/examples/rclcpp) by extension 'colcon_pkg'
[0.172s] Level 1:colcon.colcon_core.package_identification:_identify(/home/donavyn/ros2_ws/src/examples/rclcpp) by extensions ['colcon_meta']
[0.172s] Level 1:colcon.colcon_core.package_identification:_identify(/home/donavyn/ros2_ws/src/examples/rclcpp) by extension 'colcon_meta'
[0.172s] Level 1:colcon.colcon_core.package_identification:_identify(/home/donavyn/ros2_ws/src/examples/rclcpp) by extensions ['ros']
[0.172s] Level 1:colcon.colcon_core.package_identification:_identify(/home/donavyn/ros2_ws/src/examples/rclcpp) by extension 'ros'
[0.172s] Level 1:colcon.colcon_core.package_identification:_identify(/home/donavyn/ros2_ws/src/examples/rclcpp) by extensions ['cmake', 'python']
[0.172s] Level 1:colcon.colcon_core.package_identification:_identify(/home/donavyn/ros2_ws/src/examples/rclcpp) by extension 'cmake'
[0.172s] Level 1:colcon.colcon_core.package_identification:_identify(/home/donavyn/ros2_ws/src/examples/rclcpp) by extension 'python'
[0.172s] Level 1:colcon.colcon_core.package_identification:_identify(/home/donavyn/ros2_ws/src/examples/rclcpp) by extensions ['python_setup_py']
[0.172s] Level 1:colcon.colcon_core.package_identification:_identify(/home/donavyn/ros2_ws/src/examples/rclcpp) by extension 'python_setup_py'
[0.172s] Level 1:colcon.colcon_core.package_identification:_identify(/home/donavyn/ros2_ws/src/examples/rclcpp/actions) by extensions ['ignore', 'ignore_ament_install']
[0.172s] Level 1:colcon.colcon_core.package_identification:_identify(/home/donavyn/ros2_ws/src/examples/rclcpp/actions) by extension 'ignore'
[0.172s] Level 1:colcon.colcon_core.package_identification:_identify(/home/donavyn/ros2_ws/src/examples/rclcpp/actions) by extension 'ignore_ament_install'
[0.172s] Level 1:colcon.colcon_core.package_identification:_identify(/home/donavyn/ros2_ws/src/examples/rclcpp/actions) by extensions ['colcon_pkg']
[0.172s] Level 1:colcon.colcon_core.package_identification:_identify(/home/donavyn/ros2_ws/src/examples/rclcpp/actions) by extension 'colcon_pkg'
[0.172s] Level 1:colcon.colcon_core.package_identification:_identify(/home/donavyn/ros2_ws/src/examples/rclcpp/actions) by extensions ['colcon_meta']
[0.172s] Level 1:colcon.colcon_core.package_identification:_identify(/home/donavyn/ros2_ws/src/examples/rclcpp/actions) by extension 'colcon_meta'
[0.172s] Level 1:colcon.colcon_core.package_identification:_identify(/home/donavyn/ros2_ws/src/examples/rclcpp/actions) by extensions ['ros']
[0.172s] Level 1:colcon.colcon_core.package_identification:_identify(/home/donavyn/ros2_ws/src/examples/rclcpp/actions) by extension 'ros'
[0.172s] Level 1:colcon.colcon_core.package_identification:_identify(/home/donavyn/ros2_ws/src/examples/rclcpp/actions) by extensions ['cmake', 'python']
[0.172s] Level 1:colcon.colcon_core.package_identification:_identify(/home/donavyn/ros2_ws/src/examples/rclcpp/actions) by extension 'cmake'
[0.172s] Level 1:colcon.colcon_core.package_identification:_identify(/home/donavyn/ros2_ws/src/examples/rclcpp/actions) by extension 'python'
[0.172s] Level 1:colcon.colcon_core.package_identification:_identify(/home/donavyn/ros2_ws/src/examples/rclcpp/actions) by extensions ['python_setup_py']
[0.172s] Level 1:colcon.colcon_core.package_identification:_identify(/home/donavyn/ros2_ws/src/examples/rclcpp/actions) by extension 'python_setup_py'
[0.173s] Level 1:colcon.colcon_core.package_identification:_identify(/home/donavyn/ros2_ws/src/examples/rclcpp/actions/minimal_action_client) by extensions ['ignore', 'ignore_ament_install']
[0.173s] Level 1:colcon.colcon_core.package_identification:_identify(/home/donavyn/ros2_ws/src/examples/rclcpp/actions/minimal_action_client) by extension 'ignore'
[0.173s] Level 1:colcon.colcon_core.package_identification:_identify(/home/donavyn/ros2_ws/src/examples/rclcpp/actions/minimal_action_client) by extension 'ignore_ament_install'
[0.173s] Level 1:colcon.colcon_core.package_identification:_identify(/home/donavyn/ros2_ws/src/examples/rclcpp/actions/minimal_action_client) by extensions ['colcon_pkg']
[0.173s] Level 1:colcon.colcon_core.package_identification:_identify(/home/donavyn/ros2_ws/src/examples/rclcpp/actions/minimal_action_client) by extension 'colcon_pkg'
[0.173s] Level 1:colcon.colcon_core.package_identification:_identify(/home/donavyn/ros2_ws/src/examples/rclcpp/actions/minimal_action_client) by extensions ['colcon_meta']
[0.173s] Level 1:colcon.colcon_core.package_identification:_identify(/home/donavyn/ros2_ws/src/examples/rclcpp/actions/minimal_action_client) by extension 'colcon_meta'
[0.173s] Level 1:colcon.colcon_core.package_identification:_identify(/home/donavyn/ros2_ws/src/examples/rclcpp/actions/minimal_action_client) by extensions ['ros']
[0.173s] Level 1:colcon.colcon_core.package_identification:_identify(/home/donavyn/ros2_ws/src/examples/rclcpp/actions/minimal_action_client) by extension 'ros'
[0.173s] DEBUG:colcon.colcon_core.package_identification:Package '/home/donavyn/ros2_ws/src/examples/rclcpp/actions/minimal_action_client' with type 'ros.ament_cmake' and name 'examples_rclcpp_minimal_action_client'
[0.173s] Level 1:colcon.colcon_core.package_identification:_identify(/home/donavyn/ros2_ws/src/examples/rclcpp/actions/minimal_action_server) by extensions ['ignore', 'ignore_ament_install']
[0.173s] Level 1:colcon.colcon_core.package_identification:_identify(/home/donavyn/ros2_ws/src/examples/rclcpp/actions/minimal_action_server) by extension 'ignore'
[0.173s] Level 1:colcon.colcon_core.package_identification:_identify(/home/donavyn/ros2_ws/src/examples/rclcpp/actions/minimal_action_server) by extension 'ignore_ament_install'
[0.173s] Level 1:colcon.colcon_core.package_identification:_identify(/home/donavyn/ros2_ws/src/examples/rclcpp/actions/minimal_action_server) by extensions ['colcon_pkg']
[0.173s] Level 1:colcon.colcon_core.package_identification:_identify(/home/donavyn/ros2_ws/src/examples/rclcpp/actions/minimal_action_server) by extension 'colcon_pkg'
[0.173s] Level 1:colcon.colcon_core.package_identification:_identify(/home/donavyn/ros2_ws/src/examples/rclcpp/actions/minimal_action_server) by extensions ['colcon_meta']
[0.173s] Level 1:colcon.colcon_core.package_identification:_identify(/home/donavyn/ros2_ws/src/examples/rclcpp/actions/minimal_action_server) by extension 'colcon_meta'
[0.173s] Level 1:colcon.colcon_core.package_identification:_identify(/home/donavyn/ros2_ws/src/examples/rclcpp/actions/minimal_action_server) by extensions ['ros']
[0.173s] Level 1:colcon.colcon_core.package_identification:_identify(/home/donavyn/ros2_ws/src/examples/rclcpp/actions/minimal_action_server) by extension 'ros'
[0.174s] DEBUG:colcon.colcon_core.package_identification:Package '/home/donavyn/ros2_ws/src/examples/rclcpp/actions/minimal_action_server' with type 'ros.ament_cmake' and name 'examples_rclcpp_minimal_action_server'
[0.174s] Level 1:colcon.colcon_core.package_identification:_identify(/home/donavyn/ros2_ws/src/examples/rclcpp/composition) by extensions ['ignore', 'ignore_ament_install']
[0.174s] Level 1:colcon.colcon_core.package_identification:_identify(/home/donavyn/ros2_ws/src/examples/rclcpp/composition) by extension 'ignore'
[0.174s] Level 1:colcon.colcon_core.package_identification:_identify(/home/donavyn/ros2_ws/src/examples/rclcpp/composition) by extension 'ignore_ament_install'
[0.174s] Level 1:colcon.colcon_core.package_identification:_identify(/home/donavyn/ros2_ws/src/examples/rclcpp/composition) by extensions ['colcon_pkg']
[0.174s] Level 1:colcon.colcon_core.package_identification:_identify(/home/donavyn/ros2_ws/src/examples/rclcpp/composition) by extension 'colcon_pkg'
[0.174s] Level 1:colcon.colcon_core.package_identification:_identify(/home/donavyn/ros2_ws/src/examples/rclcpp/composition) by extensions ['colcon_meta']
[0.174s] Level 1:colcon.colcon_core.package_identification:_identify(/home/donavyn/ros2_ws/src/examples/rclcpp/composition) by extension 'colcon_meta'
[0.174s] Level 1:colcon.colcon_core.package_identification:_identify(/home/donavyn/ros2_ws/src/examples/rclcpp/composition) by extensions ['ros']
[0.174s] Level 1:colcon.colcon_core.package_identification:_identify(/home/donavyn/ros2_ws/src/examples/rclcpp/composition) by extension 'ros'
[0.174s] Level 1:colcon.colcon_core.package_identification:_identify(/home/donavyn/ros2_ws/src/examples/rclcpp/composition) by extensions ['cmake', 'python']
[0.174s] Level 1:colcon.colcon_core.package_identification:_identify(/home/donavyn/ros2_ws/src/examples/rclcpp/composition) by extension 'cmake'
[0.174s] Level 1:colcon.colcon_core.package_identification:_identify(/home/donavyn/ros2_ws/src/examples/rclcpp/composition) by extension 'python'
[0.174s] Level 1:colcon.colcon_core.package_identification:_identify(/home/donavyn/ros2_ws/src/examples/rclcpp/composition) by extensions ['python_setup_py']
[0.174s] Level 1:colcon.colcon_core.package_identification:_identify(/home/donavyn/ros2_ws/src/examples/rclcpp/composition) by extension 'python_setup_py'
[0.174s] Level 1:colcon.colcon_core.package_identification:_identify(/home/donavyn/ros2_ws/src/examples/rclcpp/composition/minimal_composition) by extensions ['ignore', 'ignore_ament_install']
[0.174s] Level 1:colcon.colcon_core.package_identification:_identify(/home/donavyn/ros2_ws/src/examples/rclcpp/composition/minimal_composition) by extension 'ignore'
[0.174s] Level 1:colcon.colcon_core.package_identification:_identify(/home/donavyn/ros2_ws/src/examples/rclcpp/composition/minimal_composition) by extension 'ignore_ament_install'
[0.174s] Level 1:colcon.colcon_core.package_identification:_identify(/home/donavyn/ros2_ws/src/examples/rclcpp/composition/minimal_composition) by extensions ['colcon_pkg']
[0.174s] Level 1:colcon.colcon_core.package_identification:_identify(/home/donavyn/ros2_ws/src/examples/rclcpp/composition/minimal_composition) by extension 'colcon_pkg'
[0.174s] Level 1:colcon.colcon_core.package_identification:_identify(/home/donavyn/ros2_ws/src/examples/rclcpp/composition/minimal_composition) by extensions ['colcon_meta']
[0.174s] Level 1:colcon.colcon_core.package_identification:_identify(/home/donavyn/ros2_ws/src/examples/rclcpp/composition/minimal_composition) by extension 'colcon_meta'
[0.174s] Level 1:colcon.colcon_core.package_identification:_identify(/home/donavyn/ros2_ws/src/examples/rclcpp/composition/minimal_composition) by extensions ['ros']
[0.174s] Level 1:colcon.colcon_core.package_identification:_identify(/home/donavyn/ros2_ws/src/examples/rclcpp/composition/minimal_composition) by extension 'ros'
[0.175s] DEBUG:colcon.colcon_core.package_identification:Package '/home/donavyn/ros2_ws/src/examples/rclcpp/composition/minimal_composition' with type 'ros.ament_cmake' and name 'examples_rclcpp_minimal_composition'
[0.175s] Level 1:colcon.colcon_core.package_identification:_identify(/home/donavyn/ros2_ws/src/examples/rclcpp/executors) by extensions ['ignore', 'ignore_ament_install']
[0.175s] Level 1:colcon.colcon_core.package_identification:_identify(/home/donavyn/ros2_ws/src/examples/rclcpp/executors) by extension 'ignore'
[0.175s] Level 1:colcon.colcon_core.package_identification:_identify(/home/donavyn/ros2_ws/src/examples/rclcpp/executors) by extension 'ignore_ament_install'
[0.175s] Level 1:colcon.colcon_core.package_identification:_identify(/home/donavyn/ros2_ws/src/examples/rclcpp/executors) by extensions ['colcon_pkg']
[0.175s] Level 1:colcon.colcon_core.package_identification:_identify(/home/donavyn/ros2_ws/src/examples/rclcpp/executors) by extension 'colcon_pkg'
[0.175s] Level 1:colcon.colcon_core.package_identification:_identify(/home/donavyn/ros2_ws/src/examples/rclcpp/executors) by extensions ['colcon_meta']
[0.175s] Level 1:colcon.colcon_core.package_identification:_identify(/home/donavyn/ros2_ws/src/examples/rclcpp/executors) by extension 'colcon_meta'
[0.175s] Level 1:colcon.colcon_core.package_identification:_identify(/home/donavyn/ros2_ws/src/examples/rclcpp/executors) by extensions ['ros']
[0.175s] Level 1:colcon.colcon_core.package_identification:_identify(/home/donavyn/ros2_ws/src/examples/rclcpp/executors) by extension 'ros'
[0.175s] Level 1:colcon.colcon_core.package_identification:_identify(/home/donavyn/ros2_ws/src/examples/rclcpp/executors) by extensions ['cmake', 'python']
[0.175s] Level 1:colcon.colcon_core.package_identification:_identify(/home/donavyn/ros2_ws/src/examples/rclcpp/executors) by extension 'cmake'
[0.175s] Level 1:colcon.colcon_core.package_identification:_identify(/home/donavyn/ros2_ws/src/examples/rclcpp/executors) by extension 'python'
[0.175s] Level 1:colcon.colcon_core.package_identification:_identify(/home/donavyn/ros2_ws/src/examples/rclcpp/executors) by extensions ['python_setup_py']
[0.175s] Level 1:colcon.colcon_core.package_identification:_identify(/home/donavyn/ros2_ws/src/examples/rclcpp/executors) by extension 'python_setup_py'
[0.175s] Level 1:colcon.colcon_core.package_identification:_identify(/home/donavyn/ros2_ws/src/examples/rclcpp/executors/cbg_executor) by extensions ['ignore', 'ignore_ament_install']
[0.175s] Level 1:colcon.colcon_core.package_identification:_identify(/home/donavyn/ros2_ws/src/examples/rclcpp/executors/cbg_executor) by extension 'ignore'
[0.175s] Level 1:colcon.colcon_core.package_identification:_identify(/home/donavyn/ros2_ws/src/examples/rclcpp/executors/cbg_executor) by extension 'ignore_ament_install'
[0.175s] Level 1:colcon.colcon_core.package_identification:_identify(/home/donavyn/ros2_ws/src/examples/rclcpp/executors/cbg_executor) by extensions ['colcon_pkg']
[0.175s] Level 1:colcon.colcon_core.package_identification:_identify(/home/donavyn/ros2_ws/src/examples/rclcpp/executors/cbg_executor) by extension 'colcon_pkg'
[0.175s] Level 1:colcon.colcon_core.package_identification:_identify(/home/donavyn/ros2_ws/src/examples/rclcpp/executors/cbg_executor) by extensions ['colcon_meta']
[0.175s] Level 1:colcon.colcon_core.package_identification:_identify(/home/donavyn/ros2_ws/src/examples/rclcpp/executors/cbg_executor) by extension 'colcon_meta'
[0.175s] Level 1:colcon.colcon_core.package_identification:_identify(/home/donavyn/ros2_ws/src/examples/rclcpp/executors/cbg_executor) by extensions ['ros']
[0.175s] Level 1:colcon.colcon_core.package_identification:_identify(/home/donavyn/ros2_ws/src/examples/rclcpp/executors/cbg_executor) by extension 'ros'
[0.176s] DEBUG:colcon.colcon_core.package_identification:Package '/home/donavyn/ros2_ws/src/examples/rclcpp/executors/cbg_executor' with type 'ros.ament_cmake' and name 'examples_rclcpp_cbg_executor'
[0.176s] Level 1:colcon.colcon_core.package_identification:_identify(/home/donavyn/ros2_ws/src/examples/rclcpp/executors/multithreaded_executor) by extensions ['ignore', 'ignore_ament_install']
[0.176s] Level 1:colcon.colcon_core.package_identification:_identify(/home/donavyn/ros2_ws/src/examples/rclcpp/executors/multithreaded_executor) by extension 'ignore'
[0.176s] Level 1:colcon.colcon_core.package_identification:_identify(/home/donavyn/ros2_ws/src/examples/rclcpp/executors/multithreaded_executor) by extension 'ignore_ament_install'
[0.176s] Level 1:colcon.colcon_core.package_identification:_identify(/home/donavyn/ros2_ws/src/examples/rclcpp/executors/multithreaded_executor) by extensions ['colcon_pkg']
[0.176s] Level 1:colcon.colcon_core.package_identification:_identify(/home/donavyn/ros2_ws/src/examples/rclcpp/executors/multithreaded_executor) by extension 'colcon_pkg'
[0.176s] Level 1:colcon.colcon_core.package_identification:_identify(/home/donavyn/ros2_ws/src/examples/rclcpp/executors/multithreaded_executor) by extensions ['colcon_meta']
[0.176s] Level 1:colcon.colcon_core.package_identification:_identify(/home/donavyn/ros2_ws/src/examples/rclcpp/executors/multithreaded_executor) by extension 'colcon_meta'
[0.176s] Level 1:colcon.colcon_core.package_identification:_identify(/home/donavyn/ros2_ws/src/examples/rclcpp/executors/multithreaded_executor) by extensions ['ros']
[0.176s] Level 1:colcon.colcon_core.package_identification:_identify(/home/donavyn/ros2_ws/src/examples/rclcpp/executors/multithreaded_executor) by extension 'ros'
[0.176s] DEBUG:colcon.colcon_core.package_identification:Package '/home/donavyn/ros2_ws/src/examples/rclcpp/executors/multithreaded_executor' with type 'ros.ament_cmake' and name 'examples_rclcpp_multithreaded_executor'
[0.176s] Level 1:colcon.colcon_core.package_identification:_identify(/home/donavyn/ros2_ws/src/examples/rclcpp/services) by extensions ['ignore', 'ignore_ament_install']
[0.176s] Level 1:colcon.colcon_core.package_identification:_identify(/home/donavyn/ros2_ws/src/examples/rclcpp/services) by extension 'ignore'
[0.176s] Level 1:colcon.colcon_core.package_identification:_identify(/home/donavyn/ros2_ws/src/examples/rclcpp/services) by extension 'ignore_ament_install'
[0.176s] Level 1:colcon.colcon_core.package_identification:_identify(/home/donavyn/ros2_ws/src/examples/rclcpp/services) by extensions ['colcon_pkg']
[0.177s] Level 1:colcon.colcon_core.package_identification:_identify(/home/donavyn/ros2_ws/src/examples/rclcpp/services) by extension 'colcon_pkg'
[0.177s] Level 1:colcon.colcon_core.package_identification:_identify(/home/donavyn/ros2_ws/src/examples/rclcpp/services) by extensions ['colcon_meta']
[0.177s] Level 1:colcon.colcon_core.package_identification:_identify(/home/donavyn/ros2_ws/src/examples/rclcpp/services) by extension 'colcon_meta'
[0.177s] Level 1:colcon.colcon_core.package_identification:_identify(/home/donavyn/ros2_ws/src/examples/rclcpp/services) by extensions ['ros']
[0.177s] Level 1:colcon.colcon_core.package_identification:_identify(/home/donavyn/ros2_ws/src/examples/rclcpp/services) by extension 'ros'
[0.177s] Level 1:colcon.colcon_core.package_identification:_identify(/home/donavyn/ros2_ws/src/examples/rclcpp/services) by extensions ['cmake', 'python']
[0.177s] Level 1:colcon.colcon_core.package_identification:_identify(/home/donavyn/ros2_ws/src/examples/rclcpp/services) by extension 'cmake'
[0.177s] Level 1:colcon.colcon_core.package_identification:_identify(/home/donavyn/ros2_ws/src/examples/rclcpp/services) by extension 'python'
[0.177s] Level 1:colcon.colcon_core.package_identification:_identify(/home/donavyn/ros2_ws/src/examples/rclcpp/services) by extensions ['python_setup_py']
[0.177s] Level 1:colcon.colcon_core.package_identification:_identify(/home/donavyn/ros2_ws/src/examples/rclcpp/services) by extension 'python_setup_py'
[0.177s] Level 1:colcon.colcon_core.package_identification:_identify(/home/donavyn/ros2_ws/src/examples/rclcpp/services/async_client) by extensions ['ignore', 'ignore_ament_install']
[0.177s] Level 1:colcon.colcon_core.package_identification:_identify(/home/donavyn/ros2_ws/src/examples/rclcpp/services/async_client) by extension 'ignore'
[0.177s] Level 1:colcon.colcon_core.package_identification:_identify(/home/donavyn/ros2_ws/src/examples/rclcpp/services/async_client) by extension 'ignore_ament_install'
[0.177s] Level 1:colcon.colcon_core.package_identification:_identify(/home/donavyn/ros2_ws/src/examples/rclcpp/services/async_client) by extensions ['colcon_pkg']
[0.177s] Level 1:colcon.colcon_core.package_identification:_identify(/home/donavyn/ros2_ws/src/examples/rclcpp/services/async_client) by extension 'colcon_pkg'
[0.177s] Level 1:colcon.colcon_core.package_identification:_identify(/home/donavyn/ros2_ws/src/examples/rclcpp/services/async_client) by extensions ['colcon_meta']
[0.177s] Level 1:colcon.colcon_core.package_identification:_identify(/home/donavyn/ros2_ws/src/examples/rclcpp/services/async_client) by extension 'colcon_meta'
[0.177s] Level 1:colcon.colcon_core.package_identification:_identify(/home/donavyn/ros2_ws/src/examples/rclcpp/services/async_client) by extensions ['ros']
[0.177s] Level 1:colcon.colcon_core.package_identification:_identify(/home/donavyn/ros2_ws/src/examples/rclcpp/services/async_client) by extension 'ros'
[0.177s] DEBUG:colcon.colcon_core.package_identification:Package '/home/donavyn/ros2_ws/src/examples/rclcpp/services/async_client' with type 'ros.ament_cmake' and name 'examples_rclcpp_async_client'
[0.177s] Level 1:colcon.colcon_core.package_identification:_identify(/home/donavyn/ros2_ws/src/examples/rclcpp/services/minimal_client) by extensions ['ignore', 'ignore_ament_install']
[0.177s] Level 1:colcon.colcon_core.package_identification:_identify(/home/donavyn/ros2_ws/src/examples/rclcpp/services/minimal_client) by extension 'ignore'
[0.177s] Level 1:colcon.colcon_core.package_identification:_identify(/home/donavyn/ros2_ws/src/examples/rclcpp/services/minimal_client) by extension 'ignore_ament_install'
[0.177s] Level 1:colcon.colcon_core.package_identification:_identify(/home/donavyn/ros2_ws/src/examples/rclcpp/services/minimal_client) by extensions ['colcon_pkg']
[0.177s] Level 1:colcon.colcon_core.package_identification:_identify(/home/donavyn/ros2_ws/src/examples/rclcpp/services/minimal_client) by extension 'colcon_pkg'
[0.177s] Level 1:colcon.colcon_core.package_identification:_identify(/home/donavyn/ros2_ws/src/examples/rclcpp/services/minimal_client) by extensions ['colcon_meta']
[0.177s] Level 1:colcon.colcon_core.package_identification:_identify(/home/donavyn/ros2_ws/src/examples/rclcpp/services/minimal_client) by extension 'colcon_meta'
[0.178s] Level 1:colcon.colcon_core.package_identification:_identify(/home/donavyn/ros2_ws/src/examples/rclcpp/services/minimal_client) by extensions ['ros']
[0.178s] Level 1:colcon.colcon_core.package_identification:_identify(/home/donavyn/ros2_ws/src/examples/rclcpp/services/minimal_client) by extension 'ros'
[0.178s] DEBUG:colcon.colcon_core.package_identification:Package '/home/donavyn/ros2_ws/src/examples/rclcpp/services/minimal_client' with type 'ros.ament_cmake' and name 'examples_rclcpp_minimal_client'
[0.178s] Level 1:colcon.colcon_core.package_identification:_identify(/home/donavyn/ros2_ws/src/examples/rclcpp/services/minimal_service) by extensions ['ignore', 'ignore_ament_install']
[0.178s] Level 1:colcon.colcon_core.package_identification:_identify(/home/donavyn/ros2_ws/src/examples/rclcpp/services/minimal_service) by extension 'ignore'
[0.178s] Level 1:colcon.colcon_core.package_identification:_identify(/home/donavyn/ros2_ws/src/examples/rclcpp/services/minimal_service) by extension 'ignore_ament_install'
[0.178s] Level 1:colcon.colcon_core.package_identification:_identify(/home/donavyn/ros2_ws/src/examples/rclcpp/services/minimal_service) by extensions ['colcon_pkg']
[0.178s] Level 1:colcon.colcon_core.package_identification:_identify(/home/donavyn/ros2_ws/src/examples/rclcpp/services/minimal_service) by extension 'colcon_pkg'
[0.178s] Level 1:colcon.colcon_core.package_identification:_identify(/home/donavyn/ros2_ws/src/examples/rclcpp/services/minimal_service) by extensions ['colcon_meta']
[0.178s] Level 1:colcon.colcon_core.package_identification:_identify(/home/donavyn/ros2_ws/src/examples/rclcpp/services/minimal_service) by extension 'colcon_meta'
[0.178s] Level 1:colcon.colcon_core.package_identification:_identify(/home/donavyn/ros2_ws/src/examples/rclcpp/services/minimal_service) by extensions ['ros']
[0.178s] Level 1:colcon.colcon_core.package_identification:_identify(/home/donavyn/ros2_ws/src/examples/rclcpp/services/minimal_service) by extension 'ros'
[0.179s] DEBUG:colcon.colcon_core.package_identification:Package '/home/donavyn/ros2_ws/src/examples/rclcpp/services/minimal_service' with type 'ros.ament_cmake' and name 'examples_rclcpp_minimal_service'
[0.179s] Level 1:colcon.colcon_core.package_identification:_identify(/home/donavyn/ros2_ws/src/examples/rclcpp/timers) by extensions ['ignore', 'ignore_ament_install']
[0.179s] Level 1:colcon.colcon_core.package_identification:_identify(/home/donavyn/ros2_ws/src/examples/rclcpp/timers) by extension 'ignore'
[0.179s] Level 1:colcon.colcon_core.package_identification:_identify(/home/donavyn/ros2_ws/src/examples/rclcpp/timers) by extension 'ignore_ament_install'
[0.179s] Level 1:colcon.colcon_core.package_identification:_identify(/home/donavyn/ros2_ws/src/examples/rclcpp/timers) by extensions ['colcon_pkg']
[0.179s] Level 1:colcon.colcon_core.package_identification:_identify(/home/donavyn/ros2_ws/src/examples/rclcpp/timers) by extension 'colcon_pkg'
[0.179s] Level 1:colcon.colcon_core.package_identification:_identify(/home/donavyn/ros2_ws/src/examples/rclcpp/timers) by extensions ['colcon_meta']
[0.179s] Level 1:colcon.colcon_core.package_identification:_identify(/home/donavyn/ros2_ws/src/examples/rclcpp/timers) by extension 'colcon_meta'
[0.179s] Level 1:colcon.colcon_core.package_identification:_identify(/home/donavyn/ros2_ws/src/examples/rclcpp/timers) by extensions ['ros']
[0.179s] Level 1:colcon.colcon_core.package_identification:_identify(/home/donavyn/ros2_ws/src/examples/rclcpp/timers) by extension 'ros'
[0.179s] Level 1:colcon.colcon_core.package_identification:_identify(/home/donavyn/ros2_ws/src/examples/rclcpp/timers) by extensions ['cmake', 'python']
[0.179s] Level 1:colcon.colcon_core.package_identification:_identify(/home/donavyn/ros2_ws/src/examples/rclcpp/timers) by extension 'cmake'
[0.179s] Level 1:colcon.colcon_core.package_identification:_identify(/home/donavyn/ros2_ws/src/examples/rclcpp/timers) by extension 'python'
[0.179s] Level 1:colcon.colcon_core.package_identification:_identify(/home/donavyn/ros2_ws/src/examples/rclcpp/timers) by extensions ['python_setup_py']
[0.179s] Level 1:colcon.colcon_core.package_identification:_identify(/home/donavyn/ros2_ws/src/examples/rclcpp/timers) by extension 'python_setup_py'
[0.179s] Level 1:colcon.colcon_core.package_identification:_identify(/home/donavyn/ros2_ws/src/examples/rclcpp/timers/minimal_timer) by extensions ['ignore', 'ignore_ament_install']
[0.179s] Level 1:colcon.colcon_core.package_identification:_identify(/home/donavyn/ros2_ws/src/examples/rclcpp/timers/minimal_timer) by extension 'ignore'
[0.179s] Level 1:colcon.colcon_core.package_identification:_identify(/home/donavyn/ros2_ws/src/examples/rclcpp/timers/minimal_timer) by extension 'ignore_ament_install'
[0.179s] Level 1:colcon.colcon_core.package_identification:_identify(/home/donavyn/ros2_ws/src/examples/rclcpp/timers/minimal_timer) by extensions ['colcon_pkg']
[0.179s] Level 1:colcon.colcon_core.package_identification:_identify(/home/donavyn/ros2_ws/src/examples/rclcpp/timers/minimal_timer) by extension 'colcon_pkg'
[0.179s] Level 1:colcon.colcon_core.package_identification:_identify(/home/donavyn/ros2_ws/src/examples/rclcpp/timers/minimal_timer) by extensions ['colcon_meta']
[0.179s] Level 1:colcon.colcon_core.package_identification:_identify(/home/donavyn/ros2_ws/src/examples/rclcpp/timers/minimal_timer) by extension 'colcon_meta'
[0.179s] Level 1:colcon.colcon_core.package_identification:_identify(/home/donavyn/ros2_ws/src/examples/rclcpp/timers/minimal_timer) by extensions ['ros']
[0.179s] Level 1:colcon.colcon_core.package_identification:_identify(/home/donavyn/ros2_ws/src/examples/rclcpp/timers/minimal_timer) by extension 'ros'
[0.179s] DEBUG:colcon.colcon_core.package_identification:Package '/home/donavyn/ros2_ws/src/examples/rclcpp/timers/minimal_timer' with type 'ros.ament_cmake' and name 'examples_rclcpp_minimal_timer'
[0.180s] Level 1:colcon.colcon_core.package_identification:_identify(/home/donavyn/ros2_ws/src/examples/rclcpp/topics) by extensions ['ignore', 'ignore_ament_install']
[0.180s] Level 1:colcon.colcon_core.package_identification:_identify(/home/donavyn/ros2_ws/src/examples/rclcpp/topics) by extension 'ignore'
[0.180s] Level 1:colcon.colcon_core.package_identification:_identify(/home/donavyn/ros2_ws/src/examples/rclcpp/topics) by extension 'ignore_ament_install'
[0.180s] Level 1:colcon.colcon_core.package_identification:_identify(/home/donavyn/ros2_ws/src/examples/rclcpp/topics) by extensions ['colcon_pkg']
[0.180s] Level 1:colcon.colcon_core.package_identification:_identify(/home/donavyn/ros2_ws/src/examples/rclcpp/topics) by extension 'colcon_pkg'
[0.180s] Level 1:colcon.colcon_core.package_identification:_identify(/home/donavyn/ros2_ws/src/examples/rclcpp/topics) by extensions ['colcon_meta']
[0.180s] Level 1:colcon.colcon_core.package_identification:_identify(/home/donavyn/ros2_ws/src/examples/rclcpp/topics) by extension 'colcon_meta'
[0.180s] Level 1:colcon.colcon_core.package_identification:_identify(/home/donavyn/ros2_ws/src/examples/rclcpp/topics) by extensions ['ros']
[0.180s] Level 1:colcon.colcon_core.package_identification:_identify(/home/donavyn/ros2_ws/src/examples/rclcpp/topics) by extension 'ros'
[0.180s] Level 1:colcon.colcon_core.package_identification:_identify(/home/donavyn/ros2_ws/src/examples/rclcpp/topics) by extensions ['cmake', 'python']
[0.180s] Level 1:colcon.colcon_core.package_identification:_identify(/home/donavyn/ros2_ws/src/examples/rclcpp/topics) by extension 'cmake'
[0.180s] Level 1:colcon.colcon_core.package_identification:_identify(/home/donavyn/ros2_ws/src/examples/rclcpp/topics) by extension 'python'
[0.180s] Level 1:colcon.colcon_core.package_identification:_identify(/home/donavyn/ros2_ws/src/examples/rclcpp/topics) by extensions ['python_setup_py']
[0.180s] Level 1:colcon.colcon_core.package_identification:_identify(/home/donavyn/ros2_ws/src/examples/rclcpp/topics) by extension 'python_setup_py'
[0.180s] Level 1:colcon.colcon_core.package_identification:_identify(/home/donavyn/ros2_ws/src/examples/rclcpp/topics/minimal_publisher) by extensions ['ignore', 'ignore_ament_install']
[0.180s] Level 1:colcon.colcon_core.package_identification:_identify(/home/donavyn/ros2_ws/src/examples/rclcpp/topics/minimal_publisher) by extension 'ignore'
[0.180s] Level 1:colcon.colcon_core.package_identification:_identify(/home/donavyn/ros2_ws/src/examples/rclcpp/topics/minimal_publisher) by extension 'ignore_ament_install'
[0.180s] Level 1:colcon.colcon_core.package_identification:_identify(/home/donavyn/ros2_ws/src/examples/rclcpp/topics/minimal_publisher) by extensions ['colcon_pkg']
[0.180s] Level 1:colcon.colcon_core.package_identification:_identify(/home/donavyn/ros2_ws/src/examples/rclcpp/topics/minimal_publisher) by extension 'colcon_pkg'
[0.180s] Level 1:colcon.colcon_core.package_identification:_identify(/home/donavyn/ros2_ws/src/examples/rclcpp/topics/minimal_publisher) by extensions ['colcon_meta']
[0.180s] Level 1:colcon.colcon_core.package_identification:_identify(/home/donavyn/ros2_ws/src/examples/rclcpp/topics/minimal_publisher) by extension 'colcon_meta'
[0.180s] Level 1:colcon.colcon_core.package_identification:_identify(/home/donavyn/ros2_ws/src/examples/rclcpp/topics/minimal_publisher) by extensions ['ros']
[0.180s] Level 1:colcon.colcon_core.package_identification:_identify(/home/donavyn/ros2_ws/src/examples/rclcpp/topics/minimal_publisher) by extension 'ros'
[0.180s] DEBUG:colcon.colcon_core.package_identification:Package '/home/donavyn/ros2_ws/src/examples/rclcpp/topics/minimal_publisher' with type 'ros.ament_cmake' and name 'examples_rclcpp_minimal_publisher'
[0.180s] Level 1:colcon.colcon_core.package_identification:_identify(/home/donavyn/ros2_ws/src/examples/rclcpp/topics/minimal_subscriber) by extensions ['ignore', 'ignore_ament_install']
[0.181s] Level 1:colcon.colcon_core.package_identification:_identify(/home/donavyn/ros2_ws/src/examples/rclcpp/topics/minimal_subscriber) by extension 'ignore'
[0.181s] Level 1:colcon.colcon_core.package_identification:_identify(/home/donavyn/ros2_ws/src/examples/rclcpp/topics/minimal_subscriber) by extension 'ignore_ament_install'
[0.181s] Level 1:colcon.colcon_core.package_identification:_identify(/home/donavyn/ros2_ws/src/examples/rclcpp/topics/minimal_subscriber) by extensions ['colcon_pkg']
[0.181s] Level 1:colcon.colcon_core.package_identification:_identify(/home/donavyn/ros2_ws/src/examples/rclcpp/topics/minimal_subscriber) by extension 'colcon_pkg'
[0.181s] Level 1:colcon.colcon_core.package_identification:_identify(/home/donavyn/ros2_ws/src/examples/rclcpp/topics/minimal_subscriber) by extensions ['colcon_meta']
[0.181s] Level 1:colcon.colcon_core.package_identification:_identify(/home/donavyn/ros2_ws/src/examples/rclcpp/topics/minimal_subscriber) by extension 'colcon_meta'
[0.181s] Level 1:colcon.colcon_core.package_identification:_identify(/home/donavyn/ros2_ws/src/examples/rclcpp/topics/minimal_subscriber) by extensions ['ros']
[0.181s] Level 1:colcon.colcon_core.package_identification:_identify(/home/donavyn/ros2_ws/src/examples/rclcpp/topics/minimal_subscriber) by extension 'ros'
[0.181s] DEBUG:colcon.colcon_core.package_identification:Package '/home/donavyn/ros2_ws/src/examples/rclcpp/topics/minimal_subscriber' with type 'ros.ament_cmake' and name 'examples_rclcpp_minimal_subscriber'
[0.181s] Level 1:colcon.colcon_core.package_identification:_identify(/home/donavyn/ros2_ws/src/examples/rclcpp/wait_set) by extensions ['ignore', 'ignore_ament_install']
[0.181s] Level 1:colcon.colcon_core.package_identification:_identify(/home/donavyn/ros2_ws/src/examples/rclcpp/wait_set) by extension 'ignore'
[0.181s] Level 1:colcon.colcon_core.package_identification:_identify(/home/donavyn/ros2_ws/src/examples/rclcpp/wait_set) by extension 'ignore_ament_install'
[0.181s] Level 1:colcon.colcon_core.package_identification:_identify(/home/donavyn/ros2_ws/src/examples/rclcpp/wait_set) by extensions ['colcon_pkg']
[0.181s] Level 1:colcon.colcon_core.package_identification:_identify(/home/donavyn/ros2_ws/src/examples/rclcpp/wait_set) by extension 'colcon_pkg'
[0.181s] Level 1:colcon.colcon_core.package_identification:_identify(/home/donavyn/ros2_ws/src/examples/rclcpp/wait_set) by extensions ['colcon_meta']
[0.181s] Level 1:colcon.colcon_core.package_identification:_identify(/home/donavyn/ros2_ws/src/examples/rclcpp/wait_set) by extension 'colcon_meta'
[0.181s] Level 1:colcon.colcon_core.package_identification:_identify(/home/donavyn/ros2_ws/src/examples/rclcpp/wait_set) by extensions ['ros']
[0.181s] Level 1:colcon.colcon_core.package_identification:_identify(/home/donavyn/ros2_ws/src/examples/rclcpp/wait_set) by extension 'ros'
[0.182s] DEBUG:colcon.colcon_core.package_identification:Package '/home/donavyn/ros2_ws/src/examples/rclcpp/wait_set' with type 'ros.ament_cmake' and name 'examples_rclcpp_wait_set'
[0.182s] Level 1:colcon.colcon_core.package_identification:_identify(/home/donavyn/ros2_ws/src/examples/rclpy) by extensions ['ignore', 'ignore_ament_install']
[0.182s] Level 1:colcon.colcon_core.package_identification:_identify(/home/donavyn/ros2_ws/src/examples/rclpy) by extension 'ignore'
[0.182s] Level 1:colcon.colcon_core.package_identification:_identify(/home/donavyn/ros2_ws/src/examples/rclpy) by extension 'ignore_ament_install'
[0.182s] Level 1:colcon.colcon_core.package_identification:_identify(/home/donavyn/ros2_ws/src/examples/rclpy) by extensions ['colcon_pkg']
[0.182s] Level 1:colcon.colcon_core.package_identification:_identify(/home/donavyn/ros2_ws/src/examples/rclpy) by extension 'colcon_pkg'
[0.182s] Level 1:colcon.colcon_core.package_identification:_identify(/home/donavyn/ros2_ws/src/examples/rclpy) by extensions ['colcon_meta']
[0.182s] Level 1:colcon.colcon_core.package_identification:_identify(/home/donavyn/ros2_ws/src/examples/rclpy) by extension 'colcon_meta'
[0.182s] Level 1:colcon.colcon_core.package_identification:_identify(/home/donavyn/ros2_ws/src/examples/rclpy) by extensions ['ros']
[0.182s] Level 1:colcon.colcon_core.package_identification:_identify(/home/donavyn/ros2_ws/src/examples/rclpy) by extension 'ros'
[0.182s] Level 1:colcon.colcon_core.package_identification:_identify(/home/donavyn/ros2_ws/src/examples/rclpy) by extensions ['cmake', 'python']
[0.182s] Level 1:colcon.colcon_core.package_identification:_identify(/home/donavyn/ros2_ws/src/examples/rclpy) by extension 'cmake'
[0.182s] Level 1:colcon.colcon_core.package_identification:_identify(/home/donavyn/ros2_ws/src/examples/rclpy) by extension 'python'
[0.182s] Level 1:colcon.colcon_core.package_identification:_identify(/home/donavyn/ros2_ws/src/examples/rclpy) by extensions ['python_setup_py']
[0.182s] Level 1:colcon.colcon_core.package_identification:_identify(/home/donavyn/ros2_ws/src/examples/rclpy) by extension 'python_setup_py'
[0.182s] Level 1:colcon.colcon_core.package_identification:_identify(/home/donavyn/ros2_ws/src/examples/rclpy/actions) by extensions ['ignore', 'ignore_ament_install']
[0.182s] Level 1:colcon.colcon_core.package_identification:_identify(/home/donavyn/ros2_ws/src/examples/rclpy/actions) by extension 'ignore'
[0.182s] Level 1:colcon.colcon_core.package_identification:_identify(/home/donavyn/ros2_ws/src/examples/rclpy/actions) by extension 'ignore_ament_install'
[0.182s] Level 1:colcon.colcon_core.package_identification:_identify(/home/donavyn/ros2_ws/src/examples/rclpy/actions) by extensions ['colcon_pkg']
[0.182s] Level 1:colcon.colcon_core.package_identification:_identify(/home/donavyn/ros2_ws/src/examples/rclpy/actions) by extension 'colcon_pkg'
[0.182s] Level 1:colcon.colcon_core.package_identification:_identify(/home/donavyn/ros2_ws/src/examples/rclpy/actions) by extensions ['colcon_meta']
[0.182s] Level 1:colcon.colcon_core.package_identification:_identify(/home/donavyn/ros2_ws/src/examples/rclpy/actions) by extension 'colcon_meta'
[0.182s] Level 1:colcon.colcon_core.package_identification:_identify(/home/donavyn/ros2_ws/src/examples/rclpy/actions) by extensions ['ros']
[0.182s] Level 1:colcon.colcon_core.package_identification:_identify(/home/donavyn/ros2_ws/src/examples/rclpy/actions) by extension 'ros'
[0.182s] Level 1:colcon.colcon_core.package_identification:_identify(/home/donavyn/ros2_ws/src/examples/rclpy/actions) by extensions ['cmake', 'python']
[0.182s] Level 1:colcon.colcon_core.package_identification:_identify(/home/donavyn/ros2_ws/src/examples/rclpy/actions) by extension 'cmake'
[0.182s] Level 1:colcon.colcon_core.package_identification:_identify(/home/donavyn/ros2_ws/src/examples/rclpy/actions) by extension 'python'
[0.182s] Level 1:colcon.colcon_core.package_identification:_identify(/home/donavyn/ros2_ws/src/examples/rclpy/actions) by extensions ['python_setup_py']
[0.182s] Level 1:colcon.colcon_core.package_identification:_identify(/home/donavyn/ros2_ws/src/examples/rclpy/actions) by extension 'python_setup_py'
[0.182s] Level 1:colcon.colcon_core.package_identification:_identify(/home/donavyn/ros2_ws/src/examples/rclpy/actions/minimal_action_client) by extensions ['ignore', 'ignore_ament_install']
[0.182s] Level 1:colcon.colcon_core.package_identification:_identify(/home/donavyn/ros2_ws/src/examples/rclpy/actions/minimal_action_client) by extension 'ignore'
[0.182s] Level 1:colcon.colcon_core.package_identification:_identify(/home/donavyn/ros2_ws/src/examples/rclpy/actions/minimal_action_client) by extension 'ignore_ament_install'
[0.182s] Level 1:colcon.colcon_core.package_identification:_identify(/home/donavyn/ros2_ws/src/examples/rclpy/actions/minimal_action_client) by extensions ['colcon_pkg']
[0.182s] Level 1:colcon.colcon_core.package_identification:_identify(/home/donavyn/ros2_ws/src/examples/rclpy/actions/minimal_action_client) by extension 'colcon_pkg'
[0.182s] Level 1:colcon.colcon_core.package_identification:_identify(/home/donavyn/ros2_ws/src/examples/rclpy/actions/minimal_action_client) by extensions ['colcon_meta']
[0.182s] Level 1:colcon.colcon_core.package_identification:_identify(/home/donavyn/ros2_ws/src/examples/rclpy/actions/minimal_action_client) by extension 'colcon_meta'
[0.183s] Level 1:colcon.colcon_core.package_identification:_identify(/home/donavyn/ros2_ws/src/examples/rclpy/actions/minimal_action_client) by extensions ['ros']
[0.183s] Level 1:colcon.colcon_core.package_identification:_identify(/home/donavyn/ros2_ws/src/examples/rclpy/actions/minimal_action_client) by extension 'ros'
[0.183s] DEBUG:colcon.colcon_core.package_identification:Package '/home/donavyn/ros2_ws/src/examples/rclpy/actions/minimal_action_client' with type 'ros.ament_python' and name 'examples_rclpy_minimal_action_client'
[0.183s] Level 1:colcon.colcon_core.package_identification:_identify(/home/donavyn/ros2_ws/src/examples/rclpy/actions/minimal_action_server) by extensions ['ignore', 'ignore_ament_install']
[0.183s] Level 1:colcon.colcon_core.package_identification:_identify(/home/donavyn/ros2_ws/src/examples/rclpy/actions/minimal_action_server) by extension 'ignore'
[0.183s] Level 1:colcon.colcon_core.package_identification:_identify(/home/donavyn/ros2_ws/src/examples/rclpy/actions/minimal_action_server) by extension 'ignore_ament_install'
[0.183s] Level 1:colcon.colcon_core.package_identification:_identify(/home/donavyn/ros2_ws/src/examples/rclpy/actions/minimal_action_server) by extensions ['colcon_pkg']
[0.183s] Level 1:colcon.colcon_core.package_identification:_identify(/home/donavyn/ros2_ws/src/examples/rclpy/actions/minimal_action_server) by extension 'colcon_pkg'
[0.183s] Level 1:colcon.colcon_core.package_identification:_identify(/home/donavyn/ros2_ws/src/examples/rclpy/actions/minimal_action_server) by extensions ['colcon_meta']
[0.183s] Level 1:colcon.colcon_core.package_identification:_identify(/home/donavyn/ros2_ws/src/examples/rclpy/actions/minimal_action_server) by extension 'colcon_meta'
[0.183s] Level 1:colcon.colcon_core.package_identification:_identify(/home/donavyn/ros2_ws/src/examples/rclpy/actions/minimal_action_server) by extensions ['ros']
[0.183s] Level 1:colcon.colcon_core.package_identification:_identify(/home/donavyn/ros2_ws/src/examples/rclpy/actions/minimal_action_server) by extension 'ros'
[0.183s] DEBUG:colcon.colcon_core.package_identification:Package '/home/donavyn/ros2_ws/src/examples/rclpy/actions/minimal_action_server' with type 'ros.ament_python' and name 'examples_rclpy_minimal_action_server'
[0.184s] Level 1:colcon.colcon_core.package_identification:_identify(/home/donavyn/ros2_ws/src/examples/rclpy/executors) by extensions ['ignore', 'ignore_ament_install']
[0.184s] Level 1:colcon.colcon_core.package_identification:_identify(/home/donavyn/ros2_ws/src/examples/rclpy/executors) by extension 'ignore'
[0.184s] Level 1:colcon.colcon_core.package_identification:_identify(/home/donavyn/ros2_ws/src/examples/rclpy/executors) by extension 'ignore_ament_install'
[0.184s] Level 1:colcon.colcon_core.package_identification:_identify(/home/donavyn/ros2_ws/src/examples/rclpy/executors) by extensions ['colcon_pkg']
[0.184s] Level 1:colcon.colcon_core.package_identification:_identify(/home/donavyn/ros2_ws/src/examples/rclpy/executors) by extension 'colcon_pkg'
[0.184s] Level 1:colcon.colcon_core.package_identification:_identify(/home/donavyn/ros2_ws/src/examples/rclpy/executors) by extensions ['colcon_meta']
[0.184s] Level 1:colcon.colcon_core.package_identification:_identify(/home/donavyn/ros2_ws/src/examples/rclpy/executors) by extension 'colcon_meta'
[0.184s] Level 1:colcon.colcon_core.package_identification:_identify(/home/donavyn/ros2_ws/src/examples/rclpy/executors) by extensions ['ros']
[0.184s] Level 1:colcon.colcon_core.package_identification:_identify(/home/donavyn/ros2_ws/src/examples/rclpy/executors) by extension 'ros'
[0.184s] DEBUG:colcon.colcon_core.package_identification:Package '/home/donavyn/ros2_ws/src/examples/rclpy/executors' with type 'ros.ament_python' and name 'examples_rclpy_executors'
[0.184s] Level 1:colcon.colcon_core.package_identification:_identify(/home/donavyn/ros2_ws/src/examples/rclpy/guard_conditions) by extensions ['ignore', 'ignore_ament_install']
[0.184s] Level 1:colcon.colcon_core.package_identification:_identify(/home/donavyn/ros2_ws/src/examples/rclpy/guard_conditions) by extension 'ignore'
[0.184s] Level 1:colcon.colcon_core.package_identification:_identify(/home/donavyn/ros2_ws/src/examples/rclpy/guard_conditions) by extension 'ignore_ament_install'
[0.184s] Level 1:colcon.colcon_core.package_identification:_identify(/home/donavyn/ros2_ws/src/examples/rclpy/guard_conditions) by extensions ['colcon_pkg']
[0.184s] Level 1:colcon.colcon_core.package_identification:_identify(/home/donavyn/ros2_ws/src/examples/rclpy/guard_conditions) by extension 'colcon_pkg'
[0.184s] Level 1:colcon.colcon_core.package_identification:_identify(/home/donavyn/ros2_ws/src/examples/rclpy/guard_conditions) by extensions ['colcon_meta']
[0.184s] Level 1:colcon.colcon_core.package_identification:_identify(/home/donavyn/ros2_ws/src/examples/rclpy/guard_conditions) by extension 'colcon_meta'
[0.184s] Level 1:colcon.colcon_core.package_identification:_identify(/home/donavyn/ros2_ws/src/examples/rclpy/guard_conditions) by extensions ['ros']
[0.184s] Level 1:colcon.colcon_core.package_identification:_identify(/home/donavyn/ros2_ws/src/examples/rclpy/guard_conditions) by extension 'ros'
[0.185s] DEBUG:colcon.colcon_core.package_identification:Package '/home/donavyn/ros2_ws/src/examples/rclpy/guard_conditions' with type 'ros.ament_python' and name 'examples_rclpy_guard_conditions'
[0.185s] Level 1:colcon.colcon_core.package_identification:_identify(/home/donavyn/ros2_ws/src/examples/rclpy/services) by extensions ['ignore', 'ignore_ament_install']
[0.185s] Level 1:colcon.colcon_core.package_identification:_identify(/home/donavyn/ros2_ws/src/examples/rclpy/services) by extension 'ignore'
[0.185s] Level 1:colcon.colcon_core.package_identification:_identify(/home/donavyn/ros2_ws/src/examples/rclpy/services) by extension 'ignore_ament_install'
[0.185s] Level 1:colcon.colcon_core.package_identification:_identify(/home/donavyn/ros2_ws/src/examples/rclpy/services) by extensions ['colcon_pkg']
[0.185s] Level 1:colcon.colcon_core.package_identification:_identify(/home/donavyn/ros2_ws/src/examples/rclpy/services) by extension 'colcon_pkg'
[0.185s] Level 1:colcon.colcon_core.package_identification:_identify(/home/donavyn/ros2_ws/src/examples/rclpy/services) by extensions ['colcon_meta']
[0.185s] Level 1:colcon.colcon_core.package_identification:_identify(/home/donavyn/ros2_ws/src/examples/rclpy/services) by extension 'colcon_meta'
[0.185s] Level 1:colcon.colcon_core.package_identification:_identify(/home/donavyn/ros2_ws/src/examples/rclpy/services) by extensions ['ros']
[0.185s] Level 1:colcon.colcon_core.package_identification:_identify(/home/donavyn/ros2_ws/src/examples/rclpy/services) by extension 'ros'
[0.185s] Level 1:colcon.colcon_core.package_identification:_identify(/home/donavyn/ros2_ws/src/examples/rclpy/services) by extensions ['cmake', 'python']
[0.185s] Level 1:colcon.colcon_core.package_identification:_identify(/home/donavyn/ros2_ws/src/examples/rclpy/services) by extension 'cmake'
[0.185s] Level 1:colcon.colcon_core.package_identification:_identify(/home/donavyn/ros2_ws/src/examples/rclpy/services) by extension 'python'
[0.185s] Level 1:colcon.colcon_core.package_identification:_identify(/home/donavyn/ros2_ws/src/examples/rclpy/services) by extensions ['python_setup_py']
[0.185s] Level 1:colcon.colcon_core.package_identification:_identify(/home/donavyn/ros2_ws/src/examples/rclpy/services) by extension 'python_setup_py'
[0.185s] Level 1:colcon.colcon_core.package_identification:_identify(/home/donavyn/ros2_ws/src/examples/rclpy/services/minimal_client) by extensions ['ignore', 'ignore_ament_install']
[0.185s] Level 1:colcon.colcon_core.package_identification:_identify(/home/donavyn/ros2_ws/src/examples/rclpy/services/minimal_client) by extension 'ignore'
[0.185s] Level 1:colcon.colcon_core.package_identification:_identify(/home/donavyn/ros2_ws/src/examples/rclpy/services/minimal_client) by extension 'ignore_ament_install'
[0.185s] Level 1:colcon.colcon_core.package_identification:_identify(/home/donavyn/ros2_ws/src/examples/rclpy/services/minimal_client) by extensions ['colcon_pkg']
[0.185s] Level 1:colcon.colcon_core.package_identification:_identify(/home/donavyn/ros2_ws/src/examples/rclpy/services/minimal_client) by extension 'colcon_pkg'
[0.185s] Level 1:colcon.colcon_core.package_identification:_identify(/home/donavyn/ros2_ws/src/examples/rclpy/services/minimal_client) by extensions ['colcon_meta']
[0.185s] Level 1:colcon.colcon_core.package_identification:_identify(/home/donavyn/ros2_ws/src/examples/rclpy/services/minimal_client) by extension 'colcon_meta'
[0.185s] Level 1:colcon.colcon_core.package_identification:_identify(/home/donavyn/ros2_ws/src/examples/rclpy/services/minimal_client) by extensions ['ros']
[0.185s] Level 1:colcon.colcon_core.package_identification:_identify(/home/donavyn/ros2_ws/src/examples/rclpy/services/minimal_client) by extension 'ros'
[0.185s] DEBUG:colcon.colcon_core.package_identification:Package '/home/donavyn/ros2_ws/src/examples/rclpy/services/minimal_client' with type 'ros.ament_python' and name 'examples_rclpy_minimal_client'
[0.186s] Level 1:colcon.colcon_core.package_identification:_identify(/home/donavyn/ros2_ws/src/examples/rclpy/services/minimal_service) by extensions ['ignore', 'ignore_ament_install']
[0.186s] Level 1:colcon.colcon_core.package_identification:_identify(/home/donavyn/ros2_ws/src/examples/rclpy/services/minimal_service) by extension 'ignore'
[0.186s] Level 1:colcon.colcon_core.package_identification:_identify(/home/donavyn/ros2_ws/src/examples/rclpy/services/minimal_service) by extension 'ignore_ament_install'
[0.186s] Level 1:colcon.colcon_core.package_identification:_identify(/home/donavyn/ros2_ws/src/examples/rclpy/services/minimal_service) by extensions ['colcon_pkg']
[0.186s] Level 1:colcon.colcon_core.package_identification:_identify(/home/donavyn/ros2_ws/src/examples/rclpy/services/minimal_service) by extension 'colcon_pkg'
[0.186s] Level 1:colcon.colcon_core.package_identification:_identify(/home/donavyn/ros2_ws/src/examples/rclpy/services/minimal_service) by extensions ['colcon_meta']
[0.186s] Level 1:colcon.colcon_core.package_identification:_identify(/home/donavyn/ros2_ws/src/examples/rclpy/services/minimal_service) by extension 'colcon_meta'
[0.186s] Level 1:colcon.colcon_core.package_identification:_identify(/home/donavyn/ros2_ws/src/examples/rclpy/services/minimal_service) by extensions ['ros']
[0.186s] Level 1:colcon.colcon_core.package_identification:_identify(/home/donavyn/ros2_ws/src/examples/rclpy/services/minimal_service) by extension 'ros'
[0.186s] DEBUG:colcon.colcon_core.package_identification:Package '/home/donavyn/ros2_ws/src/examples/rclpy/services/minimal_service' with type 'ros.ament_python' and name 'examples_rclpy_minimal_service'
[0.186s] Level 1:colcon.colcon_core.package_identification:_identify(/home/donavyn/ros2_ws/src/examples/rclpy/topics) by extensions ['ignore', 'ignore_ament_install']
[0.186s] Level 1:colcon.colcon_core.package_identification:_identify(/home/donavyn/ros2_ws/src/examples/rclpy/topics) by extension 'ignore'
[0.186s] Level 1:colcon.colcon_core.package_identification:_identify(/home/donavyn/ros2_ws/src/examples/rclpy/topics) by extension 'ignore_ament_install'
[0.186s] Level 1:colcon.colcon_core.package_identification:_identify(/home/donavyn/ros2_ws/src/examples/rclpy/topics) by extensions ['colcon_pkg']
[0.186s] Level 1:colcon.colcon_core.package_identification:_identify(/home/donavyn/ros2_ws/src/examples/rclpy/topics) by extension 'colcon_pkg'
[0.186s] Level 1:colcon.colcon_core.package_identification:_identify(/home/donavyn/ros2_ws/src/examples/rclpy/topics) by extensions ['colcon_meta']
[0.186s] Level 1:colcon.colcon_core.package_identification:_identify(/home/donavyn/ros2_ws/src/examples/rclpy/topics) by extension 'colcon_meta'
[0.186s] Level 1:colcon.colcon_core.package_identification:_identify(/home/donavyn/ros2_ws/src/examples/rclpy/topics) by extensions ['ros']
[0.186s] Level 1:colcon.colcon_core.package_identification:_identify(/home/donavyn/ros2_ws/src/examples/rclpy/topics) by extension 'ros'
[0.186s] Level 1:colcon.colcon_core.package_identification:_identify(/home/donavyn/ros2_ws/src/examples/rclpy/topics) by extensions ['cmake', 'python']
[0.186s] Level 1:colcon.colcon_core.package_identification:_identify(/home/donavyn/ros2_ws/src/examples/rclpy/topics) by extension 'cmake'
[0.186s] Level 1:colcon.colcon_core.package_identification:_identify(/home/donavyn/ros2_ws/src/examples/rclpy/topics) by extension 'python'
[0.186s] Level 1:colcon.colcon_core.package_identification:_identify(/home/donavyn/ros2_ws/src/examples/rclpy/topics) by extensions ['python_setup_py']
[0.186s] Level 1:colcon.colcon_core.package_identification:_identify(/home/donavyn/ros2_ws/src/examples/rclpy/topics) by extension 'python_setup_py'
[0.187s] Level 1:colcon.colcon_core.package_identification:_identify(/home/donavyn/ros2_ws/src/examples/rclpy/topics/minimal_publisher) by extensions ['ignore', 'ignore_ament_install']
[0.187s] Level 1:colcon.colcon_core.package_identification:_identify(/home/donavyn/ros2_ws/src/examples/rclpy/topics/minimal_publisher) by extension 'ignore'
[0.187s] Level 1:colcon.colcon_core.package_identification:_identify(/home/donavyn/ros2_ws/src/examples/rclpy/topics/minimal_publisher) by extension 'ignore_ament_install'
[0.187s] Level 1:colcon.colcon_core.package_identification:_identify(/home/donavyn/ros2_ws/src/examples/rclpy/topics/minimal_publisher) by extensions ['colcon_pkg']
[0.187s] Level 1:colcon.colcon_core.package_identification:_identify(/home/donavyn/ros2_ws/src/examples/rclpy/topics/minimal_publisher) by extension 'colcon_pkg'
[0.187s] Level 1:colcon.colcon_core.package_identification:_identify(/home/donavyn/ros2_ws/src/examples/rclpy/topics/minimal_publisher) by extensions ['colcon_meta']
[0.187s] Level 1:colcon.colcon_core.package_identification:_identify(/home/donavyn/ros2_ws/src/examples/rclpy/topics/minimal_publisher) by extension 'colcon_meta'
[0.187s] Level 1:colcon.colcon_core.package_identification:_identify(/home/donavyn/ros2_ws/src/examples/rclpy/topics/minimal_publisher) by extensions ['ros']
[0.187s] Level 1:colcon.colcon_core.package_identification:_identify(/home/donavyn/ros2_ws/src/examples/rclpy/topics/minimal_publisher) by extension 'ros'
[0.187s] DEBUG:colcon.colcon_core.package_identification:Package '/home/donavyn/ros2_ws/src/examples/rclpy/topics/minimal_publisher' with type 'ros.ament_python' and name 'examples_rclpy_minimal_publisher'
[0.187s] Level 1:colcon.colcon_core.package_identification:_identify(/home/donavyn/ros2_ws/src/examples/rclpy/topics/minimal_subscriber) by extensions ['ignore', 'ignore_ament_install']
[0.187s] Level 1:colcon.colcon_core.package_identification:_identify(/home/donavyn/ros2_ws/src/examples/rclpy/topics/minimal_subscriber) by extension 'ignore'
[0.187s] Level 1:colcon.colcon_core.package_identification:_identify(/home/donavyn/ros2_ws/src/examples/rclpy/topics/minimal_subscriber) by extension 'ignore_ament_install'
[0.187s] Level 1:colcon.colcon_core.package_identification:_identify(/home/donavyn/ros2_ws/src/examples/rclpy/topics/minimal_subscriber) by extensions ['colcon_pkg']
[0.187s] Level 1:colcon.colcon_core.package_identification:_identify(/home/donavyn/ros2_ws/src/examples/rclpy/topics/minimal_subscriber) by extension 'colcon_pkg'
[0.187s] Level 1:colcon.colcon_core.package_identification:_identify(/home/donavyn/ros2_ws/src/examples/rclpy/topics/minimal_subscriber) by extensions ['colcon_meta']
[0.187s] Level 1:colcon.colcon_core.package_identification:_identify(/home/donavyn/ros2_ws/src/examples/rclpy/topics/minimal_subscriber) by extension 'colcon_meta'
[0.187s] Level 1:colcon.colcon_core.package_identification:_identify(/home/donavyn/ros2_ws/src/examples/rclpy/topics/minimal_subscriber) by extensions ['ros']
[0.187s] Level 1:colcon.colcon_core.package_identification:_identify(/home/donavyn/ros2_ws/src/examples/rclpy/topics/minimal_subscriber) by extension 'ros'
[0.188s] DEBUG:colcon.colcon_core.package_identification:Package '/home/donavyn/ros2_ws/src/examples/rclpy/topics/minimal_subscriber' with type 'ros.ament_python' and name 'examples_rclpy_minimal_subscriber'
[0.188s] Level 1:colcon.colcon_core.package_identification:_identify(/home/donavyn/ros2_ws/src/examples/rclpy/topics/pointcloud_publisher) by extensions ['ignore', 'ignore_ament_install']
[0.188s] Level 1:colcon.colcon_core.package_identification:_identify(/home/donavyn/ros2_ws/src/examples/rclpy/topics/pointcloud_publisher) by extension 'ignore'
[0.188s] Level 1:colcon.colcon_core.package_identification:_identify(/home/donavyn/ros2_ws/src/examples/rclpy/topics/pointcloud_publisher) by extension 'ignore_ament_install'
[0.188s] Level 1:colcon.colcon_core.package_identification:_identify(/home/donavyn/ros2_ws/src/examples/rclpy/topics/pointcloud_publisher) by extensions ['colcon_pkg']
[0.188s] Level 1:colcon.colcon_core.package_identification:_identify(/home/donavyn/ros2_ws/src/examples/rclpy/topics/pointcloud_publisher) by extension 'colcon_pkg'
[0.188s] Level 1:colcon.colcon_core.package_identification:_identify(/home/donavyn/ros2_ws/src/examples/rclpy/topics/pointcloud_publisher) by extensions ['colcon_meta']
[0.188s] Level 1:colcon.colcon_core.package_identification:_identify(/home/donavyn/ros2_ws/src/examples/rclpy/topics/pointcloud_publisher) by extension 'colcon_meta'
[0.188s] Level 1:colcon.colcon_core.package_identification:_identify(/home/donavyn/ros2_ws/src/examples/rclpy/topics/pointcloud_publisher) by extensions ['ros']
[0.188s] Level 1:colcon.colcon_core.package_identification:_identify(/home/donavyn/ros2_ws/src/examples/rclpy/topics/pointcloud_publisher) by extension 'ros'
[0.188s] DEBUG:colcon.colcon_core.package_identification:Package '/home/donavyn/ros2_ws/src/examples/rclpy/topics/pointcloud_publisher' with type 'ros.ament_python' and name 'examples_rclpy_pointcloud_publisher'
[0.188s] Level 1:colcon.colcon_core.package_identification:_identify(/home/donavyn/ros2_ws/src/more_interfaces) by extensions ['ignore', 'ignore_ament_install']
[0.188s] Level 1:colcon.colcon_core.package_identification:_identify(/home/donavyn/ros2_ws/src/more_interfaces) by extension 'ignore'
[0.188s] Level 1:colcon.colcon_core.package_identification:_identify(/home/donavyn/ros2_ws/src/more_interfaces) by extension 'ignore_ament_install'
[0.188s] Level 1:colcon.colcon_core.package_identification:_identify(/home/donavyn/ros2_ws/src/more_interfaces) by extensions ['colcon_pkg']
[0.188s] Level 1:colcon.colcon_core.package_identification:_identify(/home/donavyn/ros2_ws/src/more_interfaces) by extension 'colcon_pkg'
[0.188s] Level 1:colcon.colcon_core.package_identification:_identify(/home/donavyn/ros2_ws/src/more_interfaces) by extensions ['colcon_meta']
[0.188s] Level 1:colcon.colcon_core.package_identification:_identify(/home/donavyn/ros2_ws/src/more_interfaces) by extension 'colcon_meta'
[0.188s] Level 1:colcon.colcon_core.package_identification:_identify(/home/donavyn/ros2_ws/src/more_interfaces) by extensions ['ros']
[0.188s] Level 1:colcon.colcon_core.package_identification:_identify(/home/donavyn/ros2_ws/src/more_interfaces) by extension 'ros'
[0.189s] DEBUG:colcon.colcon_core.package_identification:Package '/home/donavyn/ros2_ws/src/more_interfaces' with type 'ros.ament_cmake' and name 'more_interfaces'
[0.189s] Level 1:colcon.colcon_core.package_identification:_identify(/home/donavyn/ros2_ws/src/my_package) by extensions ['ignore', 'ignore_ament_install']
[0.189s] Level 1:colcon.colcon_core.package_identification:_identify(/home/donavyn/ros2_ws/src/my_package) by extension 'ignore'
[0.189s] Level 1:colcon.colcon_core.package_identification:_identify(/home/donavyn/ros2_ws/src/my_package) by extension 'ignore_ament_install'
[0.189s] Level 1:colcon.colcon_core.package_identification:_identify(/home/donavyn/ros2_ws/src/my_package) by extensions ['colcon_pkg']
[0.189s] Level 1:colcon.colcon_core.package_identification:_identify(/home/donavyn/ros2_ws/src/my_package) by extension 'colcon_pkg'
[0.189s] Level 1:colcon.colcon_core.package_identification:_identify(/home/donavyn/ros2_ws/src/my_package) by extensions ['colcon_meta']
[0.189s] Level 1:colcon.colcon_core.package_identification:_identify(/home/donavyn/ros2_ws/src/my_package) by extension 'colcon_meta'
[0.189s] Level 1:colcon.colcon_core.package_identification:_identify(/home/donavyn/ros2_ws/src/my_package) by extensions ['ros']
[0.189s] Level 1:colcon.colcon_core.package_identification:_identify(/home/donavyn/ros2_ws/src/my_package) by extension 'ros'
[0.189s] DEBUG:colcon.colcon_core.package_identification:Package '/home/donavyn/ros2_ws/src/my_package' with type 'ros.ament_python' and name 'my_package'
[0.189s] Level 1:colcon.colcon_core.package_identification:_identify(/home/donavyn/ros2_ws/src/py_pubsub) by extensions ['ignore', 'ignore_ament_install']
[0.189s] Level 1:colcon.colcon_core.package_identification:_identify(/home/donavyn/ros2_ws/src/py_pubsub) by extension 'ignore'
[0.189s] Level 1:colcon.colcon_core.package_identification:_identify(/home/donavyn/ros2_ws/src/py_pubsub) by extension 'ignore_ament_install'
[0.189s] Level 1:colcon.colcon_core.package_identification:_identify(/home/donavyn/ros2_ws/src/py_pubsub) by extensions ['colcon_pkg']
[0.189s] Level 1:colcon.colcon_core.package_identification:_identify(/home/donavyn/ros2_ws/src/py_pubsub) by extension 'colcon_pkg'
[0.189s] Level 1:colcon.colcon_core.package_identification:_identify(/home/donavyn/ros2_ws/src/py_pubsub) by extensions ['colcon_meta']
[0.189s] Level 1:colcon.colcon_core.package_identification:_identify(/home/donavyn/ros2_ws/src/py_pubsub) by extension 'colcon_meta'
[0.190s] Level 1:colcon.colcon_core.package_identification:_identify(/home/donavyn/ros2_ws/src/py_pubsub) by extensions ['ros']
[0.190s] Level 1:colcon.colcon_core.package_identification:_identify(/home/donavyn/ros2_ws/src/py_pubsub) by extension 'ros'
[0.190s] DEBUG:colcon.colcon_core.package_identification:Package '/home/donavyn/ros2_ws/src/py_pubsub' with type 'ros.ament_python' and name 'py_pubsub'
[0.190s] Level 1:colcon.colcon_core.package_identification:_identify(/home/donavyn/ros2_ws/src/py_srvcli) by extensions ['ignore', 'ignore_ament_install']
[0.190s] Level 1:colcon.colcon_core.package_identification:_identify(/home/donavyn/ros2_ws/src/py_srvcli) by extension 'ignore'
[0.190s] Level 1:colcon.colcon_core.package_identification:_identify(/home/donavyn/ros2_ws/src/py_srvcli) by extension 'ignore_ament_install'
[0.190s] Level 1:colcon.colcon_core.package_identification:_identify(/home/donavyn/ros2_ws/src/py_srvcli) by extensions ['colcon_pkg']
[0.190s] Level 1:colcon.colcon_core.package_identification:_identify(/home/donavyn/ros2_ws/src/py_srvcli) by extension 'colcon_pkg'
[0.190s] Level 1:colcon.colcon_core.package_identification:_identify(/home/donavyn/ros2_ws/src/py_srvcli) by extensions ['colcon_meta']
[0.190s] Level 1:colcon.colcon_core.package_identification:_identify(/home/donavyn/ros2_ws/src/py_srvcli) by extension 'colcon_meta'
[0.190s] Level 1:colcon.colcon_core.package_identification:_identify(/home/donavyn/ros2_ws/src/py_srvcli) by extensions ['ros']
[0.190s] Level 1:colcon.colcon_core.package_identification:_identify(/home/donavyn/ros2_ws/src/py_srvcli) by extension 'ros'
[0.190s] DEBUG:colcon.colcon_core.package_identification:Package '/home/donavyn/ros2_ws/src/py_srvcli' with type 'ros.ament_python' and name 'py_srvcli'
[0.191s] Level 1:colcon.colcon_core.package_identification:_identify(/home/donavyn/ros2_ws/src/python_parameters) by extensions ['ignore', 'ignore_ament_install']
[0.191s] Level 1:colcon.colcon_core.package_identification:_identify(/home/donavyn/ros2_ws/src/python_parameters) by extension 'ignore'
[0.191s] Level 1:colcon.colcon_core.package_identification:_identify(/home/donavyn/ros2_ws/src/python_parameters) by extension 'ignore_ament_install'
[0.191s] Level 1:colcon.colcon_core.package_identification:_identify(/home/donavyn/ros2_ws/src/python_parameters) by extensions ['colcon_pkg']
[0.191s] Level 1:colcon.colcon_core.package_identification:_identify(/home/donavyn/ros2_ws/src/python_parameters) by extension 'colcon_pkg'
[0.191s] Level 1:colcon.colcon_core.package_identification:_identify(/home/donavyn/ros2_ws/src/python_parameters) by extensions ['colcon_meta']
[0.191s] Level 1:colcon.colcon_core.package_identification:_identify(/home/donavyn/ros2_ws/src/python_parameters) by extension 'colcon_meta'
[0.191s] Level 1:colcon.colcon_core.package_identification:_identify(/home/donavyn/ros2_ws/src/python_parameters) by extensions ['ros']
[0.191s] Level 1:colcon.colcon_core.package_identification:_identify(/home/donavyn/ros2_ws/src/python_parameters) by extension 'ros'
[0.191s] DEBUG:colcon.colcon_core.package_identification:Package '/home/donavyn/ros2_ws/src/python_parameters' with type 'ros.ament_python' and name 'python_parameters'
[0.191s] Level 1:colcon.colcon_core.package_identification:_identify(/home/donavyn/ros2_ws/src/ros_tutorials) by extensions ['ignore', 'ignore_ament_install']
[0.191s] Level 1:colcon.colcon_core.package_identification:_identify(/home/donavyn/ros2_ws/src/ros_tutorials) by extension 'ignore'
[0.191s] Level 1:colcon.colcon_core.package_identification:_identify(/home/donavyn/ros2_ws/src/ros_tutorials) by extension 'ignore_ament_install'
[0.191s] Level 1:colcon.colcon_core.package_identification:_identify(/home/donavyn/ros2_ws/src/ros_tutorials) by extensions ['colcon_pkg']
[0.191s] Level 1:colcon.colcon_core.package_identification:_identify(/home/donavyn/ros2_ws/src/ros_tutorials) by extension 'colcon_pkg'
[0.191s] Level 1:colcon.colcon_core.package_identification:_identify(/home/donavyn/ros2_ws/src/ros_tutorials) by extensions ['colcon_meta']
[0.191s] Level 1:colcon.colcon_core.package_identification:_identify(/home/donavyn/ros2_ws/src/ros_tutorials) by extension 'colcon_meta'
[0.191s] Level 1:colcon.colcon_core.package_identification:_identify(/home/donavyn/ros2_ws/src/ros_tutorials) by extensions ['ros']
[0.191s] Level 1:colcon.colcon_core.package_identification:_identify(/home/donavyn/ros2_ws/src/ros_tutorials) by extension 'ros'
[0.191s] Level 1:colcon.colcon_core.package_identification:_identify(/home/donavyn/ros2_ws/src/ros_tutorials) by extensions ['cmake', 'python']
[0.191s] Level 1:colcon.colcon_core.package_identification:_identify(/home/donavyn/ros2_ws/src/ros_tutorials) by extension 'cmake'
[0.191s] Level 1:colcon.colcon_core.package_identification:_identify(/home/donavyn/ros2_ws/src/ros_tutorials) by extension 'python'
[0.191s] Level 1:colcon.colcon_core.package_identification:_identify(/home/donavyn/ros2_ws/src/ros_tutorials) by extensions ['python_setup_py']
[0.191s] Level 1:colcon.colcon_core.package_identification:_identify(/home/donavyn/ros2_ws/src/ros_tutorials) by extension 'python_setup_py'
[0.191s] Level 1:colcon.colcon_core.package_identification:_identify(/home/donavyn/ros2_ws/src/ros_tutorials/ros_tutorials) by extensions ['ignore', 'ignore_ament_install']
[0.192s] Level 1:colcon.colcon_core.package_identification:_identify(/home/donavyn/ros2_ws/src/ros_tutorials/ros_tutorials) by extension 'ignore'
[0.192s] Level 1:colcon.colcon_core.package_identification:_identify(/home/donavyn/ros2_ws/src/ros_tutorials/ros_tutorials) ignored
[0.192s] Level 1:colcon.colcon_core.package_identification:_identify(/home/donavyn/ros2_ws/src/ros_tutorials/roscpp_tutorials) by extensions ['ignore', 'ignore_ament_install']
[0.192s] Level 1:colcon.colcon_core.package_identification:_identify(/home/donavyn/ros2_ws/src/ros_tutorials/roscpp_tutorials) by extension 'ignore'
[0.192s] Level 1:colcon.colcon_core.package_identification:_identify(/home/donavyn/ros2_ws/src/ros_tutorials/roscpp_tutorials) ignored
[0.192s] Level 1:colcon.colcon_core.package_identification:_identify(/home/donavyn/ros2_ws/src/ros_tutorials/rospy_tutorials) by extensions ['ignore', 'ignore_ament_install']
[0.192s] Level 1:colcon.colcon_core.package_identification:_identify(/home/donavyn/ros2_ws/src/ros_tutorials/rospy_tutorials) by extension 'ignore'
[0.192s] Level 1:colcon.colcon_core.package_identification:_identify(/home/donavyn/ros2_ws/src/ros_tutorials/rospy_tutorials) ignored
[0.192s] Level 1:colcon.colcon_core.package_identification:_identify(/home/donavyn/ros2_ws/src/ros_tutorials/turtlesim) by extensions ['ignore', 'ignore_ament_install']
[0.192s] Level 1:colcon.colcon_core.package_identification:_identify(/home/donavyn/ros2_ws/src/ros_tutorials/turtlesim) by extension 'ignore'
[0.192s] Level 1:colcon.colcon_core.package_identification:_identify(/home/donavyn/ros2_ws/src/ros_tutorials/turtlesim) by extension 'ignore_ament_install'
[0.192s] Level 1:colcon.colcon_core.package_identification:_identify(/home/donavyn/ros2_ws/src/ros_tutorials/turtlesim) by extensions ['colcon_pkg']
[0.192s] Level 1:colcon.colcon_core.package_identification:_identify(/home/donavyn/ros2_ws/src/ros_tutorials/turtlesim) by extension 'colcon_pkg'
[0.192s] Level 1:colcon.colcon_core.package_identification:_identify(/home/donavyn/ros2_ws/src/ros_tutorials/turtlesim) by extensions ['colcon_meta']
[0.192s] Level 1:colcon.colcon_core.package_identification:_identify(/home/donavyn/ros2_ws/src/ros_tutorials/turtlesim) by extension 'colcon_meta'
[0.192s] Level 1:colcon.colcon_core.package_identification:_identify(/home/donavyn/ros2_ws/src/ros_tutorials/turtlesim) by extensions ['ros']
[0.192s] Level 1:colcon.colcon_core.package_identification:_identify(/home/donavyn/ros2_ws/src/ros_tutorials/turtlesim) by extension 'ros'
[0.193s] DEBUG:colcon.colcon_core.package_identification:Package '/home/donavyn/ros2_ws/src/ros_tutorials/turtlesim' with type 'ros.ament_cmake' and name 'turtlesim'
[0.193s] Level 1:colcon.colcon_core.package_identification:_identify(/home/donavyn/ros2_ws/src/tutorial_interfaces) by extensions ['ignore', 'ignore_ament_install']
[0.193s] Level 1:colcon.colcon_core.package_identification:_identify(/home/donavyn/ros2_ws/src/tutorial_interfaces) by extension 'ignore'
[0.193s] Level 1:colcon.colcon_core.package_identification:_identify(/home/donavyn/ros2_ws/src/tutorial_interfaces) by extension 'ignore_ament_install'
[0.193s] Level 1:colcon.colcon_core.package_identification:_identify(/home/donavyn/ros2_ws/src/tutorial_interfaces) by extensions ['colcon_pkg']
[0.193s] Level 1:colcon.colcon_core.package_identification:_identify(/home/donavyn/ros2_ws/src/tutorial_interfaces) by extension 'colcon_pkg'
[0.193s] Level 1:colcon.colcon_core.package_identification:_identify(/home/donavyn/ros2_ws/src/tutorial_interfaces) by extensions ['colcon_meta']
[0.193s] Level 1:colcon.colcon_core.package_identification:_identify(/home/donavyn/ros2_ws/src/tutorial_interfaces) by extension 'colcon_meta'
[0.193s] Level 1:colcon.colcon_core.package_identification:_identify(/home/donavyn/ros2_ws/src/tutorial_interfaces) by extensions ['ros']
[0.193s] Level 1:colcon.colcon_core.package_identification:_identify(/home/donavyn/ros2_ws/src/tutorial_interfaces) by extension 'ros'
[0.193s] DEBUG:colcon.colcon_core.package_identification:Package '/home/donavyn/ros2_ws/src/tutorial_interfaces' with type 'ros.ament_cmake' and name 'tutorial_interfaces'
[0.193s] Level 1:colcon.colcon_core.package_discovery:discover_packages(recursive) using defaults
