[0.214s] Invoking command in '/home/donavyn/docker_test/ros2_ws/build/demo_nodes_cpp_native': CMAKE_PREFIX_PATH=/opt/ros/humble /usr/bin/cmake /home/donavyn/docker_test/ros2_ws/src/demos/demo_nodes_cpp_native -DCMAKE_INSTALL_PREFIX=/home/donavyn/docker_test/ros2_ws/install/demo_nodes_cpp_native
[0.421s] -- The C compiler identification is GNU 11.4.0
[0.421s] -- The CXX compiler identification is GNU 11.4.0
[0.421s] -- Detecting C compiler ABI info
[0.422s] -- Detecting C compiler ABI info - done
[0.422s] -- Check for working C compiler: /usr/bin/cc - skipped
[0.422s] -- Detecting C compile features
[0.422s] -- Detecting C compile features - done
[0.422s] -- Detecting CXX compiler ABI info
[0.429s] -- Detecting CXX compiler ABI info - done
[0.437s] -- Check for working CXX compiler: /usr/bin/c++ - skipped
[0.437s] -- Detecting CXX compile features
[0.437s] -- Detecting CXX compile features - done
[0.554s] -- Found Python3: /usr/bin/python3 (found version "3.10.12") found components: Interpreter 
[0.660s] -- Found rosidl_generator_c: 3.1.5 (/opt/ros/humble/share/rosidl_generator_c/cmake)
[0.663s] -- Found rosidl_adapter: 3.1.5 (/opt/ros/humble/share/rosidl_adapter/cmake)
[0.669s] -- Found rosidl_generator_cpp: 3.1.5 (/opt/ros/humble/share/rosidl_generator_cpp/cmake)
[0.674s] -- Using all available rosidl_typesupport_c: rosidl_typesupport_fastrtps_c;rosidl_typesupport_introspection_c
[0.684s] -- Using all available rosidl_typesupport_cpp: rosidl_typesupport_fastrtps_cpp;rosidl_typesupport_introspection_cpp
[0.759s] -- Found OpenSSL: /usr/lib/x86_64-linux-gnu/libcrypto.so (found version "3.0.2")  
[0.786s] -- Found FastRTPS: /opt/ros/humble/include  
[0.821s] -- Found rclcpp: 16.0.10 (/opt/ros/humble/share/rclcpp/cmake)
[0.854s] -- Found rmw_implementation_cmake: 6.1.2 (/opt/ros/humble/share/rmw_implementation_cmake/cmake)
[0.855s] -- Using RMW implementation 'rmw_fastrtps_cpp' as default
[0.860s] -- Looking for pthread.h
[0.917s] -- Looking for pthread.h - found
[0.917s] -- Performing Test CMAKE_HAVE_LIBC_PTHREAD
[0.972s] -- Performing Test CMAKE_HAVE_LIBC_PTHREAD - Success
[0.973s] -- Found Threads: TRUE  
[1.005s] -- Found rclcpp_components: 16.0.10 (/opt/ros/humble/share/rclcpp_components/cmake)
[1.025s] -- Found ament_lint_auto: 0.12.11 (/opt/ros/humble/share/ament_lint_auto/cmake)
[1.092s] -- Found python_cmake_module: 0.10.0 (/opt/ros/humble/share/python_cmake_module/cmake)
[1.106s] -- Found PythonInterp: /usr/bin/python3 (found suitable version "3.10.12", minimum required is "3.6") 
[1.109s] -- Found PythonLibs: /usr/lib/x86_64-linux-gnu/libpython3.10.so (found suitable version "3.10.12", minimum required is "3.5") 
[1.109s] -- Using PYTHON_EXECUTABLE: /usr/bin/python3
[1.109s] -- Using PYTHON_INCLUDE_DIRS: /usr/include/python3.10
[1.109s] -- Using PYTHON_LIBRARIES: /usr/lib/x86_64-linux-gnu/libpython3.10.so
[1.123s] -- Found PythonExtra: .so  
[1.133s] -- Added test 'copyright' to check source files copyright and LICENSE
[1.134s] -- Added test 'cppcheck' to perform static code analysis on C / C++ code
[1.134s] -- Configured cppcheck include dirs: /home/donavyn/docker_test/ros2_ws/src/demos/demo_nodes_cpp_native/include
[1.134s] -- Configured cppcheck exclude dirs and/or files: 
[1.135s] -- Added test 'cpplint' to check C / C++ code against the Google style
[1.135s] -- Configured cpplint exclude dirs and/or files: 
[1.135s] -- Added test 'lint_cmake' to check CMake code style
[1.136s] -- Added test 'uncrustify' to check C / C++ code style
[1.136s] -- Configured uncrustify additional arguments: 
[1.136s] -- Added test 'xmllint' to check XML markup files
[1.137s] -- Configuring done
[1.150s] -- Generating done
[1.152s] -- Build files have been written to: /home/donavyn/docker_test/ros2_ws/build/demo_nodes_cpp_native
