[1.567s] Invoking command in '/home/donavyn/ros2_ws/src/examples/rclpy/topics/minimal_publisher': PYTHONPATH=/home/donavyn/ros2_ws/build/examples_rclpy_minimal_publisher/prefix_override:/usr/lib/python3/dist-packages/colcon_core/task/python/colcon_distutils_commands:/home/donavyn/ros2_ws/install/examples_rclpy_minimal_publisher/lib/python3.10/site-packages:${PYTHONPATH} /usr/bin/python3 -W ignore:setup.py install is deprecated setup.py egg_info --egg-base ../../../../../build/examples_rclpy_minimal_publisher build --build-base /home/donavyn/ros2_ws/build/examples_rclpy_minimal_publisher/build install --record /home/donavyn/ros2_ws/build/examples_rclpy_minimal_publisher/install.log --single-version-externally-managed install_data
[1.778s] running egg_info
[1.779s] writing ../../../../../build/examples_rclpy_minimal_publisher/examples_rclpy_minimal_publisher.egg-info/PKG-INFO
[1.779s] writing dependency_links to ../../../../../build/examples_rclpy_minimal_publisher/examples_rclpy_minimal_publisher.egg-info/dependency_links.txt
[1.779s] writing entry points to ../../../../../build/examples_rclpy_minimal_publisher/examples_rclpy_minimal_publisher.egg-info/entry_points.txt
[1.779s] writing requirements to ../../../../../build/examples_rclpy_minimal_publisher/examples_rclpy_minimal_publisher.egg-info/requires.txt
[1.779s] writing top-level names to ../../../../../build/examples_rclpy_minimal_publisher/examples_rclpy_minimal_publisher.egg-info/top_level.txt
[1.782s] reading manifest file '../../../../../build/examples_rclpy_minimal_publisher/examples_rclpy_minimal_publisher.egg-info/SOURCES.txt'
[1.784s] writing manifest file '../../../../../build/examples_rclpy_minimal_publisher/examples_rclpy_minimal_publisher.egg-info/SOURCES.txt'
[1.784s] running build
[1.784s] running build_py
[1.784s] running install
[1.785s] running install_lib
[1.786s] running install_data
[1.786s] running install_egg_info
[1.788s] removing '/home/donavyn/ros2_ws/install/examples_rclpy_minimal_publisher/lib/python3.10/site-packages/examples_rclpy_minimal_publisher-0.15.2-py3.10.egg-info' (and everything under it)
[1.789s] Copying ../../../../../build/examples_rclpy_minimal_publisher/examples_rclpy_minimal_publisher.egg-info to /home/donavyn/ros2_ws/install/examples_rclpy_minimal_publisher/lib/python3.10/site-packages/examples_rclpy_minimal_publisher-0.15.2-py3.10.egg-info
[1.789s] running install_scripts
[1.810s] Installing publisher_local_function script to /home/donavyn/ros2_ws/install/examples_rclpy_minimal_publisher/lib/examples_rclpy_minimal_publisher
[1.810s] Installing publisher_member_function script to /home/donavyn/ros2_ws/install/examples_rclpy_minimal_publisher/lib/examples_rclpy_minimal_publisher
[1.811s] Installing publisher_old_school script to /home/donavyn/ros2_ws/install/examples_rclpy_minimal_publisher/lib/examples_rclpy_minimal_publisher
[1.811s] writing list of installed files to '/home/donavyn/ros2_ws/build/examples_rclpy_minimal_publisher/install.log'
[1.843s] Invoked command in '/home/donavyn/ros2_ws/src/examples/rclpy/topics/minimal_publisher' returned '0': PYTHONPATH=/home/donavyn/ros2_ws/build/examples_rclpy_minimal_publisher/prefix_override:/usr/lib/python3/dist-packages/colcon_core/task/python/colcon_distutils_commands:/home/donavyn/ros2_ws/install/examples_rclpy_minimal_publisher/lib/python3.10/site-packages:${PYTHONPATH} /usr/bin/python3 -W ignore:setup.py install is deprecated setup.py egg_info --egg-base ../../../../../build/examples_rclpy_minimal_publisher build --build-base /home/donavyn/ros2_ws/build/examples_rclpy_minimal_publisher/build install --record /home/donavyn/ros2_ws/build/examples_rclpy_minimal_publisher/install.log --single-version-externally-managed install_data
