[2.351s] Invoking command in '/home/donavyn/ros2_ws/build/examples_rclpy_minimal_action_server': PYTHONPATH=/home/donavyn/ros2_ws/build/examples_rclpy_minimal_action_server/prefix_override:/usr/lib/python3/dist-packages/colcon_core/task/python/colcon_distutils_commands:/home/donavyn/ros2_ws/install/examples_rclpy_minimal_action_server/lib/python3.10/site-packages:${PYTHONPATH} /usr/bin/python3 -W ignore:setup.py install is deprecated setup.py develop --editable --build-directory /home/donavyn/ros2_ws/build/examples_rclpy_minimal_action_server/build --no-deps symlink_data
[21.494s] running develop
[21.495s] running egg_info
[21.495s] creating examples_rclpy_minimal_action_server.egg-info
[21.495s] writing examples_rclpy_minimal_action_server.egg-info/PKG-INFO
[21.495s] writing dependency_links to examples_rclpy_minimal_action_server.egg-info/dependency_links.txt
[21.495s] writing entry points to examples_rclpy_minimal_action_server.egg-info/entry_points.txt
[21.495s] writing requirements to examples_rclpy_minimal_action_server.egg-info/requires.txt
[21.495s] writing top-level names to examples_rclpy_minimal_action_server.egg-info/top_level.txt
[21.495s] writing manifest file 'examples_rclpy_minimal_action_server.egg-info/SOURCES.txt'
[21.495s] reading manifest file 'examples_rclpy_minimal_action_server.egg-info/SOURCES.txt'
[21.495s] writing manifest file 'examples_rclpy_minimal_action_server.egg-info/SOURCES.txt'
[21.495s] running build_ext
[21.495s] Creating /home/donavyn/ros2_ws/install/examples_rclpy_minimal_action_server/lib/python3.10/site-packages/examples-rclpy-minimal-action-server.egg-link (link to .)
[21.495s] Installing server script to /home/donavyn/ros2_ws/install/examples_rclpy_minimal_action_server/lib/examples_rclpy_minimal_action_server
[21.495s] Installing server_defer script to /home/donavyn/ros2_ws/install/examples_rclpy_minimal_action_server/lib/examples_rclpy_minimal_action_server
[21.495s] Installing server_not_composable script to /home/donavyn/ros2_ws/install/examples_rclpy_minimal_action_server/lib/examples_rclpy_minimal_action_server
[21.495s] Installing server_queue_goals script to /home/donavyn/ros2_ws/install/examples_rclpy_minimal_action_server/lib/examples_rclpy_minimal_action_server
[21.496s] Installing server_single_goal script to /home/donavyn/ros2_ws/install/examples_rclpy_minimal_action_server/lib/examples_rclpy_minimal_action_server
[21.496s] 
[21.496s] Installed /home/donavyn/ros2_ws/build/examples_rclpy_minimal_action_server
[21.496s] running symlink_data
[21.496s] creating /home/donavyn/ros2_ws/install/examples_rclpy_minimal_action_server/share/ament_index
[21.496s] creating /home/donavyn/ros2_ws/install/examples_rclpy_minimal_action_server/share/ament_index/resource_index
[21.496s] creating /home/donavyn/ros2_ws/install/examples_rclpy_minimal_action_server/share/ament_index/resource_index/packages
[21.496s] symbolically linking /home/donavyn/ros2_ws/build/examples_rclpy_minimal_action_server/resource/examples_rclpy_minimal_action_server -> /home/donavyn/ros2_ws/install/examples_rclpy_minimal_action_server/share/ament_index/resource_index/packages
[21.496s] symbolically linking /home/donavyn/ros2_ws/build/examples_rclpy_minimal_action_server/package.xml -> /home/donavyn/ros2_ws/install/examples_rclpy_minimal_action_server/share/examples_rclpy_minimal_action_server
[21.503s] /usr/lib/python3/dist-packages/setuptools/command/easy_install.py:158: EasyInstallDeprecationWarning: easy_install command is deprecated. Use build and pip and other standards-based tools.
[21.503s]   warnings.warn(
[21.718s] Invoked command in '/home/donavyn/ros2_ws/build/examples_rclpy_minimal_action_server' returned '0': PYTHONPATH=/home/donavyn/ros2_ws/build/examples_rclpy_minimal_action_server/prefix_override:/usr/lib/python3/dist-packages/colcon_core/task/python/colcon_distutils_commands:/home/donavyn/ros2_ws/install/examples_rclpy_minimal_action_server/lib/python3.10/site-packages:${PYTHONPATH} /usr/bin/python3 -W ignore:setup.py install is deprecated setup.py develop --editable --build-directory /home/donavyn/ros2_ws/build/examples_rclpy_minimal_action_server/build --no-deps symlink_data
