[0.040s] Invoking command in '/home/donavyn/docker_test/ros2_ws/build/dummy_map_server': CMAKE_PREFIX_PATH=/opt/ros/humble /usr/bin/cmake /home/donavyn/docker_test/ros2_ws/src/demos/dummy_robot/dummy_map_server -DCMAKE_INSTALL_PREFIX=/home/donavyn/docker_test/ros2_ws/install/dummy_map_server
[0.435s] -- The C compiler identification is GNU 11.4.0
[0.435s] -- The CXX compiler identification is GNU 11.4.0
[0.435s] -- Detecting C compiler ABI info
[0.435s] -- Detecting C compiler ABI info - done
[0.435s] -- Check for working C compiler: /usr/bin/cc - skipped
[0.435s] -- Detecting C compile features
[0.435s] -- Detecting C compile features - done
[0.435s] -- Detecting CXX compiler ABI info
[0.435s] -- Detecting CXX compiler ABI info - done
[0.435s] -- Check for working CXX compiler: /usr/bin/c++ - skipped
[0.435s] -- Detecting CXX compile features
[0.435s] -- Detecting CXX compile features - done
[0.435s] -- Found ament_cmake: 1.3.10 (/opt/ros/humble/share/ament_cmake/cmake)
[0.435s] -- Found Python3: /usr/bin/python3 (found version "3.10.12") found components: Interpreter 
[0.479s] -- Found nav_msgs: 4.2.4 (/opt/ros/humble/share/nav_msgs/cmake)
[0.518s] -- Found rosidl_generator_c: 3.1.5 (/opt/ros/humble/share/rosidl_generator_c/cmake)
[0.523s] -- Found rosidl_adapter: 3.1.5 (/opt/ros/humble/share/rosidl_adapter/cmake)
[0.533s] -- Found rosidl_generator_cpp: 3.1.5 (/opt/ros/humble/share/rosidl_generator_cpp/cmake)
[0.546s] -- Using all available rosidl_typesupport_c: rosidl_typesupport_fastrtps_c;rosidl_typesupport_introspection_c
[0.564s] -- Using all available rosidl_typesupport_cpp: rosidl_typesupport_fastrtps_cpp;rosidl_typesupport_introspection_cpp
[0.624s] -- Found rclcpp: 16.0.10 (/opt/ros/humble/share/rclcpp/cmake)
[0.648s] -- Found rmw_implementation_cmake: 6.1.2 (/opt/ros/humble/share/rmw_implementation_cmake/cmake)
[0.650s] -- Found rmw_fastrtps_cpp: 6.2.7 (/opt/ros/humble/share/rmw_fastrtps_cpp/cmake)
[0.719s] -- Found OpenSSL: /usr/lib/x86_64-linux-gnu/libcrypto.so (found version "3.0.2")  
[0.747s] -- Found FastRTPS: /opt/ros/humble/include  
[0.790s] -- Using RMW implementation 'rmw_fastrtps_cpp' as default
[0.798s] -- Looking for pthread.h
[0.851s] -- Looking for pthread.h - found
[0.851s] -- Performing Test CMAKE_HAVE_LIBC_PTHREAD
[0.910s] -- Performing Test CMAKE_HAVE_LIBC_PTHREAD - Success
[0.911s] -- Found Threads: TRUE  
[0.939s] -- Found ament_lint_auto: 0.12.11 (/opt/ros/humble/share/ament_lint_auto/cmake)
[0.997s] -- Added test 'copyright' to check source files copyright and LICENSE
[0.998s] -- Added test 'cppcheck' to perform static code analysis on C / C++ code
[0.998s] -- Configured cppcheck include dirs: 
[0.999s] -- Configured cppcheck exclude dirs and/or files: 
[0.999s] -- Added test 'cpplint' to check C / C++ code against the Google style
[0.999s] -- Configured cpplint exclude dirs and/or files: 
[1.000s] -- Added test 'lint_cmake' to check CMake code style
[1.001s] -- Added test 'uncrustify' to check C / C++ code style
[1.001s] -- Configured uncrustify additional arguments: 
[1.001s] -- Added test 'xmllint' to check XML markup files
[1.002s] -- Configuring done
[1.010s] -- Generating done
[1.012s] -- Build files have been written to: /home/donavyn/docker_test/ros2_ws/build/dummy_map_server
