[3.322s] Invoking command in '/home/donavyn/ros2_ws/build/examples_rclpy_pointcloud_publisher': PYTHONPATH=/home/donavyn/ros2_ws/build/examples_rclpy_pointcloud_publisher/prefix_override:/usr/lib/python3/dist-packages/colcon_core/task/python/colcon_distutils_commands:/home/donavyn/ros2_ws/install/examples_rclpy_pointcloud_publisher/lib/python3.10/site-packages:${PYTHONPATH} /usr/bin/python3 -W ignore:setup.py install is deprecated setup.py develop --editable --build-directory /home/donavyn/ros2_ws/build/examples_rclpy_pointcloud_publisher/build --no-deps symlink_data
[4.397s] running develop
[4.398s] /usr/lib/python3/dist-packages/setuptools/command/easy_install.py:158: EasyInstallDeprecationWarning: easy_install command is deprecated. Use build and pip and other standards-based tools.
[4.398s]   warnings.warn(
[4.667s] running egg_info
[4.667s] creating examples_rclpy_pointcloud_publisher.egg-info
[4.667s] writing examples_rclpy_pointcloud_publisher.egg-info/PKG-INFO
[4.667s] writing dependency_links to examples_rclpy_pointcloud_publisher.egg-info/dependency_links.txt
[4.667s] writing entry points to examples_rclpy_pointcloud_publisher.egg-info/entry_points.txt
[4.667s] writing requirements to examples_rclpy_pointcloud_publisher.egg-info/requires.txt
[4.667s] writing top-level names to examples_rclpy_pointcloud_publisher.egg-info/top_level.txt
[4.667s] writing manifest file 'examples_rclpy_pointcloud_publisher.egg-info/SOURCES.txt'
[4.671s] reading manifest file 'examples_rclpy_pointcloud_publisher.egg-info/SOURCES.txt'
[4.671s] writing manifest file 'examples_rclpy_pointcloud_publisher.egg-info/SOURCES.txt'
[4.672s] running build_ext
[4.673s] Creating /home/donavyn/ros2_ws/install/examples_rclpy_pointcloud_publisher/lib/python3.10/site-packages/examples-rclpy-pointcloud-publisher.egg-link (link to .)
[4.679s] Installing pointcloud_publisher script to /home/donavyn/ros2_ws/install/examples_rclpy_pointcloud_publisher/lib/examples_rclpy_pointcloud_publisher
[4.679s] 
[4.679s] Installed /home/donavyn/ros2_ws/build/examples_rclpy_pointcloud_publisher
[4.679s] running symlink_data
[4.679s] creating /home/donavyn/ros2_ws/install/examples_rclpy_pointcloud_publisher/share/ament_index
[4.679s] creating /home/donavyn/ros2_ws/install/examples_rclpy_pointcloud_publisher/share/ament_index/resource_index
[4.679s] creating /home/donavyn/ros2_ws/install/examples_rclpy_pointcloud_publisher/share/ament_index/resource_index/packages
[4.679s] symbolically linking /home/donavyn/ros2_ws/build/examples_rclpy_pointcloud_publisher/resource/examples_rclpy_pointcloud_publisher -> /home/donavyn/ros2_ws/install/examples_rclpy_pointcloud_publisher/share/ament_index/resource_index/packages
[4.679s] symbolically linking /home/donavyn/ros2_ws/build/examples_rclpy_pointcloud_publisher/package.xml -> /home/donavyn/ros2_ws/install/examples_rclpy_pointcloud_publisher/share/examples_rclpy_pointcloud_publisher
[4.737s] Invoked command in '/home/donavyn/ros2_ws/build/examples_rclpy_pointcloud_publisher' returned '0': PYTHONPATH=/home/donavyn/ros2_ws/build/examples_rclpy_pointcloud_publisher/prefix_override:/usr/lib/python3/dist-packages/colcon_core/task/python/colcon_distutils_commands:/home/donavyn/ros2_ws/install/examples_rclpy_pointcloud_publisher/lib/python3.10/site-packages:${PYTHONPATH} /usr/bin/python3 -W ignore:setup.py install is deprecated setup.py develop --editable --build-directory /home/donavyn/ros2_ws/build/examples_rclpy_pointcloud_publisher/build --no-deps symlink_data
