[0.980s] Invoking command in '/home/donavyn/ros2_ws/build/turtlesim': CMAKE_PREFIX_PATH=${CMAKE_PREFIX_PATH}:/home/donavyn/ros2_ws/install/launch_testing_examples:/home/donavyn/ros2_ws/install/examples_rclpy_pointcloud_publisher:/home/donavyn/ros2_ws/install/examples_rclpy_minimal_subscriber:/home/donavyn/ros2_ws/install/examples_rclpy_minimal_service:/home/donavyn/ros2_ws/install/examples_rclpy_minimal_publisher:/home/donavyn/ros2_ws/install/examples_rclpy_minimal_client:/home/donavyn/ros2_ws/install/examples_rclpy_minimal_action_server:/home/donavyn/ros2_ws/install/examples_rclpy_minimal_action_client:/home/donavyn/ros2_ws/install/examples_rclpy_guard_conditions:/home/donavyn/ros2_ws/install/examples_rclpy_executors:/opt/ros/humble /usr/bin/cmake /home/donavyn/ros2_ws/src/ros_tutorials/turtlesim -DCMAKE_INSTALL_PREFIX=/home/donavyn/ros2_ws/install/turtlesim
[1.054s] -- The C compiler identification is GNU 11.4.0
[1.150s] -- The CXX compiler identification is GNU 11.4.0
[1.161s] -- Detecting C compiler ABI info
[1.279s] -- Detecting C compiler ABI info - done
[1.291s] -- Check for working C compiler: /usr/bin/cc - skipped
[1.291s] -- Detecting C compile features
[1.292s] -- Detecting C compile features - done
[1.296s] -- Detecting CXX compiler ABI info
[1.434s] -- Detecting CXX compiler ABI info - done
[1.446s] -- Check for working CXX compiler: /usr/bin/c++ - skipped
[1.446s] -- Detecting CXX compile features
[1.447s] -- Detecting CXX compile features - done
[1.454s] -- Found ament_cmake: 1.3.10 (/opt/ros/humble/share/ament_cmake/cmake)
[1.753s] -- Found Python3: /usr/bin/python3 (found version "3.10.12") found components: Interpreter 
[1.943s] -- Found ament_index_cpp: 1.4.0 (/opt/ros/humble/share/ament_index_cpp/cmake)
[1.949s] -- Found geometry_msgs: 4.2.4 (/opt/ros/humble/share/geometry_msgs/cmake)
[2.017s] -- Found rosidl_generator_c: 3.1.5 (/opt/ros/humble/share/rosidl_generator_c/cmake)
[2.028s] -- Found rosidl_adapter: 3.1.5 (/opt/ros/humble/share/rosidl_adapter/cmake)
[2.042s] -- Found rosidl_generator_cpp: 3.1.5 (/opt/ros/humble/share/rosidl_generator_cpp/cmake)
[2.058s] -- Using all available rosidl_typesupport_c: rosidl_typesupport_fastrtps_c;rosidl_typesupport_introspection_c
[2.081s] -- Using all available rosidl_typesupport_cpp: rosidl_typesupport_fastrtps_cpp;rosidl_typesupport_introspection_cpp
[2.149s] -- Found rclcpp: 16.0.10 (/opt/ros/humble/share/rclcpp/cmake)
[2.198s] -- Found rmw_implementation_cmake: 6.1.2 (/opt/ros/humble/share/rmw_implementation_cmake/cmake)
[2.203s] -- Found rmw_fastrtps_cpp: 6.2.7 (/opt/ros/humble/share/rmw_fastrtps_cpp/cmake)
[2.303s] -- Found OpenSSL: /usr/lib/x86_64-linux-gnu/libcrypto.so (found version "3.0.2")  
[2.329s] -- Found FastRTPS: /opt/ros/humble/include  
[2.361s] -- Using RMW implementation 'rmw_fastrtps_cpp' as default
[2.370s] -- Looking for pthread.h
[2.431s] -- Looking for pthread.h - found
[2.431s] -- Performing Test CMAKE_HAVE_LIBC_PTHREAD
[2.487s] -- Performing Test CMAKE_HAVE_LIBC_PTHREAD - Success
[2.489s] -- Found Threads: TRUE  
[2.534s] -- Found rclcpp_action: 16.0.10 (/opt/ros/humble/share/rclcpp_action/cmake)
[2.560s] -- Found rosidl_default_generators: 1.2.0 (/opt/ros/humble/share/rosidl_default_generators/cmake)
[2.570s] -- Found std_srvs: 4.2.4 (/opt/ros/humble/share/std_srvs/cmake)
[2.797s] -- Found ament_cmake_ros: 0.10.0 (/opt/ros/humble/share/ament_cmake_ros/cmake)
[3.037s] -- Using all available rosidl_typesupport_c: rosidl_typesupport_fastrtps_c;rosidl_typesupport_introspection_c
[3.129s] -- Using all available rosidl_typesupport_cpp: rosidl_typesupport_fastrtps_cpp;rosidl_typesupport_introspection_cpp
[3.148s] -- Found PythonInterp: /usr/bin/python3 (found suitable version "3.10.12", minimum required is "3.6") 
[3.151s] -- Found python_cmake_module: 0.10.0 (/opt/ros/humble/share/python_cmake_module/cmake)
[3.171s] -- Found PythonLibs: /usr/lib/x86_64-linux-gnu/libpython3.10.so (found suitable version "3.10.12", minimum required is "3.5") 
[3.171s] -- Using PYTHON_EXECUTABLE: /usr/bin/python3
[3.171s] -- Using PYTHON_INCLUDE_DIRS: /usr/include/python3.10
[3.171s] -- Using PYTHON_LIBRARIES: /usr/lib/x86_64-linux-gnu/libpython3.10.so
[3.186s] -- Found PythonExtra: .so  
[3.233s] -- Configuring done
[3.268s] -- Generating done
[3.270s] -- Build files have been written to: /home/donavyn/ros2_ws/build/turtlesim
[3.279s] Invoked command in '/home/donavyn/ros2_ws/build/turtlesim' returned '0': CMAKE_PREFIX_PATH=${CMAKE_PREFIX_PATH}:/home/donavyn/ros2_ws/install/launch_testing_examples:/home/donavyn/ros2_ws/install/examples_rclpy_pointcloud_publisher:/home/donavyn/ros2_ws/install/examples_rclpy_minimal_subscriber:/home/donavyn/ros2_ws/install/examples_rclpy_minimal_service:/home/donavyn/ros2_ws/install/examples_rclpy_minimal_publisher:/home/donavyn/ros2_ws/install/examples_rclpy_minimal_client:/home/donavyn/ros2_ws/install/examples_rclpy_minimal_action_server:/home/donavyn/ros2_ws/install/examples_rclpy_minimal_action_client:/home/donavyn/ros2_ws/install/examples_rclpy_guard_conditions:/home/donavyn/ros2_ws/install/examples_rclpy_executors:/opt/ros/humble /usr/bin/cmake /home/donavyn/ros2_ws/src/ros_tutorials/turtlesim -DCMAKE_INSTALL_PREFIX=/home/donavyn/ros2_ws/install/turtlesim
[3.281s] Invoking command in '/home/donavyn/ros2_ws/build/turtlesim': CMAKE_PREFIX_PATH=${CMAKE_PREFIX_PATH}:/home/donavyn/ros2_ws/install/launch_testing_examples:/home/donavyn/ros2_ws/install/examples_rclpy_pointcloud_publisher:/home/donavyn/ros2_ws/install/examples_rclpy_minimal_subscriber:/home/donavyn/ros2_ws/install/examples_rclpy_minimal_service:/home/donavyn/ros2_ws/install/examples_rclpy_minimal_publisher:/home/donavyn/ros2_ws/install/examples_rclpy_minimal_client:/home/donavyn/ros2_ws/install/examples_rclpy_minimal_action_server:/home/donavyn/ros2_ws/install/examples_rclpy_minimal_action_client:/home/donavyn/ros2_ws/install/examples_rclpy_guard_conditions:/home/donavyn/ros2_ws/install/examples_rclpy_executors:/opt/ros/humble /usr/bin/cmake --build /home/donavyn/ros2_ws/build/turtlesim -- -j16 -l16
[3.315s] [  1%] [34m[1mGenerating C code for ROS interfaces[0m
[3.324s] [  2%] [34m[1mGenerating C++ code for ROS interfaces[0m
[3.332s] [  2%] Built target ament_cmake_python_copy_turtlesim
[3.495s] running egg_info
[3.496s] creating turtlesim.egg-info
[3.496s] writing turtlesim.egg-info/PKG-INFO
[3.496s] writing dependency_links to turtlesim.egg-info/dependency_links.txt
[3.496s] writing top-level names to turtlesim.egg-info/top_level.txt
[3.496s] writing manifest file 'turtlesim.egg-info/SOURCES.txt'
[3.497s] reading manifest file 'turtlesim.egg-info/SOURCES.txt'
[3.498s] writing manifest file 'turtlesim.egg-info/SOURCES.txt'
[3.518s] [  2%] Built target ament_cmake_python_build_turtlesim_egg
[3.861s] [  2%] Built target turtlesim__cpp
[3.875s] [  3%] [34m[1mGenerating C++ type support for eProsima Fast-RTPS[0m
[3.875s] [  4%] [34m[1mGenerating C++ type support dispatch for ROS interfaces[0m
[3.881s] [  5%] [34m[1mGenerating C++ introspection for ROS interfaces[0m
[3.900s] [  7%] [32mBuilding C object CMakeFiles/turtlesim__rosidl_generator_c.dir/rosidl_generator_c/turtlesim/msg/detail/color__functions.c.o[0m
[3.900s] [  7%] [32mBuilding C object CMakeFiles/turtlesim__rosidl_generator_c.dir/rosidl_generator_c/turtlesim/action/detail/rotate_absolute__functions.c.o[0m
[3.900s] [  8%] [32mBuilding C object CMakeFiles/turtlesim__rosidl_generator_c.dir/rosidl_generator_c/turtlesim/srv/detail/spawn__functions.c.o[0m
[3.901s] [  9%] [32mBuilding C object CMakeFiles/turtlesim__rosidl_generator_c.dir/rosidl_generator_c/turtlesim/srv/detail/teleport_absolute__functions.c.o[0m
[3.901s] [ 10%] [32mBuilding C object CMakeFiles/turtlesim__rosidl_generator_c.dir/rosidl_generator_c/turtlesim/srv/detail/teleport_relative__functions.c.o[0m
[3.902s] [ 11%] [32mBuilding C object CMakeFiles/turtlesim__rosidl_generator_c.dir/rosidl_generator_c/turtlesim/srv/detail/kill__functions.c.o[0m
[3.902s] [ 12%] [32mBuilding C object CMakeFiles/turtlesim__rosidl_generator_c.dir/rosidl_generator_c/turtlesim/srv/detail/set_pen__functions.c.o[0m
[3.902s] [ 13%] [32mBuilding C object CMakeFiles/turtlesim__rosidl_generator_c.dir/rosidl_generator_c/turtlesim/msg/detail/pose__functions.c.o[0m
[4.026s] [ 14%] [32m[1mLinking C shared library libturtlesim__rosidl_generator_c.so[0m
[4.067s] [ 14%] Built target turtlesim__rosidl_generator_c
[4.077s] [ 17%] [34m[1mGenerating C introspection for ROS interfaces[0m
[4.077s] [ 17%] [34m[1mGenerating C type support dispatch for ROS interfaces[0m
[4.077s] [ 17%] [34m[1mGenerating C type support for eProsima Fast-RTPS[0m
[4.346s] [ 19%] [32mBuilding CXX object CMakeFiles/turtlesim__rosidl_typesupport_cpp.dir/rosidl_typesupport_cpp/turtlesim/srv/spawn__type_support.cpp.o[0m
[4.346s] [ 19%] [32mBuilding CXX object CMakeFiles/turtlesim__rosidl_typesupport_cpp.dir/rosidl_typesupport_cpp/turtlesim/srv/set_pen__type_support.cpp.o[0m
[4.346s] [ 20%] [32mBuilding CXX object CMakeFiles/turtlesim__rosidl_typesupport_cpp.dir/rosidl_typesupport_cpp/turtlesim/srv/kill__type_support.cpp.o[0m
[4.346s] [ 21%] [32mBuilding CXX object CMakeFiles/turtlesim__rosidl_typesupport_cpp.dir/rosidl_typesupport_cpp/turtlesim/action/rotate_absolute__type_support.cpp.o[0m
[4.347s] [ 22%] [32mBuilding CXX object CMakeFiles/turtlesim__rosidl_typesupport_cpp.dir/rosidl_typesupport_cpp/turtlesim/msg/pose__type_support.cpp.o[0m
[4.348s] [ 23%] [32mBuilding CXX object CMakeFiles/turtlesim__rosidl_typesupport_cpp.dir/rosidl_typesupport_cpp/turtlesim/srv/teleport_absolute__type_support.cpp.o[0m
[4.348s] [ 24%] [32mBuilding CXX object CMakeFiles/turtlesim__rosidl_typesupport_cpp.dir/rosidl_typesupport_cpp/turtlesim/msg/color__type_support.cpp.o[0m
[4.349s] [ 25%] [32mBuilding CXX object CMakeFiles/turtlesim__rosidl_typesupport_cpp.dir/rosidl_typesupport_cpp/turtlesim/srv/teleport_relative__type_support.cpp.o[0m
[4.575s] [ 27%] [32mBuilding CXX object CMakeFiles/turtlesim__rosidl_typesupport_introspection_cpp.dir/rosidl_typesupport_introspection_cpp/turtlesim/msg/detail/color__type_support.cpp.o[0m
[4.575s] [ 27%] [32mBuilding CXX object CMakeFiles/turtlesim__rosidl_typesupport_introspection_cpp.dir/rosidl_typesupport_introspection_cpp/turtlesim/action/detail/rotate_absolute__type_support.cpp.o[0m
[4.583s] [ 29%] [32mBuilding CXX object CMakeFiles/turtlesim__rosidl_typesupport_introspection_cpp.dir/rosidl_typesupport_introspection_cpp/turtlesim/msg/detail/pose__type_support.cpp.o[0m
[4.583s] [ 29%] [32mBuilding CXX object CMakeFiles/turtlesim__rosidl_typesupport_introspection_cpp.dir/rosidl_typesupport_introspection_cpp/turtlesim/srv/detail/kill__type_support.cpp.o[0m
[4.601s] [ 30%] [32mBuilding CXX object CMakeFiles/turtlesim__rosidl_typesupport_c.dir/rosidl_typesupport_c/turtlesim/action/rotate_absolute__type_support.cpp.o[0m
[4.682s] [ 31%] [32mBuilding CXX object CMakeFiles/turtlesim__rosidl_typesupport_c.dir/rosidl_typesupport_c/turtlesim/msg/color__type_support.cpp.o[0m
[4.712s] [ 32%] [32mBuilding CXX object CMakeFiles/turtlesim__rosidl_typesupport_introspection_cpp.dir/rosidl_typesupport_introspection_cpp/turtlesim/srv/detail/set_pen__type_support.cpp.o[0m
[4.742s] [ 33%] [32mBuilding CXX object CMakeFiles/turtlesim__rosidl_typesupport_c.dir/rosidl_typesupport_c/turtlesim/msg/pose__type_support.cpp.o[0m
[4.759s] [ 34%] [32mBuilding CXX object CMakeFiles/turtlesim__rosidl_typesupport_introspection_cpp.dir/rosidl_typesupport_introspection_cpp/turtlesim/srv/detail/spawn__type_support.cpp.o[0m
[4.764s] [ 35%] [32mBuilding CXX object CMakeFiles/turtlesim__rosidl_typesupport_c.dir/rosidl_typesupport_c/turtlesim/srv/kill__type_support.cpp.o[0m
[4.772s] [ 36%] [32mBuilding CXX object CMakeFiles/turtlesim__rosidl_typesupport_c.dir/rosidl_typesupport_c/turtlesim/srv/set_pen__type_support.cpp.o[0m
[4.776s] [ 37%] [32mBuilding CXX object CMakeFiles/turtlesim__rosidl_typesupport_c.dir/rosidl_typesupport_c/turtlesim/srv/spawn__type_support.cpp.o[0m
[4.781s] [ 38%] [32mBuilding CXX object CMakeFiles/turtlesim__rosidl_typesupport_c.dir/rosidl_typesupport_c/turtlesim/srv/teleport_absolute__type_support.cpp.o[0m
[4.782s] [ 39%] [32mBuilding CXX object CMakeFiles/turtlesim__rosidl_typesupport_introspection_cpp.dir/rosidl_typesupport_introspection_cpp/turtlesim/srv/detail/teleport_absolute__type_support.cpp.o[0m
[4.818s] [ 40%] [32mBuilding CXX object CMakeFiles/turtlesim__rosidl_typesupport_introspection_cpp.dir/rosidl_typesupport_introspection_cpp/turtlesim/srv/detail/teleport_relative__type_support.cpp.o[0m
[4.823s] [ 41%] [32mBuilding CXX object CMakeFiles/turtlesim__rosidl_typesupport_c.dir/rosidl_typesupport_c/turtlesim/srv/teleport_relative__type_support.cpp.o[0m
[4.842s] [ 45%] [32mBuilding CXX object CMakeFiles/turtlesim__rosidl_typesupport_fastrtps_cpp.dir/rosidl_typesupport_fastrtps_cpp/turtlesim/action/detail/dds_fastrtps/rotate_absolute__type_support.cpp.o[0m
[4.843s] [ 45%] [32mBuilding CXX object CMakeFiles/turtlesim__rosidl_typesupport_fastrtps_cpp.dir/rosidl_typesupport_fastrtps_cpp/turtlesim/msg/detail/dds_fastrtps/color__type_support.cpp.o[0m
[4.843s] [ 45%] [32mBuilding CXX object CMakeFiles/turtlesim__rosidl_typesupport_fastrtps_cpp.dir/rosidl_typesupport_fastrtps_cpp/turtlesim/msg/detail/dds_fastrtps/pose__type_support.cpp.o[0m
[4.843s] [ 45%] [32mBuilding CXX object CMakeFiles/turtlesim__rosidl_typesupport_fastrtps_cpp.dir/rosidl_typesupport_fastrtps_cpp/turtlesim/srv/detail/dds_fastrtps/kill__type_support.cpp.o[0m
[4.885s] [ 46%] [32m[1mLinking CXX shared library libturtlesim__rosidl_typesupport_c.so[0m
[4.968s] [ 46%] Built target turtlesim__rosidl_typesupport_c
[4.986s] [ 47%] [32mBuilding CXX object CMakeFiles/turtlesim__rosidl_typesupport_fastrtps_cpp.dir/rosidl_typesupport_fastrtps_cpp/turtlesim/srv/detail/dds_fastrtps/set_pen__type_support.cpp.o[0m
[5.072s] [ 48%] [32m[1mLinking CXX shared library libturtlesim__rosidl_typesupport_cpp.so[0m
[5.155s] [ 48%] Built target turtlesim__rosidl_typesupport_cpp
[5.161s] [ 49%] [32mBuilding CXX object CMakeFiles/turtlesim__rosidl_typesupport_fastrtps_cpp.dir/rosidl_typesupport_fastrtps_cpp/turtlesim/srv/detail/dds_fastrtps/spawn__type_support.cpp.o[0m
[5.178s] [ 50%] [32mBuilding CXX object CMakeFiles/turtlesim__rosidl_typesupport_fastrtps_cpp.dir/rosidl_typesupport_fastrtps_cpp/turtlesim/srv/detail/dds_fastrtps/teleport_absolute__type_support.cpp.o[0m
[5.190s] [ 51%] [34m[1mGenerating include/turtlesim/moc_turtle_frame.cpp[0m
[5.243s] [ 53%] [32mBuilding CXX object CMakeFiles/turtle_teleop_key.dir/tutorials/teleop_turtle_key.cpp.o[0m
[5.243s] [ 53%] [32mBuilding C object CMakeFiles/turtlesim__rosidl_typesupport_introspection_c.dir/rosidl_typesupport_introspection_c/turtlesim/action/detail/rotate_absolute__type_support.c.o[0m
[5.293s] [ 54%] [32mBuilding CXX object CMakeFiles/turtlesim__rosidl_typesupport_fastrtps_c.dir/rosidl_typesupport_fastrtps_c/turtlesim/action/detail/rotate_absolute__type_support_c.cpp.o[0m
[5.326s] [ 55%] [32mBuilding C object CMakeFiles/turtlesim__rosidl_typesupport_introspection_c.dir/rosidl_typesupport_introspection_c/turtlesim/msg/detail/color__type_support.c.o[0m
[5.329s] [ 56%] [32mBuilding CXX object CMakeFiles/turtlesim_node.dir/src/turtlesim.cpp.o[0m
[5.332s] [ 57%] [32mBuilding CXX object CMakeFiles/turtlesim__rosidl_typesupport_fastrtps_c.dir/rosidl_typesupport_fastrtps_c/turtlesim/msg/detail/color__type_support_c.cpp.o[0m
[5.362s] [ 58%] [32mBuilding C object CMakeFiles/turtlesim__rosidl_typesupport_introspection_c.dir/rosidl_typesupport_introspection_c/turtlesim/msg/detail/pose__type_support.c.o[0m
[5.389s] [ 59%] [32mBuilding CXX object CMakeFiles/turtlesim__rosidl_typesupport_fastrtps_cpp.dir/rosidl_typesupport_fastrtps_cpp/turtlesim/srv/detail/dds_fastrtps/teleport_relative__type_support.cpp.o[0m
[5.409s] [ 60%] [32mBuilding CXX object CMakeFiles/draw_square.dir/tutorials/draw_square.cpp.o[0m
[5.426s] [ 61%] [32mBuilding C object CMakeFiles/turtlesim__rosidl_typesupport_introspection_c.dir/rosidl_typesupport_introspection_c/turtlesim/srv/detail/kill__type_support.c.o[0m
[5.449s] [ 62%] [32mBuilding CXX object CMakeFiles/mimic.dir/tutorials/mimic.cpp.o[0m
[5.465s] [ 63%] [32mBuilding C object CMakeFiles/turtlesim__rosidl_typesupport_introspection_c.dir/rosidl_typesupport_introspection_c/turtlesim/srv/detail/set_pen__type_support.c.o[0m
[5.471s] [ 64%] [32mBuilding CXX object CMakeFiles/turtlesim_node.dir/src/turtle.cpp.o[0m
[5.494s] [ 65%] [32m[1mLinking CXX shared library libturtlesim__rosidl_typesupport_introspection_cpp.so[0m
[5.494s] [ 67%] [32mBuilding CXX object CMakeFiles/turtlesim__rosidl_typesupport_fastrtps_c.dir/rosidl_typesupport_fastrtps_c/turtlesim/msg/detail/pose__type_support_c.cpp.o[0m
[5.494s] [ 67%] [32mBuilding C object CMakeFiles/turtlesim__rosidl_typesupport_introspection_c.dir/rosidl_typesupport_introspection_c/turtlesim/srv/detail/spawn__type_support.c.o[0m
[5.528s] [ 68%] [32mBuilding C object CMakeFiles/turtlesim__rosidl_typesupport_introspection_c.dir/rosidl_typesupport_introspection_c/turtlesim/srv/detail/teleport_absolute__type_support.c.o[0m
[5.564s] [ 69%] [32mBuilding CXX object CMakeFiles/turtlesim_node.dir/src/turtle_frame.cpp.o[0m
[5.590s] [ 70%] [32mBuilding C object CMakeFiles/turtlesim__rosidl_typesupport_introspection_c.dir/rosidl_typesupport_introspection_c/turtlesim/srv/detail/teleport_relative__type_support.c.o[0m
[5.631s] [ 70%] Built target turtlesim__rosidl_typesupport_introspection_cpp
[5.636s] [ 71%] [32mBuilding CXX object CMakeFiles/turtlesim_node.dir/include/turtlesim/moc_turtle_frame.cpp.o[0m
[5.652s] [ 72%] [32mBuilding CXX object CMakeFiles/turtlesim__rosidl_typesupport_fastrtps_c.dir/rosidl_typesupport_fastrtps_c/turtlesim/srv/detail/kill__type_support_c.cpp.o[0m
[5.653s] [ 73%] [32m[1mLinking C shared library libturtlesim__rosidl_typesupport_introspection_c.so[0m
[5.705s] [ 74%] [32mBuilding CXX object CMakeFiles/turtlesim__rosidl_typesupport_fastrtps_c.dir/rosidl_typesupport_fastrtps_c/turtlesim/srv/detail/set_pen__type_support_c.cpp.o[0m
[5.712s] [ 74%] Built target turtlesim__rosidl_typesupport_introspection_c
[5.726s] [ 75%] [32mBuilding CXX object CMakeFiles/turtlesim__rosidl_typesupport_fastrtps_c.dir/rosidl_typesupport_fastrtps_c/turtlesim/srv/detail/spawn__type_support_c.cpp.o[0m
[5.812s] [ 76%] [32mBuilding CXX object CMakeFiles/turtlesim__rosidl_typesupport_fastrtps_c.dir/rosidl_typesupport_fastrtps_c/turtlesim/srv/detail/teleport_absolute__type_support_c.cpp.o[0m
[5.831s] [ 77%] [32mBuilding CXX object CMakeFiles/turtlesim__rosidl_typesupport_fastrtps_c.dir/rosidl_typesupport_fastrtps_c/turtlesim/srv/detail/teleport_relative__type_support_c.cpp.o[0m
[6.022s] [ 78%] [32m[1mLinking CXX shared library libturtlesim__rosidl_typesupport_fastrtps_cpp.so[0m
[6.166s] [ 78%] Built target turtlesim__rosidl_typesupport_fastrtps_cpp
[6.309s] [ 79%] [32m[1mLinking CXX shared library libturtlesim__rosidl_typesupport_fastrtps_c.so[0m
[6.392s] [ 79%] Built target turtlesim__rosidl_typesupport_fastrtps_c
[6.414s] [ 79%] Built target turtlesim
[6.440s] [ 80%] [34m[1mGenerating Python code for ROS interfaces[0m
[7.891s] [ 80%] Built target turtlesim__py
[7.916s] [ 81%] [32mBuilding C object CMakeFiles/turtlesim__rosidl_generator_py.dir/rosidl_generator_py/turtlesim/msg/_pose_s.c.o[0m
[7.916s] [ 82%] [32mBuilding C object CMakeFiles/turtlesim__rosidl_generator_py.dir/rosidl_generator_py/turtlesim/action/_rotate_absolute_s.c.o[0m
[7.916s] [ 83%] [32mBuilding C object CMakeFiles/turtlesim__rosidl_generator_py.dir/rosidl_generator_py/turtlesim/msg/_color_s.c.o[0m
[7.916s] [ 84%] [32mBuilding C object CMakeFiles/turtlesim__rosidl_generator_py.dir/rosidl_generator_py/turtlesim/srv/_teleport_absolute_s.c.o[0m
[7.916s] [ 86%] [32mBuilding C object CMakeFiles/turtlesim__rosidl_generator_py.dir/rosidl_generator_py/turtlesim/srv/_kill_s.c.o[0m
[7.917s] [ 86%] [32mBuilding C object CMakeFiles/turtlesim__rosidl_generator_py.dir/rosidl_generator_py/turtlesim/srv/_spawn_s.c.o[0m
[7.917s] [ 87%] [32mBuilding C object CMakeFiles/turtlesim__rosidl_generator_py.dir/rosidl_generator_py/turtlesim/srv/_set_pen_s.c.o[0m
[7.918s] [ 88%] [32mBuilding C object CMakeFiles/turtlesim__rosidl_generator_py.dir/rosidl_generator_py/turtlesim/srv/_teleport_relative_s.c.o[0m
[8.137s] [ 89%] [32m[1mLinking C shared library rosidl_generator_py/turtlesim/libturtlesim__rosidl_generator_py.so[0m
[8.185s] [ 89%] Built target turtlesim__rosidl_generator_py
[8.210s] [ 90%] [32mBuilding C object CMakeFiles/turtlesim__rosidl_typesupport_fastrtps_c__pyext.dir/rosidl_generator_py/turtlesim/_turtlesim_s.ep.rosidl_typesupport_fastrtps_c.c.o[0m
[8.215s] [ 91%] [32mBuilding C object CMakeFiles/turtlesim__rosidl_typesupport_introspection_c__pyext.dir/rosidl_generator_py/turtlesim/_turtlesim_s.ep.rosidl_typesupport_introspection_c.c.o[0m
[8.216s] [ 92%] [32mBuilding C object CMakeFiles/turtlesim__rosidl_typesupport_c__pyext.dir/rosidl_generator_py/turtlesim/_turtlesim_s.ep.rosidl_typesupport_c.c.o[0m
[8.379s] [ 93%] [32m[1mLinking C shared library rosidl_generator_py/turtlesim/turtlesim_s__rosidl_typesupport_fastrtps_c.cpython-310-x86_64-linux-gnu.so[0m
[8.425s] [ 93%] Built target turtlesim__rosidl_typesupport_fastrtps_c__pyext
[8.462s] [ 94%] [32m[1mLinking C shared library rosidl_generator_py/turtlesim/turtlesim_s__rosidl_typesupport_introspection_c.cpython-310-x86_64-linux-gnu.so[0m
[8.464s] [ 95%] [32m[1mLinking C shared library rosidl_generator_py/turtlesim/turtlesim_s__rosidl_typesupport_c.cpython-310-x86_64-linux-gnu.so[0m
[8.509s] [ 95%] Built target turtlesim__rosidl_typesupport_c__pyext
[8.519s] [ 95%] Built target turtlesim__rosidl_typesupport_introspection_c__pyext
[10.941s] [ 96%] [32m[1mLinking CXX executable turtle_teleop_key[0m
[11.146s] [ 96%] Built target turtle_teleop_key
[12.994s] [ 97%] [32m[1mLinking CXX executable mimic[0m
[13.284s] [ 97%] Built target mimic
[13.432s] [ 98%] [32m[1mLinking CXX executable draw_square[0m
[13.731s] [ 98%] Built target draw_square
[15.903s] [100%] [32m[1mLinking CXX executable turtlesim_node[0m
[17.286s] [100%] Built target turtlesim_node
[17.297s] Invoked command in '/home/donavyn/ros2_ws/build/turtlesim' returned '0': CMAKE_PREFIX_PATH=${CMAKE_PREFIX_PATH}:/home/donavyn/ros2_ws/install/launch_testing_examples:/home/donavyn/ros2_ws/install/examples_rclpy_pointcloud_publisher:/home/donavyn/ros2_ws/install/examples_rclpy_minimal_subscriber:/home/donavyn/ros2_ws/install/examples_rclpy_minimal_service:/home/donavyn/ros2_ws/install/examples_rclpy_minimal_publisher:/home/donavyn/ros2_ws/install/examples_rclpy_minimal_client:/home/donavyn/ros2_ws/install/examples_rclpy_minimal_action_server:/home/donavyn/ros2_ws/install/examples_rclpy_minimal_action_client:/home/donavyn/ros2_ws/install/examples_rclpy_guard_conditions:/home/donavyn/ros2_ws/install/examples_rclpy_executors:/opt/ros/humble /usr/bin/cmake --build /home/donavyn/ros2_ws/build/turtlesim -- -j16 -l16
[17.603s] Invoking command in '/home/donavyn/ros2_ws/build/turtlesim': CMAKE_PREFIX_PATH=${CMAKE_PREFIX_PATH}:/home/donavyn/ros2_ws/install/launch_testing_examples:/home/donavyn/ros2_ws/install/examples_rclpy_pointcloud_publisher:/home/donavyn/ros2_ws/install/examples_rclpy_minimal_subscriber:/home/donavyn/ros2_ws/install/examples_rclpy_minimal_service:/home/donavyn/ros2_ws/install/examples_rclpy_minimal_publisher:/home/donavyn/ros2_ws/install/examples_rclpy_minimal_client:/home/donavyn/ros2_ws/install/examples_rclpy_minimal_action_server:/home/donavyn/ros2_ws/install/examples_rclpy_minimal_action_client:/home/donavyn/ros2_ws/install/examples_rclpy_guard_conditions:/home/donavyn/ros2_ws/install/examples_rclpy_executors:/opt/ros/humble /usr/bin/cmake --install /home/donavyn/ros2_ws/build/turtlesim
[17.609s] -- Install configuration: ""
[17.609s] -- Installing: /home/donavyn/ros2_ws/install/turtlesim/share/ament_index/resource_index/rosidl_interfaces/turtlesim
[17.609s] -- Installing: /home/donavyn/ros2_ws/install/turtlesim/include/turtlesim/turtlesim
[17.610s] -- Installing: /home/donavyn/ros2_ws/install/turtlesim/include/turtlesim/turtlesim/msg
[17.610s] -- Installing: /home/donavyn/ros2_ws/install/turtlesim/include/turtlesim/turtlesim/msg/color.h
[17.610s] -- Installing: /home/donavyn/ros2_ws/install/turtlesim/include/turtlesim/turtlesim/msg/pose.h
[17.610s] -- Installing: /home/donavyn/ros2_ws/install/turtlesim/include/turtlesim/turtlesim/msg/rosidl_generator_c__visibility_control.h
[17.610s] -- Installing: /home/donavyn/ros2_ws/install/turtlesim/include/turtlesim/turtlesim/msg/detail
[17.610s] -- Installing: /home/donavyn/ros2_ws/install/turtlesim/include/turtlesim/turtlesim/msg/detail/color__functions.c
[17.610s] -- Installing: /home/donavyn/ros2_ws/install/turtlesim/include/turtlesim/turtlesim/msg/detail/pose__functions.c
[17.610s] -- Installing: /home/donavyn/ros2_ws/install/turtlesim/include/turtlesim/turtlesim/msg/detail/pose__type_support.h
[17.610s] -- Installing: /home/donavyn/ros2_ws/install/turtlesim/include/turtlesim/turtlesim/msg/detail/pose__struct.h
[17.610s] -- Installing: /home/donavyn/ros2_ws/install/turtlesim/include/turtlesim/turtlesim/msg/detail/color__struct.h
[17.610s] -- Installing: /home/donavyn/ros2_ws/install/turtlesim/include/turtlesim/turtlesim/msg/detail/color__type_support.h
[17.610s] -- Installing: /home/donavyn/ros2_ws/install/turtlesim/include/turtlesim/turtlesim/msg/detail/color__functions.h
[17.610s] -- Installing: /home/donavyn/ros2_ws/install/turtlesim/include/turtlesim/turtlesim/msg/detail/pose__functions.h
[17.610s] -- Installing: /home/donavyn/ros2_ws/install/turtlesim/include/turtlesim/turtlesim/srv
[17.610s] -- Installing: /home/donavyn/ros2_ws/install/turtlesim/include/turtlesim/turtlesim/srv/spawn.h
[17.610s] -- Installing: /home/donavyn/ros2_ws/install/turtlesim/include/turtlesim/turtlesim/srv/teleport_relative.h
[17.610s] -- Installing: /home/donavyn/ros2_ws/install/turtlesim/include/turtlesim/turtlesim/srv/set_pen.h
[17.610s] -- Installing: /home/donavyn/ros2_ws/install/turtlesim/include/turtlesim/turtlesim/srv/teleport_absolute.h
[17.610s] -- Installing: /home/donavyn/ros2_ws/install/turtlesim/include/turtlesim/turtlesim/srv/kill.h
[17.611s] -- Installing: /home/donavyn/ros2_ws/install/turtlesim/include/turtlesim/turtlesim/srv/detail
[17.611s] -- Installing: /home/donavyn/ros2_ws/install/turtlesim/include/turtlesim/turtlesim/srv/detail/teleport_absolute__functions.c
[17.611s] -- Installing: /home/donavyn/ros2_ws/install/turtlesim/include/turtlesim/turtlesim/srv/detail/spawn__functions.h
[17.611s] -- Installing: /home/donavyn/ros2_ws/install/turtlesim/include/turtlesim/turtlesim/srv/detail/spawn__struct.h
[17.611s] -- Installing: /home/donavyn/ros2_ws/install/turtlesim/include/turtlesim/turtlesim/srv/detail/teleport_relative__functions.h
[17.611s] -- Installing: /home/donavyn/ros2_ws/install/turtlesim/include/turtlesim/turtlesim/srv/detail/set_pen__type_support.h
[17.611s] -- Installing: /home/donavyn/ros2_ws/install/turtlesim/include/turtlesim/turtlesim/srv/detail/teleport_absolute__type_support.h
[17.611s] -- Installing: /home/donavyn/ros2_ws/install/turtlesim/include/turtlesim/turtlesim/srv/detail/spawn__functions.c
[17.611s] -- Installing: /home/donavyn/ros2_ws/install/turtlesim/include/turtlesim/turtlesim/srv/detail/spawn__type_support.h
[17.611s] -- Installing: /home/donavyn/ros2_ws/install/turtlesim/include/turtlesim/turtlesim/srv/detail/set_pen__functions.h
[17.611s] -- Installing: /home/donavyn/ros2_ws/install/turtlesim/include/turtlesim/turtlesim/srv/detail/teleport_relative__functions.c
[17.611s] -- Installing: /home/donavyn/ros2_ws/install/turtlesim/include/turtlesim/turtlesim/srv/detail/kill__struct.h
[17.611s] -- Installing: /home/donavyn/ros2_ws/install/turtlesim/include/turtlesim/turtlesim/srv/detail/teleport_relative__type_support.h
[17.612s] -- Installing: /home/donavyn/ros2_ws/install/turtlesim/include/turtlesim/turtlesim/srv/detail/teleport_absolute__functions.h
[17.612s] -- Installing: /home/donavyn/ros2_ws/install/turtlesim/include/turtlesim/turtlesim/srv/detail/teleport_absolute__struct.h
[17.612s] -- Installing: /home/donavyn/ros2_ws/install/turtlesim/include/turtlesim/turtlesim/srv/detail/set_pen__functions.c
[17.612s] -- Installing: /home/donavyn/ros2_ws/install/turtlesim/include/turtlesim/turtlesim/srv/detail/kill__functions.c
[17.612s] -- Installing: /home/donavyn/ros2_ws/install/turtlesim/include/turtlesim/turtlesim/srv/detail/kill__type_support.h
[17.612s] -- Installing: /home/donavyn/ros2_ws/install/turtlesim/include/turtlesim/turtlesim/srv/detail/kill__functions.h
[17.612s] -- Installing: /home/donavyn/ros2_ws/install/turtlesim/include/turtlesim/turtlesim/srv/detail/teleport_relative__struct.h
[17.612s] -- Installing: /home/donavyn/ros2_ws/install/turtlesim/include/turtlesim/turtlesim/srv/detail/set_pen__struct.h
[17.612s] -- Installing: /home/donavyn/ros2_ws/install/turtlesim/include/turtlesim/turtlesim/action
[17.612s] -- Installing: /home/donavyn/ros2_ws/install/turtlesim/include/turtlesim/turtlesim/action/rotate_absolute.h
[17.612s] -- Installing: /home/donavyn/ros2_ws/install/turtlesim/include/turtlesim/turtlesim/action/detail
[17.612s] -- Installing: /home/donavyn/ros2_ws/install/turtlesim/include/turtlesim/turtlesim/action/detail/rotate_absolute__functions.h
[17.613s] -- Installing: /home/donavyn/ros2_ws/install/turtlesim/include/turtlesim/turtlesim/action/detail/rotate_absolute__type_support.h
[17.613s] -- Installing: /home/donavyn/ros2_ws/install/turtlesim/include/turtlesim/turtlesim/action/detail/rotate_absolute__struct.h
[17.613s] -- Installing: /home/donavyn/ros2_ws/install/turtlesim/include/turtlesim/turtlesim/action/detail/rotate_absolute__functions.c
[17.613s] -- Installing: /home/donavyn/ros2_ws/install/turtlesim/share/turtlesim/environment/library_path.sh
[17.613s] -- Installing: /home/donavyn/ros2_ws/install/turtlesim/share/turtlesim/environment/library_path.dsv
[17.613s] -- Installing: /home/donavyn/ros2_ws/install/turtlesim/lib/libturtlesim__rosidl_generator_c.so
[17.613s] -- Set runtime path of "/home/donavyn/ros2_ws/install/turtlesim/lib/libturtlesim__rosidl_generator_c.so" to ""
[17.613s] -- Up-to-date: /home/donavyn/ros2_ws/install/turtlesim/include/turtlesim/turtlesim
[17.614s] -- Up-to-date: /home/donavyn/ros2_ws/install/turtlesim/include/turtlesim/turtlesim/msg
[17.614s] -- Installing: /home/donavyn/ros2_ws/install/turtlesim/include/turtlesim/turtlesim/msg/rosidl_typesupport_fastrtps_c__visibility_control.h
[17.614s] -- Up-to-date: /home/donavyn/ros2_ws/install/turtlesim/include/turtlesim/turtlesim/msg/detail
[17.614s] -- Installing: /home/donavyn/ros2_ws/install/turtlesim/include/turtlesim/turtlesim/msg/detail/pose__rosidl_typesupport_fastrtps_c.h
[17.614s] -- Installing: /home/donavyn/ros2_ws/install/turtlesim/include/turtlesim/turtlesim/msg/detail/color__rosidl_typesupport_fastrtps_c.h
[17.614s] -- Up-to-date: /home/donavyn/ros2_ws/install/turtlesim/include/turtlesim/turtlesim/srv
[17.614s] -- Up-to-date: /home/donavyn/ros2_ws/install/turtlesim/include/turtlesim/turtlesim/srv/detail
[17.614s] -- Installing: /home/donavyn/ros2_ws/install/turtlesim/include/turtlesim/turtlesim/srv/detail/spawn__rosidl_typesupport_fastrtps_c.h
[17.614s] -- Installing: /home/donavyn/ros2_ws/install/turtlesim/include/turtlesim/turtlesim/srv/detail/set_pen__rosidl_typesupport_fastrtps_c.h
[17.614s] -- Installing: /home/donavyn/ros2_ws/install/turtlesim/include/turtlesim/turtlesim/srv/detail/teleport_absolute__rosidl_typesupport_fastrtps_c.h
[17.614s] -- Installing: /home/donavyn/ros2_ws/install/turtlesim/include/turtlesim/turtlesim/srv/detail/kill__rosidl_typesupport_fastrtps_c.h
[17.614s] -- Installing: /home/donavyn/ros2_ws/install/turtlesim/include/turtlesim/turtlesim/srv/detail/teleport_relative__rosidl_typesupport_fastrtps_c.h
[17.614s] -- Up-to-date: /home/donavyn/ros2_ws/install/turtlesim/include/turtlesim/turtlesim/action
[17.614s] -- Up-to-date: /home/donavyn/ros2_ws/install/turtlesim/include/turtlesim/turtlesim/action/detail
[17.614s] -- Installing: /home/donavyn/ros2_ws/install/turtlesim/include/turtlesim/turtlesim/action/detail/rotate_absolute__rosidl_typesupport_fastrtps_c.h
[17.614s] -- Installing: /home/donavyn/ros2_ws/install/turtlesim/lib/libturtlesim__rosidl_typesupport_fastrtps_c.so
[17.615s] -- Set runtime path of "/home/donavyn/ros2_ws/install/turtlesim/lib/libturtlesim__rosidl_typesupport_fastrtps_c.so" to ""
[17.615s] -- Up-to-date: /home/donavyn/ros2_ws/install/turtlesim/include/turtlesim/turtlesim
[17.615s] -- Up-to-date: /home/donavyn/ros2_ws/install/turtlesim/include/turtlesim/turtlesim/msg
[17.615s] -- Installing: /home/donavyn/ros2_ws/install/turtlesim/include/turtlesim/turtlesim/msg/pose.hpp
[17.615s] -- Installing: /home/donavyn/ros2_ws/install/turtlesim/include/turtlesim/turtlesim/msg/color.hpp
[17.615s] -- Up-to-date: /home/donavyn/ros2_ws/install/turtlesim/include/turtlesim/turtlesim/msg/detail
[17.615s] -- Installing: /home/donavyn/ros2_ws/install/turtlesim/include/turtlesim/turtlesim/msg/detail/pose__builder.hpp
[17.615s] -- Installing: /home/donavyn/ros2_ws/install/turtlesim/include/turtlesim/turtlesim/msg/detail/color__struct.hpp
[17.615s] -- Installing: /home/donavyn/ros2_ws/install/turtlesim/include/turtlesim/turtlesim/msg/detail/color__builder.hpp
[17.615s] -- Installing: /home/donavyn/ros2_ws/install/turtlesim/include/turtlesim/turtlesim/msg/detail/pose__struct.hpp
[17.615s] -- Installing: /home/donavyn/ros2_ws/install/turtlesim/include/turtlesim/turtlesim/msg/detail/pose__traits.hpp
[17.615s] -- Installing: /home/donavyn/ros2_ws/install/turtlesim/include/turtlesim/turtlesim/msg/detail/color__traits.hpp
[17.615s] -- Up-to-date: /home/donavyn/ros2_ws/install/turtlesim/include/turtlesim/turtlesim/srv
[17.616s] -- Installing: /home/donavyn/ros2_ws/install/turtlesim/include/turtlesim/turtlesim/srv/spawn.hpp
[17.616s] -- Installing: /home/donavyn/ros2_ws/install/turtlesim/include/turtlesim/turtlesim/srv/kill.hpp
[17.616s] -- Installing: /home/donavyn/ros2_ws/install/turtlesim/include/turtlesim/turtlesim/srv/teleport_absolute.hpp
[17.616s] -- Installing: /home/donavyn/ros2_ws/install/turtlesim/include/turtlesim/turtlesim/srv/set_pen.hpp
[17.616s] -- Up-to-date: /home/donavyn/ros2_ws/install/turtlesim/include/turtlesim/turtlesim/srv/detail
[17.616s] -- Installing: /home/donavyn/ros2_ws/install/turtlesim/include/turtlesim/turtlesim/srv/detail/kill__struct.hpp
[17.616s] -- Installing: /home/donavyn/ros2_ws/install/turtlesim/include/turtlesim/turtlesim/srv/detail/teleport_absolute__struct.hpp
[17.616s] -- Installing: /home/donavyn/ros2_ws/install/turtlesim/include/turtlesim/turtlesim/srv/detail/set_pen__builder.hpp
[17.616s] -- Installing: /home/donavyn/ros2_ws/install/turtlesim/include/turtlesim/turtlesim/srv/detail/teleport_relative__struct.hpp
[17.616s] -- Installing: /home/donavyn/ros2_ws/install/turtlesim/include/turtlesim/turtlesim/srv/detail/spawn__struct.hpp
[17.616s] -- Installing: /home/donavyn/ros2_ws/install/turtlesim/include/turtlesim/turtlesim/srv/detail/spawn__traits.hpp
[17.616s] -- Installing: /home/donavyn/ros2_ws/install/turtlesim/include/turtlesim/turtlesim/srv/detail/teleport_absolute__builder.hpp
[17.616s] -- Installing: /home/donavyn/ros2_ws/install/turtlesim/include/turtlesim/turtlesim/srv/detail/teleport_relative__traits.hpp
[17.617s] -- Installing: /home/donavyn/ros2_ws/install/turtlesim/include/turtlesim/turtlesim/srv/detail/set_pen__traits.hpp
[17.617s] -- Installing: /home/donavyn/ros2_ws/install/turtlesim/include/turtlesim/turtlesim/srv/detail/spawn__builder.hpp
[17.617s] -- Installing: /home/donavyn/ros2_ws/install/turtlesim/include/turtlesim/turtlesim/srv/detail/kill__builder.hpp
[17.617s] -- Installing: /home/donavyn/ros2_ws/install/turtlesim/include/turtlesim/turtlesim/srv/detail/teleport_relative__builder.hpp
[17.617s] -- Installing: /home/donavyn/ros2_ws/install/turtlesim/include/turtlesim/turtlesim/srv/detail/kill__traits.hpp
[17.617s] -- Installing: /home/donavyn/ros2_ws/install/turtlesim/include/turtlesim/turtlesim/srv/detail/teleport_absolute__traits.hpp
[17.617s] -- Installing: /home/donavyn/ros2_ws/install/turtlesim/include/turtlesim/turtlesim/srv/detail/set_pen__struct.hpp
[17.617s] -- Installing: /home/donavyn/ros2_ws/install/turtlesim/include/turtlesim/turtlesim/srv/teleport_relative.hpp
[17.617s] -- Up-to-date: /home/donavyn/ros2_ws/install/turtlesim/include/turtlesim/turtlesim/action
[17.617s] -- Installing: /home/donavyn/ros2_ws/install/turtlesim/include/turtlesim/turtlesim/action/rotate_absolute.hpp
[17.617s] -- Up-to-date: /home/donavyn/ros2_ws/install/turtlesim/include/turtlesim/turtlesim/action/detail
[17.617s] -- Installing: /home/donavyn/ros2_ws/install/turtlesim/include/turtlesim/turtlesim/action/detail/rotate_absolute__traits.hpp
[17.617s] -- Installing: /home/donavyn/ros2_ws/install/turtlesim/include/turtlesim/turtlesim/action/detail/rotate_absolute__struct.hpp
[17.618s] -- Installing: /home/donavyn/ros2_ws/install/turtlesim/include/turtlesim/turtlesim/action/detail/rotate_absolute__builder.hpp
[17.618s] -- Up-to-date: /home/donavyn/ros2_ws/install/turtlesim/include/turtlesim/turtlesim
[17.618s] -- Up-to-date: /home/donavyn/ros2_ws/install/turtlesim/include/turtlesim/turtlesim/msg
[17.618s] -- Installing: /home/donavyn/ros2_ws/install/turtlesim/include/turtlesim/turtlesim/msg/rosidl_typesupport_fastrtps_cpp__visibility_control.h
[17.618s] -- Up-to-date: /home/donavyn/ros2_ws/install/turtlesim/include/turtlesim/turtlesim/msg/detail
[17.618s] -- Installing: /home/donavyn/ros2_ws/install/turtlesim/include/turtlesim/turtlesim/msg/detail/pose__rosidl_typesupport_fastrtps_cpp.hpp
[17.618s] -- Installing: /home/donavyn/ros2_ws/install/turtlesim/include/turtlesim/turtlesim/msg/detail/dds_fastrtps
[17.618s] -- Installing: /home/donavyn/ros2_ws/install/turtlesim/include/turtlesim/turtlesim/msg/detail/color__rosidl_typesupport_fastrtps_cpp.hpp
[17.618s] -- Up-to-date: /home/donavyn/ros2_ws/install/turtlesim/include/turtlesim/turtlesim/srv
[17.618s] -- Up-to-date: /home/donavyn/ros2_ws/install/turtlesim/include/turtlesim/turtlesim/srv/detail
[17.618s] -- Installing: /home/donavyn/ros2_ws/install/turtlesim/include/turtlesim/turtlesim/srv/detail/teleport_absolute__rosidl_typesupport_fastrtps_cpp.hpp
[17.618s] -- Installing: /home/donavyn/ros2_ws/install/turtlesim/include/turtlesim/turtlesim/srv/detail/set_pen__rosidl_typesupport_fastrtps_cpp.hpp
[17.618s] -- Installing: /home/donavyn/ros2_ws/install/turtlesim/include/turtlesim/turtlesim/srv/detail/dds_fastrtps
[17.618s] -- Installing: /home/donavyn/ros2_ws/install/turtlesim/include/turtlesim/turtlesim/srv/detail/kill__rosidl_typesupport_fastrtps_cpp.hpp
[17.619s] -- Installing: /home/donavyn/ros2_ws/install/turtlesim/include/turtlesim/turtlesim/srv/detail/spawn__rosidl_typesupport_fastrtps_cpp.hpp
[17.619s] -- Installing: /home/donavyn/ros2_ws/install/turtlesim/include/turtlesim/turtlesim/srv/detail/teleport_relative__rosidl_typesupport_fastrtps_cpp.hpp
[17.619s] -- Up-to-date: /home/donavyn/ros2_ws/install/turtlesim/include/turtlesim/turtlesim/action
[17.619s] -- Up-to-date: /home/donavyn/ros2_ws/install/turtlesim/include/turtlesim/turtlesim/action/detail
[17.619s] -- Installing: /home/donavyn/ros2_ws/install/turtlesim/include/turtlesim/turtlesim/action/detail/dds_fastrtps
[17.619s] -- Installing: /home/donavyn/ros2_ws/install/turtlesim/include/turtlesim/turtlesim/action/detail/rotate_absolute__rosidl_typesupport_fastrtps_cpp.hpp
[17.619s] -- Installing: /home/donavyn/ros2_ws/install/turtlesim/lib/libturtlesim__rosidl_typesupport_fastrtps_cpp.so
[17.619s] -- Set runtime path of "/home/donavyn/ros2_ws/install/turtlesim/lib/libturtlesim__rosidl_typesupport_fastrtps_cpp.so" to ""
[17.619s] -- Up-to-date: /home/donavyn/ros2_ws/install/turtlesim/include/turtlesim/turtlesim
[17.619s] -- Up-to-date: /home/donavyn/ros2_ws/install/turtlesim/include/turtlesim/turtlesim/msg
[17.619s] -- Installing: /home/donavyn/ros2_ws/install/turtlesim/include/turtlesim/turtlesim/msg/rosidl_typesupport_introspection_c__visibility_control.h
[17.619s] -- Up-to-date: /home/donavyn/ros2_ws/install/turtlesim/include/turtlesim/turtlesim/msg/detail
[17.619s] -- Installing: /home/donavyn/ros2_ws/install/turtlesim/include/turtlesim/turtlesim/msg/detail/color__type_support.c
[17.619s] -- Installing: /home/donavyn/ros2_ws/install/turtlesim/include/turtlesim/turtlesim/msg/detail/color__rosidl_typesupport_introspection_c.h
[17.620s] -- Installing: /home/donavyn/ros2_ws/install/turtlesim/include/turtlesim/turtlesim/msg/detail/pose__type_support.c
[17.620s] -- Installing: /home/donavyn/ros2_ws/install/turtlesim/include/turtlesim/turtlesim/msg/detail/pose__rosidl_typesupport_introspection_c.h
[17.620s] -- Up-to-date: /home/donavyn/ros2_ws/install/turtlesim/include/turtlesim/turtlesim/srv
[17.620s] -- Up-to-date: /home/donavyn/ros2_ws/install/turtlesim/include/turtlesim/turtlesim/srv/detail
[17.620s] -- Installing: /home/donavyn/ros2_ws/install/turtlesim/include/turtlesim/turtlesim/srv/detail/spawn__type_support.c
[17.620s] -- Installing: /home/donavyn/ros2_ws/install/turtlesim/include/turtlesim/turtlesim/srv/detail/spawn__rosidl_typesupport_introspection_c.h
[17.620s] -- Installing: /home/donavyn/ros2_ws/install/turtlesim/include/turtlesim/turtlesim/srv/detail/teleport_relative__type_support.c
[17.620s] -- Installing: /home/donavyn/ros2_ws/install/turtlesim/include/turtlesim/turtlesim/srv/detail/teleport_relative__rosidl_typesupport_introspection_c.h
[17.620s] -- Installing: /home/donavyn/ros2_ws/install/turtlesim/include/turtlesim/turtlesim/srv/detail/set_pen__type_support.c
[17.620s] -- Installing: /home/donavyn/ros2_ws/install/turtlesim/include/turtlesim/turtlesim/srv/detail/teleport_absolute__rosidl_typesupport_introspection_c.h
[17.620s] -- Installing: /home/donavyn/ros2_ws/install/turtlesim/include/turtlesim/turtlesim/srv/detail/kill__type_support.c
[17.620s] -- Installing: /home/donavyn/ros2_ws/install/turtlesim/include/turtlesim/turtlesim/srv/detail/teleport_absolute__type_support.c
[17.620s] -- Installing: /home/donavyn/ros2_ws/install/turtlesim/include/turtlesim/turtlesim/srv/detail/kill__rosidl_typesupport_introspection_c.h
[17.620s] -- Installing: /home/donavyn/ros2_ws/install/turtlesim/include/turtlesim/turtlesim/srv/detail/set_pen__rosidl_typesupport_introspection_c.h
[17.620s] -- Up-to-date: /home/donavyn/ros2_ws/install/turtlesim/include/turtlesim/turtlesim/action
[17.621s] -- Up-to-date: /home/donavyn/ros2_ws/install/turtlesim/include/turtlesim/turtlesim/action/detail
[17.621s] -- Installing: /home/donavyn/ros2_ws/install/turtlesim/include/turtlesim/turtlesim/action/detail/rotate_absolute__type_support.c
[17.621s] -- Installing: /home/donavyn/ros2_ws/install/turtlesim/include/turtlesim/turtlesim/action/detail/rotate_absolute__rosidl_typesupport_introspection_c.h
[17.621s] -- Installing: /home/donavyn/ros2_ws/install/turtlesim/lib/libturtlesim__rosidl_typesupport_introspection_c.so
[17.621s] -- Set runtime path of "/home/donavyn/ros2_ws/install/turtlesim/lib/libturtlesim__rosidl_typesupport_introspection_c.so" to ""
[17.621s] -- Installing: /home/donavyn/ros2_ws/install/turtlesim/lib/libturtlesim__rosidl_typesupport_c.so
[17.621s] -- Set runtime path of "/home/donavyn/ros2_ws/install/turtlesim/lib/libturtlesim__rosidl_typesupport_c.so" to ""
[17.621s] -- Up-to-date: /home/donavyn/ros2_ws/install/turtlesim/include/turtlesim/turtlesim
[17.621s] -- Up-to-date: /home/donavyn/ros2_ws/install/turtlesim/include/turtlesim/turtlesim/msg
[17.621s] -- Up-to-date: /home/donavyn/ros2_ws/install/turtlesim/include/turtlesim/turtlesim/msg/detail
[17.621s] -- Installing: /home/donavyn/ros2_ws/install/turtlesim/include/turtlesim/turtlesim/msg/detail/pose__type_support.cpp
[17.622s] -- Installing: /home/donavyn/ros2_ws/install/turtlesim/include/turtlesim/turtlesim/msg/detail/pose__rosidl_typesupport_introspection_cpp.hpp
[17.622s] -- Installing: /home/donavyn/ros2_ws/install/turtlesim/include/turtlesim/turtlesim/msg/detail/color__type_support.cpp
[17.622s] -- Installing: /home/donavyn/ros2_ws/install/turtlesim/include/turtlesim/turtlesim/msg/detail/color__rosidl_typesupport_introspection_cpp.hpp
[17.622s] -- Up-to-date: /home/donavyn/ros2_ws/install/turtlesim/include/turtlesim/turtlesim/srv
[17.622s] -- Up-to-date: /home/donavyn/ros2_ws/install/turtlesim/include/turtlesim/turtlesim/srv/detail
[17.622s] -- Installing: /home/donavyn/ros2_ws/install/turtlesim/include/turtlesim/turtlesim/srv/detail/kill__type_support.cpp
[17.622s] -- Installing: /home/donavyn/ros2_ws/install/turtlesim/include/turtlesim/turtlesim/srv/detail/teleport_relative__rosidl_typesupport_introspection_cpp.hpp
[17.622s] -- Installing: /home/donavyn/ros2_ws/install/turtlesim/include/turtlesim/turtlesim/srv/detail/teleport_relative__type_support.cpp
[17.622s] -- Installing: /home/donavyn/ros2_ws/install/turtlesim/include/turtlesim/turtlesim/srv/detail/set_pen__rosidl_typesupport_introspection_cpp.hpp
[17.622s] -- Installing: /home/donavyn/ros2_ws/install/turtlesim/include/turtlesim/turtlesim/srv/detail/teleport_absolute__type_support.cpp
[17.622s] -- Installing: /home/donavyn/ros2_ws/install/turtlesim/include/turtlesim/turtlesim/srv/detail/spawn__type_support.cpp
[17.622s] -- Installing: /home/donavyn/ros2_ws/install/turtlesim/include/turtlesim/turtlesim/srv/detail/spawn__rosidl_typesupport_introspection_cpp.hpp
[17.622s] -- Installing: /home/donavyn/ros2_ws/install/turtlesim/include/turtlesim/turtlesim/srv/detail/teleport_absolute__rosidl_typesupport_introspection_cpp.hpp
[17.623s] -- Installing: /home/donavyn/ros2_ws/install/turtlesim/include/turtlesim/turtlesim/srv/detail/set_pen__type_support.cpp
[17.623s] -- Installing: /home/donavyn/ros2_ws/install/turtlesim/include/turtlesim/turtlesim/srv/detail/kill__rosidl_typesupport_introspection_cpp.hpp
[17.623s] -- Up-to-date: /home/donavyn/ros2_ws/install/turtlesim/include/turtlesim/turtlesim/action
[17.623s] -- Up-to-date: /home/donavyn/ros2_ws/install/turtlesim/include/turtlesim/turtlesim/action/detail
[17.623s] -- Installing: /home/donavyn/ros2_ws/install/turtlesim/include/turtlesim/turtlesim/action/detail/rotate_absolute__rosidl_typesupport_introspection_cpp.hpp
[17.623s] -- Installing: /home/donavyn/ros2_ws/install/turtlesim/include/turtlesim/turtlesim/action/detail/rotate_absolute__type_support.cpp
[17.623s] -- Installing: /home/donavyn/ros2_ws/install/turtlesim/lib/libturtlesim__rosidl_typesupport_introspection_cpp.so
[17.623s] -- Set runtime path of "/home/donavyn/ros2_ws/install/turtlesim/lib/libturtlesim__rosidl_typesupport_introspection_cpp.so" to ""
[17.623s] -- Installing: /home/donavyn/ros2_ws/install/turtlesim/lib/libturtlesim__rosidl_typesupport_cpp.so
[17.623s] -- Set runtime path of "/home/donavyn/ros2_ws/install/turtlesim/lib/libturtlesim__rosidl_typesupport_cpp.so" to ""
[17.623s] -- Installing: /home/donavyn/ros2_ws/install/turtlesim/share/turtlesim/environment/pythonpath.sh
[17.624s] -- Installing: /home/donavyn/ros2_ws/install/turtlesim/share/turtlesim/environment/pythonpath.dsv
[17.624s] -- Installing: /home/donavyn/ros2_ws/install/turtlesim/local/lib/python3.10/dist-packages/turtlesim-1.4.2-py3.10.egg-info
[17.624s] -- Installing: /home/donavyn/ros2_ws/install/turtlesim/local/lib/python3.10/dist-packages/turtlesim-1.4.2-py3.10.egg-info/dependency_links.txt
[17.624s] -- Installing: /home/donavyn/ros2_ws/install/turtlesim/local/lib/python3.10/dist-packages/turtlesim-1.4.2-py3.10.egg-info/PKG-INFO
[17.624s] -- Installing: /home/donavyn/ros2_ws/install/turtlesim/local/lib/python3.10/dist-packages/turtlesim-1.4.2-py3.10.egg-info/SOURCES.txt
[17.624s] -- Installing: /home/donavyn/ros2_ws/install/turtlesim/local/lib/python3.10/dist-packages/turtlesim-1.4.2-py3.10.egg-info/top_level.txt
[17.624s] -- Installing: /home/donavyn/ros2_ws/install/turtlesim/local/lib/python3.10/dist-packages/turtlesim
[17.624s] -- Installing: /home/donavyn/ros2_ws/install/turtlesim/local/lib/python3.10/dist-packages/turtlesim/turtlesim_s__rosidl_typesupport_fastrtps_c.cpython-310-x86_64-linux-gnu.so
[17.624s] -- Installing: /home/donavyn/ros2_ws/install/turtlesim/local/lib/python3.10/dist-packages/turtlesim/__init__.py
[17.624s] -- Installing: /home/donavyn/ros2_ws/install/turtlesim/local/lib/python3.10/dist-packages/turtlesim/libturtlesim__rosidl_generator_py.so
[17.624s] -- Installing: /home/donavyn/ros2_ws/install/turtlesim/local/lib/python3.10/dist-packages/turtlesim/msg
[17.625s] -- Installing: /home/donavyn/ros2_ws/install/turtlesim/local/lib/python3.10/dist-packages/turtlesim/msg/_color_s.c
[17.625s] -- Installing: /home/donavyn/ros2_ws/install/turtlesim/local/lib/python3.10/dist-packages/turtlesim/msg/__init__.py
[17.625s] -- Installing: /home/donavyn/ros2_ws/install/turtlesim/local/lib/python3.10/dist-packages/turtlesim/msg/_pose_s.c
[17.625s] -- Installing: /home/donavyn/ros2_ws/install/turtlesim/local/lib/python3.10/dist-packages/turtlesim/msg/_color.py
[17.625s] -- Installing: /home/donavyn/ros2_ws/install/turtlesim/local/lib/python3.10/dist-packages/turtlesim/msg/_pose.py
[17.625s] -- Installing: /home/donavyn/ros2_ws/install/turtlesim/local/lib/python3.10/dist-packages/turtlesim/_turtlesim_s.ep.rosidl_typesupport_introspection_c.c
[17.625s] -- Installing: /home/donavyn/ros2_ws/install/turtlesim/local/lib/python3.10/dist-packages/turtlesim/_turtlesim_s.ep.rosidl_typesupport_fastrtps_c.c
[17.625s] -- Installing: /home/donavyn/ros2_ws/install/turtlesim/local/lib/python3.10/dist-packages/turtlesim/turtlesim_s__rosidl_typesupport_c.cpython-310-x86_64-linux-gnu.so
[17.625s] -- Installing: /home/donavyn/ros2_ws/install/turtlesim/local/lib/python3.10/dist-packages/turtlesim/srv
[17.626s] -- Installing: /home/donavyn/ros2_ws/install/turtlesim/local/lib/python3.10/dist-packages/turtlesim/srv/_set_pen_s.c
[17.626s] -- Installing: /home/donavyn/ros2_ws/install/turtlesim/local/lib/python3.10/dist-packages/turtlesim/srv/_teleport_absolute.py
[17.626s] -- Installing: /home/donavyn/ros2_ws/install/turtlesim/local/lib/python3.10/dist-packages/turtlesim/srv/_kill.py
[17.626s] -- Installing: /home/donavyn/ros2_ws/install/turtlesim/local/lib/python3.10/dist-packages/turtlesim/srv/_spawn.py
[17.626s] -- Installing: /home/donavyn/ros2_ws/install/turtlesim/local/lib/python3.10/dist-packages/turtlesim/srv/__init__.py
[17.626s] -- Installing: /home/donavyn/ros2_ws/install/turtlesim/local/lib/python3.10/dist-packages/turtlesim/srv/_teleport_relative_s.c
[17.626s] -- Installing: /home/donavyn/ros2_ws/install/turtlesim/local/lib/python3.10/dist-packages/turtlesim/srv/_kill_s.c
[17.626s] -- Installing: /home/donavyn/ros2_ws/install/turtlesim/local/lib/python3.10/dist-packages/turtlesim/srv/_teleport_absolute_s.c
[17.626s] -- Installing: /home/donavyn/ros2_ws/install/turtlesim/local/lib/python3.10/dist-packages/turtlesim/srv/_spawn_s.c
[17.626s] -- Installing: /home/donavyn/ros2_ws/install/turtlesim/local/lib/python3.10/dist-packages/turtlesim/srv/_set_pen.py
[17.626s] -- Installing: /home/donavyn/ros2_ws/install/turtlesim/local/lib/python3.10/dist-packages/turtlesim/srv/_teleport_relative.py
[17.626s] -- Installing: /home/donavyn/ros2_ws/install/turtlesim/local/lib/python3.10/dist-packages/turtlesim/turtlesim_s__rosidl_typesupport_introspection_c.cpython-310-x86_64-linux-gnu.so
[17.627s] -- Installing: /home/donavyn/ros2_ws/install/turtlesim/local/lib/python3.10/dist-packages/turtlesim/action
[17.627s] -- Installing: /home/donavyn/ros2_ws/install/turtlesim/local/lib/python3.10/dist-packages/turtlesim/action/__init__.py
[17.627s] -- Installing: /home/donavyn/ros2_ws/install/turtlesim/local/lib/python3.10/dist-packages/turtlesim/action/_rotate_absolute_s.c
[17.627s] -- Installing: /home/donavyn/ros2_ws/install/turtlesim/local/lib/python3.10/dist-packages/turtlesim/action/_rotate_absolute.py
[17.627s] -- Installing: /home/donavyn/ros2_ws/install/turtlesim/local/lib/python3.10/dist-packages/turtlesim/_turtlesim_s.ep.rosidl_typesupport_c.c
[17.662s] Listing '/home/donavyn/ros2_ws/install/turtlesim/local/lib/python3.10/dist-packages/turtlesim'...
[17.662s] Compiling '/home/donavyn/ros2_ws/install/turtlesim/local/lib/python3.10/dist-packages/turtlesim/__init__.py'...
[17.662s] Listing '/home/donavyn/ros2_ws/install/turtlesim/local/lib/python3.10/dist-packages/turtlesim/action'...
[17.662s] Compiling '/home/donavyn/ros2_ws/install/turtlesim/local/lib/python3.10/dist-packages/turtlesim/action/__init__.py'...
[17.662s] Compiling '/home/donavyn/ros2_ws/install/turtlesim/local/lib/python3.10/dist-packages/turtlesim/action/_rotate_absolute.py'...
[17.662s] Listing '/home/donavyn/ros2_ws/install/turtlesim/local/lib/python3.10/dist-packages/turtlesim/msg'...
[17.662s] Compiling '/home/donavyn/ros2_ws/install/turtlesim/local/lib/python3.10/dist-packages/turtlesim/msg/__init__.py'...
[17.662s] Compiling '/home/donavyn/ros2_ws/install/turtlesim/local/lib/python3.10/dist-packages/turtlesim/msg/_color.py'...
[17.662s] Compiling '/home/donavyn/ros2_ws/install/turtlesim/local/lib/python3.10/dist-packages/turtlesim/msg/_pose.py'...
[17.662s] Listing '/home/donavyn/ros2_ws/install/turtlesim/local/lib/python3.10/dist-packages/turtlesim/srv'...
[17.662s] Compiling '/home/donavyn/ros2_ws/install/turtlesim/local/lib/python3.10/dist-packages/turtlesim/srv/__init__.py'...
[17.663s] Compiling '/home/donavyn/ros2_ws/install/turtlesim/local/lib/python3.10/dist-packages/turtlesim/srv/_kill.py'...
[17.663s] Compiling '/home/donavyn/ros2_ws/install/turtlesim/local/lib/python3.10/dist-packages/turtlesim/srv/_set_pen.py'...
[17.663s] Compiling '/home/donavyn/ros2_ws/install/turtlesim/local/lib/python3.10/dist-packages/turtlesim/srv/_spawn.py'...
[17.663s] Compiling '/home/donavyn/ros2_ws/install/turtlesim/local/lib/python3.10/dist-packages/turtlesim/srv/_teleport_absolute.py'...
[17.663s] Compiling '/home/donavyn/ros2_ws/install/turtlesim/local/lib/python3.10/dist-packages/turtlesim/srv/_teleport_relative.py'...
[17.665s] -- Installing: /home/donavyn/ros2_ws/install/turtlesim/local/lib/python3.10/dist-packages/turtlesim/turtlesim_s__rosidl_typesupport_fastrtps_c.cpython-310-x86_64-linux-gnu.so
[17.665s] -- Set runtime path of "/home/donavyn/ros2_ws/install/turtlesim/local/lib/python3.10/dist-packages/turtlesim/turtlesim_s__rosidl_typesupport_fastrtps_c.cpython-310-x86_64-linux-gnu.so" to ""
[17.666s] -- Installing: /home/donavyn/ros2_ws/install/turtlesim/local/lib/python3.10/dist-packages/turtlesim/turtlesim_s__rosidl_typesupport_introspection_c.cpython-310-x86_64-linux-gnu.so
[17.666s] -- Set runtime path of "/home/donavyn/ros2_ws/install/turtlesim/local/lib/python3.10/dist-packages/turtlesim/turtlesim_s__rosidl_typesupport_introspection_c.cpython-310-x86_64-linux-gnu.so" to ""
[17.666s] -- Installing: /home/donavyn/ros2_ws/install/turtlesim/local/lib/python3.10/dist-packages/turtlesim/turtlesim_s__rosidl_typesupport_c.cpython-310-x86_64-linux-gnu.so
[17.666s] -- Set runtime path of "/home/donavyn/ros2_ws/install/turtlesim/local/lib/python3.10/dist-packages/turtlesim/turtlesim_s__rosidl_typesupport_c.cpython-310-x86_64-linux-gnu.so" to ""
[17.666s] -- Installing: /home/donavyn/ros2_ws/install/turtlesim/lib/libturtlesim__rosidl_generator_py.so
[17.666s] -- Set runtime path of "/home/donavyn/ros2_ws/install/turtlesim/lib/libturtlesim__rosidl_generator_py.so" to ""
[17.666s] -- Installing: /home/donavyn/ros2_ws/install/turtlesim/share/turtlesim/action/RotateAbsolute.idl
[17.666s] -- Installing: /home/donavyn/ros2_ws/install/turtlesim/share/turtlesim/msg/Color.idl
[17.667s] -- Installing: /home/donavyn/ros2_ws/install/turtlesim/share/turtlesim/msg/Pose.idl
[17.667s] -- Installing: /home/donavyn/ros2_ws/install/turtlesim/share/turtlesim/srv/Kill.idl
[17.667s] -- Installing: /home/donavyn/ros2_ws/install/turtlesim/share/turtlesim/srv/SetPen.idl
[17.667s] -- Installing: /home/donavyn/ros2_ws/install/turtlesim/share/turtlesim/srv/Spawn.idl
[17.667s] -- Installing: /home/donavyn/ros2_ws/install/turtlesim/share/turtlesim/srv/TeleportAbsolute.idl
[17.667s] -- Installing: /home/donavyn/ros2_ws/install/turtlesim/share/turtlesim/srv/TeleportRelative.idl
[17.667s] -- Installing: /home/donavyn/ros2_ws/install/turtlesim/share/turtlesim/action/RotateAbsolute.action
[17.667s] -- Installing: /home/donavyn/ros2_ws/install/turtlesim/share/turtlesim/msg/Color.msg
[17.667s] -- Installing: /home/donavyn/ros2_ws/install/turtlesim/share/turtlesim/msg/Pose.msg
[17.667s] -- Installing: /home/donavyn/ros2_ws/install/turtlesim/share/turtlesim/srv/Kill.srv
[17.667s] -- Installing: /home/donavyn/ros2_ws/install/turtlesim/share/turtlesim/srv/Kill_Request.msg
[17.667s] -- Installing: /home/donavyn/ros2_ws/install/turtlesim/share/turtlesim/srv/Kill_Response.msg
[17.668s] -- Installing: /home/donavyn/ros2_ws/install/turtlesim/share/turtlesim/srv/SetPen.srv
[17.668s] -- Installing: /home/donavyn/ros2_ws/install/turtlesim/share/turtlesim/srv/SetPen_Request.msg
[17.668s] -- Installing: /home/donavyn/ros2_ws/install/turtlesim/share/turtlesim/srv/SetPen_Response.msg
[17.668s] -- Installing: /home/donavyn/ros2_ws/install/turtlesim/share/turtlesim/srv/Spawn.srv
[17.668s] -- Installing: /home/donavyn/ros2_ws/install/turtlesim/share/turtlesim/srv/Spawn_Request.msg
[17.668s] -- Installing: /home/donavyn/ros2_ws/install/turtlesim/share/turtlesim/srv/Spawn_Response.msg
[17.668s] -- Installing: /home/donavyn/ros2_ws/install/turtlesim/share/turtlesim/srv/TeleportAbsolute.srv
[17.668s] -- Installing: /home/donavyn/ros2_ws/install/turtlesim/share/turtlesim/srv/TeleportAbsolute_Request.msg
[17.668s] -- Installing: /home/donavyn/ros2_ws/install/turtlesim/share/turtlesim/srv/TeleportAbsolute_Response.msg
[17.668s] -- Installing: /home/donavyn/ros2_ws/install/turtlesim/share/turtlesim/srv/TeleportRelative.srv
[17.668s] -- Installing: /home/donavyn/ros2_ws/install/turtlesim/share/turtlesim/srv/TeleportRelative_Request.msg
[17.668s] -- Installing: /home/donavyn/ros2_ws/install/turtlesim/share/turtlesim/srv/TeleportRelative_Response.msg
[17.669s] -- Installing: /home/donavyn/ros2_ws/install/turtlesim/lib/turtlesim/turtlesim_node
[17.675s] -- Set runtime path of "/home/donavyn/ros2_ws/install/turtlesim/lib/turtlesim/turtlesim_node" to ""
[17.675s] -- Installing: /home/donavyn/ros2_ws/install/turtlesim/lib/turtlesim/turtle_teleop_key
[17.677s] -- Set runtime path of "/home/donavyn/ros2_ws/install/turtlesim/lib/turtlesim/turtle_teleop_key" to ""
[17.678s] -- Installing: /home/donavyn/ros2_ws/install/turtlesim/lib/turtlesim/draw_square
[17.681s] -- Set runtime path of "/home/donavyn/ros2_ws/install/turtlesim/lib/turtlesim/draw_square" to ""
[17.681s] -- Installing: /home/donavyn/ros2_ws/install/turtlesim/lib/turtlesim/mimic
[17.684s] -- Set runtime path of "/home/donavyn/ros2_ws/install/turtlesim/lib/turtlesim/mimic" to ""
[17.684s] -- Installing: /home/donavyn/ros2_ws/install/turtlesim/share/turtlesim/images
[17.684s] -- Installing: /home/donavyn/ros2_ws/install/turtlesim/share/turtlesim/images/galactic.png
[17.684s] -- Installing: /home/donavyn/ros2_ws/install/turtlesim/share/turtlesim/images/bouncy.png
[17.684s] -- Installing: /home/donavyn/ros2_ws/install/turtlesim/share/turtlesim/images/foxy.png
[17.685s] -- Installing: /home/donavyn/ros2_ws/install/turtlesim/share/turtlesim/images/rolling.png
[17.685s] -- Installing: /home/donavyn/ros2_ws/install/turtlesim/share/turtlesim/images/eloquent.png
[17.685s] -- Installing: /home/donavyn/ros2_ws/install/turtlesim/share/turtlesim/images/dashing.png
[17.685s] -- Installing: /home/donavyn/ros2_ws/install/turtlesim/share/turtlesim/images/ardent.png
[17.685s] -- Installing: /home/donavyn/ros2_ws/install/turtlesim/share/turtlesim/images/humble.png
[17.685s] -- Installing: /home/donavyn/ros2_ws/install/turtlesim/share/turtlesim/images/crystal.png
[17.685s] -- Installing: /home/donavyn/ros2_ws/install/turtlesim/share/turtlesim/launch
[17.685s] -- Installing: /home/donavyn/ros2_ws/install/turtlesim/share/turtlesim/launch/multisim.launch.py
[17.685s] -- Installing: /home/donavyn/ros2_ws/install/turtlesim/share/ament_index/resource_index/package_run_dependencies/turtlesim
[17.685s] -- Installing: /home/donavyn/ros2_ws/install/turtlesim/share/ament_index/resource_index/parent_prefix_path/turtlesim
[17.685s] -- Installing: /home/donavyn/ros2_ws/install/turtlesim/share/turtlesim/environment/ament_prefix_path.sh
[17.685s] -- Installing: /home/donavyn/ros2_ws/install/turtlesim/share/turtlesim/environment/ament_prefix_path.dsv
[17.685s] -- Installing: /home/donavyn/ros2_ws/install/turtlesim/share/turtlesim/environment/path.sh
[17.685s] -- Installing: /home/donavyn/ros2_ws/install/turtlesim/share/turtlesim/environment/path.dsv
[17.685s] -- Installing: /home/donavyn/ros2_ws/install/turtlesim/share/turtlesim/local_setup.bash
[17.686s] -- Installing: /home/donavyn/ros2_ws/install/turtlesim/share/turtlesim/local_setup.sh
[17.686s] -- Installing: /home/donavyn/ros2_ws/install/turtlesim/share/turtlesim/local_setup.zsh
[17.686s] -- Installing: /home/donavyn/ros2_ws/install/turtlesim/share/turtlesim/local_setup.dsv
[17.686s] -- Installing: /home/donavyn/ros2_ws/install/turtlesim/share/turtlesim/package.dsv
[17.686s] -- Installing: /home/donavyn/ros2_ws/install/turtlesim/share/ament_index/resource_index/packages/turtlesim
[17.686s] -- Installing: /home/donavyn/ros2_ws/install/turtlesim/share/turtlesim/cmake/export_turtlesim__rosidl_generator_cExport.cmake
[17.686s] -- Installing: /home/donavyn/ros2_ws/install/turtlesim/share/turtlesim/cmake/export_turtlesim__rosidl_generator_cExport-noconfig.cmake
[17.686s] -- Installing: /home/donavyn/ros2_ws/install/turtlesim/share/turtlesim/cmake/export_turtlesim__rosidl_typesupport_fastrtps_cExport.cmake
[17.686s] -- Installing: /home/donavyn/ros2_ws/install/turtlesim/share/turtlesim/cmake/export_turtlesim__rosidl_typesupport_fastrtps_cExport-noconfig.cmake
[17.686s] -- Installing: /home/donavyn/ros2_ws/install/turtlesim/share/turtlesim/cmake/export_turtlesim__rosidl_generator_cppExport.cmake
[17.686s] -- Installing: /home/donavyn/ros2_ws/install/turtlesim/share/turtlesim/cmake/export_turtlesim__rosidl_typesupport_fastrtps_cppExport.cmake
[17.687s] -- Installing: /home/donavyn/ros2_ws/install/turtlesim/share/turtlesim/cmake/export_turtlesim__rosidl_typesupport_fastrtps_cppExport-noconfig.cmake
[17.687s] -- Installing: /home/donavyn/ros2_ws/install/turtlesim/share/turtlesim/cmake/turtlesim__rosidl_typesupport_introspection_cExport.cmake
[17.687s] -- Installing: /home/donavyn/ros2_ws/install/turtlesim/share/turtlesim/cmake/turtlesim__rosidl_typesupport_introspection_cExport-noconfig.cmake
[17.687s] -- Installing: /home/donavyn/ros2_ws/install/turtlesim/share/turtlesim/cmake/turtlesim__rosidl_typesupport_cExport.cmake
[17.687s] -- Installing: /home/donavyn/ros2_ws/install/turtlesim/share/turtlesim/cmake/turtlesim__rosidl_typesupport_cExport-noconfig.cmake
[17.687s] -- Installing: /home/donavyn/ros2_ws/install/turtlesim/share/turtlesim/cmake/turtlesim__rosidl_typesupport_introspection_cppExport.cmake
[17.687s] -- Installing: /home/donavyn/ros2_ws/install/turtlesim/share/turtlesim/cmake/turtlesim__rosidl_typesupport_introspection_cppExport-noconfig.cmake
[17.687s] -- Installing: /home/donavyn/ros2_ws/install/turtlesim/share/turtlesim/cmake/turtlesim__rosidl_typesupport_cppExport.cmake
[17.687s] -- Installing: /home/donavyn/ros2_ws/install/turtlesim/share/turtlesim/cmake/turtlesim__rosidl_typesupport_cppExport-noconfig.cmake
[17.687s] -- Installing: /home/donavyn/ros2_ws/install/turtlesim/share/turtlesim/cmake/export_turtlesim__rosidl_generator_pyExport.cmake
[17.688s] -- Installing: /home/donavyn/ros2_ws/install/turtlesim/share/turtlesim/cmake/export_turtlesim__rosidl_generator_pyExport-noconfig.cmake
[17.688s] -- Installing: /home/donavyn/ros2_ws/install/turtlesim/share/turtlesim/cmake/rosidl_cmake-extras.cmake
[17.688s] -- Installing: /home/donavyn/ros2_ws/install/turtlesim/share/turtlesim/cmake/ament_cmake_export_dependencies-extras.cmake
[17.688s] -- Installing: /home/donavyn/ros2_ws/install/turtlesim/share/turtlesim/cmake/ament_cmake_export_include_directories-extras.cmake
[17.688s] -- Installing: /home/donavyn/ros2_ws/install/turtlesim/share/turtlesim/cmake/ament_cmake_export_libraries-extras.cmake
[17.688s] -- Installing: /home/donavyn/ros2_ws/install/turtlesim/share/turtlesim/cmake/ament_cmake_export_targets-extras.cmake
[17.688s] -- Installing: /home/donavyn/ros2_ws/install/turtlesim/share/turtlesim/cmake/rosidl_cmake_export_typesupport_targets-extras.cmake
[17.688s] -- Installing: /home/donavyn/ros2_ws/install/turtlesim/share/turtlesim/cmake/rosidl_cmake_export_typesupport_libraries-extras.cmake
[17.688s] -- Installing: /home/donavyn/ros2_ws/install/turtlesim/share/turtlesim/cmake/turtlesimConfig.cmake
[17.688s] -- Installing: /home/donavyn/ros2_ws/install/turtlesim/share/turtlesim/cmake/turtlesimConfig-version.cmake
[17.688s] -- Installing: /home/donavyn/ros2_ws/install/turtlesim/share/turtlesim/package.xml
[17.691s] Invoked command in '/home/donavyn/ros2_ws/build/turtlesim' returned '0': CMAKE_PREFIX_PATH=${CMAKE_PREFIX_PATH}:/home/donavyn/ros2_ws/install/launch_testing_examples:/home/donavyn/ros2_ws/install/examples_rclpy_pointcloud_publisher:/home/donavyn/ros2_ws/install/examples_rclpy_minimal_subscriber:/home/donavyn/ros2_ws/install/examples_rclpy_minimal_service:/home/donavyn/ros2_ws/install/examples_rclpy_minimal_publisher:/home/donavyn/ros2_ws/install/examples_rclpy_minimal_client:/home/donavyn/ros2_ws/install/examples_rclpy_minimal_action_server:/home/donavyn/ros2_ws/install/examples_rclpy_minimal_action_client:/home/donavyn/ros2_ws/install/examples_rclpy_guard_conditions:/home/donavyn/ros2_ws/install/examples_rclpy_executors:/opt/ros/humble /usr/bin/cmake --install /home/donavyn/ros2_ws/build/turtlesim
