[2.153s] Invoking command in '/home/donavyn/ros2_ws/src/examples/rclpy/executors': PYTHONPATH=/home/donavyn/ros2_ws/build/examples_rclpy_executors/prefix_override:/usr/lib/python3/dist-packages/colcon_core/task/python/colcon_distutils_commands:/home/donavyn/ros2_ws/install/examples_rclpy_executors/lib/python3.10/site-packages:${PYTHONPATH} /usr/bin/python3 -W ignore:setup.py install is deprecated setup.py egg_info --egg-base ../../../../build/examples_rclpy_executors build --build-base /home/donavyn/ros2_ws/build/examples_rclpy_executors/build install --record /home/donavyn/ros2_ws/build/examples_rclpy_executors/install.log --single-version-externally-managed install_data
[2.490s] running egg_info
[2.490s] writing ../../../../build/examples_rclpy_executors/examples_rclpy_executors.egg-info/PKG-INFO
[2.490s] writing dependency_links to ../../../../build/examples_rclpy_executors/examples_rclpy_executors.egg-info/dependency_links.txt
[2.490s] writing entry points to ../../../../build/examples_rclpy_executors/examples_rclpy_executors.egg-info/entry_points.txt
[2.490s] writing requirements to ../../../../build/examples_rclpy_executors/examples_rclpy_executors.egg-info/requires.txt
[2.490s] writing top-level names to ../../../../build/examples_rclpy_executors/examples_rclpy_executors.egg-info/top_level.txt
[2.492s] reading manifest file '../../../../build/examples_rclpy_executors/examples_rclpy_executors.egg-info/SOURCES.txt'
[2.493s] writing manifest file '../../../../build/examples_rclpy_executors/examples_rclpy_executors.egg-info/SOURCES.txt'
[2.493s] running build
[2.494s] running build_py
[2.494s] running install
[2.495s] running install_lib
[2.497s] running install_data
[2.497s] running install_egg_info
[2.499s] removing '/home/donavyn/ros2_ws/install/examples_rclpy_executors/lib/python3.10/site-packages/examples_rclpy_executors-0.15.2-py3.10.egg-info' (and everything under it)
[2.500s] Copying ../../../../build/examples_rclpy_executors/examples_rclpy_executors.egg-info to /home/donavyn/ros2_ws/install/examples_rclpy_executors/lib/python3.10/site-packages/examples_rclpy_executors-0.15.2-py3.10.egg-info
[2.501s] running install_scripts
[2.531s] Installing callback_group script to /home/donavyn/ros2_ws/install/examples_rclpy_executors/lib/examples_rclpy_executors
[2.531s] Installing composed script to /home/donavyn/ros2_ws/install/examples_rclpy_executors/lib/examples_rclpy_executors
[2.531s] Installing custom_callback_group script to /home/donavyn/ros2_ws/install/examples_rclpy_executors/lib/examples_rclpy_executors
[2.531s] Installing custom_executor script to /home/donavyn/ros2_ws/install/examples_rclpy_executors/lib/examples_rclpy_executors
[2.531s] Installing listener script to /home/donavyn/ros2_ws/install/examples_rclpy_executors/lib/examples_rclpy_executors
[2.531s] Installing talker script to /home/donavyn/ros2_ws/install/examples_rclpy_executors/lib/examples_rclpy_executors
[2.532s] writing list of installed files to '/home/donavyn/ros2_ws/build/examples_rclpy_executors/install.log'
[2.611s] Invoked command in '/home/donavyn/ros2_ws/src/examples/rclpy/executors' returned '0': PYTHONPATH=/home/donavyn/ros2_ws/build/examples_rclpy_executors/prefix_override:/usr/lib/python3/dist-packages/colcon_core/task/python/colcon_distutils_commands:/home/donavyn/ros2_ws/install/examples_rclpy_executors/lib/python3.10/site-packages:${PYTHONPATH} /usr/bin/python3 -W ignore:setup.py install is deprecated setup.py egg_info --egg-base ../../../../build/examples_rclpy_executors build --build-base /home/donavyn/ros2_ws/build/examples_rclpy_executors/build install --record /home/donavyn/ros2_ws/build/examples_rclpy_executors/install.log --single-version-externally-managed install_data
