[1.442s] Invoking command in '/home/donavyn/ros2_ws/build/examples_rclpy_minimal_service': PYTHONPATH=/home/donavyn/ros2_ws/build/examples_rclpy_minimal_service/prefix_override:/usr/lib/python3/dist-packages/colcon_core/task/python/colcon_distutils_commands:/home/donavyn/ros2_ws/install/examples_rclpy_minimal_service/lib/python3.10/site-packages:${PYTHONPATH} /usr/bin/python3 -W ignore:setup.py install is deprecated setup.py develop --uninstall --editable --build-directory /home/donavyn/ros2_ws/build/examples_rclpy_minimal_service/build
[1.733s] running develop
[1.734s] /usr/lib/python3/dist-packages/setuptools/command/easy_install.py:158: EasyInstallDeprecationWarning: easy_install command is deprecated. Use build and pip and other standards-based tools.
[1.734s]   warnings.warn(
[1.879s] Removing /home/donavyn/ros2_ws/install/examples_rclpy_minimal_service/lib/python3.10/site-packages/examples-rclpy-minimal-service.egg-link (link to .)
[1.918s] Invoked command in '/home/donavyn/ros2_ws/build/examples_rclpy_minimal_service' returned '0': PYTHONPATH=/home/donavyn/ros2_ws/build/examples_rclpy_minimal_service/prefix_override:/usr/lib/python3/dist-packages/colcon_core/task/python/colcon_distutils_commands:/home/donavyn/ros2_ws/install/examples_rclpy_minimal_service/lib/python3.10/site-packages:${PYTHONPATH} /usr/bin/python3 -W ignore:setup.py install is deprecated setup.py develop --uninstall --editable --build-directory /home/donavyn/ros2_ws/build/examples_rclpy_minimal_service/build
[1.920s] Invoking command in '/home/donavyn/ros2_ws/src/examples/rclpy/services/minimal_service': PYTHONPATH=/home/donavyn/ros2_ws/build/examples_rclpy_minimal_service/prefix_override:/usr/lib/python3/dist-packages/colcon_core/task/python/colcon_distutils_commands:/home/donavyn/ros2_ws/install/examples_rclpy_minimal_service/lib/python3.10/site-packages:${PYTHONPATH} /usr/bin/python3 -W ignore:setup.py install is deprecated setup.py egg_info --egg-base ../../../../../build/examples_rclpy_minimal_service build --build-base /home/donavyn/ros2_ws/build/examples_rclpy_minimal_service/build install --record /home/donavyn/ros2_ws/build/examples_rclpy_minimal_service/install.log --single-version-externally-managed install_data --force
[2.154s] running egg_info
[2.155s] writing ../../../../../build/examples_rclpy_minimal_service/examples_rclpy_minimal_service.egg-info/PKG-INFO
[2.155s] writing dependency_links to ../../../../../build/examples_rclpy_minimal_service/examples_rclpy_minimal_service.egg-info/dependency_links.txt
[2.155s] writing entry points to ../../../../../build/examples_rclpy_minimal_service/examples_rclpy_minimal_service.egg-info/entry_points.txt
[2.155s] writing requirements to ../../../../../build/examples_rclpy_minimal_service/examples_rclpy_minimal_service.egg-info/requires.txt
[2.155s] writing top-level names to ../../../../../build/examples_rclpy_minimal_service/examples_rclpy_minimal_service.egg-info/top_level.txt
[2.158s] reading manifest file '../../../../../build/examples_rclpy_minimal_service/examples_rclpy_minimal_service.egg-info/SOURCES.txt'
[2.158s] writing manifest file '../../../../../build/examples_rclpy_minimal_service/examples_rclpy_minimal_service.egg-info/SOURCES.txt'
[2.158s] running build
[2.158s] running build_py
[2.158s] creating /home/donavyn/ros2_ws/build/examples_rclpy_minimal_service/build
[2.158s] creating /home/donavyn/ros2_ws/build/examples_rclpy_minimal_service/build/lib
[2.158s] creating /home/donavyn/ros2_ws/build/examples_rclpy_minimal_service/build/lib/examples_rclpy_minimal_service
[2.159s] copying examples_rclpy_minimal_service/service.py -> /home/donavyn/ros2_ws/build/examples_rclpy_minimal_service/build/lib/examples_rclpy_minimal_service
[2.159s] copying examples_rclpy_minimal_service/__init__.py -> /home/donavyn/ros2_ws/build/examples_rclpy_minimal_service/build/lib/examples_rclpy_minimal_service
[2.159s] copying examples_rclpy_minimal_service/service_member_function.py -> /home/donavyn/ros2_ws/build/examples_rclpy_minimal_service/build/lib/examples_rclpy_minimal_service
[2.159s] running install
[2.159s] running install_lib
[2.159s] creating /home/donavyn/ros2_ws/install/examples_rclpy_minimal_service/lib/python3.10/site-packages/examples_rclpy_minimal_service
[2.159s] copying /home/donavyn/ros2_ws/build/examples_rclpy_minimal_service/build/lib/examples_rclpy_minimal_service/service.py -> /home/donavyn/ros2_ws/install/examples_rclpy_minimal_service/lib/python3.10/site-packages/examples_rclpy_minimal_service
[2.159s] copying /home/donavyn/ros2_ws/build/examples_rclpy_minimal_service/build/lib/examples_rclpy_minimal_service/__init__.py -> /home/donavyn/ros2_ws/install/examples_rclpy_minimal_service/lib/python3.10/site-packages/examples_rclpy_minimal_service
[2.160s] copying /home/donavyn/ros2_ws/build/examples_rclpy_minimal_service/build/lib/examples_rclpy_minimal_service/service_member_function.py -> /home/donavyn/ros2_ws/install/examples_rclpy_minimal_service/lib/python3.10/site-packages/examples_rclpy_minimal_service
[2.160s] byte-compiling /home/donavyn/ros2_ws/install/examples_rclpy_minimal_service/lib/python3.10/site-packages/examples_rclpy_minimal_service/service.py to service.cpython-310.pyc
[2.160s] byte-compiling /home/donavyn/ros2_ws/install/examples_rclpy_minimal_service/lib/python3.10/site-packages/examples_rclpy_minimal_service/__init__.py to __init__.cpython-310.pyc
[2.161s] byte-compiling /home/donavyn/ros2_ws/install/examples_rclpy_minimal_service/lib/python3.10/site-packages/examples_rclpy_minimal_service/service_member_function.py to service_member_function.cpython-310.pyc
[2.161s] running install_data
[2.161s] copying resource/examples_rclpy_minimal_service -> /home/donavyn/ros2_ws/install/examples_rclpy_minimal_service/share/ament_index/resource_index/packages
[2.161s] copying package.xml -> /home/donavyn/ros2_ws/install/examples_rclpy_minimal_service/share/examples_rclpy_minimal_service
[2.161s] running install_egg_info
[2.163s] Copying ../../../../../build/examples_rclpy_minimal_service/examples_rclpy_minimal_service.egg-info to /home/donavyn/ros2_ws/install/examples_rclpy_minimal_service/lib/python3.10/site-packages/examples_rclpy_minimal_service-0.15.2-py3.10.egg-info
[2.164s] running install_scripts
[2.187s] Installing service script to /home/donavyn/ros2_ws/install/examples_rclpy_minimal_service/lib/examples_rclpy_minimal_service
[2.187s] Installing service_member_function script to /home/donavyn/ros2_ws/install/examples_rclpy_minimal_service/lib/examples_rclpy_minimal_service
[2.187s] writing list of installed files to '/home/donavyn/ros2_ws/build/examples_rclpy_minimal_service/install.log'
[2.217s] Invoked command in '/home/donavyn/ros2_ws/src/examples/rclpy/services/minimal_service' returned '0': PYTHONPATH=/home/donavyn/ros2_ws/build/examples_rclpy_minimal_service/prefix_override:/usr/lib/python3/dist-packages/colcon_core/task/python/colcon_distutils_commands:/home/donavyn/ros2_ws/install/examples_rclpy_minimal_service/lib/python3.10/site-packages:${PYTHONPATH} /usr/bin/python3 -W ignore:setup.py install is deprecated setup.py egg_info --egg-base ../../../../../build/examples_rclpy_minimal_service build --build-base /home/donavyn/ros2_ws/build/examples_rclpy_minimal_service/build install --record /home/donavyn/ros2_ws/build/examples_rclpy_minimal_service/install.log --single-version-externally-managed install_data --force
