running egg_info
writing ../build/learning_tf2_py/learning_tf2_py.egg-info/PKG-INFO
writing dependency_links to ../build/learning_tf2_py/learning_tf2_py.egg-info/dependency_links.txt
writing entry points to ../build/learning_tf2_py/learning_tf2_py.egg-info/entry_points.txt
writing requirements to ../build/learning_tf2_py/learning_tf2_py.egg-info/requires.txt
writing top-level names to ../build/learning_tf2_py/learning_tf2_py.egg-info/top_level.txt
reading manifest file '../build/learning_tf2_py/learning_tf2_py.egg-info/SOURCES.txt'
adding license file 'LICENSE'
writing manifest file '../build/learning_tf2_py/learning_tf2_py.egg-info/SOURCES.txt'
running build
running build_py
copying learning_tf2_py/turtle_tf2_broadcaster.py -> /home/donavyn/docker_test/ros2_ws/src/build/learning_tf2_py/build/lib/learning_tf2_py
running install
running install_lib
copying /home/donavyn/docker_test/ros2_ws/src/build/learning_tf2_py/build/lib/learning_tf2_py/turtle_tf2_broadcaster.py -> /home/donavyn/docker_test/ros2_ws/src/install/learning_tf2_py/lib/python3.10/site-packages/learning_tf2_py
byte-compiling /home/donavyn/docker_test/ros2_ws/src/install/learning_tf2_py/lib/python3.10/site-packages/learning_tf2_py/turtle_tf2_broadcaster.py to turtle_tf2_broadcaster.cpython-310.pyc
running install_data
copying package.xml -> /home/donavyn/docker_test/ros2_ws/src/install/learning_tf2_py/share/learning_tf2_py
creating /home/donavyn/docker_test/ros2_ws/src/install/learning_tf2_py/share/learning_tf2_py/launch
copying launch/turtle_tf2_demo_launch.py -> /home/donavyn/docker_test/ros2_ws/src/install/learning_tf2_py/share/learning_tf2_py/launch
running install_egg_info
removing '/home/donavyn/docker_test/ros2_ws/src/install/learning_tf2_py/lib/python3.10/site-packages/learning_tf2_py-0.0.0-py3.10.egg-info' (and everything under it)
Copying ../build/learning_tf2_py/learning_tf2_py.egg-info to /home/donavyn/docker_test/ros2_ws/src/install/learning_tf2_py/lib/python3.10/site-packages/learning_tf2_py-0.0.0-py3.10.egg-info
running install_scripts
Installing static_turtle_tf2_broadcaster script to /home/donavyn/docker_test/ros2_ws/src/install/learning_tf2_py/lib/learning_tf2_py
Installing turtle_tf2_broadcaster script to /home/donavyn/docker_test/ros2_ws/src/install/learning_tf2_py/lib/learning_tf2_py
writing list of installed files to '/home/donavyn/docker_test/ros2_ws/src/build/learning_tf2_py/install.log'
