[2.377s] Invoking command in '/home/donavyn/ros2_ws/build/examples_rclpy_minimal_action_client': PYTHONPATH=/home/donavyn/ros2_ws/build/examples_rclpy_minimal_action_client/prefix_override:/usr/lib/python3/dist-packages/colcon_core/task/python/colcon_distutils_commands:/home/donavyn/ros2_ws/install/examples_rclpy_minimal_action_client/lib/python3.10/site-packages:${PYTHONPATH} /usr/bin/python3 -W ignore:setup.py install is deprecated setup.py develop --editable --build-directory /home/donavyn/ros2_ws/build/examples_rclpy_minimal_action_client/build --no-deps symlink_data
[21.506s] running develop
[21.506s] running egg_info
[21.506s] creating examples_rclpy_minimal_action_client.egg-info
[21.514s] writing examples_rclpy_minimal_action_client.egg-info/PKG-INFO
[21.514s] writing dependency_links to examples_rclpy_minimal_action_client.egg-info/dependency_links.txt
[21.514s] writing entry points to examples_rclpy_minimal_action_client.egg-info/entry_points.txt
[21.514s] writing requirements to examples_rclpy_minimal_action_client.egg-info/requires.txt
[21.514s] writing top-level names to examples_rclpy_minimal_action_client.egg-info/top_level.txt
[21.514s] writing manifest file 'examples_rclpy_minimal_action_client.egg-info/SOURCES.txt'
[21.514s] reading manifest file 'examples_rclpy_minimal_action_client.egg-info/SOURCES.txt'
[21.514s] writing manifest file 'examples_rclpy_minimal_action_client.egg-info/SOURCES.txt'
[21.514s] running build_ext
[21.515s] Creating /home/donavyn/ros2_ws/install/examples_rclpy_minimal_action_client/lib/python3.10/site-packages/examples-rclpy-minimal-action-client.egg-link (link to .)
[21.515s] Installing client script to /home/donavyn/ros2_ws/install/examples_rclpy_minimal_action_client/lib/examples_rclpy_minimal_action_client
[21.515s] Installing client_asyncio script to /home/donavyn/ros2_ws/install/examples_rclpy_minimal_action_client/lib/examples_rclpy_minimal_action_client
[21.515s] Installing client_cancel script to /home/donavyn/ros2_ws/install/examples_rclpy_minimal_action_client/lib/examples_rclpy_minimal_action_client
[21.515s] Installing client_not_composable script to /home/donavyn/ros2_ws/install/examples_rclpy_minimal_action_client/lib/examples_rclpy_minimal_action_client
[21.515s] 
[21.515s] Installed /home/donavyn/ros2_ws/build/examples_rclpy_minimal_action_client
[21.515s] running symlink_data
[21.515s] creating /home/donavyn/ros2_ws/install/examples_rclpy_minimal_action_client/share/ament_index
[21.515s] creating /home/donavyn/ros2_ws/install/examples_rclpy_minimal_action_client/share/ament_index/resource_index
[21.515s] creating /home/donavyn/ros2_ws/install/examples_rclpy_minimal_action_client/share/ament_index/resource_index/packages
[21.515s] symbolically linking /home/donavyn/ros2_ws/build/examples_rclpy_minimal_action_client/resource/examples_rclpy_minimal_action_client -> /home/donavyn/ros2_ws/install/examples_rclpy_minimal_action_client/share/ament_index/resource_index/packages
[21.515s] symbolically linking /home/donavyn/ros2_ws/build/examples_rclpy_minimal_action_client/package.xml -> /home/donavyn/ros2_ws/install/examples_rclpy_minimal_action_client/share/examples_rclpy_minimal_action_client
[21.515s] /usr/lib/python3/dist-packages/setuptools/command/easy_install.py:158: EasyInstallDeprecationWarning: easy_install command is deprecated. Use build and pip and other standards-based tools.
[21.520s]   warnings.warn(
[21.534s] Invoked command in '/home/donavyn/ros2_ws/build/examples_rclpy_minimal_action_client' returned '0': PYTHONPATH=/home/donavyn/ros2_ws/build/examples_rclpy_minimal_action_client/prefix_override:/usr/lib/python3/dist-packages/colcon_core/task/python/colcon_distutils_commands:/home/donavyn/ros2_ws/install/examples_rclpy_minimal_action_client/lib/python3.10/site-packages:${PYTHONPATH} /usr/bin/python3 -W ignore:setup.py install is deprecated setup.py develop --editable --build-directory /home/donavyn/ros2_ws/build/examples_rclpy_minimal_action_client/build --no-deps symlink_data
