[0.393s] Invoking command in '/home/donavyn/ros2_ws/src/python_parameters': PYTHONPATH=/home/donavyn/ros2_ws/build/python_parameters/prefix_override:/usr/lib/python3/dist-packages/colcon_core/task/python/colcon_distutils_commands:/home/donavyn/ros2_ws/install/python_parameters/lib/python3.10/site-packages:${PYTHONPATH} /usr/bin/python3 -W ignore:setup.py install is deprecated setup.py egg_info --egg-base ../../build/python_parameters build --build-base /home/donavyn/ros2_ws/build/python_parameters/build install --record /home/donavyn/ros2_ws/build/python_parameters/install.log --single-version-externally-managed install_data
[0.521s] running egg_info
[0.521s] creating ../../build/python_parameters/python_parameters.egg-info
[0.521s] writing ../../build/python_parameters/python_parameters.egg-info/PKG-INFO
[0.521s] writing dependency_links to ../../build/python_parameters/python_parameters.egg-info/dependency_links.txt
[0.522s] writing entry points to ../../build/python_parameters/python_parameters.egg-info/entry_points.txt
[0.522s] writing requirements to ../../build/python_parameters/python_parameters.egg-info/requires.txt
[0.522s] writing top-level names to ../../build/python_parameters/python_parameters.egg-info/top_level.txt
[0.522s] writing manifest file '../../build/python_parameters/python_parameters.egg-info/SOURCES.txt'
[0.522s] reading manifest file '../../build/python_parameters/python_parameters.egg-info/SOURCES.txt'
[0.522s] adding license file 'LICENSE'
[0.523s] writing manifest file '../../build/python_parameters/python_parameters.egg-info/SOURCES.txt'
[0.523s] running build
[0.523s] running build_py
[0.523s] creating /home/donavyn/ros2_ws/build/python_parameters/build
[0.523s] creating /home/donavyn/ros2_ws/build/python_parameters/build/lib
[0.523s] creating /home/donavyn/ros2_ws/build/python_parameters/build/lib/python_parameters
[0.523s] copying python_parameters/__init__.py -> /home/donavyn/ros2_ws/build/python_parameters/build/lib/python_parameters
[0.523s] copying python_parameters/python_parameters_node.py -> /home/donavyn/ros2_ws/build/python_parameters/build/lib/python_parameters
[0.523s] running install
[0.523s] running install_lib
[0.524s] creating /home/donavyn/ros2_ws/install/python_parameters/lib/python3.10/site-packages/python_parameters
[0.524s] copying /home/donavyn/ros2_ws/build/python_parameters/build/lib/python_parameters/__init__.py -> /home/donavyn/ros2_ws/install/python_parameters/lib/python3.10/site-packages/python_parameters
[0.524s] copying /home/donavyn/ros2_ws/build/python_parameters/build/lib/python_parameters/python_parameters_node.py -> /home/donavyn/ros2_ws/install/python_parameters/lib/python3.10/site-packages/python_parameters
[0.524s] byte-compiling /home/donavyn/ros2_ws/install/python_parameters/lib/python3.10/site-packages/python_parameters/__init__.py to __init__.cpython-310.pyc
[0.524s] byte-compiling /home/donavyn/ros2_ws/install/python_parameters/lib/python3.10/site-packages/python_parameters/python_parameters_node.py to python_parameters_node.cpython-310.pyc
[0.525s] running install_data
[0.525s] creating /home/donavyn/ros2_ws/install/python_parameters/share/ament_index
[0.525s] creating /home/donavyn/ros2_ws/install/python_parameters/share/ament_index/resource_index
[0.525s] creating /home/donavyn/ros2_ws/install/python_parameters/share/ament_index/resource_index/packages
[0.525s] copying resource/python_parameters -> /home/donavyn/ros2_ws/install/python_parameters/share/ament_index/resource_index/packages
[0.525s] copying package.xml -> /home/donavyn/ros2_ws/install/python_parameters/share/python_parameters
[0.525s] running install_egg_info
[0.526s] Copying ../../build/python_parameters/python_parameters.egg-info to /home/donavyn/ros2_ws/install/python_parameters/lib/python3.10/site-packages/python_parameters-0.0.0-py3.10.egg-info
[0.526s] running install_scripts
[0.544s] Installing minimal_param_node script to /home/donavyn/ros2_ws/install/python_parameters/lib/python_parameters
[0.544s] writing list of installed files to '/home/donavyn/ros2_ws/build/python_parameters/install.log'
[0.565s] Invoked command in '/home/donavyn/ros2_ws/src/python_parameters' returned '0': PYTHONPATH=/home/donavyn/ros2_ws/build/python_parameters/prefix_override:/usr/lib/python3/dist-packages/colcon_core/task/python/colcon_distutils_commands:/home/donavyn/ros2_ws/install/python_parameters/lib/python3.10/site-packages:${PYTHONPATH} /usr/bin/python3 -W ignore:setup.py install is deprecated setup.py egg_info --egg-base ../../build/python_parameters build --build-base /home/donavyn/ros2_ws/build/python_parameters/build install --record /home/donavyn/ros2_ws/build/python_parameters/install.log --single-version-externally-managed install_data
