[0.357s] Invoking command in '/home/donavyn/docker_test/ros2_ws/src/learning_tf2_py': PYTHONPATH=/home/donavyn/docker_test/ros2_ws/src/build/learning_tf2_py/prefix_override:/usr/lib/python3/dist-packages/colcon_core/task/python/colcon_distutils_commands:/home/donavyn/docker_test/ros2_ws/src/install/learning_tf2_py/lib/python3.10/site-packages:${PYTHONPATH} /usr/bin/python3 -W ignore:setup.py install is deprecated setup.py egg_info --egg-base ../build/learning_tf2_py build --build-base /home/donavyn/docker_test/ros2_ws/src/build/learning_tf2_py/build install --record /home/donavyn/docker_test/ros2_ws/src/build/learning_tf2_py/install.log --single-version-externally-managed install_data
[0.492s] running egg_info
[0.492s] creating ../build/learning_tf2_py/learning_tf2_py.egg-info
[0.492s] writing ../build/learning_tf2_py/learning_tf2_py.egg-info/PKG-INFO
[0.492s] writing dependency_links to ../build/learning_tf2_py/learning_tf2_py.egg-info/dependency_links.txt
[0.492s] writing entry points to ../build/learning_tf2_py/learning_tf2_py.egg-info/entry_points.txt
[0.493s] writing requirements to ../build/learning_tf2_py/learning_tf2_py.egg-info/requires.txt
[0.493s] writing top-level names to ../build/learning_tf2_py/learning_tf2_py.egg-info/top_level.txt
[0.493s] writing manifest file '../build/learning_tf2_py/learning_tf2_py.egg-info/SOURCES.txt'
[0.493s] reading manifest file '../build/learning_tf2_py/learning_tf2_py.egg-info/SOURCES.txt'
[0.493s] adding license file 'LICENSE'
[0.493s] writing manifest file '../build/learning_tf2_py/learning_tf2_py.egg-info/SOURCES.txt'
[0.494s] running build
[0.494s] running build_py
[0.494s] creating /home/donavyn/docker_test/ros2_ws/src/build/learning_tf2_py/build
[0.494s] creating /home/donavyn/docker_test/ros2_ws/src/build/learning_tf2_py/build/lib
[0.494s] creating /home/donavyn/docker_test/ros2_ws/src/build/learning_tf2_py/build/lib/learning_tf2_py
[0.494s] copying learning_tf2_py/__init__.py -> /home/donavyn/docker_test/ros2_ws/src/build/learning_tf2_py/build/lib/learning_tf2_py
[0.494s] copying learning_tf2_py/static_turtle_tf2_broadcaster.py -> /home/donavyn/docker_test/ros2_ws/src/build/learning_tf2_py/build/lib/learning_tf2_py
[0.494s] running install
[0.494s] running install_lib
[0.494s] creating /home/donavyn/docker_test/ros2_ws/src/install/learning_tf2_py/lib/python3.10/site-packages/learning_tf2_py
[0.494s] copying /home/donavyn/docker_test/ros2_ws/src/build/learning_tf2_py/build/lib/learning_tf2_py/__init__.py -> /home/donavyn/docker_test/ros2_ws/src/install/learning_tf2_py/lib/python3.10/site-packages/learning_tf2_py
[0.494s] copying /home/donavyn/docker_test/ros2_ws/src/build/learning_tf2_py/build/lib/learning_tf2_py/static_turtle_tf2_broadcaster.py -> /home/donavyn/docker_test/ros2_ws/src/install/learning_tf2_py/lib/python3.10/site-packages/learning_tf2_py
[0.495s] byte-compiling /home/donavyn/docker_test/ros2_ws/src/install/learning_tf2_py/lib/python3.10/site-packages/learning_tf2_py/__init__.py to __init__.cpython-310.pyc
[0.495s] byte-compiling /home/donavyn/docker_test/ros2_ws/src/install/learning_tf2_py/lib/python3.10/site-packages/learning_tf2_py/static_turtle_tf2_broadcaster.py to static_turtle_tf2_broadcaster.cpython-310.pyc
[0.495s] running install_data
[0.495s] creating /home/donavyn/docker_test/ros2_ws/src/install/learning_tf2_py/share/ament_index
[0.496s] creating /home/donavyn/docker_test/ros2_ws/src/install/learning_tf2_py/share/ament_index/resource_index
[0.496s] creating /home/donavyn/docker_test/ros2_ws/src/install/learning_tf2_py/share/ament_index/resource_index/packages
[0.496s] copying resource/learning_tf2_py -> /home/donavyn/docker_test/ros2_ws/src/install/learning_tf2_py/share/ament_index/resource_index/packages
[0.496s] copying package.xml -> /home/donavyn/docker_test/ros2_ws/src/install/learning_tf2_py/share/learning_tf2_py
[0.496s] running install_egg_info
[0.497s] Copying ../build/learning_tf2_py/learning_tf2_py.egg-info to /home/donavyn/docker_test/ros2_ws/src/install/learning_tf2_py/lib/python3.10/site-packages/learning_tf2_py-0.0.0-py3.10.egg-info
[0.497s] running install_scripts
[0.510s] Installing static_turtle_tf2_broadcaster script to /home/donavyn/docker_test/ros2_ws/src/install/learning_tf2_py/lib/learning_tf2_py
[0.510s] writing list of installed files to '/home/donavyn/docker_test/ros2_ws/src/build/learning_tf2_py/install.log'
[0.530s] Invoked command in '/home/donavyn/docker_test/ros2_ws/src/learning_tf2_py' returned '0': PYTHONPATH=/home/donavyn/docker_test/ros2_ws/src/build/learning_tf2_py/prefix_override:/usr/lib/python3/dist-packages/colcon_core/task/python/colcon_distutils_commands:/home/donavyn/docker_test/ros2_ws/src/install/learning_tf2_py/lib/python3.10/site-packages:${PYTHONPATH} /usr/bin/python3 -W ignore:setup.py install is deprecated setup.py egg_info --egg-base ../build/learning_tf2_py build --build-base /home/donavyn/docker_test/ros2_ws/src/build/learning_tf2_py/build install --record /home/donavyn/docker_test/ros2_ws/src/build/learning_tf2_py/install.log --single-version-externally-managed install_data
