[0.007s] Invoking command in '/home/donavyn/ros2_ws/build/tutorial_interfaces': CMAKE_PREFIX_PATH=/opt/ros/humble /usr/bin/cmake /home/donavyn/ros2_ws/src/tutorial_interfaces -DCMAKE_INSTALL_PREFIX=/home/donavyn/ros2_ws/install/tutorial_interfaces
[0.019s] -- Found ament_cmake: 1.3.10 (/opt/ros/humble/share/ament_cmake/cmake)
[0.091s] -- Found ament_lint_auto: 0.12.11 (/opt/ros/humble/share/ament_lint_auto/cmake)
[0.132s] -- Found geometry_msgs: 4.2.4 (/opt/ros/humble/share/geometry_msgs/cmake)
[0.146s] -- Found rosidl_generator_c: 3.1.5 (/opt/ros/humble/share/rosidl_generator_c/cmake)
[0.147s] -- Found rosidl_adapter: 3.1.5 (/opt/ros/humble/share/rosidl_adapter/cmake)
[0.150s] -- Found rosidl_generator_cpp: 3.1.5 (/opt/ros/humble/share/rosidl_generator_cpp/cmake)
[0.155s] -- Using all available rosidl_typesupport_c: rosidl_typesupport_fastrtps_c;rosidl_typesupport_introspection_c
[0.161s] -- Using all available rosidl_typesupport_cpp: rosidl_typesupport_fastrtps_cpp;rosidl_typesupport_introspection_cpp
[0.179s] -- Found rosidl_default_generators: 1.2.0 (/opt/ros/humble/share/rosidl_default_generators/cmake)
[0.183s] [31mCMake Error at /opt/ros/humble/share/rosidl_cmake/cmake/rosidl_generate_interfaces.cmake:93 (message):
[0.183s]   rosidl_generate_interfaces() the passed file 'msg/Sphere.msg' doesn't exist
[0.183s]   relative to the CMAKE_CURRENT_SOURCE_DIR
[0.183s]   '/home/donavyn/ros2_ws/src/tutorial_interfaces'
[0.183s] Call Stack (most recent call first):
[0.183s]   CMakeLists.txt:29 (rosidl_generate_interfaces)
[0.183s] 
[0.183s] [0m
[0.184s] -- Configuring incomplete, errors occurred!
[0.184s] See also "/home/donavyn/ros2_ws/build/tutorial_interfaces/CMakeFiles/CMakeOutput.log".
[0.186s] Invoked command in '/home/donavyn/ros2_ws/build/tutorial_interfaces' returned '1': CMAKE_PREFIX_PATH=/opt/ros/humble /usr/bin/cmake /home/donavyn/ros2_ws/src/tutorial_interfaces -DCMAKE_INSTALL_PREFIX=/home/donavyn/ros2_ws/install/tutorial_interfaces
