[0.053s] Invoking command in '/home/donavyn/ros2_ws/build/examples_rclcpp_multithreaded_executor': CMAKE_PREFIX_PATH=${CMAKE_PREFIX_PATH}:/home/donavyn/ros2_ws/install/launch_testing_examples:/home/donavyn/ros2_ws/install/examples_rclpy_pointcloud_publisher:/home/donavyn/ros2_ws/install/examples_rclpy_minimal_subscriber:/home/donavyn/ros2_ws/install/examples_rclpy_minimal_service:/home/donavyn/ros2_ws/install/examples_rclpy_minimal_publisher:/home/donavyn/ros2_ws/install/examples_rclpy_minimal_client:/home/donavyn/ros2_ws/install/examples_rclpy_minimal_action_server:/home/donavyn/ros2_ws/install/examples_rclpy_minimal_action_client:/home/donavyn/ros2_ws/install/examples_rclpy_guard_conditions:/home/donavyn/ros2_ws/install/examples_rclpy_executors:/opt/ros/humble /usr/bin/cmake /home/donavyn/ros2_ws/src/examples/rclcpp/executors/multithreaded_executor -DCMAKE_INSTALL_PREFIX=/home/donavyn/ros2_ws/install/examples_rclcpp_multithreaded_executor
[1.165s] -- Found ament_cmake: 1.3.10 (/opt/ros/humble/share/ament_cmake/cmake)
[1.166s] -- Override CMake install command with custom implementation using symlinks instead of copying resources
[1.166s] -- Found rclcpp: 16.0.10 (/opt/ros/humble/share/rclcpp/cmake)
[1.166s] -- Found rosidl_generator_c: 3.1.5 (/opt/ros/humble/share/rosidl_generator_c/cmake)
[1.166s] -- Found rosidl_adapter: 3.1.5 (/opt/ros/humble/share/rosidl_adapter/cmake)
[1.166s] -- Found rosidl_generator_cpp: 3.1.5 (/opt/ros/humble/share/rosidl_generator_cpp/cmake)
[1.166s] -- Using all available rosidl_typesupport_c: rosidl_typesupport_fastrtps_c;rosidl_typesupport_introspection_c
[1.166s] -- Using all available rosidl_typesupport_cpp: rosidl_typesupport_fastrtps_cpp;rosidl_typesupport_introspection_cpp
[1.166s] -- Found rmw_implementation_cmake: 6.1.2 (/opt/ros/humble/share/rmw_implementation_cmake/cmake)
[1.166s] -- Found rmw_fastrtps_cpp: 6.2.7 (/opt/ros/humble/share/rmw_fastrtps_cpp/cmake)
[1.166s] -- Using RMW implementation 'rmw_fastrtps_cpp' as default
[1.166s] -- Found ament_lint_auto: 0.12.11 (/opt/ros/humble/share/ament_lint_auto/cmake)
[1.166s] -- Added test 'copyright' to check source files copyright and LICENSE
[1.166s] -- Added test 'cppcheck' to perform static code analysis on C / C++ code
[1.166s] -- Configured cppcheck include dirs: 
[1.166s] -- Configured cppcheck exclude dirs and/or files: 
[1.166s] -- Added test 'cpplint' to check C / C++ code against the Google style
[1.166s] -- Configured cpplint exclude dirs and/or files: 
[1.166s] -- Added test 'lint_cmake' to check CMake code style
[1.166s] -- Added test 'uncrustify' to check C / C++ code style
[1.166s] -- Configured uncrustify additional arguments: 
[1.166s] -- Added test 'xmllint' to check XML markup files
[1.166s] -- Configuring done
[1.166s] -- Generating done
[1.166s] -- Build files have been written to: /home/donavyn/ros2_ws/build/examples_rclcpp_multithreaded_executor
[1.168s] Invoked command in '/home/donavyn/ros2_ws/build/examples_rclcpp_multithreaded_executor' returned '0': CMAKE_PREFIX_PATH=${CMAKE_PREFIX_PATH}:/home/donavyn/ros2_ws/install/launch_testing_examples:/home/donavyn/ros2_ws/install/examples_rclpy_pointcloud_publisher:/home/donavyn/ros2_ws/install/examples_rclpy_minimal_subscriber:/home/donavyn/ros2_ws/install/examples_rclpy_minimal_service:/home/donavyn/ros2_ws/install/examples_rclpy_minimal_publisher:/home/donavyn/ros2_ws/install/examples_rclpy_minimal_client:/home/donavyn/ros2_ws/install/examples_rclpy_minimal_action_server:/home/donavyn/ros2_ws/install/examples_rclpy_minimal_action_client:/home/donavyn/ros2_ws/install/examples_rclpy_guard_conditions:/home/donavyn/ros2_ws/install/examples_rclpy_executors:/opt/ros/humble /usr/bin/cmake /home/donavyn/ros2_ws/src/examples/rclcpp/executors/multithreaded_executor -DCMAKE_INSTALL_PREFIX=/home/donavyn/ros2_ws/install/examples_rclcpp_multithreaded_executor
[1.169s] Invoking command in '/home/donavyn/ros2_ws/build/examples_rclcpp_multithreaded_executor': CMAKE_PREFIX_PATH=${CMAKE_PREFIX_PATH}:/home/donavyn/ros2_ws/install/launch_testing_examples:/home/donavyn/ros2_ws/install/examples_rclpy_pointcloud_publisher:/home/donavyn/ros2_ws/install/examples_rclpy_minimal_subscriber:/home/donavyn/ros2_ws/install/examples_rclpy_minimal_service:/home/donavyn/ros2_ws/install/examples_rclpy_minimal_publisher:/home/donavyn/ros2_ws/install/examples_rclpy_minimal_client:/home/donavyn/ros2_ws/install/examples_rclpy_minimal_action_server:/home/donavyn/ros2_ws/install/examples_rclpy_minimal_action_client:/home/donavyn/ros2_ws/install/examples_rclpy_guard_conditions:/home/donavyn/ros2_ws/install/examples_rclpy_executors:/opt/ros/humble /usr/bin/cmake --build /home/donavyn/ros2_ws/build/examples_rclcpp_multithreaded_executor -- -j16 -l16
[1.245s] [35m[1mConsolidate compiler generated dependencies of target multithreaded_executor[0m
[1.333s] [100%] Built target multithreaded_executor
[1.391s] Invoked command in '/home/donavyn/ros2_ws/build/examples_rclcpp_multithreaded_executor' returned '0': CMAKE_PREFIX_PATH=${CMAKE_PREFIX_PATH}:/home/donavyn/ros2_ws/install/launch_testing_examples:/home/donavyn/ros2_ws/install/examples_rclpy_pointcloud_publisher:/home/donavyn/ros2_ws/install/examples_rclpy_minimal_subscriber:/home/donavyn/ros2_ws/install/examples_rclpy_minimal_service:/home/donavyn/ros2_ws/install/examples_rclpy_minimal_publisher:/home/donavyn/ros2_ws/install/examples_rclpy_minimal_client:/home/donavyn/ros2_ws/install/examples_rclpy_minimal_action_server:/home/donavyn/ros2_ws/install/examples_rclpy_minimal_action_client:/home/donavyn/ros2_ws/install/examples_rclpy_guard_conditions:/home/donavyn/ros2_ws/install/examples_rclpy_executors:/opt/ros/humble /usr/bin/cmake --build /home/donavyn/ros2_ws/build/examples_rclcpp_multithreaded_executor -- -j16 -l16
[1.460s] Invoking command in '/home/donavyn/ros2_ws/build/examples_rclcpp_multithreaded_executor': CMAKE_PREFIX_PATH=${CMAKE_PREFIX_PATH}:/home/donavyn/ros2_ws/install/launch_testing_examples:/home/donavyn/ros2_ws/install/examples_rclpy_pointcloud_publisher:/home/donavyn/ros2_ws/install/examples_rclpy_minimal_subscriber:/home/donavyn/ros2_ws/install/examples_rclpy_minimal_service:/home/donavyn/ros2_ws/install/examples_rclpy_minimal_publisher:/home/donavyn/ros2_ws/install/examples_rclpy_minimal_client:/home/donavyn/ros2_ws/install/examples_rclpy_minimal_action_server:/home/donavyn/ros2_ws/install/examples_rclpy_minimal_action_client:/home/donavyn/ros2_ws/install/examples_rclpy_guard_conditions:/home/donavyn/ros2_ws/install/examples_rclpy_executors:/opt/ros/humble /usr/bin/cmake --install /home/donavyn/ros2_ws/build/examples_rclcpp_multithreaded_executor
[1.475s] -- Install configuration: ""
[1.475s] -- Execute custom install script
[1.475s] -- Up-to-date symlink: /home/donavyn/ros2_ws/install/examples_rclcpp_multithreaded_executor/lib/examples_rclcpp_multithreaded_executor/multithreaded_executor
[1.475s] -- Up-to-date symlink: /home/donavyn/ros2_ws/install/examples_rclcpp_multithreaded_executor/share/ament_index/resource_index/package_run_dependencies/examples_rclcpp_multithreaded_executor
[1.475s] -- Up-to-date symlink: /home/donavyn/ros2_ws/install/examples_rclcpp_multithreaded_executor/share/ament_index/resource_index/parent_prefix_path/examples_rclcpp_multithreaded_executor
[1.475s] -- Up-to-date symlink: /home/donavyn/ros2_ws/install/examples_rclcpp_multithreaded_executor/share/examples_rclcpp_multithreaded_executor/environment/ament_prefix_path.sh
[1.475s] -- Up-to-date symlink: /home/donavyn/ros2_ws/install/examples_rclcpp_multithreaded_executor/share/examples_rclcpp_multithreaded_executor/environment/ament_prefix_path.dsv
[1.475s] -- Up-to-date symlink: /home/donavyn/ros2_ws/install/examples_rclcpp_multithreaded_executor/share/examples_rclcpp_multithreaded_executor/environment/path.sh
[1.476s] -- Up-to-date symlink: /home/donavyn/ros2_ws/install/examples_rclcpp_multithreaded_executor/share/examples_rclcpp_multithreaded_executor/environment/path.dsv
[1.476s] -- Up-to-date symlink: /home/donavyn/ros2_ws/install/examples_rclcpp_multithreaded_executor/share/examples_rclcpp_multithreaded_executor/local_setup.bash
[1.480s] -- Up-to-date symlink: /home/donavyn/ros2_ws/install/examples_rclcpp_multithreaded_executor/share/examples_rclcpp_multithreaded_executor/local_setup.sh
[1.480s] -- Up-to-date symlink: /home/donavyn/ros2_ws/install/examples_rclcpp_multithreaded_executor/share/examples_rclcpp_multithreaded_executor/local_setup.zsh
[1.480s] -- Up-to-date symlink: /home/donavyn/ros2_ws/install/examples_rclcpp_multithreaded_executor/share/examples_rclcpp_multithreaded_executor/local_setup.dsv
[1.480s] -- Symlinking: /home/donavyn/ros2_ws/install/examples_rclcpp_multithreaded_executor/share/examples_rclcpp_multithreaded_executor/package.dsv
[1.486s] -- Up-to-date symlink: /home/donavyn/ros2_ws/install/examples_rclcpp_multithreaded_executor/share/ament_index/resource_index/packages/examples_rclcpp_multithreaded_executor
[1.487s] -- Up-to-date symlink: /home/donavyn/ros2_ws/install/examples_rclcpp_multithreaded_executor/share/examples_rclcpp_multithreaded_executor/cmake/examples_rclcpp_multithreaded_executorConfig.cmake
[1.487s] -- Up-to-date symlink: /home/donavyn/ros2_ws/install/examples_rclcpp_multithreaded_executor/share/examples_rclcpp_multithreaded_executor/cmake/examples_rclcpp_multithreaded_executorConfig-version.cmake
[1.487s] -- Up-to-date symlink: /home/donavyn/ros2_ws/install/examples_rclcpp_multithreaded_executor/share/examples_rclcpp_multithreaded_executor/package.xml
[1.529s] Invoked command in '/home/donavyn/ros2_ws/build/examples_rclcpp_multithreaded_executor' returned '0': CMAKE_PREFIX_PATH=${CMAKE_PREFIX_PATH}:/home/donavyn/ros2_ws/install/launch_testing_examples:/home/donavyn/ros2_ws/install/examples_rclpy_pointcloud_publisher:/home/donavyn/ros2_ws/install/examples_rclpy_minimal_subscriber:/home/donavyn/ros2_ws/install/examples_rclpy_minimal_service:/home/donavyn/ros2_ws/install/examples_rclpy_minimal_publisher:/home/donavyn/ros2_ws/install/examples_rclpy_minimal_client:/home/donavyn/ros2_ws/install/examples_rclpy_minimal_action_server:/home/donavyn/ros2_ws/install/examples_rclpy_minimal_action_client:/home/donavyn/ros2_ws/install/examples_rclpy_guard_conditions:/home/donavyn/ros2_ws/install/examples_rclpy_executors:/opt/ros/humble /usr/bin/cmake --install /home/donavyn/ros2_ws/build/examples_rclcpp_multithreaded_executor
