[0.000000] (-) TimerEvent: {}
[0.000570] (-) JobUnselected: {'identifier': 'action_tutorials_interfaces'}
[0.000603] (-) JobUnselected: {'identifier': 'examples_rclcpp_async_client'}
[0.000614] (-) JobUnselected: {'identifier': 'examples_rclcpp_cbg_executor'}
[0.000623] (-) JobUnselected: {'identifier': 'examples_rclcpp_minimal_action_client'}
[0.000633] (-) JobUnselected: {'identifier': 'examples_rclcpp_minimal_action_server'}
[0.000641] (-) JobUnselected: {'identifier': 'examples_rclcpp_minimal_client'}
[0.000650] (-) JobUnselected: {'identifier': 'examples_rclcpp_minimal_composition'}
[0.000658] (-) JobUnselected: {'identifier': 'examples_rclcpp_minimal_publisher'}
[0.000666] (-) JobUnselected: {'identifier': 'examples_rclcpp_minimal_service'}
[0.000674] (-) JobUnselected: {'identifier': 'examples_rclcpp_minimal_subscriber'}
[0.000682] (-) JobUnselected: {'identifier': 'examples_rclcpp_minimal_timer'}
[0.000691] (-) JobUnselected: {'identifier': 'examples_rclcpp_multithreaded_executor'}
[0.000699] (-) JobUnselected: {'identifier': 'examples_rclcpp_wait_set'}
[0.000707] (-) JobUnselected: {'identifier': 'examples_rclpy_executors'}
[0.000715] (-) JobUnselected: {'identifier': 'examples_rclpy_guard_conditions'}
[0.000723] (-) JobUnselected: {'identifier': 'examples_rclpy_minimal_action_client'}
[0.000731] (-) JobUnselected: {'identifier': 'examples_rclpy_minimal_action_server'}
[0.000740] (-) JobUnselected: {'identifier': 'examples_rclpy_minimal_client'}
[0.000748] (-) JobUnselected: {'identifier': 'examples_rclpy_minimal_publisher'}
[0.000756] (-) JobUnselected: {'identifier': 'examples_rclpy_minimal_service'}
[0.000765] (-) JobUnselected: {'identifier': 'examples_rclpy_minimal_subscriber'}
[0.000773] (-) JobUnselected: {'identifier': 'examples_rclpy_pointcloud_publisher'}
[0.000781] (-) JobUnselected: {'identifier': 'launch_testing_examples'}
[0.000789] (-) JobUnselected: {'identifier': 'more_interfaces'}
[0.000799] (-) JobUnselected: {'identifier': 'my_package'}
[0.000811] (-) JobUnselected: {'identifier': 'py_pubsub'}
[0.000822] (-) JobUnselected: {'identifier': 'py_srvcli'}
[0.000833] (-) JobUnselected: {'identifier': 'python_parameters'}
[0.000845] (-) JobUnselected: {'identifier': 'turtlesim'}
[0.000857] (-) JobUnselected: {'identifier': 'tutorial_interfaces'}
[0.000867] (learning_tf2_py) JobQueued: {'identifier': 'learning_tf2_py', 'dependencies': OrderedDict([('turtlesim', '/home/donavyn/docker_test/ros2_ws/install/turtlesim')])}
[0.000880] (learning_tf2_py) JobStarted: {'identifier': 'learning_tf2_py'}
[0.009048] (learning_tf2_py) JobEnded: {'identifier': 'learning_tf2_py', 'rc': 1}
[0.009408] (-) EventReactorShutdown: {}
