[0.986s] Invoking command in '/home/donavyn/ros2_ws/build/turtlesim': CMAKE_PREFIX_PATH=${CMAKE_PREFIX_PATH}:/home/donavyn/ros2_ws/install/launch_testing_examples:/home/donavyn/ros2_ws/install/examples_rclpy_pointcloud_publisher:/home/donavyn/ros2_ws/install/examples_rclpy_minimal_subscriber:/home/donavyn/ros2_ws/install/examples_rclpy_minimal_service:/home/donavyn/ros2_ws/install/examples_rclpy_minimal_publisher:/home/donavyn/ros2_ws/install/examples_rclpy_minimal_client:/home/donavyn/ros2_ws/install/examples_rclpy_minimal_action_server:/home/donavyn/ros2_ws/install/examples_rclpy_minimal_action_client:/home/donavyn/ros2_ws/install/examples_rclpy_guard_conditions:/home/donavyn/ros2_ws/install/examples_rclpy_executors:/opt/ros/humble /usr/bin/cmake --build /home/donavyn/ros2_ws/build/turtlesim -- -j16 -l16
[1.054s] [35m[1mConsolidate compiler generated dependencies of target turtlesim__rosidl_generator_c[0m
[1.069s] [  1%] Built target turtlesim__cpp
[1.079s] [ 11%] Built target turtlesim__rosidl_generator_c
[1.090s] [ 11%] Built target ament_cmake_python_copy_turtlesim
[1.094s] [35m[1mConsolidate compiler generated dependencies of target turtlesim__rosidl_typesupport_cpp[0m
[1.094s] [35m[1mConsolidate compiler generated dependencies of target turtlesim__rosidl_typesupport_introspection_cpp[0m
[1.094s] [35m[1mConsolidate compiler generated dependencies of target turtlesim__rosidl_typesupport_fastrtps_cpp[0m
[1.104s] [35m[1mConsolidate compiler generated dependencies of target turtlesim__rosidl_typesupport_fastrtps_c[0m
[1.108s] [35m[1mConsolidate compiler generated dependencies of target turtlesim__rosidl_typesupport_introspection_c[0m
[1.115s] [35m[1mConsolidate compiler generated dependencies of target turtlesim__rosidl_typesupport_c[0m
[1.127s] [ 31%] Built target turtlesim__rosidl_typesupport_cpp
[1.127s] [ 31%] Built target turtlesim__rosidl_typesupport_introspection_cpp
[1.129s] [ 41%] Built target turtlesim__rosidl_typesupport_fastrtps_cpp
[1.136s] [ 51%] Built target turtlesim__rosidl_typesupport_fastrtps_c
[1.144s] [ 61%] Built target turtlesim__rosidl_typesupport_introspection_c
[1.148s] [ 71%] Built target turtlesim__rosidl_typesupport_c
[1.151s] [35m[1mConsolidate compiler generated dependencies of target turtle_teleop_key[0m
[1.153s] [35m[1mConsolidate compiler generated dependencies of target turtlesim_node[0m
[1.167s] [35m[1mConsolidate compiler generated dependencies of target draw_square[0m
[1.171s] [35m[1mConsolidate compiler generated dependencies of target mimic[0m
[1.185s] [ 73%] Built target turtle_teleop_key
[1.190s] [ 73%] Built target turtlesim
[1.196s] [ 75%] Built target draw_square
[1.200s] [ 78%] [32mBuilding CXX object CMakeFiles/turtlesim_node.dir/src/turtle_frame.cpp.o[0m
[1.200s] [ 78%] Built target mimic
[1.228s] [ 79%] Built target turtlesim__py
[1.254s] [35m[1mConsolidate compiler generated dependencies of target turtlesim__rosidl_generator_py[0m
[1.287s] [ 88%] Built target turtlesim__rosidl_generator_py
[1.308s] [35m[1mConsolidate compiler generated dependencies of target turtlesim__rosidl_typesupport_c__pyext[0m
[1.308s] [35m[1mConsolidate compiler generated dependencies of target turtlesim__rosidl_typesupport_introspection_c__pyext[0m
[1.308s] [35m[1mConsolidate compiler generated dependencies of target turtlesim__rosidl_typesupport_fastrtps_c__pyext[0m
[1.332s] [ 92%] Built target turtlesim__rosidl_typesupport_fastrtps_c__pyext
[1.332s] [ 92%] Built target turtlesim__rosidl_typesupport_introspection_c__pyext
[1.333s] [ 94%] Built target turtlesim__rosidl_typesupport_c__pyext
[1.414s] running egg_info
[1.415s] writing turtlesim.egg-info/PKG-INFO
[1.415s] writing dependency_links to turtlesim.egg-info/dependency_links.txt
[1.416s] writing top-level names to turtlesim.egg-info/top_level.txt
[1.419s] reading manifest file 'turtlesim.egg-info/SOURCES.txt'
[1.421s] writing manifest file 'turtlesim.egg-info/SOURCES.txt'
[1.505s] [ 94%] Built target ament_cmake_python_build_turtlesim_egg
[8.009s] [ 95%] [32m[1mLinking CXX executable turtlesim_node[0m
[9.163s] [100%] Built target turtlesim_node
[9.175s] Invoked command in '/home/donavyn/ros2_ws/build/turtlesim' returned '0': CMAKE_PREFIX_PATH=${CMAKE_PREFIX_PATH}:/home/donavyn/ros2_ws/install/launch_testing_examples:/home/donavyn/ros2_ws/install/examples_rclpy_pointcloud_publisher:/home/donavyn/ros2_ws/install/examples_rclpy_minimal_subscriber:/home/donavyn/ros2_ws/install/examples_rclpy_minimal_service:/home/donavyn/ros2_ws/install/examples_rclpy_minimal_publisher:/home/donavyn/ros2_ws/install/examples_rclpy_minimal_client:/home/donavyn/ros2_ws/install/examples_rclpy_minimal_action_server:/home/donavyn/ros2_ws/install/examples_rclpy_minimal_action_client:/home/donavyn/ros2_ws/install/examples_rclpy_guard_conditions:/home/donavyn/ros2_ws/install/examples_rclpy_executors:/opt/ros/humble /usr/bin/cmake --build /home/donavyn/ros2_ws/build/turtlesim -- -j16 -l16
[9.443s] Invoking command in '/home/donavyn/ros2_ws/build/turtlesim': CMAKE_PREFIX_PATH=${CMAKE_PREFIX_PATH}:/home/donavyn/ros2_ws/install/launch_testing_examples:/home/donavyn/ros2_ws/install/examples_rclpy_pointcloud_publisher:/home/donavyn/ros2_ws/install/examples_rclpy_minimal_subscriber:/home/donavyn/ros2_ws/install/examples_rclpy_minimal_service:/home/donavyn/ros2_ws/install/examples_rclpy_minimal_publisher:/home/donavyn/ros2_ws/install/examples_rclpy_minimal_client:/home/donavyn/ros2_ws/install/examples_rclpy_minimal_action_server:/home/donavyn/ros2_ws/install/examples_rclpy_minimal_action_client:/home/donavyn/ros2_ws/install/examples_rclpy_guard_conditions:/home/donavyn/ros2_ws/install/examples_rclpy_executors:/opt/ros/humble /usr/bin/cmake --install /home/donavyn/ros2_ws/build/turtlesim
[9.448s] -- Install configuration: ""
[9.448s] -- Up-to-date: /home/donavyn/ros2_ws/install/turtlesim/share/ament_index/resource_index/rosidl_interfaces/turtlesim
[9.448s] -- Up-to-date: /home/donavyn/ros2_ws/install/turtlesim/include/turtlesim/turtlesim
[9.449s] -- Up-to-date: /home/donavyn/ros2_ws/install/turtlesim/include/turtlesim/turtlesim/msg
[9.449s] -- Up-to-date: /home/donavyn/ros2_ws/install/turtlesim/include/turtlesim/turtlesim/msg/color.h
[9.449s] -- Up-to-date: /home/donavyn/ros2_ws/install/turtlesim/include/turtlesim/turtlesim/msg/pose.h
[9.449s] -- Up-to-date: /home/donavyn/ros2_ws/install/turtlesim/include/turtlesim/turtlesim/msg/rosidl_generator_c__visibility_control.h
[9.449s] -- Up-to-date: /home/donavyn/ros2_ws/install/turtlesim/include/turtlesim/turtlesim/msg/detail
[9.449s] -- Up-to-date: /home/donavyn/ros2_ws/install/turtlesim/include/turtlesim/turtlesim/msg/detail/color__functions.c
[9.449s] -- Up-to-date: /home/donavyn/ros2_ws/install/turtlesim/include/turtlesim/turtlesim/msg/detail/pose__functions.c
[9.449s] -- Up-to-date: /home/donavyn/ros2_ws/install/turtlesim/include/turtlesim/turtlesim/msg/detail/pose__type_support.h
[9.449s] -- Up-to-date: /home/donavyn/ros2_ws/install/turtlesim/include/turtlesim/turtlesim/msg/detail/pose__struct.h
[9.450s] -- Up-to-date: /home/donavyn/ros2_ws/install/turtlesim/include/turtlesim/turtlesim/msg/detail/color__struct.h
[9.450s] -- Up-to-date: /home/donavyn/ros2_ws/install/turtlesim/include/turtlesim/turtlesim/msg/detail/color__type_support.h
[9.450s] -- Up-to-date: /home/donavyn/ros2_ws/install/turtlesim/include/turtlesim/turtlesim/msg/detail/color__functions.h
[9.450s] -- Up-to-date: /home/donavyn/ros2_ws/install/turtlesim/include/turtlesim/turtlesim/msg/detail/pose__functions.h
[9.450s] -- Up-to-date: /home/donavyn/ros2_ws/install/turtlesim/include/turtlesim/turtlesim/srv
[9.450s] -- Up-to-date: /home/donavyn/ros2_ws/install/turtlesim/include/turtlesim/turtlesim/srv/spawn.h
[9.450s] -- Up-to-date: /home/donavyn/ros2_ws/install/turtlesim/include/turtlesim/turtlesim/srv/teleport_relative.h
[9.450s] -- Up-to-date: /home/donavyn/ros2_ws/install/turtlesim/include/turtlesim/turtlesim/srv/set_pen.h
[9.450s] -- Up-to-date: /home/donavyn/ros2_ws/install/turtlesim/include/turtlesim/turtlesim/srv/teleport_absolute.h
[9.450s] -- Up-to-date: /home/donavyn/ros2_ws/install/turtlesim/include/turtlesim/turtlesim/srv/kill.h
[9.450s] -- Up-to-date: /home/donavyn/ros2_ws/install/turtlesim/include/turtlesim/turtlesim/srv/detail
[9.450s] -- Up-to-date: /home/donavyn/ros2_ws/install/turtlesim/include/turtlesim/turtlesim/srv/detail/teleport_absolute__functions.c
[9.450s] -- Up-to-date: /home/donavyn/ros2_ws/install/turtlesim/include/turtlesim/turtlesim/srv/detail/spawn__functions.h
[9.450s] -- Up-to-date: /home/donavyn/ros2_ws/install/turtlesim/include/turtlesim/turtlesim/srv/detail/spawn__struct.h
[9.450s] -- Up-to-date: /home/donavyn/ros2_ws/install/turtlesim/include/turtlesim/turtlesim/srv/detail/teleport_relative__functions.h
[9.450s] -- Up-to-date: /home/donavyn/ros2_ws/install/turtlesim/include/turtlesim/turtlesim/srv/detail/set_pen__type_support.h
[9.450s] -- Up-to-date: /home/donavyn/ros2_ws/install/turtlesim/include/turtlesim/turtlesim/srv/detail/teleport_absolute__type_support.h
[9.450s] -- Up-to-date: /home/donavyn/ros2_ws/install/turtlesim/include/turtlesim/turtlesim/srv/detail/spawn__functions.c
[9.450s] -- Up-to-date: /home/donavyn/ros2_ws/install/turtlesim/include/turtlesim/turtlesim/srv/detail/spawn__type_support.h
[9.450s] -- Up-to-date: /home/donavyn/ros2_ws/install/turtlesim/include/turtlesim/turtlesim/srv/detail/set_pen__functions.h
[9.450s] -- Up-to-date: /home/donavyn/ros2_ws/install/turtlesim/include/turtlesim/turtlesim/srv/detail/teleport_relative__functions.c
[9.450s] -- Up-to-date: /home/donavyn/ros2_ws/install/turtlesim/include/turtlesim/turtlesim/srv/detail/kill__struct.h
[9.450s] -- Up-to-date: /home/donavyn/ros2_ws/install/turtlesim/include/turtlesim/turtlesim/srv/detail/teleport_relative__type_support.h
[9.450s] -- Up-to-date: /home/donavyn/ros2_ws/install/turtlesim/include/turtlesim/turtlesim/srv/detail/teleport_absolute__functions.h
[9.450s] -- Up-to-date: /home/donavyn/ros2_ws/install/turtlesim/include/turtlesim/turtlesim/srv/detail/teleport_absolute__struct.h
[9.450s] -- Up-to-date: /home/donavyn/ros2_ws/install/turtlesim/include/turtlesim/turtlesim/srv/detail/set_pen__functions.c
[9.450s] -- Up-to-date: /home/donavyn/ros2_ws/install/turtlesim/include/turtlesim/turtlesim/srv/detail/kill__functions.c
[9.450s] -- Up-to-date: /home/donavyn/ros2_ws/install/turtlesim/include/turtlesim/turtlesim/srv/detail/kill__type_support.h
[9.450s] -- Up-to-date: /home/donavyn/ros2_ws/install/turtlesim/include/turtlesim/turtlesim/srv/detail/kill__functions.h
[9.450s] -- Up-to-date: /home/donavyn/ros2_ws/install/turtlesim/include/turtlesim/turtlesim/srv/detail/teleport_relative__struct.h
[9.450s] -- Up-to-date: /home/donavyn/ros2_ws/install/turtlesim/include/turtlesim/turtlesim/srv/detail/set_pen__struct.h
[9.450s] -- Up-to-date: /home/donavyn/ros2_ws/install/turtlesim/include/turtlesim/turtlesim/action
[9.451s] -- Up-to-date: /home/donavyn/ros2_ws/install/turtlesim/include/turtlesim/turtlesim/action/rotate_absolute.h
[9.451s] -- Up-to-date: /home/donavyn/ros2_ws/install/turtlesim/include/turtlesim/turtlesim/action/detail
[9.451s] -- Up-to-date: /home/donavyn/ros2_ws/install/turtlesim/include/turtlesim/turtlesim/action/detail/rotate_absolute__functions.h
[9.451s] -- Up-to-date: /home/donavyn/ros2_ws/install/turtlesim/include/turtlesim/turtlesim/action/detail/rotate_absolute__type_support.h
[9.451s] -- Up-to-date: /home/donavyn/ros2_ws/install/turtlesim/include/turtlesim/turtlesim/action/detail/rotate_absolute__struct.h
[9.451s] -- Up-to-date: /home/donavyn/ros2_ws/install/turtlesim/include/turtlesim/turtlesim/action/detail/rotate_absolute__functions.c
[9.451s] -- Up-to-date: /home/donavyn/ros2_ws/install/turtlesim/share/turtlesim/environment/library_path.sh
[9.451s] -- Up-to-date: /home/donavyn/ros2_ws/install/turtlesim/share/turtlesim/environment/library_path.dsv
[9.451s] -- Up-to-date: /home/donavyn/ros2_ws/install/turtlesim/lib/libturtlesim__rosidl_generator_c.so
[9.451s] -- Up-to-date: /home/donavyn/ros2_ws/install/turtlesim/include/turtlesim/turtlesim
[9.451s] -- Up-to-date: /home/donavyn/ros2_ws/install/turtlesim/include/turtlesim/turtlesim/msg
[9.451s] -- Up-to-date: /home/donavyn/ros2_ws/install/turtlesim/include/turtlesim/turtlesim/msg/rosidl_typesupport_fastrtps_c__visibility_control.h
[9.451s] -- Up-to-date: /home/donavyn/ros2_ws/install/turtlesim/include/turtlesim/turtlesim/msg/detail
[9.451s] -- Up-to-date: /home/donavyn/ros2_ws/install/turtlesim/include/turtlesim/turtlesim/msg/detail/pose__rosidl_typesupport_fastrtps_c.h
[9.451s] -- Up-to-date: /home/donavyn/ros2_ws/install/turtlesim/include/turtlesim/turtlesim/msg/detail/color__rosidl_typesupport_fastrtps_c.h
[9.451s] -- Up-to-date: /home/donavyn/ros2_ws/install/turtlesim/include/turtlesim/turtlesim/srv
[9.451s] -- Up-to-date: /home/donavyn/ros2_ws/install/turtlesim/include/turtlesim/turtlesim/srv/detail
[9.451s] -- Up-to-date: /home/donavyn/ros2_ws/install/turtlesim/include/turtlesim/turtlesim/srv/detail/spawn__rosidl_typesupport_fastrtps_c.h
[9.451s] -- Up-to-date: /home/donavyn/ros2_ws/install/turtlesim/include/turtlesim/turtlesim/srv/detail/set_pen__rosidl_typesupport_fastrtps_c.h
[9.451s] -- Up-to-date: /home/donavyn/ros2_ws/install/turtlesim/include/turtlesim/turtlesim/srv/detail/teleport_absolute__rosidl_typesupport_fastrtps_c.h
[9.451s] -- Up-to-date: /home/donavyn/ros2_ws/install/turtlesim/include/turtlesim/turtlesim/srv/detail/kill__rosidl_typesupport_fastrtps_c.h
[9.451s] -- Up-to-date: /home/donavyn/ros2_ws/install/turtlesim/include/turtlesim/turtlesim/srv/detail/teleport_relative__rosidl_typesupport_fastrtps_c.h
[9.451s] -- Up-to-date: /home/donavyn/ros2_ws/install/turtlesim/include/turtlesim/turtlesim/action
[9.451s] -- Up-to-date: /home/donavyn/ros2_ws/install/turtlesim/include/turtlesim/turtlesim/action/detail
[9.451s] -- Up-to-date: /home/donavyn/ros2_ws/install/turtlesim/include/turtlesim/turtlesim/action/detail/rotate_absolute__rosidl_typesupport_fastrtps_c.h
[9.451s] -- Up-to-date: /home/donavyn/ros2_ws/install/turtlesim/lib/libturtlesim__rosidl_typesupport_fastrtps_c.so
[9.451s] -- Up-to-date: /home/donavyn/ros2_ws/install/turtlesim/include/turtlesim/turtlesim
[9.451s] -- Up-to-date: /home/donavyn/ros2_ws/install/turtlesim/include/turtlesim/turtlesim/msg
[9.451s] -- Up-to-date: /home/donavyn/ros2_ws/install/turtlesim/include/turtlesim/turtlesim/msg/pose.hpp
[9.452s] -- Up-to-date: /home/donavyn/ros2_ws/install/turtlesim/include/turtlesim/turtlesim/msg/color.hpp
[9.452s] -- Up-to-date: /home/donavyn/ros2_ws/install/turtlesim/include/turtlesim/turtlesim/msg/detail
[9.452s] -- Up-to-date: /home/donavyn/ros2_ws/install/turtlesim/include/turtlesim/turtlesim/msg/detail/pose__builder.hpp
[9.452s] -- Up-to-date: /home/donavyn/ros2_ws/install/turtlesim/include/turtlesim/turtlesim/msg/detail/color__struct.hpp
[9.452s] -- Up-to-date: /home/donavyn/ros2_ws/install/turtlesim/include/turtlesim/turtlesim/msg/detail/color__builder.hpp
[9.452s] -- Up-to-date: /home/donavyn/ros2_ws/install/turtlesim/include/turtlesim/turtlesim/msg/detail/pose__struct.hpp
[9.452s] -- Up-to-date: /home/donavyn/ros2_ws/install/turtlesim/include/turtlesim/turtlesim/msg/detail/pose__traits.hpp
[9.452s] -- Up-to-date: /home/donavyn/ros2_ws/install/turtlesim/include/turtlesim/turtlesim/msg/detail/color__traits.hpp
[9.452s] -- Up-to-date: /home/donavyn/ros2_ws/install/turtlesim/include/turtlesim/turtlesim/srv
[9.452s] -- Up-to-date: /home/donavyn/ros2_ws/install/turtlesim/include/turtlesim/turtlesim/srv/spawn.hpp
[9.452s] -- Up-to-date: /home/donavyn/ros2_ws/install/turtlesim/include/turtlesim/turtlesim/srv/kill.hpp
[9.452s] -- Up-to-date: /home/donavyn/ros2_ws/install/turtlesim/include/turtlesim/turtlesim/srv/teleport_absolute.hpp
[9.452s] -- Up-to-date: /home/donavyn/ros2_ws/install/turtlesim/include/turtlesim/turtlesim/srv/set_pen.hpp
[9.452s] -- Up-to-date: /home/donavyn/ros2_ws/install/turtlesim/include/turtlesim/turtlesim/srv/detail
[9.452s] -- Up-to-date: /home/donavyn/ros2_ws/install/turtlesim/include/turtlesim/turtlesim/srv/detail/kill__struct.hpp
[9.452s] -- Up-to-date: /home/donavyn/ros2_ws/install/turtlesim/include/turtlesim/turtlesim/srv/detail/teleport_absolute__struct.hpp
[9.452s] -- Up-to-date: /home/donavyn/ros2_ws/install/turtlesim/include/turtlesim/turtlesim/srv/detail/set_pen__builder.hpp
[9.452s] -- Up-to-date: /home/donavyn/ros2_ws/install/turtlesim/include/turtlesim/turtlesim/srv/detail/teleport_relative__struct.hpp
[9.452s] -- Up-to-date: /home/donavyn/ros2_ws/install/turtlesim/include/turtlesim/turtlesim/srv/detail/spawn__struct.hpp
[9.452s] -- Up-to-date: /home/donavyn/ros2_ws/install/turtlesim/include/turtlesim/turtlesim/srv/detail/spawn__traits.hpp
[9.452s] -- Up-to-date: /home/donavyn/ros2_ws/install/turtlesim/include/turtlesim/turtlesim/srv/detail/teleport_absolute__builder.hpp
[9.452s] -- Up-to-date: /home/donavyn/ros2_ws/install/turtlesim/include/turtlesim/turtlesim/srv/detail/teleport_relative__traits.hpp
[9.452s] -- Up-to-date: /home/donavyn/ros2_ws/install/turtlesim/include/turtlesim/turtlesim/srv/detail/set_pen__traits.hpp
[9.452s] -- Up-to-date: /home/donavyn/ros2_ws/install/turtlesim/include/turtlesim/turtlesim/srv/detail/spawn__builder.hpp
[9.452s] -- Up-to-date: /home/donavyn/ros2_ws/install/turtlesim/include/turtlesim/turtlesim/srv/detail/kill__builder.hpp
[9.452s] -- Up-to-date: /home/donavyn/ros2_ws/install/turtlesim/include/turtlesim/turtlesim/srv/detail/teleport_relative__builder.hpp
[9.452s] -- Up-to-date: /home/donavyn/ros2_ws/install/turtlesim/include/turtlesim/turtlesim/srv/detail/kill__traits.hpp
[9.453s] -- Up-to-date: /home/donavyn/ros2_ws/install/turtlesim/include/turtlesim/turtlesim/srv/detail/teleport_absolute__traits.hpp
[9.453s] -- Up-to-date: /home/donavyn/ros2_ws/install/turtlesim/include/turtlesim/turtlesim/srv/detail/set_pen__struct.hpp
[9.453s] -- Up-to-date: /home/donavyn/ros2_ws/install/turtlesim/include/turtlesim/turtlesim/srv/teleport_relative.hpp
[9.453s] -- Up-to-date: /home/donavyn/ros2_ws/install/turtlesim/include/turtlesim/turtlesim/action
[9.453s] -- Up-to-date: /home/donavyn/ros2_ws/install/turtlesim/include/turtlesim/turtlesim/action/rotate_absolute.hpp
[9.453s] -- Up-to-date: /home/donavyn/ros2_ws/install/turtlesim/include/turtlesim/turtlesim/action/detail
[9.453s] -- Up-to-date: /home/donavyn/ros2_ws/install/turtlesim/include/turtlesim/turtlesim/action/detail/rotate_absolute__traits.hpp
[9.453s] -- Up-to-date: /home/donavyn/ros2_ws/install/turtlesim/include/turtlesim/turtlesim/action/detail/rotate_absolute__struct.hpp
[9.453s] -- Up-to-date: /home/donavyn/ros2_ws/install/turtlesim/include/turtlesim/turtlesim/action/detail/rotate_absolute__builder.hpp
[9.453s] -- Up-to-date: /home/donavyn/ros2_ws/install/turtlesim/include/turtlesim/turtlesim
[9.453s] -- Up-to-date: /home/donavyn/ros2_ws/install/turtlesim/include/turtlesim/turtlesim/msg
[9.453s] -- Up-to-date: /home/donavyn/ros2_ws/install/turtlesim/include/turtlesim/turtlesim/msg/rosidl_typesupport_fastrtps_cpp__visibility_control.h
[9.453s] -- Up-to-date: /home/donavyn/ros2_ws/install/turtlesim/include/turtlesim/turtlesim/msg/detail
[9.453s] -- Up-to-date: /home/donavyn/ros2_ws/install/turtlesim/include/turtlesim/turtlesim/msg/detail/pose__rosidl_typesupport_fastrtps_cpp.hpp
[9.453s] -- Up-to-date: /home/donavyn/ros2_ws/install/turtlesim/include/turtlesim/turtlesim/msg/detail/dds_fastrtps
[9.453s] -- Up-to-date: /home/donavyn/ros2_ws/install/turtlesim/include/turtlesim/turtlesim/msg/detail/color__rosidl_typesupport_fastrtps_cpp.hpp
[9.453s] -- Up-to-date: /home/donavyn/ros2_ws/install/turtlesim/include/turtlesim/turtlesim/srv
[9.453s] -- Up-to-date: /home/donavyn/ros2_ws/install/turtlesim/include/turtlesim/turtlesim/srv/detail
[9.453s] -- Up-to-date: /home/donavyn/ros2_ws/install/turtlesim/include/turtlesim/turtlesim/srv/detail/teleport_absolute__rosidl_typesupport_fastrtps_cpp.hpp
[9.453s] -- Up-to-date: /home/donavyn/ros2_ws/install/turtlesim/include/turtlesim/turtlesim/srv/detail/set_pen__rosidl_typesupport_fastrtps_cpp.hpp
[9.453s] -- Up-to-date: /home/donavyn/ros2_ws/install/turtlesim/include/turtlesim/turtlesim/srv/detail/dds_fastrtps
[9.453s] -- Up-to-date: /home/donavyn/ros2_ws/install/turtlesim/include/turtlesim/turtlesim/srv/detail/kill__rosidl_typesupport_fastrtps_cpp.hpp
[9.453s] -- Up-to-date: /home/donavyn/ros2_ws/install/turtlesim/include/turtlesim/turtlesim/srv/detail/spawn__rosidl_typesupport_fastrtps_cpp.hpp
[9.453s] -- Up-to-date: /home/donavyn/ros2_ws/install/turtlesim/include/turtlesim/turtlesim/srv/detail/teleport_relative__rosidl_typesupport_fastrtps_cpp.hpp
[9.453s] -- Up-to-date: /home/donavyn/ros2_ws/install/turtlesim/include/turtlesim/turtlesim/action
[9.453s] -- Up-to-date: /home/donavyn/ros2_ws/install/turtlesim/include/turtlesim/turtlesim/action/detail
[9.453s] -- Up-to-date: /home/donavyn/ros2_ws/install/turtlesim/include/turtlesim/turtlesim/action/detail/dds_fastrtps
[9.453s] -- Up-to-date: /home/donavyn/ros2_ws/install/turtlesim/include/turtlesim/turtlesim/action/detail/rotate_absolute__rosidl_typesupport_fastrtps_cpp.hpp
[9.453s] -- Up-to-date: /home/donavyn/ros2_ws/install/turtlesim/lib/libturtlesim__rosidl_typesupport_fastrtps_cpp.so
[9.454s] -- Up-to-date: /home/donavyn/ros2_ws/install/turtlesim/include/turtlesim/turtlesim
[9.454s] -- Up-to-date: /home/donavyn/ros2_ws/install/turtlesim/include/turtlesim/turtlesim/msg
[9.454s] -- Up-to-date: /home/donavyn/ros2_ws/install/turtlesim/include/turtlesim/turtlesim/msg/rosidl_typesupport_introspection_c__visibility_control.h
[9.454s] -- Up-to-date: /home/donavyn/ros2_ws/install/turtlesim/include/turtlesim/turtlesim/msg/detail
[9.454s] -- Up-to-date: /home/donavyn/ros2_ws/install/turtlesim/include/turtlesim/turtlesim/msg/detail/color__type_support.c
[9.454s] -- Up-to-date: /home/donavyn/ros2_ws/install/turtlesim/include/turtlesim/turtlesim/msg/detail/color__rosidl_typesupport_introspection_c.h
[9.454s] -- Up-to-date: /home/donavyn/ros2_ws/install/turtlesim/include/turtlesim/turtlesim/msg/detail/pose__type_support.c
[9.454s] -- Up-to-date: /home/donavyn/ros2_ws/install/turtlesim/include/turtlesim/turtlesim/msg/detail/pose__rosidl_typesupport_introspection_c.h
[9.454s] -- Up-to-date: /home/donavyn/ros2_ws/install/turtlesim/include/turtlesim/turtlesim/srv
[9.454s] -- Up-to-date: /home/donavyn/ros2_ws/install/turtlesim/include/turtlesim/turtlesim/srv/detail
[9.454s] -- Up-to-date: /home/donavyn/ros2_ws/install/turtlesim/include/turtlesim/turtlesim/srv/detail/spawn__type_support.c
[9.454s] -- Up-to-date: /home/donavyn/ros2_ws/install/turtlesim/include/turtlesim/turtlesim/srv/detail/spawn__rosidl_typesupport_introspection_c.h
[9.454s] -- Up-to-date: /home/donavyn/ros2_ws/install/turtlesim/include/turtlesim/turtlesim/srv/detail/teleport_relative__type_support.c
[9.454s] -- Up-to-date: /home/donavyn/ros2_ws/install/turtlesim/include/turtlesim/turtlesim/srv/detail/teleport_relative__rosidl_typesupport_introspection_c.h
[9.454s] -- Up-to-date: /home/donavyn/ros2_ws/install/turtlesim/include/turtlesim/turtlesim/srv/detail/set_pen__type_support.c
[9.454s] -- Up-to-date: /home/donavyn/ros2_ws/install/turtlesim/include/turtlesim/turtlesim/srv/detail/teleport_absolute__rosidl_typesupport_introspection_c.h
[9.454s] -- Up-to-date: /home/donavyn/ros2_ws/install/turtlesim/include/turtlesim/turtlesim/srv/detail/kill__type_support.c
[9.454s] -- Up-to-date: /home/donavyn/ros2_ws/install/turtlesim/include/turtlesim/turtlesim/srv/detail/teleport_absolute__type_support.c
[9.454s] -- Up-to-date: /home/donavyn/ros2_ws/install/turtlesim/include/turtlesim/turtlesim/srv/detail/kill__rosidl_typesupport_introspection_c.h
[9.454s] -- Up-to-date: /home/donavyn/ros2_ws/install/turtlesim/include/turtlesim/turtlesim/srv/detail/set_pen__rosidl_typesupport_introspection_c.h
[9.454s] -- Up-to-date: /home/donavyn/ros2_ws/install/turtlesim/include/turtlesim/turtlesim/action
[9.454s] -- Up-to-date: /home/donavyn/ros2_ws/install/turtlesim/include/turtlesim/turtlesim/action/detail
[9.454s] -- Up-to-date: /home/donavyn/ros2_ws/install/turtlesim/include/turtlesim/turtlesim/action/detail/rotate_absolute__type_support.c
[9.454s] -- Up-to-date: /home/donavyn/ros2_ws/install/turtlesim/include/turtlesim/turtlesim/action/detail/rotate_absolute__rosidl_typesupport_introspection_c.h
[9.454s] -- Up-to-date: /home/donavyn/ros2_ws/install/turtlesim/lib/libturtlesim__rosidl_typesupport_introspection_c.so
[9.454s] -- Up-to-date: /home/donavyn/ros2_ws/install/turtlesim/lib/libturtlesim__rosidl_typesupport_c.so
[9.454s] -- Up-to-date: /home/donavyn/ros2_ws/install/turtlesim/include/turtlesim/turtlesim
[9.454s] -- Up-to-date: /home/donavyn/ros2_ws/install/turtlesim/include/turtlesim/turtlesim/msg
[9.454s] -- Up-to-date: /home/donavyn/ros2_ws/install/turtlesim/include/turtlesim/turtlesim/msg/detail
[9.454s] -- Up-to-date: /home/donavyn/ros2_ws/install/turtlesim/include/turtlesim/turtlesim/msg/detail/pose__type_support.cpp
[9.454s] -- Up-to-date: /home/donavyn/ros2_ws/install/turtlesim/include/turtlesim/turtlesim/msg/detail/pose__rosidl_typesupport_introspection_cpp.hpp
[9.454s] -- Up-to-date: /home/donavyn/ros2_ws/install/turtlesim/include/turtlesim/turtlesim/msg/detail/color__type_support.cpp
[9.454s] -- Up-to-date: /home/donavyn/ros2_ws/install/turtlesim/include/turtlesim/turtlesim/msg/detail/color__rosidl_typesupport_introspection_cpp.hpp
[9.455s] -- Up-to-date: /home/donavyn/ros2_ws/install/turtlesim/include/turtlesim/turtlesim/srv
[9.455s] -- Up-to-date: /home/donavyn/ros2_ws/install/turtlesim/include/turtlesim/turtlesim/srv/detail
[9.455s] -- Up-to-date: /home/donavyn/ros2_ws/install/turtlesim/include/turtlesim/turtlesim/srv/detail/kill__type_support.cpp
[9.455s] -- Up-to-date: /home/donavyn/ros2_ws/install/turtlesim/include/turtlesim/turtlesim/srv/detail/teleport_relative__rosidl_typesupport_introspection_cpp.hpp
[9.455s] -- Up-to-date: /home/donavyn/ros2_ws/install/turtlesim/include/turtlesim/turtlesim/srv/detail/teleport_relative__type_support.cpp
[9.455s] -- Up-to-date: /home/donavyn/ros2_ws/install/turtlesim/include/turtlesim/turtlesim/srv/detail/set_pen__rosidl_typesupport_introspection_cpp.hpp
[9.455s] -- Up-to-date: /home/donavyn/ros2_ws/install/turtlesim/include/turtlesim/turtlesim/srv/detail/teleport_absolute__type_support.cpp
[9.455s] -- Up-to-date: /home/donavyn/ros2_ws/install/turtlesim/include/turtlesim/turtlesim/srv/detail/spawn__type_support.cpp
[9.455s] -- Up-to-date: /home/donavyn/ros2_ws/install/turtlesim/include/turtlesim/turtlesim/srv/detail/spawn__rosidl_typesupport_introspection_cpp.hpp
[9.455s] -- Up-to-date: /home/donavyn/ros2_ws/install/turtlesim/include/turtlesim/turtlesim/srv/detail/teleport_absolute__rosidl_typesupport_introspection_cpp.hpp
[9.455s] -- Up-to-date: /home/donavyn/ros2_ws/install/turtlesim/include/turtlesim/turtlesim/srv/detail/set_pen__type_support.cpp
[9.455s] -- Up-to-date: /home/donavyn/ros2_ws/install/turtlesim/include/turtlesim/turtlesim/srv/detail/kill__rosidl_typesupport_introspection_cpp.hpp
[9.455s] -- Up-to-date: /home/donavyn/ros2_ws/install/turtlesim/include/turtlesim/turtlesim/action
[9.455s] -- Up-to-date: /home/donavyn/ros2_ws/install/turtlesim/include/turtlesim/turtlesim/action/detail
[9.455s] -- Up-to-date: /home/donavyn/ros2_ws/install/turtlesim/include/turtlesim/turtlesim/action/detail/rotate_absolute__rosidl_typesupport_introspection_cpp.hpp
[9.455s] -- Up-to-date: /home/donavyn/ros2_ws/install/turtlesim/include/turtlesim/turtlesim/action/detail/rotate_absolute__type_support.cpp
[9.455s] -- Up-to-date: /home/donavyn/ros2_ws/install/turtlesim/lib/libturtlesim__rosidl_typesupport_introspection_cpp.so
[9.455s] -- Up-to-date: /home/donavyn/ros2_ws/install/turtlesim/lib/libturtlesim__rosidl_typesupport_cpp.so
[9.455s] -- Up-to-date: /home/donavyn/ros2_ws/install/turtlesim/share/turtlesim/environment/pythonpath.sh
[9.455s] -- Up-to-date: /home/donavyn/ros2_ws/install/turtlesim/share/turtlesim/environment/pythonpath.dsv
[9.455s] -- Up-to-date: /home/donavyn/ros2_ws/install/turtlesim/local/lib/python3.10/dist-packages/turtlesim-1.4.2-py3.10.egg-info
[9.455s] -- Installing: /home/donavyn/ros2_ws/install/turtlesim/local/lib/python3.10/dist-packages/turtlesim-1.4.2-py3.10.egg-info/dependency_links.txt
[9.455s] -- Installing: /home/donavyn/ros2_ws/install/turtlesim/local/lib/python3.10/dist-packages/turtlesim-1.4.2-py3.10.egg-info/PKG-INFO
[9.455s] -- Installing: /home/donavyn/ros2_ws/install/turtlesim/local/lib/python3.10/dist-packages/turtlesim-1.4.2-py3.10.egg-info/SOURCES.txt
[9.455s] -- Installing: /home/donavyn/ros2_ws/install/turtlesim/local/lib/python3.10/dist-packages/turtlesim-1.4.2-py3.10.egg-info/top_level.txt
[9.455s] -- Up-to-date: /home/donavyn/ros2_ws/install/turtlesim/local/lib/python3.10/dist-packages/turtlesim
[9.455s] -- Up-to-date: /home/donavyn/ros2_ws/install/turtlesim/local/lib/python3.10/dist-packages/turtlesim/turtlesim_s__rosidl_typesupport_fastrtps_c.cpython-310-x86_64-linux-gnu.so
[9.455s] -- Up-to-date: /home/donavyn/ros2_ws/install/turtlesim/local/lib/python3.10/dist-packages/turtlesim/__init__.py
[9.455s] -- Up-to-date: /home/donavyn/ros2_ws/install/turtlesim/local/lib/python3.10/dist-packages/turtlesim/libturtlesim__rosidl_generator_py.so
[9.455s] -- Up-to-date: /home/donavyn/ros2_ws/install/turtlesim/local/lib/python3.10/dist-packages/turtlesim/msg
[9.455s] -- Up-to-date: /home/donavyn/ros2_ws/install/turtlesim/local/lib/python3.10/dist-packages/turtlesim/msg/_color_s.c
[9.455s] -- Up-to-date: /home/donavyn/ros2_ws/install/turtlesim/local/lib/python3.10/dist-packages/turtlesim/msg/__init__.py
[9.455s] -- Up-to-date: /home/donavyn/ros2_ws/install/turtlesim/local/lib/python3.10/dist-packages/turtlesim/msg/_pose_s.c
[9.455s] -- Up-to-date: /home/donavyn/ros2_ws/install/turtlesim/local/lib/python3.10/dist-packages/turtlesim/msg/_color.py
[9.455s] -- Up-to-date: /home/donavyn/ros2_ws/install/turtlesim/local/lib/python3.10/dist-packages/turtlesim/msg/_pose.py
[9.455s] -- Up-to-date: /home/donavyn/ros2_ws/install/turtlesim/local/lib/python3.10/dist-packages/turtlesim/_turtlesim_s.ep.rosidl_typesupport_introspection_c.c
[9.455s] -- Up-to-date: /home/donavyn/ros2_ws/install/turtlesim/local/lib/python3.10/dist-packages/turtlesim/_turtlesim_s.ep.rosidl_typesupport_fastrtps_c.c
[9.455s] -- Up-to-date: /home/donavyn/ros2_ws/install/turtlesim/local/lib/python3.10/dist-packages/turtlesim/turtlesim_s__rosidl_typesupport_c.cpython-310-x86_64-linux-gnu.so
[9.455s] -- Up-to-date: /home/donavyn/ros2_ws/install/turtlesim/local/lib/python3.10/dist-packages/turtlesim/srv
[9.455s] -- Up-to-date: /home/donavyn/ros2_ws/install/turtlesim/local/lib/python3.10/dist-packages/turtlesim/srv/_set_pen_s.c
[9.455s] -- Up-to-date: /home/donavyn/ros2_ws/install/turtlesim/local/lib/python3.10/dist-packages/turtlesim/srv/_teleport_absolute.py
[9.456s] -- Up-to-date: /home/donavyn/ros2_ws/install/turtlesim/local/lib/python3.10/dist-packages/turtlesim/srv/_kill.py
[9.456s] -- Up-to-date: /home/donavyn/ros2_ws/install/turtlesim/local/lib/python3.10/dist-packages/turtlesim/srv/_spawn.py
[9.456s] -- Up-to-date: /home/donavyn/ros2_ws/install/turtlesim/local/lib/python3.10/dist-packages/turtlesim/srv/__init__.py
[9.456s] -- Up-to-date: /home/donavyn/ros2_ws/install/turtlesim/local/lib/python3.10/dist-packages/turtlesim/srv/_teleport_relative_s.c
[9.456s] -- Up-to-date: /home/donavyn/ros2_ws/install/turtlesim/local/lib/python3.10/dist-packages/turtlesim/srv/_kill_s.c
[9.456s] -- Up-to-date: /home/donavyn/ros2_ws/install/turtlesim/local/lib/python3.10/dist-packages/turtlesim/srv/_teleport_absolute_s.c
[9.456s] -- Up-to-date: /home/donavyn/ros2_ws/install/turtlesim/local/lib/python3.10/dist-packages/turtlesim/srv/_spawn_s.c
[9.456s] -- Up-to-date: /home/donavyn/ros2_ws/install/turtlesim/local/lib/python3.10/dist-packages/turtlesim/srv/_set_pen.py
[9.456s] -- Up-to-date: /home/donavyn/ros2_ws/install/turtlesim/local/lib/python3.10/dist-packages/turtlesim/srv/_teleport_relative.py
[9.456s] -- Up-to-date: /home/donavyn/ros2_ws/install/turtlesim/local/lib/python3.10/dist-packages/turtlesim/turtlesim_s__rosidl_typesupport_introspection_c.cpython-310-x86_64-linux-gnu.so
[9.456s] -- Up-to-date: /home/donavyn/ros2_ws/install/turtlesim/local/lib/python3.10/dist-packages/turtlesim/action
[9.456s] -- Up-to-date: /home/donavyn/ros2_ws/install/turtlesim/local/lib/python3.10/dist-packages/turtlesim/action/__init__.py
[9.456s] -- Up-to-date: /home/donavyn/ros2_ws/install/turtlesim/local/lib/python3.10/dist-packages/turtlesim/action/_rotate_absolute_s.c
[9.456s] -- Up-to-date: /home/donavyn/ros2_ws/install/turtlesim/local/lib/python3.10/dist-packages/turtlesim/action/_rotate_absolute.py
[9.456s] -- Up-to-date: /home/donavyn/ros2_ws/install/turtlesim/local/lib/python3.10/dist-packages/turtlesim/_turtlesim_s.ep.rosidl_typesupport_c.c
[9.480s] Listing '/home/donavyn/ros2_ws/install/turtlesim/local/lib/python3.10/dist-packages/turtlesim'...
[9.480s] Listing '/home/donavyn/ros2_ws/install/turtlesim/local/lib/python3.10/dist-packages/turtlesim/action'...
[9.480s] Listing '/home/donavyn/ros2_ws/install/turtlesim/local/lib/python3.10/dist-packages/turtlesim/msg'...
[9.480s] Listing '/home/donavyn/ros2_ws/install/turtlesim/local/lib/python3.10/dist-packages/turtlesim/srv'...
[9.482s] -- Up-to-date: /home/donavyn/ros2_ws/install/turtlesim/local/lib/python3.10/dist-packages/turtlesim/turtlesim_s__rosidl_typesupport_fastrtps_c.cpython-310-x86_64-linux-gnu.so
[9.482s] -- Up-to-date: /home/donavyn/ros2_ws/install/turtlesim/local/lib/python3.10/dist-packages/turtlesim/turtlesim_s__rosidl_typesupport_introspection_c.cpython-310-x86_64-linux-gnu.so
[9.483s] -- Up-to-date: /home/donavyn/ros2_ws/install/turtlesim/local/lib/python3.10/dist-packages/turtlesim/turtlesim_s__rosidl_typesupport_c.cpython-310-x86_64-linux-gnu.so
[9.483s] -- Up-to-date: /home/donavyn/ros2_ws/install/turtlesim/lib/libturtlesim__rosidl_generator_py.so
[9.483s] -- Up-to-date: /home/donavyn/ros2_ws/install/turtlesim/share/turtlesim/action/RotateAbsolute.idl
[9.484s] -- Up-to-date: /home/donavyn/ros2_ws/install/turtlesim/share/turtlesim/msg/Color.idl
[9.484s] -- Up-to-date: /home/donavyn/ros2_ws/install/turtlesim/share/turtlesim/msg/Pose.idl
[9.484s] -- Up-to-date: /home/donavyn/ros2_ws/install/turtlesim/share/turtlesim/srv/Kill.idl
[9.484s] -- Up-to-date: /home/donavyn/ros2_ws/install/turtlesim/share/turtlesim/srv/SetPen.idl
[9.484s] -- Up-to-date: /home/donavyn/ros2_ws/install/turtlesim/share/turtlesim/srv/Spawn.idl
[9.484s] -- Up-to-date: /home/donavyn/ros2_ws/install/turtlesim/share/turtlesim/srv/TeleportAbsolute.idl
[9.484s] -- Up-to-date: /home/donavyn/ros2_ws/install/turtlesim/share/turtlesim/srv/TeleportRelative.idl
[9.484s] -- Up-to-date: /home/donavyn/ros2_ws/install/turtlesim/share/turtlesim/action/RotateAbsolute.action
[9.484s] -- Up-to-date: /home/donavyn/ros2_ws/install/turtlesim/share/turtlesim/msg/Color.msg
[9.484s] -- Up-to-date: /home/donavyn/ros2_ws/install/turtlesim/share/turtlesim/msg/Pose.msg
[9.484s] -- Up-to-date: /home/donavyn/ros2_ws/install/turtlesim/share/turtlesim/srv/Kill.srv
[9.485s] -- Up-to-date: /home/donavyn/ros2_ws/install/turtlesim/share/turtlesim/srv/Kill_Request.msg
[9.485s] -- Up-to-date: /home/donavyn/ros2_ws/install/turtlesim/share/turtlesim/srv/Kill_Response.msg
[9.485s] -- Up-to-date: /home/donavyn/ros2_ws/install/turtlesim/share/turtlesim/srv/SetPen.srv
[9.485s] -- Up-to-date: /home/donavyn/ros2_ws/install/turtlesim/share/turtlesim/srv/SetPen_Request.msg
[9.485s] -- Up-to-date: /home/donavyn/ros2_ws/install/turtlesim/share/turtlesim/srv/SetPen_Response.msg
[9.485s] -- Up-to-date: /home/donavyn/ros2_ws/install/turtlesim/share/turtlesim/srv/Spawn.srv
[9.485s] -- Up-to-date: /home/donavyn/ros2_ws/install/turtlesim/share/turtlesim/srv/Spawn_Request.msg
[9.485s] -- Up-to-date: /home/donavyn/ros2_ws/install/turtlesim/share/turtlesim/srv/Spawn_Response.msg
[9.485s] -- Up-to-date: /home/donavyn/ros2_ws/install/turtlesim/share/turtlesim/srv/TeleportAbsolute.srv
[9.485s] -- Up-to-date: /home/donavyn/ros2_ws/install/turtlesim/share/turtlesim/srv/TeleportAbsolute_Request.msg
[9.485s] -- Up-to-date: /home/donavyn/ros2_ws/install/turtlesim/share/turtlesim/srv/TeleportAbsolute_Response.msg
[9.485s] -- Up-to-date: /home/donavyn/ros2_ws/install/turtlesim/share/turtlesim/srv/TeleportRelative.srv
[9.485s] -- Up-to-date: /home/donavyn/ros2_ws/install/turtlesim/share/turtlesim/srv/TeleportRelative_Request.msg
[9.485s] -- Up-to-date: /home/donavyn/ros2_ws/install/turtlesim/share/turtlesim/srv/TeleportRelative_Response.msg
[9.485s] -- Installing: /home/donavyn/ros2_ws/install/turtlesim/lib/turtlesim/turtlesim_node
[9.490s] -- Set runtime path of "/home/donavyn/ros2_ws/install/turtlesim/lib/turtlesim/turtlesim_node" to ""
[9.490s] -- Up-to-date: /home/donavyn/ros2_ws/install/turtlesim/lib/turtlesim/turtle_teleop_key
[9.490s] -- Up-to-date: /home/donavyn/ros2_ws/install/turtlesim/lib/turtlesim/draw_square
[9.491s] -- Up-to-date: /home/donavyn/ros2_ws/install/turtlesim/lib/turtlesim/mimic
[9.491s] -- Up-to-date: /home/donavyn/ros2_ws/install/turtlesim/share/turtlesim/images
[9.491s] -- Up-to-date: /home/donavyn/ros2_ws/install/turtlesim/share/turtlesim/images/galactic.png
[9.491s] -- Up-to-date: /home/donavyn/ros2_ws/install/turtlesim/share/turtlesim/images/bouncy.png
[9.491s] -- Up-to-date: /home/donavyn/ros2_ws/install/turtlesim/share/turtlesim/images/foxy.png
[9.491s] -- Up-to-date: /home/donavyn/ros2_ws/install/turtlesim/share/turtlesim/images/rolling.png
[9.491s] -- Up-to-date: /home/donavyn/ros2_ws/install/turtlesim/share/turtlesim/images/eloquent.png
[9.491s] -- Up-to-date: /home/donavyn/ros2_ws/install/turtlesim/share/turtlesim/images/dashing.png
[9.491s] -- Up-to-date: /home/donavyn/ros2_ws/install/turtlesim/share/turtlesim/images/ardent.png
[9.492s] -- Up-to-date: /home/donavyn/ros2_ws/install/turtlesim/share/turtlesim/images/humble.png
[9.492s] -- Up-to-date: /home/donavyn/ros2_ws/install/turtlesim/share/turtlesim/images/crystal.png
[9.492s] -- Up-to-date: /home/donavyn/ros2_ws/install/turtlesim/share/turtlesim/launch
[9.492s] -- Up-to-date: /home/donavyn/ros2_ws/install/turtlesim/share/turtlesim/launch/multisim.launch.py
[9.492s] -- Up-to-date: /home/donavyn/ros2_ws/install/turtlesim/share/ament_index/resource_index/package_run_dependencies/turtlesim
[9.492s] -- Up-to-date: /home/donavyn/ros2_ws/install/turtlesim/share/ament_index/resource_index/parent_prefix_path/turtlesim
[9.492s] -- Up-to-date: /home/donavyn/ros2_ws/install/turtlesim/share/turtlesim/environment/ament_prefix_path.sh
[9.492s] -- Up-to-date: /home/donavyn/ros2_ws/install/turtlesim/share/turtlesim/environment/ament_prefix_path.dsv
[9.492s] -- Up-to-date: /home/donavyn/ros2_ws/install/turtlesim/share/turtlesim/environment/path.sh
[9.492s] -- Up-to-date: /home/donavyn/ros2_ws/install/turtlesim/share/turtlesim/environment/path.dsv
[9.493s] -- Up-to-date: /home/donavyn/ros2_ws/install/turtlesim/share/turtlesim/local_setup.bash
[9.493s] -- Up-to-date: /home/donavyn/ros2_ws/install/turtlesim/share/turtlesim/local_setup.sh
[9.493s] -- Up-to-date: /home/donavyn/ros2_ws/install/turtlesim/share/turtlesim/local_setup.zsh
[9.493s] -- Up-to-date: /home/donavyn/ros2_ws/install/turtlesim/share/turtlesim/local_setup.dsv
[9.493s] -- Installing: /home/donavyn/ros2_ws/install/turtlesim/share/turtlesim/package.dsv
[9.493s] -- Up-to-date: /home/donavyn/ros2_ws/install/turtlesim/share/ament_index/resource_index/packages/turtlesim
[9.493s] -- Up-to-date: /home/donavyn/ros2_ws/install/turtlesim/share/turtlesim/cmake/export_turtlesim__rosidl_generator_cExport.cmake
[9.493s] -- Up-to-date: /home/donavyn/ros2_ws/install/turtlesim/share/turtlesim/cmake/export_turtlesim__rosidl_generator_cExport-noconfig.cmake
[9.493s] -- Up-to-date: /home/donavyn/ros2_ws/install/turtlesim/share/turtlesim/cmake/export_turtlesim__rosidl_typesupport_fastrtps_cExport.cmake
[9.493s] -- Up-to-date: /home/donavyn/ros2_ws/install/turtlesim/share/turtlesim/cmake/export_turtlesim__rosidl_typesupport_fastrtps_cExport-noconfig.cmake
[9.493s] -- Up-to-date: /home/donavyn/ros2_ws/install/turtlesim/share/turtlesim/cmake/export_turtlesim__rosidl_generator_cppExport.cmake
[9.493s] -- Up-to-date: /home/donavyn/ros2_ws/install/turtlesim/share/turtlesim/cmake/export_turtlesim__rosidl_typesupport_fastrtps_cppExport.cmake
[9.493s] -- Up-to-date: /home/donavyn/ros2_ws/install/turtlesim/share/turtlesim/cmake/export_turtlesim__rosidl_typesupport_fastrtps_cppExport-noconfig.cmake
[9.493s] -- Up-to-date: /home/donavyn/ros2_ws/install/turtlesim/share/turtlesim/cmake/turtlesim__rosidl_typesupport_introspection_cExport.cmake
[9.493s] -- Up-to-date: /home/donavyn/ros2_ws/install/turtlesim/share/turtlesim/cmake/turtlesim__rosidl_typesupport_introspection_cExport-noconfig.cmake
[9.493s] -- Up-to-date: /home/donavyn/ros2_ws/install/turtlesim/share/turtlesim/cmake/turtlesim__rosidl_typesupport_cExport.cmake
[9.493s] -- Up-to-date: /home/donavyn/ros2_ws/install/turtlesim/share/turtlesim/cmake/turtlesim__rosidl_typesupport_cExport-noconfig.cmake
[9.494s] -- Up-to-date: /home/donavyn/ros2_ws/install/turtlesim/share/turtlesim/cmake/turtlesim__rosidl_typesupport_introspection_cppExport.cmake
[9.494s] -- Up-to-date: /home/donavyn/ros2_ws/install/turtlesim/share/turtlesim/cmake/turtlesim__rosidl_typesupport_introspection_cppExport-noconfig.cmake
[9.494s] -- Up-to-date: /home/donavyn/ros2_ws/install/turtlesim/share/turtlesim/cmake/turtlesim__rosidl_typesupport_cppExport.cmake
[9.494s] -- Up-to-date: /home/donavyn/ros2_ws/install/turtlesim/share/turtlesim/cmake/turtlesim__rosidl_typesupport_cppExport-noconfig.cmake
[9.494s] -- Up-to-date: /home/donavyn/ros2_ws/install/turtlesim/share/turtlesim/cmake/export_turtlesim__rosidl_generator_pyExport.cmake
[9.494s] -- Up-to-date: /home/donavyn/ros2_ws/install/turtlesim/share/turtlesim/cmake/export_turtlesim__rosidl_generator_pyExport-noconfig.cmake
[9.494s] -- Up-to-date: /home/donavyn/ros2_ws/install/turtlesim/share/turtlesim/cmake/rosidl_cmake-extras.cmake
[9.494s] -- Up-to-date: /home/donavyn/ros2_ws/install/turtlesim/share/turtlesim/cmake/ament_cmake_export_dependencies-extras.cmake
[9.494s] -- Up-to-date: /home/donavyn/ros2_ws/install/turtlesim/share/turtlesim/cmake/ament_cmake_export_include_directories-extras.cmake
[9.494s] -- Up-to-date: /home/donavyn/ros2_ws/install/turtlesim/share/turtlesim/cmake/ament_cmake_export_libraries-extras.cmake
[9.494s] -- Up-to-date: /home/donavyn/ros2_ws/install/turtlesim/share/turtlesim/cmake/ament_cmake_export_targets-extras.cmake
[9.494s] -- Up-to-date: /home/donavyn/ros2_ws/install/turtlesim/share/turtlesim/cmake/rosidl_cmake_export_typesupport_targets-extras.cmake
[9.495s] -- Up-to-date: /home/donavyn/ros2_ws/install/turtlesim/share/turtlesim/cmake/rosidl_cmake_export_typesupport_libraries-extras.cmake
[9.495s] -- Up-to-date: /home/donavyn/ros2_ws/install/turtlesim/share/turtlesim/cmake/turtlesimConfig.cmake
[9.495s] -- Up-to-date: /home/donavyn/ros2_ws/install/turtlesim/share/turtlesim/cmake/turtlesimConfig-version.cmake
[9.495s] -- Up-to-date: /home/donavyn/ros2_ws/install/turtlesim/share/turtlesim/package.xml
[9.496s] Invoked command in '/home/donavyn/ros2_ws/build/turtlesim' returned '0': CMAKE_PREFIX_PATH=${CMAKE_PREFIX_PATH}:/home/donavyn/ros2_ws/install/launch_testing_examples:/home/donavyn/ros2_ws/install/examples_rclpy_pointcloud_publisher:/home/donavyn/ros2_ws/install/examples_rclpy_minimal_subscriber:/home/donavyn/ros2_ws/install/examples_rclpy_minimal_service:/home/donavyn/ros2_ws/install/examples_rclpy_minimal_publisher:/home/donavyn/ros2_ws/install/examples_rclpy_minimal_client:/home/donavyn/ros2_ws/install/examples_rclpy_minimal_action_server:/home/donavyn/ros2_ws/install/examples_rclpy_minimal_action_client:/home/donavyn/ros2_ws/install/examples_rclpy_guard_conditions:/home/donavyn/ros2_ws/install/examples_rclpy_executors:/opt/ros/humble /usr/bin/cmake --install /home/donavyn/ros2_ws/build/turtlesim
