[0.000000] (-) TimerEvent: {}
[0.000357] (-) JobUnselected: {'identifier': 'action_tutorials_interfaces'}
[0.000393] (-) JobUnselected: {'identifier': 'examples_rclcpp_async_client'}
[0.000419] (-) JobUnselected: {'identifier': 'examples_rclcpp_cbg_executor'}
[0.000442] (-) JobUnselected: {'identifier': 'examples_rclcpp_minimal_action_client'}
[0.000462] (-) JobUnselected: {'identifier': 'examples_rclcpp_minimal_action_server'}
[0.000494] (-) JobUnselected: {'identifier': 'examples_rclcpp_minimal_client'}
[0.000540] (-) JobUnselected: {'identifier': 'examples_rclcpp_minimal_composition'}
[0.000561] (-) JobUnselected: {'identifier': 'examples_rclcpp_minimal_publisher'}
[0.000584] (-) JobUnselected: {'identifier': 'examples_rclcpp_minimal_service'}
[0.000604] (-) JobUnselected: {'identifier': 'examples_rclcpp_minimal_subscriber'}
[0.000626] (-) JobUnselected: {'identifier': 'examples_rclcpp_minimal_timer'}
[0.000665] (-) JobUnselected: {'identifier': 'examples_rclcpp_multithreaded_executor'}
[0.000695] (-) JobUnselected: {'identifier': 'examples_rclcpp_wait_set'}
[0.000703] (-) JobUnselected: {'identifier': 'examples_rclpy_executors'}
[0.000714] (-) JobUnselected: {'identifier': 'examples_rclpy_guard_conditions'}
[0.000721] (-) JobUnselected: {'identifier': 'examples_rclpy_minimal_action_client'}
[0.000729] (-) JobUnselected: {'identifier': 'examples_rclpy_minimal_action_server'}
[0.000736] (-) JobUnselected: {'identifier': 'examples_rclpy_minimal_client'}
[0.000743] (-) JobUnselected: {'identifier': 'examples_rclpy_minimal_publisher'}
[0.000750] (-) JobUnselected: {'identifier': 'examples_rclpy_minimal_service'}
[0.000758] (-) JobUnselected: {'identifier': 'examples_rclpy_minimal_subscriber'}
[0.000769] (-) JobUnselected: {'identifier': 'examples_rclpy_pointcloud_publisher'}
[0.000811] (-) JobUnselected: {'identifier': 'launch_testing_examples'}
[0.000819] (-) JobUnselected: {'identifier': 'more_interfaces'}
[0.000826] (-) JobUnselected: {'identifier': 'my_package'}
[0.000834] (-) JobUnselected: {'identifier': 'py_pubsub'}
[0.000841] (-) JobUnselected: {'identifier': 'py_srvcli'}
[0.000848] (-) JobUnselected: {'identifier': 'python_parameters'}
[0.000855] (-) JobUnselected: {'identifier': 'turtlesim'}
[0.000862] (-) JobUnselected: {'identifier': 'tutorial_interfaces'}
[0.000871] (learning_tf2_py) JobQueued: {'identifier': 'learning_tf2_py', 'dependencies': OrderedDict([('turtlesim', '/home/donavyn/docker_test/ros2_ws/install/turtlesim')])}
[0.000883] (learning_tf2_py) JobStarted: {'identifier': 'learning_tf2_py'}
[0.007358] (learning_tf2_py) JobEnded: {'identifier': 'learning_tf2_py', 'rc': 1}
[0.017763] (-) EventReactorShutdown: {}
