[1.549s] Invoking command in '/home/donavyn/ros2_ws/src/examples/rclpy/services/minimal_service': PYTHONPATH=/home/donavyn/ros2_ws/build/examples_rclpy_minimal_service/prefix_override:/usr/lib/python3/dist-packages/colcon_core/task/python/colcon_distutils_commands:/home/donavyn/ros2_ws/install/examples_rclpy_minimal_service/lib/python3.10/site-packages:${PYTHONPATH} /usr/bin/python3 -W ignore:setup.py install is deprecated setup.py egg_info --egg-base ../../../../../build/examples_rclpy_minimal_service build --build-base /home/donavyn/ros2_ws/build/examples_rclpy_minimal_service/build install --record /home/donavyn/ros2_ws/build/examples_rclpy_minimal_service/install.log --single-version-externally-managed install_data
[1.751s] running egg_info
[1.752s] writing ../../../../../build/examples_rclpy_minimal_service/examples_rclpy_minimal_service.egg-info/PKG-INFO
[1.752s] writing dependency_links to ../../../../../build/examples_rclpy_minimal_service/examples_rclpy_minimal_service.egg-info/dependency_links.txt
[1.752s] writing entry points to ../../../../../build/examples_rclpy_minimal_service/examples_rclpy_minimal_service.egg-info/entry_points.txt
[1.753s] writing requirements to ../../../../../build/examples_rclpy_minimal_service/examples_rclpy_minimal_service.egg-info/requires.txt
[1.753s] writing top-level names to ../../../../../build/examples_rclpy_minimal_service/examples_rclpy_minimal_service.egg-info/top_level.txt
[1.754s] reading manifest file '../../../../../build/examples_rclpy_minimal_service/examples_rclpy_minimal_service.egg-info/SOURCES.txt'
[1.755s] writing manifest file '../../../../../build/examples_rclpy_minimal_service/examples_rclpy_minimal_service.egg-info/SOURCES.txt'
[1.755s] running build
[1.755s] running build_py
[1.756s] running install
[1.756s] running install_lib
[1.757s] running install_data
[1.757s] running install_egg_info
[1.759s] removing '/home/donavyn/ros2_ws/install/examples_rclpy_minimal_service/lib/python3.10/site-packages/examples_rclpy_minimal_service-0.15.2-py3.10.egg-info' (and everything under it)
[1.759s] Copying ../../../../../build/examples_rclpy_minimal_service/examples_rclpy_minimal_service.egg-info to /home/donavyn/ros2_ws/install/examples_rclpy_minimal_service/lib/python3.10/site-packages/examples_rclpy_minimal_service-0.15.2-py3.10.egg-info
[1.760s] running install_scripts
[1.781s] Installing service script to /home/donavyn/ros2_ws/install/examples_rclpy_minimal_service/lib/examples_rclpy_minimal_service
[1.781s] Installing service_member_function script to /home/donavyn/ros2_ws/install/examples_rclpy_minimal_service/lib/examples_rclpy_minimal_service
[1.781s] writing list of installed files to '/home/donavyn/ros2_ws/build/examples_rclpy_minimal_service/install.log'
[1.813s] Invoked command in '/home/donavyn/ros2_ws/src/examples/rclpy/services/minimal_service' returned '0': PYTHONPATH=/home/donavyn/ros2_ws/build/examples_rclpy_minimal_service/prefix_override:/usr/lib/python3/dist-packages/colcon_core/task/python/colcon_distutils_commands:/home/donavyn/ros2_ws/install/examples_rclpy_minimal_service/lib/python3.10/site-packages:${PYTHONPATH} /usr/bin/python3 -W ignore:setup.py install is deprecated setup.py egg_info --egg-base ../../../../../build/examples_rclpy_minimal_service build --build-base /home/donavyn/ros2_ws/build/examples_rclpy_minimal_service/build install --record /home/donavyn/ros2_ws/build/examples_rclpy_minimal_service/install.log --single-version-externally-managed install_data
