[1.598s] Invoking command in '/home/donavyn/ros2_ws/build/examples_rclpy_minimal_client': PYTHONPATH=/home/donavyn/ros2_ws/build/examples_rclpy_minimal_client/prefix_override:/usr/lib/python3/dist-packages/colcon_core/task/python/colcon_distutils_commands:/home/donavyn/ros2_ws/install/examples_rclpy_minimal_client/lib/python3.10/site-packages:${PYTHONPATH} /usr/bin/python3 -W ignore:setup.py install is deprecated setup.py develop --uninstall --editable --build-directory /home/donavyn/ros2_ws/build/examples_rclpy_minimal_client/build
[2.003s] running develop
[2.003s] /usr/lib/python3/dist-packages/setuptools/command/easy_install.py:158: EasyInstallDeprecationWarning: easy_install command is deprecated. Use build and pip and other standards-based tools.
[2.003s]   warnings.warn(
[2.133s] Removing /home/donavyn/ros2_ws/install/examples_rclpy_minimal_client/lib/python3.10/site-packages/examples-rclpy-minimal-client.egg-link (link to .)
[2.164s] Invoked command in '/home/donavyn/ros2_ws/build/examples_rclpy_minimal_client' returned '0': PYTHONPATH=/home/donavyn/ros2_ws/build/examples_rclpy_minimal_client/prefix_override:/usr/lib/python3/dist-packages/colcon_core/task/python/colcon_distutils_commands:/home/donavyn/ros2_ws/install/examples_rclpy_minimal_client/lib/python3.10/site-packages:${PYTHONPATH} /usr/bin/python3 -W ignore:setup.py install is deprecated setup.py develop --uninstall --editable --build-directory /home/donavyn/ros2_ws/build/examples_rclpy_minimal_client/build
[2.166s] Invoking command in '/home/donavyn/ros2_ws/src/examples/rclpy/services/minimal_client': PYTHONPATH=/home/donavyn/ros2_ws/build/examples_rclpy_minimal_client/prefix_override:/usr/lib/python3/dist-packages/colcon_core/task/python/colcon_distutils_commands:/home/donavyn/ros2_ws/install/examples_rclpy_minimal_client/lib/python3.10/site-packages:${PYTHONPATH} /usr/bin/python3 -W ignore:setup.py install is deprecated setup.py egg_info --egg-base ../../../../../build/examples_rclpy_minimal_client build --build-base /home/donavyn/ros2_ws/build/examples_rclpy_minimal_client/build install --record /home/donavyn/ros2_ws/build/examples_rclpy_minimal_client/install.log --single-version-externally-managed install_data --force
[2.350s] running egg_info
[2.350s] writing ../../../../../build/examples_rclpy_minimal_client/examples_rclpy_minimal_client.egg-info/PKG-INFO
[2.350s] writing dependency_links to ../../../../../build/examples_rclpy_minimal_client/examples_rclpy_minimal_client.egg-info/dependency_links.txt
[2.350s] writing entry points to ../../../../../build/examples_rclpy_minimal_client/examples_rclpy_minimal_client.egg-info/entry_points.txt
[2.350s] writing requirements to ../../../../../build/examples_rclpy_minimal_client/examples_rclpy_minimal_client.egg-info/requires.txt
[2.351s] writing top-level names to ../../../../../build/examples_rclpy_minimal_client/examples_rclpy_minimal_client.egg-info/top_level.txt
[2.351s] reading manifest file '../../../../../build/examples_rclpy_minimal_client/examples_rclpy_minimal_client.egg-info/SOURCES.txt'
[2.352s] writing manifest file '../../../../../build/examples_rclpy_minimal_client/examples_rclpy_minimal_client.egg-info/SOURCES.txt'
[2.352s] running build
[2.352s] running build_py
[2.352s] creating /home/donavyn/ros2_ws/build/examples_rclpy_minimal_client/build
[2.352s] creating /home/donavyn/ros2_ws/build/examples_rclpy_minimal_client/build/lib
[2.353s] creating /home/donavyn/ros2_ws/build/examples_rclpy_minimal_client/build/lib/examples_rclpy_minimal_client
[2.353s] copying examples_rclpy_minimal_client/client_async.py -> /home/donavyn/ros2_ws/build/examples_rclpy_minimal_client/build/lib/examples_rclpy_minimal_client
[2.353s] copying examples_rclpy_minimal_client/__init__.py -> /home/donavyn/ros2_ws/build/examples_rclpy_minimal_client/build/lib/examples_rclpy_minimal_client
[2.353s] copying examples_rclpy_minimal_client/client_async_callback.py -> /home/donavyn/ros2_ws/build/examples_rclpy_minimal_client/build/lib/examples_rclpy_minimal_client
[2.353s] copying examples_rclpy_minimal_client/client_async_member_function.py -> /home/donavyn/ros2_ws/build/examples_rclpy_minimal_client/build/lib/examples_rclpy_minimal_client
[2.353s] copying examples_rclpy_minimal_client/client.py -> /home/donavyn/ros2_ws/build/examples_rclpy_minimal_client/build/lib/examples_rclpy_minimal_client
[2.353s] running install
[2.353s] running install_lib
[2.353s] creating /home/donavyn/ros2_ws/install/examples_rclpy_minimal_client/lib/python3.10/site-packages/examples_rclpy_minimal_client
[2.353s] copying /home/donavyn/ros2_ws/build/examples_rclpy_minimal_client/build/lib/examples_rclpy_minimal_client/client_async.py -> /home/donavyn/ros2_ws/install/examples_rclpy_minimal_client/lib/python3.10/site-packages/examples_rclpy_minimal_client
[2.353s] copying /home/donavyn/ros2_ws/build/examples_rclpy_minimal_client/build/lib/examples_rclpy_minimal_client/__init__.py -> /home/donavyn/ros2_ws/install/examples_rclpy_minimal_client/lib/python3.10/site-packages/examples_rclpy_minimal_client
[2.354s] copying /home/donavyn/ros2_ws/build/examples_rclpy_minimal_client/build/lib/examples_rclpy_minimal_client/client_async_callback.py -> /home/donavyn/ros2_ws/install/examples_rclpy_minimal_client/lib/python3.10/site-packages/examples_rclpy_minimal_client
[2.354s] copying /home/donavyn/ros2_ws/build/examples_rclpy_minimal_client/build/lib/examples_rclpy_minimal_client/client_async_member_function.py -> /home/donavyn/ros2_ws/install/examples_rclpy_minimal_client/lib/python3.10/site-packages/examples_rclpy_minimal_client
[2.354s] copying /home/donavyn/ros2_ws/build/examples_rclpy_minimal_client/build/lib/examples_rclpy_minimal_client/client.py -> /home/donavyn/ros2_ws/install/examples_rclpy_minimal_client/lib/python3.10/site-packages/examples_rclpy_minimal_client
[2.354s] byte-compiling /home/donavyn/ros2_ws/install/examples_rclpy_minimal_client/lib/python3.10/site-packages/examples_rclpy_minimal_client/client_async.py to client_async.cpython-310.pyc
[2.354s] byte-compiling /home/donavyn/ros2_ws/install/examples_rclpy_minimal_client/lib/python3.10/site-packages/examples_rclpy_minimal_client/__init__.py to __init__.cpython-310.pyc
[2.354s] byte-compiling /home/donavyn/ros2_ws/install/examples_rclpy_minimal_client/lib/python3.10/site-packages/examples_rclpy_minimal_client/client_async_callback.py to client_async_callback.cpython-310.pyc
[2.355s] byte-compiling /home/donavyn/ros2_ws/install/examples_rclpy_minimal_client/lib/python3.10/site-packages/examples_rclpy_minimal_client/client_async_member_function.py to client_async_member_function.cpython-310.pyc
[2.355s] byte-compiling /home/donavyn/ros2_ws/install/examples_rclpy_minimal_client/lib/python3.10/site-packages/examples_rclpy_minimal_client/client.py to client.cpython-310.pyc
[2.355s] running install_data
[2.355s] copying resource/examples_rclpy_minimal_client -> /home/donavyn/ros2_ws/install/examples_rclpy_minimal_client/share/ament_index/resource_index/packages
[2.355s] copying package.xml -> /home/donavyn/ros2_ws/install/examples_rclpy_minimal_client/share/examples_rclpy_minimal_client
[2.355s] running install_egg_info
[2.357s] Copying ../../../../../build/examples_rclpy_minimal_client/examples_rclpy_minimal_client.egg-info to /home/donavyn/ros2_ws/install/examples_rclpy_minimal_client/lib/python3.10/site-packages/examples_rclpy_minimal_client-0.15.2-py3.10.egg-info
[2.357s] running install_scripts
[2.372s] Installing client script to /home/donavyn/ros2_ws/install/examples_rclpy_minimal_client/lib/examples_rclpy_minimal_client
[2.372s] Installing client_async script to /home/donavyn/ros2_ws/install/examples_rclpy_minimal_client/lib/examples_rclpy_minimal_client
[2.372s] Installing client_async_callback script to /home/donavyn/ros2_ws/install/examples_rclpy_minimal_client/lib/examples_rclpy_minimal_client
[2.372s] Installing client_async_member_function script to /home/donavyn/ros2_ws/install/examples_rclpy_minimal_client/lib/examples_rclpy_minimal_client
[2.372s] writing list of installed files to '/home/donavyn/ros2_ws/build/examples_rclpy_minimal_client/install.log'
[2.395s] Invoked command in '/home/donavyn/ros2_ws/src/examples/rclpy/services/minimal_client' returned '0': PYTHONPATH=/home/donavyn/ros2_ws/build/examples_rclpy_minimal_client/prefix_override:/usr/lib/python3/dist-packages/colcon_core/task/python/colcon_distutils_commands:/home/donavyn/ros2_ws/install/examples_rclpy_minimal_client/lib/python3.10/site-packages:${PYTHONPATH} /usr/bin/python3 -W ignore:setup.py install is deprecated setup.py egg_info --egg-base ../../../../../build/examples_rclpy_minimal_client build --build-base /home/donavyn/ros2_ws/build/examples_rclpy_minimal_client/build install --record /home/donavyn/ros2_ws/build/examples_rclpy_minimal_client/install.log --single-version-externally-managed install_data --force
