-- The C compiler identification is GNU 11.4.0
-- The CXX compiler identification is GNU 11.4.0
-- Detecting C compiler ABI info
-- Detecting C compiler ABI info - done
-- Check for working C compiler: /usr/bin/cc - skipped
-- Detecting C compile features
-- Detecting C compile features - done
-- Detecting CXX compiler ABI info
-- Detecting CXX compiler ABI info - done
-- Check for working CXX compiler: /usr/bin/c++ - skipped
-- Detecting CXX compile features
-- Detecting CXX compile features - done
-- Found ament_cmake: 1.3.10 (/opt/ros/humble/share/ament_cmake/cmake)
-- Found Python3: /usr/bin/python3 (found version "3.10.12") found components: Interpreter 
-- Found example_interfaces: 0.9.3 (/opt/ros/humble/share/example_interfaces/cmake)
-- Found rosidl_generator_c: 3.1.5 (/opt/ros/humble/share/rosidl_generator_c/cmake)
-- Found rosidl_adapter: 3.1.5 (/opt/ros/humble/share/rosidl_adapter/cmake)
-- Found rosidl_generator_cpp: 3.1.5 (/opt/ros/humble/share/rosidl_generator_cpp/cmake)
-- Using all available rosidl_typesupport_c: rosidl_typesupport_fastrtps_c;rosidl_typesupport_introspection_c
-- Using all available rosidl_typesupport_cpp: rosidl_typesupport_fastrtps_cpp;rosidl_typesupport_introspection_cpp
-- Found rcl: 5.3.9 (/opt/ros/humble/share/rcl/cmake)
-- Found rmw_implementation_cmake: 6.1.2 (/opt/ros/humble/share/rmw_implementation_cmake/cmake)
-- Found rmw_fastrtps_cpp: 6.2.7 (/opt/ros/humble/share/rmw_fastrtps_cpp/cmake)
-- Found OpenSSL: /usr/lib/x86_64-linux-gnu/libcrypto.so (found version "3.0.2")  
-- Found FastRTPS: /opt/ros/humble/include  
-- Using RMW implementation 'rmw_fastrtps_cpp' as default
-- Looking for pthread.h
-- Looking for pthread.h - found
-- Performing Test CMAKE_HAVE_LIBC_PTHREAD
-- Performing Test CMAKE_HAVE_LIBC_PTHREAD - Success
-- Found Threads: TRUE  
-- Found rclcpp: 16.0.10 (/opt/ros/humble/share/rclcpp/cmake)
-- Found rclcpp_components: 16.0.10 (/opt/ros/humble/share/rclcpp_components/cmake)
-- Setting executor of one_off_timer to rclcpp::executors::SingleThreadedExecutor
-- Setting executor non-default value rclcpp::executors::SingleThreadedExecutor
-- Setting executor of reuse_timer to rclcpp::executors::SingleThreadedExecutor
-- Setting executor non-default value rclcpp::executors::SingleThreadedExecutor
-- Setting executor of list_parameters to rclcpp::executors::SingleThreadedExecutor
-- Setting executor non-default value rclcpp::executors::SingleThreadedExecutor
-- Setting executor of parameter_blackboard to rclcpp::executors::SingleThreadedExecutor
-- Setting executor non-default value rclcpp::executors::SingleThreadedExecutor
-- Setting executor of set_and_get_parameters to rclcpp::executors::SingleThreadedExecutor
-- Setting executor non-default value rclcpp::executors::SingleThreadedExecutor
-- Setting executor of parameter_events_async to rclcpp::executors::SingleThreadedExecutor
-- Setting executor non-default value rclcpp::executors::SingleThreadedExecutor
-- Setting executor of even_parameters_node to rclcpp::executors::SingleThreadedExecutor
-- Setting executor non-default value rclcpp::executors::SingleThreadedExecutor
-- Setting executor of set_parameters_callback to rclcpp::executors::SingleThreadedExecutor
-- Setting executor non-default value rclcpp::executors::SingleThreadedExecutor
-- Setting executor of add_two_ints_server to rclcpp::executors::SingleThreadedExecutor
-- Setting executor non-default value rclcpp::executors::SingleThreadedExecutor
-- Setting executor of add_two_ints_client_async to rclcpp::executors::SingleThreadedExecutor
-- Setting executor non-default value rclcpp::executors::SingleThreadedExecutor
-- Setting executor of introspection_service to rclcpp::executors::SingleThreadedExecutor
-- Setting executor non-default value rclcpp::executors::SingleThreadedExecutor
-- Setting executor of introspection_client to rclcpp::executors::SingleThreadedExecutor
-- Setting executor non-default value rclcpp::executors::SingleThreadedExecutor
-- Setting executor of content_filtering_publisher to rclcpp::executors::SingleThreadedExecutor
-- Setting executor non-default value rclcpp::executors::SingleThreadedExecutor
-- Setting executor of content_filtering_subscriber to rclcpp::executors::SingleThreadedExecutor
-- Setting executor non-default value rclcpp::executors::SingleThreadedExecutor
-- Setting executor of talker to rclcpp::executors::SingleThreadedExecutor
-- Setting executor non-default value rclcpp::executors::SingleThreadedExecutor
-- Setting executor of talker_loaned_message to rclcpp::executors::SingleThreadedExecutor
-- Setting executor non-default value rclcpp::executors::SingleThreadedExecutor
-- Setting executor of talker_serialized_message to rclcpp::executors::SingleThreadedExecutor
-- Setting executor non-default value rclcpp::executors::SingleThreadedExecutor
-- Setting executor of listener to rclcpp::executors::SingleThreadedExecutor
-- Setting executor non-default value rclcpp::executors::SingleThreadedExecutor
-- Setting executor of listener_serialized_message to rclcpp::executors::SingleThreadedExecutor
-- Setting executor non-default value rclcpp::executors::SingleThreadedExecutor
-- Setting executor of listener_best_effort to rclcpp::executors::SingleThreadedExecutor
-- Setting executor non-default value rclcpp::executors::SingleThreadedExecutor
-- Found ament_lint_auto: 0.12.11 (/opt/ros/humble/share/ament_lint_auto/cmake)
-- Found python_cmake_module: 0.10.0 (/opt/ros/humble/share/python_cmake_module/cmake)
-- Found PythonInterp: /usr/bin/python3 (found suitable version "3.10.12", minimum required is "3.6") 
-- Found PythonLibs: /usr/lib/x86_64-linux-gnu/libpython3.10.so (found suitable version "3.10.12", minimum required is "3.5") 
-- Using PYTHON_EXECUTABLE: /usr/bin/python3
-- Using PYTHON_INCLUDE_DIRS: /usr/include/python3.10
-- Using PYTHON_LIBRARIES: /usr/lib/x86_64-linux-gnu/libpython3.10.so
-- Found PythonExtra: .so  
-- Added test 'copyright' to check source files copyright and LICENSE
-- Added test 'cppcheck' to perform static code analysis on C / C++ code
-- Configured cppcheck include dirs: $<BUILD_INTERFACE:/home/donavyn/docker_test/ros2_ws/src/demos/demo_nodes_cpp/include>
-- Configured cppcheck exclude dirs and/or files: 
-- Added test 'cpplint' to check C / C++ code against the Google style
-- Configured cpplint exclude dirs and/or files: 
-- Added test 'flake8' to check Python code syntax and style conventions
-- Added test 'lint_cmake' to check CMake code style
-- Added test 'pep257' to check Python code against some of the docstring style conventions in PEP 257
-- Added test 'uncrustify' to check C / C++ code style
-- Configured uncrustify additional arguments: 
-- Added test 'xmllint' to check XML markup files
-- Configuring done
-- Generating done
-- Build files have been written to: /home/donavyn/docker_test/ros2_ws/build/demo_nodes_cpp
