[0.043s] Invoking command in '/home/donavyn/docker_test/ros2_ws/build/demo_nodes_cpp': CMAKE_PREFIX_PATH=/opt/ros/humble /usr/bin/cmake /home/donavyn/docker_test/ros2_ws/src/demos/demo_nodes_cpp -DCMAKE_INSTALL_PREFIX=/home/donavyn/docker_test/ros2_ws/install/demo_nodes_cpp
[0.439s] -- The C compiler identification is GNU 11.4.0
[0.440s] -- The CXX compiler identification is GNU 11.4.0
[0.440s] -- Detecting C compiler ABI info
[0.440s] -- Detecting C compiler ABI info - done
[0.440s] -- Check for working C compiler: /usr/bin/cc - skipped
[0.440s] -- Detecting C compile features
[0.440s] -- Detecting C compile features - done
[0.440s] -- Detecting CXX compiler ABI info
[0.440s] -- Detecting CXX compiler ABI info - done
[0.440s] -- Check for working CXX compiler: /usr/bin/c++ - skipped
[0.440s] -- Detecting CXX compile features
[0.440s] -- Detecting CXX compile features - done
[0.440s] -- Found ament_cmake: 1.3.10 (/opt/ros/humble/share/ament_cmake/cmake)
[0.440s] -- Found Python3: /usr/bin/python3 (found version "3.10.12") found components: Interpreter 
[0.494s] -- Found example_interfaces: 0.9.3 (/opt/ros/humble/share/example_interfaces/cmake)
[0.529s] -- Found rosidl_generator_c: 3.1.5 (/opt/ros/humble/share/rosidl_generator_c/cmake)
[0.534s] -- Found rosidl_adapter: 3.1.5 (/opt/ros/humble/share/rosidl_adapter/cmake)
[0.542s] -- Found rosidl_generator_cpp: 3.1.5 (/opt/ros/humble/share/rosidl_generator_cpp/cmake)
[0.552s] -- Using all available rosidl_typesupport_c: rosidl_typesupport_fastrtps_c;rosidl_typesupport_introspection_c
[0.570s] -- Using all available rosidl_typesupport_cpp: rosidl_typesupport_fastrtps_cpp;rosidl_typesupport_introspection_cpp
[0.611s] -- Found rcl: 5.3.9 (/opt/ros/humble/share/rcl/cmake)
[0.632s] -- Found rmw_implementation_cmake: 6.1.2 (/opt/ros/humble/share/rmw_implementation_cmake/cmake)
[0.634s] -- Found rmw_fastrtps_cpp: 6.2.7 (/opt/ros/humble/share/rmw_fastrtps_cpp/cmake)
[0.707s] -- Found OpenSSL: /usr/lib/x86_64-linux-gnu/libcrypto.so (found version "3.0.2")  
[0.738s] -- Found FastRTPS: /opt/ros/humble/include  
[0.778s] -- Using RMW implementation 'rmw_fastrtps_cpp' as default
[0.788s] -- Looking for pthread.h
[0.844s] -- Looking for pthread.h - found
[0.844s] -- Performing Test CMAKE_HAVE_LIBC_PTHREAD
[0.893s] -- Performing Test CMAKE_HAVE_LIBC_PTHREAD - Success
[0.894s] -- Found Threads: TRUE  
[0.898s] -- Found rclcpp: 16.0.10 (/opt/ros/humble/share/rclcpp/cmake)
[0.933s] -- Found rclcpp_components: 16.0.10 (/opt/ros/humble/share/rclcpp_components/cmake)
[0.955s] -- Setting executor of one_off_timer to rclcpp::executors::SingleThreadedExecutor
[0.955s] -- Setting executor non-default value rclcpp::executors::SingleThreadedExecutor
[0.956s] -- Setting executor of reuse_timer to rclcpp::executors::SingleThreadedExecutor
[0.956s] -- Setting executor non-default value rclcpp::executors::SingleThreadedExecutor
[0.956s] -- Setting executor of list_parameters to rclcpp::executors::SingleThreadedExecutor
[0.956s] -- Setting executor non-default value rclcpp::executors::SingleThreadedExecutor
[0.957s] -- Setting executor of parameter_blackboard to rclcpp::executors::SingleThreadedExecutor
[0.957s] -- Setting executor non-default value rclcpp::executors::SingleThreadedExecutor
[0.958s] -- Setting executor of set_and_get_parameters to rclcpp::executors::SingleThreadedExecutor
[0.958s] -- Setting executor non-default value rclcpp::executors::SingleThreadedExecutor
[0.958s] -- Setting executor of parameter_events_async to rclcpp::executors::SingleThreadedExecutor
[0.958s] -- Setting executor non-default value rclcpp::executors::SingleThreadedExecutor
[0.959s] -- Setting executor of even_parameters_node to rclcpp::executors::SingleThreadedExecutor
[0.959s] -- Setting executor non-default value rclcpp::executors::SingleThreadedExecutor
[0.959s] -- Setting executor of set_parameters_callback to rclcpp::executors::SingleThreadedExecutor
[0.960s] -- Setting executor non-default value rclcpp::executors::SingleThreadedExecutor
[0.960s] -- Setting executor of add_two_ints_server to rclcpp::executors::SingleThreadedExecutor
[0.960s] -- Setting executor non-default value rclcpp::executors::SingleThreadedExecutor
[0.961s] -- Setting executor of add_two_ints_client_async to rclcpp::executors::SingleThreadedExecutor
[0.961s] -- Setting executor non-default value rclcpp::executors::SingleThreadedExecutor
[0.962s] -- Setting executor of introspection_service to rclcpp::executors::SingleThreadedExecutor
[0.962s] -- Setting executor non-default value rclcpp::executors::SingleThreadedExecutor
[0.962s] -- Setting executor of introspection_client to rclcpp::executors::SingleThreadedExecutor
[0.962s] -- Setting executor non-default value rclcpp::executors::SingleThreadedExecutor
[0.963s] -- Setting executor of content_filtering_publisher to rclcpp::executors::SingleThreadedExecutor
[0.963s] -- Setting executor non-default value rclcpp::executors::SingleThreadedExecutor
[0.964s] -- Setting executor of content_filtering_subscriber to rclcpp::executors::SingleThreadedExecutor
[0.964s] -- Setting executor non-default value rclcpp::executors::SingleThreadedExecutor
[0.964s] -- Setting executor of talker to rclcpp::executors::SingleThreadedExecutor
[0.964s] -- Setting executor non-default value rclcpp::executors::SingleThreadedExecutor
[0.965s] -- Setting executor of talker_loaned_message to rclcpp::executors::SingleThreadedExecutor
[0.965s] -- Setting executor non-default value rclcpp::executors::SingleThreadedExecutor
[0.966s] -- Setting executor of talker_serialized_message to rclcpp::executors::SingleThreadedExecutor
[0.966s] -- Setting executor non-default value rclcpp::executors::SingleThreadedExecutor
[0.966s] -- Setting executor of listener to rclcpp::executors::SingleThreadedExecutor
[0.966s] -- Setting executor non-default value rclcpp::executors::SingleThreadedExecutor
[0.967s] -- Setting executor of listener_serialized_message to rclcpp::executors::SingleThreadedExecutor
[0.967s] -- Setting executor non-default value rclcpp::executors::SingleThreadedExecutor
[0.968s] -- Setting executor of listener_best_effort to rclcpp::executors::SingleThreadedExecutor
[0.968s] -- Setting executor non-default value rclcpp::executors::SingleThreadedExecutor
[0.969s] -- Found ament_lint_auto: 0.12.11 (/opt/ros/humble/share/ament_lint_auto/cmake)
[1.047s] -- Found python_cmake_module: 0.10.0 (/opt/ros/humble/share/python_cmake_module/cmake)
[1.062s] -- Found PythonInterp: /usr/bin/python3 (found suitable version "3.10.12", minimum required is "3.6") 
[1.066s] -- Found PythonLibs: /usr/lib/x86_64-linux-gnu/libpython3.10.so (found suitable version "3.10.12", minimum required is "3.5") 
[1.066s] -- Using PYTHON_EXECUTABLE: /usr/bin/python3
[1.066s] -- Using PYTHON_INCLUDE_DIRS: /usr/include/python3.10
[1.066s] -- Using PYTHON_LIBRARIES: /usr/lib/x86_64-linux-gnu/libpython3.10.so
[1.080s] -- Found PythonExtra: .so  
[1.093s] -- Added test 'copyright' to check source files copyright and LICENSE
[1.096s] -- Added test 'cppcheck' to perform static code analysis on C / C++ code
[1.097s] -- Configured cppcheck include dirs: $<BUILD_INTERFACE:/home/donavyn/docker_test/ros2_ws/src/demos/demo_nodes_cpp/include>
[1.097s] -- Configured cppcheck exclude dirs and/or files: 
[1.100s] -- Added test 'cpplint' to check C / C++ code against the Google style
[1.100s] -- Configured cpplint exclude dirs and/or files: 
[1.100s] -- Added test 'flake8' to check Python code syntax and style conventions
[1.101s] -- Added test 'lint_cmake' to check CMake code style
[1.102s] -- Added test 'pep257' to check Python code against some of the docstring style conventions in PEP 257
[1.104s] -- Added test 'uncrustify' to check C / C++ code style
[1.104s] -- Configured uncrustify additional arguments: 
[1.105s] -- Added test 'xmllint' to check XML markup files
[1.105s] -- Configuring done
[1.190s] -- Generating done
[1.192s] -- Build files have been written to: /home/donavyn/docker_test/ros2_ws/build/demo_nodes_cpp
