[0.040s] Invoking command in '/home/donavyn/ros2_ws/build/examples_rclcpp_minimal_action_server': CMAKE_PREFIX_PATH=/opt/ros/humble /usr/bin/cmake /home/donavyn/ros2_ws/src/examples/rclcpp/actions/minimal_action_server -DAMENT_CMAKE_SYMLINK_INSTALL=1 -DCMAKE_INSTALL_PREFIX=/home/donavyn/ros2_ws/install/examples_rclcpp_minimal_action_server
[1.106s] -- The C compiler identification is GNU 11.4.0
[1.106s] -- The CXX compiler identification is GNU 11.4.0
[1.106s] -- Detecting C compiler ABI info
[1.106s] -- Detecting C compiler ABI info - done
[1.107s] -- Check for working C compiler: /usr/bin/cc - skipped
[1.107s] -- Detecting C compile features
[1.107s] -- Detecting C compile features - done
[1.107s] -- Detecting CXX compiler ABI info
[1.107s] -- Detecting CXX compiler ABI info - done
[1.107s] -- Check for working CXX compiler: /usr/bin/c++ - skipped
[1.107s] -- Detecting CXX compile features
[1.107s] -- Detecting CXX compile features - done
[1.107s] -- Found ament_cmake: 1.3.10 (/opt/ros/humble/share/ament_cmake/cmake)
[1.107s] -- Found Python3: /usr/bin/python3 (found version "3.10.12") found components: Interpreter 
[1.107s] -- Override CMake install command with custom implementation using symlinks instead of copying resources
[1.107s] -- Found example_interfaces: 0.9.3 (/opt/ros/humble/share/example_interfaces/cmake)
[1.107s] -- Found rosidl_generator_c: 3.1.5 (/opt/ros/humble/share/rosidl_generator_c/cmake)
[1.107s] -- Found rosidl_adapter: 3.1.5 (/opt/ros/humble/share/rosidl_adapter/cmake)
[1.107s] -- Found rosidl_generator_cpp: 3.1.5 (/opt/ros/humble/share/rosidl_generator_cpp/cmake)
[1.107s] -- Using all available rosidl_typesupport_c: rosidl_typesupport_fastrtps_c;rosidl_typesupport_introspection_c
[1.108s] -- Using all available rosidl_typesupport_cpp: rosidl_typesupport_fastrtps_cpp;rosidl_typesupport_introspection_cpp
[1.108s] -- Found rclcpp: 16.0.10 (/opt/ros/humble/share/rclcpp/cmake)
[1.123s] -- Found rmw_implementation_cmake: 6.1.2 (/opt/ros/humble/share/rmw_implementation_cmake/cmake)
[1.127s] -- Found rmw_fastrtps_cpp: 6.2.7 (/opt/ros/humble/share/rmw_fastrtps_cpp/cmake)
[1.238s] -- Found OpenSSL: /usr/lib/x86_64-linux-gnu/libcrypto.so (found version "3.0.2")  
[1.276s] -- Found FastRTPS: /opt/ros/humble/include  
[1.341s] -- Using RMW implementation 'rmw_fastrtps_cpp' as default
[1.351s] -- Looking for pthread.h
[1.456s] -- Looking for pthread.h - found
[1.457s] -- Performing Test CMAKE_HAVE_LIBC_PTHREAD
[1.574s] -- Performing Test CMAKE_HAVE_LIBC_PTHREAD - Success
[1.574s] -- Found Threads: TRUE  
[1.663s] -- Found rclcpp_action: 16.0.10 (/opt/ros/humble/share/rclcpp_action/cmake)
[1.682s] -- Found ament_lint_auto: 0.12.11 (/opt/ros/humble/share/ament_lint_auto/cmake)
[1.845s] -- Added test 'copyright' to check source files copyright and LICENSE
[1.846s] -- Added test 'cppcheck' to perform static code analysis on C / C++ code
[1.846s] -- Configured cppcheck include dirs: 
[1.846s] -- Configured cppcheck exclude dirs and/or files: 
[1.846s] -- Added test 'cpplint' to check C / C++ code against the Google style
[1.846s] -- Configured cpplint exclude dirs and/or files: 
[1.846s] -- Added test 'lint_cmake' to check CMake code style
[1.846s] -- Added test 'uncrustify' to check C / C++ code style
[1.846s] -- Configured uncrustify additional arguments: 
[1.847s] -- Added test 'xmllint' to check XML markup files
[1.847s] -- Configuring done
[1.859s] -- Generating done
[1.860s] -- Build files have been written to: /home/donavyn/ros2_ws/build/examples_rclcpp_minimal_action_server
[1.914s] Invoked command in '/home/donavyn/ros2_ws/build/examples_rclcpp_minimal_action_server' returned '0': CMAKE_PREFIX_PATH=/opt/ros/humble /usr/bin/cmake /home/donavyn/ros2_ws/src/examples/rclcpp/actions/minimal_action_server -DAMENT_CMAKE_SYMLINK_INSTALL=1 -DCMAKE_INSTALL_PREFIX=/home/donavyn/ros2_ws/install/examples_rclcpp_minimal_action_server
[1.920s] Invoking command in '/home/donavyn/ros2_ws/build/examples_rclcpp_minimal_action_server': CMAKE_PREFIX_PATH=/opt/ros/humble /usr/bin/cmake --build /home/donavyn/ros2_ws/build/examples_rclcpp_minimal_action_server -- -j16 -l16
[17.109s] [ 25%] [32mBuilding CXX object CMakeFiles/action_server_not_composable.dir/not_composable.cpp.o[0m
[17.109s] [ 50%] [32mBuilding CXX object CMakeFiles/action_server_member_functions.dir/member_functions.cpp.o[0m
[17.110s] [ 75%] [32m[1mLinking CXX executable action_server_member_functions[0m
[17.110s] [ 75%] Built target action_server_member_functions
[21.146s] [100%] [32m[1mLinking CXX executable action_server_not_composable[0m
[21.995s] [100%] Built target action_server_not_composable
[25.492s] Invoked command in '/home/donavyn/ros2_ws/build/examples_rclcpp_minimal_action_server' returned '0': CMAKE_PREFIX_PATH=/opt/ros/humble /usr/bin/cmake --build /home/donavyn/ros2_ws/build/examples_rclcpp_minimal_action_server -- -j16 -l16
[26.647s] Invoking command in '/home/donavyn/ros2_ws/build/examples_rclcpp_minimal_action_server': CMAKE_PREFIX_PATH=/opt/ros/humble /usr/bin/cmake --install /home/donavyn/ros2_ws/build/examples_rclcpp_minimal_action_server
[27.671s] -- Install configuration: ""
[27.671s] -- Execute custom install script
[27.672s] -- Symlinking: /home/donavyn/ros2_ws/install/examples_rclcpp_minimal_action_server/lib/examples_rclcpp_minimal_action_server/action_server_not_composable
[27.672s] -- Symlinking: /home/donavyn/ros2_ws/install/examples_rclcpp_minimal_action_server/lib/examples_rclcpp_minimal_action_server/action_server_member_functions
[27.672s] -- Symlinking: /home/donavyn/ros2_ws/install/examples_rclcpp_minimal_action_server/share/ament_index/resource_index/package_run_dependencies/examples_rclcpp_minimal_action_server
[27.672s] -- Symlinking: /home/donavyn/ros2_ws/install/examples_rclcpp_minimal_action_server/share/ament_index/resource_index/parent_prefix_path/examples_rclcpp_minimal_action_server
[27.672s] -- Symlinking: /home/donavyn/ros2_ws/install/examples_rclcpp_minimal_action_server/share/examples_rclcpp_minimal_action_server/environment/ament_prefix_path.sh
[27.672s] -- Symlinking: /home/donavyn/ros2_ws/install/examples_rclcpp_minimal_action_server/share/examples_rclcpp_minimal_action_server/environment/ament_prefix_path.dsv
[27.672s] -- Symlinking: /home/donavyn/ros2_ws/install/examples_rclcpp_minimal_action_server/share/examples_rclcpp_minimal_action_server/environment/path.sh
[27.673s] -- Symlinking: /home/donavyn/ros2_ws/install/examples_rclcpp_minimal_action_server/share/examples_rclcpp_minimal_action_server/environment/path.dsv
[27.673s] -- Symlinking: /home/donavyn/ros2_ws/install/examples_rclcpp_minimal_action_server/share/examples_rclcpp_minimal_action_server/local_setup.bash
[27.673s] -- Symlinking: /home/donavyn/ros2_ws/install/examples_rclcpp_minimal_action_server/share/examples_rclcpp_minimal_action_server/local_setup.sh
[27.673s] -- Symlinking: /home/donavyn/ros2_ws/install/examples_rclcpp_minimal_action_server/share/examples_rclcpp_minimal_action_server/local_setup.zsh
[27.673s] -- Symlinking: /home/donavyn/ros2_ws/install/examples_rclcpp_minimal_action_server/share/examples_rclcpp_minimal_action_server/local_setup.dsv
[27.673s] -- Symlinking: /home/donavyn/ros2_ws/install/examples_rclcpp_minimal_action_server/share/examples_rclcpp_minimal_action_server/package.dsv
[27.673s] -- Symlinking: /home/donavyn/ros2_ws/install/examples_rclcpp_minimal_action_server/share/ament_index/resource_index/packages/examples_rclcpp_minimal_action_server
[27.673s] -- Symlinking: /home/donavyn/ros2_ws/install/examples_rclcpp_minimal_action_server/share/examples_rclcpp_minimal_action_server/cmake/examples_rclcpp_minimal_action_serverConfig.cmake
[27.673s] -- Symlinking: /home/donavyn/ros2_ws/install/examples_rclcpp_minimal_action_server/share/examples_rclcpp_minimal_action_server/cmake/examples_rclcpp_minimal_action_serverConfig-version.cmake
[27.673s] -- Symlinking: /home/donavyn/ros2_ws/install/examples_rclcpp_minimal_action_server/share/examples_rclcpp_minimal_action_server/package.xml
[27.712s] Invoked command in '/home/donavyn/ros2_ws/build/examples_rclcpp_minimal_action_server' returned '0': CMAKE_PREFIX_PATH=/opt/ros/humble /usr/bin/cmake --install /home/donavyn/ros2_ws/build/examples_rclcpp_minimal_action_server
