[2.568s] Invoking command in '/home/donavyn/ros2_ws/build/examples_rclpy_guard_conditions': PYTHONPATH=/home/donavyn/ros2_ws/build/examples_rclpy_guard_conditions/prefix_override:/usr/lib/python3/dist-packages/colcon_core/task/python/colcon_distutils_commands:/home/donavyn/ros2_ws/install/examples_rclpy_guard_conditions/lib/python3.10/site-packages:${PYTHONPATH} /usr/bin/python3 -W ignore:setup.py install is deprecated setup.py develop --editable --build-directory /home/donavyn/ros2_ws/build/examples_rclpy_guard_conditions/build --no-deps symlink_data
[21.527s] running develop
[21.527s] running egg_info
[21.527s] creating examples_rclpy_guard_conditions.egg-info
[21.527s] writing examples_rclpy_guard_conditions.egg-info/PKG-INFO
[21.527s] writing dependency_links to examples_rclpy_guard_conditions.egg-info/dependency_links.txt
[21.527s] writing entry points to examples_rclpy_guard_conditions.egg-info/entry_points.txt
[21.527s] writing requirements to examples_rclpy_guard_conditions.egg-info/requires.txt
[21.527s] writing top-level names to examples_rclpy_guard_conditions.egg-info/top_level.txt
[21.527s] writing manifest file 'examples_rclpy_guard_conditions.egg-info/SOURCES.txt'
[21.527s] reading manifest file 'examples_rclpy_guard_conditions.egg-info/SOURCES.txt'
[21.527s] writing manifest file 'examples_rclpy_guard_conditions.egg-info/SOURCES.txt'
[21.527s] running build_ext
[21.527s] Creating /home/donavyn/ros2_ws/install/examples_rclpy_guard_conditions/lib/python3.10/site-packages/examples-rclpy-guard-conditions.egg-link (link to .)
[21.530s] Installing trigger_guard_condition script to /home/donavyn/ros2_ws/install/examples_rclpy_guard_conditions/lib/examples_rclpy_guard_conditions
[21.530s] 
[21.530s] Installed /home/donavyn/ros2_ws/build/examples_rclpy_guard_conditions
[21.530s] running symlink_data
[21.530s] creating /home/donavyn/ros2_ws/install/examples_rclpy_guard_conditions/share/ament_index
[21.530s] creating /home/donavyn/ros2_ws/install/examples_rclpy_guard_conditions/share/ament_index/resource_index
[21.530s] creating /home/donavyn/ros2_ws/install/examples_rclpy_guard_conditions/share/ament_index/resource_index/packages
[21.530s] symbolically linking /home/donavyn/ros2_ws/build/examples_rclpy_guard_conditions/resource/examples_rclpy_guard_conditions -> /home/donavyn/ros2_ws/install/examples_rclpy_guard_conditions/share/ament_index/resource_index/packages
[21.530s] symbolically linking /home/donavyn/ros2_ws/build/examples_rclpy_guard_conditions/package.xml -> /home/donavyn/ros2_ws/install/examples_rclpy_guard_conditions/share/examples_rclpy_guard_conditions
[21.530s] /usr/lib/python3/dist-packages/setuptools/command/easy_install.py:158: EasyInstallDeprecationWarning: easy_install command is deprecated. Use build and pip and other standards-based tools.
[21.531s]   warnings.warn(
[21.589s] Invoked command in '/home/donavyn/ros2_ws/build/examples_rclpy_guard_conditions' returned '0': PYTHONPATH=/home/donavyn/ros2_ws/build/examples_rclpy_guard_conditions/prefix_override:/usr/lib/python3/dist-packages/colcon_core/task/python/colcon_distutils_commands:/home/donavyn/ros2_ws/install/examples_rclpy_guard_conditions/lib/python3.10/site-packages:${PYTHONPATH} /usr/bin/python3 -W ignore:setup.py install is deprecated setup.py develop --editable --build-directory /home/donavyn/ros2_ws/build/examples_rclpy_guard_conditions/build --no-deps symlink_data
