[0.384s] Invoking command in '/home/donavyn/docker_test/ros2_ws/src/py_pubsub': PYTHONPATH=/home/donavyn/docker_test/ros2_ws/build/py_pubsub/prefix_override:/usr/lib/python3/dist-packages/colcon_core/task/python/colcon_distutils_commands:/home/donavyn/docker_test/ros2_ws/install/py_pubsub/lib/python3.10/site-packages:${PYTHONPATH} /usr/bin/python3 -W ignore:setup.py install is deprecated setup.py egg_info --egg-base ../../build/py_pubsub build --build-base /home/donavyn/docker_test/ros2_ws/build/py_pubsub/build install --record /home/donavyn/docker_test/ros2_ws/build/py_pubsub/install.log --single-version-externally-managed install_data
[0.521s] running egg_info
[0.521s] writing ../../build/py_pubsub/py_pubsub.egg-info/PKG-INFO
[0.523s] writing dependency_links to ../../build/py_pubsub/py_pubsub.egg-info/dependency_links.txt
[0.523s] writing entry points to ../../build/py_pubsub/py_pubsub.egg-info/entry_points.txt
[0.523s] writing requirements to ../../build/py_pubsub/py_pubsub.egg-info/requires.txt
[0.524s] writing top-level names to ../../build/py_pubsub/py_pubsub.egg-info/top_level.txt
[0.525s] reading manifest file '../../build/py_pubsub/py_pubsub.egg-info/SOURCES.txt'
[0.525s] adding license file 'LICENSE'
[0.526s] writing manifest file '../../build/py_pubsub/py_pubsub.egg-info/SOURCES.txt'
[0.526s] running build
[0.526s] running build_py
[0.527s] running install
[0.528s] running install_lib
[0.529s] running install_data
[0.529s] running install_egg_info
[0.530s] removing '/home/donavyn/docker_test/ros2_ws/install/py_pubsub/lib/python3.10/site-packages/py_pubsub-0.0.0-py3.10.egg-info' (and everything under it)
[0.530s] Copying ../../build/py_pubsub/py_pubsub.egg-info to /home/donavyn/docker_test/ros2_ws/install/py_pubsub/lib/python3.10/site-packages/py_pubsub-0.0.0-py3.10.egg-info
[0.531s] running install_scripts
[0.547s] Installing listener script to /home/donavyn/docker_test/ros2_ws/install/py_pubsub/lib/py_pubsub
[0.547s] Installing talker script to /home/donavyn/docker_test/ros2_ws/install/py_pubsub/lib/py_pubsub
[0.547s] writing list of installed files to '/home/donavyn/docker_test/ros2_ws/build/py_pubsub/install.log'
[0.567s] Invoked command in '/home/donavyn/docker_test/ros2_ws/src/py_pubsub' returned '0': PYTHONPATH=/home/donavyn/docker_test/ros2_ws/build/py_pubsub/prefix_override:/usr/lib/python3/dist-packages/colcon_core/task/python/colcon_distutils_commands:/home/donavyn/docker_test/ros2_ws/install/py_pubsub/lib/python3.10/site-packages:${PYTHONPATH} /usr/bin/python3 -W ignore:setup.py install is deprecated setup.py egg_info --egg-base ../../build/py_pubsub build --build-base /home/donavyn/docker_test/ros2_ws/build/py_pubsub/build install --record /home/donavyn/docker_test/ros2_ws/build/py_pubsub/install.log --single-version-externally-managed install_data
