[0.063s] Invoking command in '/home/donavyn/ros2_ws/build/examples_rclcpp_multithreaded_executor': CMAKE_PREFIX_PATH=${CMAKE_PREFIX_PATH}:/home/donavyn/ros2_ws/install/launch_testing_examples:/home/donavyn/ros2_ws/install/examples_rclpy_pointcloud_publisher:/home/donavyn/ros2_ws/install/examples_rclpy_minimal_subscriber:/home/donavyn/ros2_ws/install/examples_rclpy_minimal_service:/home/donavyn/ros2_ws/install/examples_rclpy_minimal_publisher:/home/donavyn/ros2_ws/install/examples_rclpy_minimal_client:/home/donavyn/ros2_ws/install/examples_rclpy_minimal_action_server:/home/donavyn/ros2_ws/install/examples_rclpy_minimal_action_client:/home/donavyn/ros2_ws/install/examples_rclpy_guard_conditions:/home/donavyn/ros2_ws/install/examples_rclpy_executors:/opt/ros/humble /usr/bin/cmake --build /home/donavyn/ros2_ws/build/examples_rclcpp_multithreaded_executor -- -j16 -l16
[0.821s] [100%] Built target multithreaded_executor
[0.831s] Invoked command in '/home/donavyn/ros2_ws/build/examples_rclcpp_multithreaded_executor' returned '0': CMAKE_PREFIX_PATH=${CMAKE_PREFIX_PATH}:/home/donavyn/ros2_ws/install/launch_testing_examples:/home/donavyn/ros2_ws/install/examples_rclpy_pointcloud_publisher:/home/donavyn/ros2_ws/install/examples_rclpy_minimal_subscriber:/home/donavyn/ros2_ws/install/examples_rclpy_minimal_service:/home/donavyn/ros2_ws/install/examples_rclpy_minimal_publisher:/home/donavyn/ros2_ws/install/examples_rclpy_minimal_client:/home/donavyn/ros2_ws/install/examples_rclpy_minimal_action_server:/home/donavyn/ros2_ws/install/examples_rclpy_minimal_action_client:/home/donavyn/ros2_ws/install/examples_rclpy_guard_conditions:/home/donavyn/ros2_ws/install/examples_rclpy_executors:/opt/ros/humble /usr/bin/cmake --build /home/donavyn/ros2_ws/build/examples_rclcpp_multithreaded_executor -- -j16 -l16
[0.910s] Invoking command in '/home/donavyn/ros2_ws/build/examples_rclcpp_multithreaded_executor': CMAKE_PREFIX_PATH=${CMAKE_PREFIX_PATH}:/home/donavyn/ros2_ws/install/launch_testing_examples:/home/donavyn/ros2_ws/install/examples_rclpy_pointcloud_publisher:/home/donavyn/ros2_ws/install/examples_rclpy_minimal_subscriber:/home/donavyn/ros2_ws/install/examples_rclpy_minimal_service:/home/donavyn/ros2_ws/install/examples_rclpy_minimal_publisher:/home/donavyn/ros2_ws/install/examples_rclpy_minimal_client:/home/donavyn/ros2_ws/install/examples_rclpy_minimal_action_server:/home/donavyn/ros2_ws/install/examples_rclpy_minimal_action_client:/home/donavyn/ros2_ws/install/examples_rclpy_guard_conditions:/home/donavyn/ros2_ws/install/examples_rclpy_executors:/opt/ros/humble /usr/bin/cmake --install /home/donavyn/ros2_ws/build/examples_rclcpp_multithreaded_executor
[0.928s] -- Install configuration: ""
[0.928s] -- Execute custom install script
[0.928s] -- Up-to-date symlink: /home/donavyn/ros2_ws/install/examples_rclcpp_multithreaded_executor/lib/examples_rclcpp_multithreaded_executor/multithreaded_executor
[0.928s] -- Up-to-date symlink: /home/donavyn/ros2_ws/install/examples_rclcpp_multithreaded_executor/share/ament_index/resource_index/package_run_dependencies/examples_rclcpp_multithreaded_executor
[0.928s] -- Up-to-date symlink: /home/donavyn/ros2_ws/install/examples_rclcpp_multithreaded_executor/share/ament_index/resource_index/parent_prefix_path/examples_rclcpp_multithreaded_executor
[0.928s] -- Up-to-date symlink: /home/donavyn/ros2_ws/install/examples_rclcpp_multithreaded_executor/share/examples_rclcpp_multithreaded_executor/environment/ament_prefix_path.sh
[0.928s] -- Up-to-date symlink: /home/donavyn/ros2_ws/install/examples_rclcpp_multithreaded_executor/share/examples_rclcpp_multithreaded_executor/environment/ament_prefix_path.dsv
[0.928s] -- Up-to-date symlink: /home/donavyn/ros2_ws/install/examples_rclcpp_multithreaded_executor/share/examples_rclcpp_multithreaded_executor/environment/path.sh
[0.928s] -- Up-to-date symlink: /home/donavyn/ros2_ws/install/examples_rclcpp_multithreaded_executor/share/examples_rclcpp_multithreaded_executor/environment/path.dsv
[0.928s] -- Up-to-date symlink: /home/donavyn/ros2_ws/install/examples_rclcpp_multithreaded_executor/share/examples_rclcpp_multithreaded_executor/local_setup.bash
[0.929s] -- Up-to-date symlink: /home/donavyn/ros2_ws/install/examples_rclcpp_multithreaded_executor/share/examples_rclcpp_multithreaded_executor/local_setup.sh
[0.929s] -- Up-to-date symlink: /home/donavyn/ros2_ws/install/examples_rclcpp_multithreaded_executor/share/examples_rclcpp_multithreaded_executor/local_setup.zsh
[0.929s] -- Up-to-date symlink: /home/donavyn/ros2_ws/install/examples_rclcpp_multithreaded_executor/share/examples_rclcpp_multithreaded_executor/local_setup.dsv
[0.929s] -- Symlinking: /home/donavyn/ros2_ws/install/examples_rclcpp_multithreaded_executor/share/examples_rclcpp_multithreaded_executor/package.dsv
[0.935s] -- Up-to-date symlink: /home/donavyn/ros2_ws/install/examples_rclcpp_multithreaded_executor/share/ament_index/resource_index/packages/examples_rclcpp_multithreaded_executor
[0.936s] -- Up-to-date symlink: /home/donavyn/ros2_ws/install/examples_rclcpp_multithreaded_executor/share/examples_rclcpp_multithreaded_executor/cmake/examples_rclcpp_multithreaded_executorConfig.cmake
[0.936s] -- Up-to-date symlink: /home/donavyn/ros2_ws/install/examples_rclcpp_multithreaded_executor/share/examples_rclcpp_multithreaded_executor/cmake/examples_rclcpp_multithreaded_executorConfig-version.cmake
[0.936s] -- Up-to-date symlink: /home/donavyn/ros2_ws/install/examples_rclcpp_multithreaded_executor/share/examples_rclcpp_multithreaded_executor/package.xml
[1.010s] Invoked command in '/home/donavyn/ros2_ws/build/examples_rclcpp_multithreaded_executor' returned '0': CMAKE_PREFIX_PATH=${CMAKE_PREFIX_PATH}:/home/donavyn/ros2_ws/install/launch_testing_examples:/home/donavyn/ros2_ws/install/examples_rclpy_pointcloud_publisher:/home/donavyn/ros2_ws/install/examples_rclpy_minimal_subscriber:/home/donavyn/ros2_ws/install/examples_rclpy_minimal_service:/home/donavyn/ros2_ws/install/examples_rclpy_minimal_publisher:/home/donavyn/ros2_ws/install/examples_rclpy_minimal_client:/home/donavyn/ros2_ws/install/examples_rclpy_minimal_action_server:/home/donavyn/ros2_ws/install/examples_rclpy_minimal_action_client:/home/donavyn/ros2_ws/install/examples_rclpy_guard_conditions:/home/donavyn/ros2_ws/install/examples_rclpy_executors:/opt/ros/humble /usr/bin/cmake --install /home/donavyn/ros2_ws/build/examples_rclcpp_multithreaded_executor
