[0.373s] Invoking command in '/home/donavyn/docker_test/ros2_ws/src/learning_tf2_py': PYTHONPATH=/home/donavyn/docker_test/ros2_ws/src/build/learning_tf2_py/prefix_override:/usr/lib/python3/dist-packages/colcon_core/task/python/colcon_distutils_commands:/home/donavyn/docker_test/ros2_ws/src/install/learning_tf2_py/lib/python3.10/site-packages:${PYTHONPATH} /usr/bin/python3 -W ignore:setup.py install is deprecated setup.py egg_info --egg-base ../build/learning_tf2_py build --build-base /home/donavyn/docker_test/ros2_ws/src/build/learning_tf2_py/build install --record /home/donavyn/docker_test/ros2_ws/src/build/learning_tf2_py/install.log --single-version-externally-managed install_data
[0.510s] running egg_info
[0.510s] writing ../build/learning_tf2_py/learning_tf2_py.egg-info/PKG-INFO
[0.510s] writing dependency_links to ../build/learning_tf2_py/learning_tf2_py.egg-info/dependency_links.txt
[0.510s] writing entry points to ../build/learning_tf2_py/learning_tf2_py.egg-info/entry_points.txt
[0.510s] writing requirements to ../build/learning_tf2_py/learning_tf2_py.egg-info/requires.txt
[0.510s] writing top-level names to ../build/learning_tf2_py/learning_tf2_py.egg-info/top_level.txt
[0.511s] reading manifest file '../build/learning_tf2_py/learning_tf2_py.egg-info/SOURCES.txt'
[0.511s] adding license file 'LICENSE'
[0.512s] writing manifest file '../build/learning_tf2_py/learning_tf2_py.egg-info/SOURCES.txt'
[0.512s] running build
[0.512s] running build_py
[0.512s] running install
[0.512s] running install_lib
[0.513s] running install_data
[0.513s] running install_egg_info
[0.514s] removing '/home/donavyn/docker_test/ros2_ws/src/install/learning_tf2_py/lib/python3.10/site-packages/learning_tf2_py-0.0.0-py3.10.egg-info' (and everything under it)
[0.514s] Copying ../build/learning_tf2_py/learning_tf2_py.egg-info to /home/donavyn/docker_test/ros2_ws/src/install/learning_tf2_py/lib/python3.10/site-packages/learning_tf2_py-0.0.0-py3.10.egg-info
[0.514s] running install_scripts
[0.527s] Installing static_turtle_tf2_broadcaster script to /home/donavyn/docker_test/ros2_ws/src/install/learning_tf2_py/lib/learning_tf2_py
[0.529s] writing list of installed files to '/home/donavyn/docker_test/ros2_ws/src/build/learning_tf2_py/install.log'
[0.551s] Invoked command in '/home/donavyn/docker_test/ros2_ws/src/learning_tf2_py' returned '0': PYTHONPATH=/home/donavyn/docker_test/ros2_ws/src/build/learning_tf2_py/prefix_override:/usr/lib/python3/dist-packages/colcon_core/task/python/colcon_distutils_commands:/home/donavyn/docker_test/ros2_ws/src/install/learning_tf2_py/lib/python3.10/site-packages:${PYTHONPATH} /usr/bin/python3 -W ignore:setup.py install is deprecated setup.py egg_info --egg-base ../build/learning_tf2_py build --build-base /home/donavyn/docker_test/ros2_ws/src/build/learning_tf2_py/build install --record /home/donavyn/docker_test/ros2_ws/src/build/learning_tf2_py/install.log --single-version-externally-managed install_data
