[0.348s] Invoking command in '/home/donavyn/ros2_ws/src/py_pubsub': PYTHONPATH=/home/donavyn/ros2_ws/build/py_pubsub/prefix_override:/usr/lib/python3/dist-packages/colcon_core/task/python/colcon_distutils_commands:/home/donavyn/ros2_ws/install/py_pubsub/lib/python3.10/site-packages:${PYTHONPATH} /usr/bin/python3 -W ignore:setup.py install is deprecated setup.py egg_info --egg-base ../../build/py_pubsub build --build-base /home/donavyn/ros2_ws/build/py_pubsub/build install --record /home/donavyn/ros2_ws/build/py_pubsub/install.log --single-version-externally-managed install_data
[0.458s] running egg_info
[0.459s] writing ../../build/py_pubsub/py_pubsub.egg-info/PKG-INFO
[0.462s] writing dependency_links to ../../build/py_pubsub/py_pubsub.egg-info/dependency_links.txt
[0.462s] writing entry points to ../../build/py_pubsub/py_pubsub.egg-info/entry_points.txt
[0.462s] writing requirements to ../../build/py_pubsub/py_pubsub.egg-info/requires.txt
[0.462s] writing top-level names to ../../build/py_pubsub/py_pubsub.egg-info/top_level.txt
[0.464s] reading manifest file '../../build/py_pubsub/py_pubsub.egg-info/SOURCES.txt'
[0.464s] adding license file 'LICENSE'
[0.464s] writing manifest file '../../build/py_pubsub/py_pubsub.egg-info/SOURCES.txt'
[0.465s] running build
[0.465s] running build_py
[0.465s] running install
[0.465s] running install_lib
[0.466s] running install_data
[0.467s] running install_egg_info
[0.468s] removing '/home/donavyn/ros2_ws/install/py_pubsub/lib/python3.10/site-packages/py_pubsub-0.0.0-py3.10.egg-info' (and everything under it)
[0.468s] Copying ../../build/py_pubsub/py_pubsub.egg-info to /home/donavyn/ros2_ws/install/py_pubsub/lib/python3.10/site-packages/py_pubsub-0.0.0-py3.10.egg-info
[0.469s] running install_scripts
[0.480s] Installing listener script to /home/donavyn/ros2_ws/install/py_pubsub/lib/py_pubsub
[0.480s] Installing talker script to /home/donavyn/ros2_ws/install/py_pubsub/lib/py_pubsub
[0.480s] writing list of installed files to '/home/donavyn/ros2_ws/build/py_pubsub/install.log'
[0.496s] Invoked command in '/home/donavyn/ros2_ws/src/py_pubsub' returned '0': PYTHONPATH=/home/donavyn/ros2_ws/build/py_pubsub/prefix_override:/usr/lib/python3/dist-packages/colcon_core/task/python/colcon_distutils_commands:/home/donavyn/ros2_ws/install/py_pubsub/lib/python3.10/site-packages:${PYTHONPATH} /usr/bin/python3 -W ignore:setup.py install is deprecated setup.py egg_info --egg-base ../../build/py_pubsub build --build-base /home/donavyn/ros2_ws/build/py_pubsub/build install --record /home/donavyn/ros2_ws/build/py_pubsub/install.log --single-version-externally-managed install_data
