[0.037s] Invoking command in '/home/donavyn/docker_test/ros2_ws/build/pendulum_msgs': CMAKE_PREFIX_PATH=/opt/ros/humble /usr/bin/cmake /home/donavyn/docker_test/ros2_ws/src/demos/pendulum_msgs -DCMAKE_INSTALL_PREFIX=/home/donavyn/docker_test/ros2_ws/install/pendulum_msgs
[0.432s] -- The C compiler identification is GNU 11.4.0
[0.432s] -- The CXX compiler identification is GNU 11.4.0
[0.432s] -- Detecting C compiler ABI info
[0.432s] -- Detecting C compiler ABI info - done
[0.432s] -- Check for working C compiler: /usr/bin/cc - skipped
[0.432s] -- Detecting C compile features
[0.432s] -- Detecting C compile features - done
[0.432s] -- Detecting CXX compiler ABI info
[0.433s] -- Detecting CXX compiler ABI info - done
[0.433s] -- Check for working CXX compiler: /usr/bin/c++ - skipped
[0.433s] -- Detecting CXX compile features
[0.433s] -- Detecting CXX compile features - done
[0.433s] -- Found ament_cmake: 1.3.10 (/opt/ros/humble/share/ament_cmake/cmake)
[0.433s] -- Found Python3: /usr/bin/python3 (found version "3.10.12") found components: Interpreter 
[0.475s] -- Found builtin_interfaces: 1.2.1 (/opt/ros/humble/share/builtin_interfaces/cmake)
[0.512s] -- Found rosidl_generator_c: 3.1.5 (/opt/ros/humble/share/rosidl_generator_c/cmake)
[0.517s] -- Found rosidl_adapter: 3.1.5 (/opt/ros/humble/share/rosidl_adapter/cmake)
[0.527s] -- Found rosidl_generator_cpp: 3.1.5 (/opt/ros/humble/share/rosidl_generator_cpp/cmake)
[0.540s] -- Using all available rosidl_typesupport_c: rosidl_typesupport_fastrtps_c;rosidl_typesupport_introspection_c
[0.557s] -- Using all available rosidl_typesupport_cpp: rosidl_typesupport_fastrtps_cpp;rosidl_typesupport_introspection_cpp
[0.573s] -- Found rosidl_default_generators: 1.2.0 (/opt/ros/humble/share/rosidl_default_generators/cmake)
[0.778s] -- Found ament_cmake_ros: 0.10.0 (/opt/ros/humble/share/ament_cmake_ros/cmake)
[0.995s] -- Using all available rosidl_typesupport_c: rosidl_typesupport_fastrtps_c;rosidl_typesupport_introspection_c
[1.071s] -- Using all available rosidl_typesupport_cpp: rosidl_typesupport_fastrtps_cpp;rosidl_typesupport_introspection_cpp
[1.086s] -- Found PythonInterp: /usr/bin/python3 (found suitable version "3.10.12", minimum required is "3.6") 
[1.087s] -- Found python_cmake_module: 0.10.0 (/opt/ros/humble/share/python_cmake_module/cmake)
[1.105s] -- Found PythonLibs: /usr/lib/x86_64-linux-gnu/libpython3.10.so (found suitable version "3.10.12", minimum required is "3.5") 
[1.105s] -- Using PYTHON_EXECUTABLE: /usr/bin/python3
[1.106s] -- Using PYTHON_INCLUDE_DIRS: /usr/include/python3.10
[1.106s] -- Using PYTHON_LIBRARIES: /usr/lib/x86_64-linux-gnu/libpython3.10.so
[1.120s] -- Found PythonExtra: .so  
[1.147s] -- Configuring done
[1.167s] -- Generating done
[1.169s] -- Build files have been written to: /home/donavyn/docker_test/ros2_ws/build/pendulum_msgs
