[5.026s] Invoking command in '/home/donavyn/ros2_ws/build/examples_rclpy_minimal_publisher': PYTHONPATH=/home/donavyn/ros2_ws/build/examples_rclpy_minimal_publisher/prefix_override:/usr/lib/python3/dist-packages/colcon_core/task/python/colcon_distutils_commands:/home/donavyn/ros2_ws/install/examples_rclpy_minimal_publisher/lib/python3.10/site-packages:${PYTHONPATH} /usr/bin/python3 -W ignore:setup.py install is deprecated setup.py develop --editable --build-directory /home/donavyn/ros2_ws/build/examples_rclpy_minimal_publisher/build --no-deps symlink_data
[6.142s] running develop
[6.142s] /usr/lib/python3/dist-packages/setuptools/command/easy_install.py:158: EasyInstallDeprecationWarning: easy_install command is deprecated. Use build and pip and other standards-based tools.
[6.142s]   warnings.warn(
[6.441s] running egg_info
[6.442s] creating examples_rclpy_minimal_publisher.egg-info
[6.442s] writing examples_rclpy_minimal_publisher.egg-info/PKG-INFO
[6.442s] writing dependency_links to examples_rclpy_minimal_publisher.egg-info/dependency_links.txt
[6.442s] writing entry points to examples_rclpy_minimal_publisher.egg-info/entry_points.txt
[6.443s] writing requirements to examples_rclpy_minimal_publisher.egg-info/requires.txt
[6.443s] writing top-level names to examples_rclpy_minimal_publisher.egg-info/top_level.txt
[6.443s] writing manifest file 'examples_rclpy_minimal_publisher.egg-info/SOURCES.txt'
[6.446s] reading manifest file 'examples_rclpy_minimal_publisher.egg-info/SOURCES.txt'
[6.448s] writing manifest file 'examples_rclpy_minimal_publisher.egg-info/SOURCES.txt'
[6.450s] running build_ext
[6.450s] Creating /home/donavyn/ros2_ws/install/examples_rclpy_minimal_publisher/lib/python3.10/site-packages/examples-rclpy-minimal-publisher.egg-link (link to .)
[6.453s] Installing publisher_local_function script to /home/donavyn/ros2_ws/install/examples_rclpy_minimal_publisher/lib/examples_rclpy_minimal_publisher
[6.453s] Installing publisher_member_function script to /home/donavyn/ros2_ws/install/examples_rclpy_minimal_publisher/lib/examples_rclpy_minimal_publisher
[6.454s] Installing publisher_old_school script to /home/donavyn/ros2_ws/install/examples_rclpy_minimal_publisher/lib/examples_rclpy_minimal_publisher
[6.454s] 
[6.455s] Installed /home/donavyn/ros2_ws/build/examples_rclpy_minimal_publisher
[6.455s] running symlink_data
[6.455s] creating /home/donavyn/ros2_ws/install/examples_rclpy_minimal_publisher/share/ament_index
[6.455s] creating /home/donavyn/ros2_ws/install/examples_rclpy_minimal_publisher/share/ament_index/resource_index
[6.456s] creating /home/donavyn/ros2_ws/install/examples_rclpy_minimal_publisher/share/ament_index/resource_index/packages
[6.456s] symbolically linking /home/donavyn/ros2_ws/build/examples_rclpy_minimal_publisher/resource/examples_rclpy_minimal_publisher -> /home/donavyn/ros2_ws/install/examples_rclpy_minimal_publisher/share/ament_index/resource_index/packages
[6.456s] symbolically linking /home/donavyn/ros2_ws/build/examples_rclpy_minimal_publisher/package.xml -> /home/donavyn/ros2_ws/install/examples_rclpy_minimal_publisher/share/examples_rclpy_minimal_publisher
[6.605s] Invoked command in '/home/donavyn/ros2_ws/build/examples_rclpy_minimal_publisher' returned '0': PYTHONPATH=/home/donavyn/ros2_ws/build/examples_rclpy_minimal_publisher/prefix_override:/usr/lib/python3/dist-packages/colcon_core/task/python/colcon_distutils_commands:/home/donavyn/ros2_ws/install/examples_rclpy_minimal_publisher/lib/python3.10/site-packages:${PYTHONPATH} /usr/bin/python3 -W ignore:setup.py install is deprecated setup.py develop --editable --build-directory /home/donavyn/ros2_ws/build/examples_rclpy_minimal_publisher/build --no-deps symlink_data
