[0.038s] Invoking command in '/home/donavyn/docker_test/ros2_ws/build/lifecycle': CMAKE_PREFIX_PATH=/opt/ros/humble /usr/bin/cmake /home/donavyn/docker_test/ros2_ws/src/demos/lifecycle -DCMAKE_INSTALL_PREFIX=/home/donavyn/docker_test/ros2_ws/install/lifecycle
[0.433s] -- The C compiler identification is GNU 11.4.0
[0.433s] -- The CXX compiler identification is GNU 11.4.0
[0.433s] -- Detecting C compiler ABI info
[0.433s] -- Detecting C compiler ABI info - done
[0.433s] -- Check for working C compiler: /usr/bin/cc - skipped
[0.433s] -- Detecting C compile features
[0.433s] -- Detecting C compile features - done
[0.433s] -- Detecting CXX compiler ABI info
[0.433s] -- Detecting CXX compiler ABI info - done
[0.433s] -- Check for working CXX compiler: /usr/bin/c++ - skipped
[0.433s] -- Detecting CXX compile features
[0.433s] -- Detecting CXX compile features - done
[0.434s] -- Found ament_cmake: 1.3.10 (/opt/ros/humble/share/ament_cmake/cmake)
[0.434s] -- Found Python3: /usr/bin/python3 (found version "3.10.12") found components: Interpreter 
[0.476s] -- Found rclcpp_lifecycle: 16.0.10 (/opt/ros/humble/share/rclcpp_lifecycle/cmake)
[0.523s] -- Found rosidl_generator_c: 3.1.5 (/opt/ros/humble/share/rosidl_generator_c/cmake)
[0.528s] -- Found rosidl_adapter: 3.1.5 (/opt/ros/humble/share/rosidl_adapter/cmake)
[0.536s] -- Found rosidl_generator_cpp: 3.1.5 (/opt/ros/humble/share/rosidl_generator_cpp/cmake)
[0.548s] -- Using all available rosidl_typesupport_c: rosidl_typesupport_fastrtps_c;rosidl_typesupport_introspection_c
[0.563s] -- Using all available rosidl_typesupport_cpp: rosidl_typesupport_fastrtps_cpp;rosidl_typesupport_introspection_cpp
[0.608s] -- Found rmw_implementation_cmake: 6.1.2 (/opt/ros/humble/share/rmw_implementation_cmake/cmake)
[0.611s] -- Found rmw_fastrtps_cpp: 6.2.7 (/opt/ros/humble/share/rmw_fastrtps_cpp/cmake)
[0.687s] -- Found OpenSSL: /usr/lib/x86_64-linux-gnu/libcrypto.so (found version "3.0.2")  
[0.721s] -- Found FastRTPS: /opt/ros/humble/include  
[0.758s] -- Using RMW implementation 'rmw_fastrtps_cpp' as default
[0.765s] -- Looking for pthread.h
[0.822s] -- Looking for pthread.h - found
[0.822s] -- Performing Test CMAKE_HAVE_LIBC_PTHREAD
[0.876s] -- Performing Test CMAKE_HAVE_LIBC_PTHREAD - Success
[0.876s] -- Found Threads: TRUE  
[0.943s] -- Found ament_lint_auto: 0.12.11 (/opt/ros/humble/share/ament_lint_auto/cmake)
[1.015s] [31mCMake Error at CMakeLists.txt:54 (find_package):
[1.015s]   By not providing "Findros_testing.cmake" in CMAKE_MODULE_PATH this project
[1.016s]   has asked CMake to find a package configuration file provided by
[1.016s]   "ros_testing", but CMake did not find one.
[1.016s] 
[1.016s]   Could not find a package configuration file provided by "ros_testing" with
[1.016s]   any of the following names:
[1.016s] 
[1.016s]     ros_testingConfig.cmake
[1.016s]     ros_testing-config.cmake
[1.016s] 
[1.016s]   Add the installation prefix of "ros_testing" to CMAKE_PREFIX_PATH or set
[1.016s]   "ros_testing_DIR" to a directory containing one of the above files.  If
[1.016s]   "ros_testing" provides a separate development package or SDK, be sure it
[1.016s]   has been installed.
[1.016s] 
[1.016s] [0m
[1.016s] -- Configuring incomplete, errors occurred!
[1.016s] See also "/home/donavyn/docker_test/ros2_ws/build/lifecycle/CMakeFiles/CMakeOutput.log".
