[0.000000] (-) TimerEvent: {}
[0.000212] (-) JobUnselected: {'identifier': 'action_tutorials_interfaces'}
[0.000278] (-) JobUnselected: {'identifier': 'examples_rclcpp_async_client'}
[0.000291] (-) JobUnselected: {'identifier': 'examples_rclcpp_cbg_executor'}
[0.000303] (-) JobUnselected: {'identifier': 'examples_rclcpp_minimal_action_client'}
[0.000310] (-) JobUnselected: {'identifier': 'examples_rclcpp_minimal_action_server'}
[0.000318] (-) JobUnselected: {'identifier': 'examples_rclcpp_minimal_client'}
[0.000325] (-) JobUnselected: {'identifier': 'examples_rclcpp_minimal_composition'}
[0.000332] (-) JobUnselected: {'identifier': 'examples_rclcpp_minimal_publisher'}
[0.000339] (-) JobUnselected: {'identifier': 'examples_rclcpp_minimal_service'}
[0.000346] (-) JobUnselected: {'identifier': 'examples_rclcpp_minimal_subscriber'}
[0.000353] (-) JobUnselected: {'identifier': 'examples_rclcpp_minimal_timer'}
[0.000360] (-) JobUnselected: {'identifier': 'examples_rclcpp_multithreaded_executor'}
[0.000367] (-) JobUnselected: {'identifier': 'examples_rclcpp_wait_set'}
[0.000374] (-) JobUnselected: {'identifier': 'examples_rclpy_executors'}
[0.000382] (-) JobUnselected: {'identifier': 'examples_rclpy_guard_conditions'}
[0.000390] (-) JobUnselected: {'identifier': 'examples_rclpy_minimal_action_client'}
[0.000397] (-) JobUnselected: {'identifier': 'examples_rclpy_minimal_action_server'}
[0.000404] (-) JobUnselected: {'identifier': 'examples_rclpy_minimal_client'}
[0.000411] (-) JobUnselected: {'identifier': 'examples_rclpy_minimal_publisher'}
[0.000419] (-) JobUnselected: {'identifier': 'examples_rclpy_minimal_service'}
[0.000437] (-) JobUnselected: {'identifier': 'examples_rclpy_minimal_subscriber'}
[0.000445] (-) JobUnselected: {'identifier': 'examples_rclpy_pointcloud_publisher'}
[0.000452] (-) JobUnselected: {'identifier': 'launch_testing_examples'}
[0.000459] (-) JobUnselected: {'identifier': 'more_interfaces'}
[0.000467] (-) JobUnselected: {'identifier': 'my_package'}
[0.000474] (-) JobUnselected: {'identifier': 'py_pubsub'}
[0.000481] (-) JobUnselected: {'identifier': 'py_srvcli'}
[0.000488] (-) JobUnselected: {'identifier': 'python_parameters'}
[0.000496] (-) JobUnselected: {'identifier': 'turtlesim'}
[0.000503] (-) JobUnselected: {'identifier': 'tutorial_interfaces'}
[0.000512] (learning_tf2_py) JobQueued: {'identifier': 'learning_tf2_py', 'dependencies': OrderedDict([('turtlesim', '/home/donavyn/docker_test/ros2_ws/install/turtlesim')])}
[0.000523] (learning_tf2_py) JobStarted: {'identifier': 'learning_tf2_py'}
[0.007033] (learning_tf2_py) JobEnded: {'identifier': 'learning_tf2_py', 'rc': 1}
[0.017371] (-) EventReactorShutdown: {}
