[0.043s] Invoking command in '/home/donavyn/ros2_ws/build/examples_rclcpp_wait_set': CMAKE_PREFIX_PATH=/opt/ros/humble /usr/bin/cmake /home/donavyn/ros2_ws/src/examples/rclcpp/wait_set -DAMENT_CMAKE_SYMLINK_INSTALL=1 -DCMAKE_INSTALL_PREFIX=/home/donavyn/ros2_ws/install/examples_rclcpp_wait_set
[1.822s] -- The C compiler identification is GNU 11.4.0
[1.822s] -- The CXX compiler identification is GNU 11.4.0
[1.822s] -- Detecting C compiler ABI info
[1.822s] -- Detecting C compiler ABI info - done
[1.822s] -- Check for working C compiler: /usr/bin/cc - skipped
[1.822s] -- Detecting C compile features
[1.822s] -- Detecting C compile features - done
[1.822s] -- Detecting CXX compiler ABI info
[1.822s] -- Detecting CXX compiler ABI info - done
[1.822s] -- Check for working CXX compiler: /usr/bin/c++ - skipped
[1.822s] -- Detecting CXX compile features
[1.822s] -- Detecting CXX compile features - done
[1.822s] -- Found ament_cmake: 1.3.10 (/opt/ros/humble/share/ament_cmake/cmake)
[1.822s] -- Found Python3: /usr/bin/python3 (found version "3.10.12") found components: Interpreter 
[1.822s] -- Override CMake install command with custom implementation using symlinks instead of copying resources
[1.822s] -- Found example_interfaces: 0.9.3 (/opt/ros/humble/share/example_interfaces/cmake)
[1.823s] -- Found rosidl_generator_c: 3.1.5 (/opt/ros/humble/share/rosidl_generator_c/cmake)
[1.823s] -- Found rosidl_adapter: 3.1.5 (/opt/ros/humble/share/rosidl_adapter/cmake)
[1.823s] -- Found rosidl_generator_cpp: 3.1.5 (/opt/ros/humble/share/rosidl_generator_cpp/cmake)
[1.823s] -- Using all available rosidl_typesupport_c: rosidl_typesupport_fastrtps_c;rosidl_typesupport_introspection_c
[1.823s] -- Using all available rosidl_typesupport_cpp: rosidl_typesupport_fastrtps_cpp;rosidl_typesupport_introspection_cpp
[1.824s] -- Found rclcpp: 16.0.10 (/opt/ros/humble/share/rclcpp/cmake)
[1.824s] -- Found rmw_implementation_cmake: 6.1.2 (/opt/ros/humble/share/rmw_implementation_cmake/cmake)
[1.825s] -- Found rmw_fastrtps_cpp: 6.2.7 (/opt/ros/humble/share/rmw_fastrtps_cpp/cmake)
[1.825s] -- Found OpenSSL: /usr/lib/x86_64-linux-gnu/libcrypto.so (found version "3.0.2")  
[1.825s] -- Found FastRTPS: /opt/ros/humble/include  
[1.825s] -- Using RMW implementation 'rmw_fastrtps_cpp' as default
[1.828s] -- Looking for pthread.h
[1.829s] -- Looking for pthread.h - found
[1.829s] -- Performing Test CMAKE_HAVE_LIBC_PTHREAD
[1.829s] -- Performing Test CMAKE_HAVE_LIBC_PTHREAD - Success
[1.829s] -- Found Threads: TRUE  
[1.829s] -- Found rclcpp_components: 16.0.10 (/opt/ros/humble/share/rclcpp_components/cmake)
[1.829s] -- Found ament_lint_auto: 0.12.11 (/opt/ros/humble/share/ament_lint_auto/cmake)
[1.862s] -- Added test 'copyright' to check source files copyright and LICENSE
[1.862s] -- Added test 'cppcheck' to perform static code analysis on C / C++ code
[1.862s] -- Configured cppcheck include dirs: /home/donavyn/ros2_ws/src/examples/rclcpp/wait_set/include
[1.862s] -- Configured cppcheck exclude dirs and/or files: 
[1.864s] -- Added test 'cpplint' to check C / C++ code against the Google style
[1.864s] -- Configured cpplint exclude dirs and/or files: 
[1.873s] -- Added test 'lint_cmake' to check CMake code style
[1.874s] -- Added test 'uncrustify' to check C / C++ code style
[1.874s] -- Configured uncrustify additional arguments: 
[1.874s] -- Added test 'xmllint' to check XML markup files
[1.874s] -- Configuring done
[1.954s] -- Generating done
[1.958s] -- Build files have been written to: /home/donavyn/ros2_ws/build/examples_rclcpp_wait_set
[2.079s] Invoked command in '/home/donavyn/ros2_ws/build/examples_rclcpp_wait_set' returned '0': CMAKE_PREFIX_PATH=/opt/ros/humble /usr/bin/cmake /home/donavyn/ros2_ws/src/examples/rclcpp/wait_set -DAMENT_CMAKE_SYMLINK_INSTALL=1 -DCMAKE_INSTALL_PREFIX=/home/donavyn/ros2_ws/install/examples_rclcpp_wait_set
[2.079s] Invoking command in '/home/donavyn/ros2_ws/build/examples_rclcpp_wait_set': CMAKE_PREFIX_PATH=/opt/ros/humble /usr/bin/cmake --build /home/donavyn/ros2_ws/build/examples_rclcpp_wait_set -- -j16 -l16
[21.083s] [  4%] [32mBuilding CXX object CMakeFiles/wait_set_talker.dir/rclcpp_components/node_main_wait_set_talker.cpp.o[0m
[21.083s] [  8%] [32mBuilding CXX object CMakeFiles/wait_set_listener.dir/rclcpp_components/node_main_wait_set_listener.cpp.o[0m
[21.084s] [ 12%] [32mBuilding CXX object CMakeFiles/listener.dir/src/listener.cpp.o[0m
[21.084s] [ 16%] [32mBuilding CXX object CMakeFiles/wait_set_topics_and_timer.dir/src/wait_set_topics_and_timer.cpp.o[0m
[21.084s] [ 20%] [32mBuilding CXX object CMakeFiles/talker.dir/src/talker.cpp.o[0m
[21.084s] [ 29%] [32mBuilding CXX object CMakeFiles/static_wait_set.dir/src/static_wait_set.cpp.o[0m
[21.084s] [ 33%] [32mBuilding CXX object CMakeFiles/executor_random_order.dir/src/executor_random_order.cpp.o[0m
[21.084s] [ 33%] [32mBuilding CXX object CMakeFiles/wait_set_topics_with_different_rates.dir/src/wait_set_topics_with_different_rates.cpp.o[0m
[21.084s] [ 37%] [32mBuilding CXX object CMakeFiles/wait_set.dir/src/wait_set.cpp.o[0m
[21.084s] [ 41%] [32mBuilding CXX object CMakeFiles/thread_safe_wait_set.dir/src/thread_safe_wait_set.cpp.o[0m
[21.084s] [ 45%] [32mBuilding CXX object CMakeFiles/wait_set_random_order.dir/src/wait_set_random_order.cpp.o[0m
[21.084s] [ 50%] [32m[1mLinking CXX executable wait_set_listener[0m
[21.084s] [ 50%] Built target wait_set_listener
[21.084s] [ 54%] [32m[1mLinking CXX executable wait_set_talker[0m
[21.085s] [ 54%] Built target wait_set_talker
[24.753s] [ 58%] [32m[1mLinking CXX shared library libtalker.so[0m
[25.152s] [ 58%] Built target talker
[33.903s] [ 62%] [32m[1mLinking CXX executable static_wait_set[0m
[34.117s] [ 66%] [32m[1mLinking CXX shared library liblistener.so[0m
[34.393s] [ 70%] [32m[1mLinking CXX executable wait_set[0m
[34.640s] [ 70%] Built target static_wait_set
[34.976s] [ 70%] Built target listener
[35.045s] [ 70%] Built target wait_set
[35.648s] [ 75%] [32m[1mLinking CXX executable wait_set_topics_and_timer[0m
[35.852s] [ 79%] [32m[1mLinking CXX executable wait_set_topics_with_different_rates[0m
[35.942s] [ 83%] [32m[1mLinking CXX executable executor_random_order[0m
[35.978s] [ 87%] [32m[1mLinking CXX executable thread_safe_wait_set[0m
[36.069s] [ 87%] Built target wait_set_topics_and_timer
[36.270s] [ 87%] Built target wait_set_topics_with_different_rates
[36.294s] [ 91%] [32mBuilding CXX object CMakeFiles/wait_set_composed.dir/src/wait_set_composed.cpp.o[0m
[36.335s] [ 91%] Built target executor_random_order
[36.422s] [ 91%] Built target thread_safe_wait_set
[36.590s] [ 95%] [32m[1mLinking CXX executable wait_set_random_order[0m
[36.887s] [ 95%] Built target wait_set_random_order
[38.304s] [100%] [32m[1mLinking CXX executable wait_set_composed[0m
[38.442s] [100%] Built target wait_set_composed
[38.453s] Invoked command in '/home/donavyn/ros2_ws/build/examples_rclcpp_wait_set' returned '0': CMAKE_PREFIX_PATH=/opt/ros/humble /usr/bin/cmake --build /home/donavyn/ros2_ws/build/examples_rclcpp_wait_set -- -j16 -l16
[38.529s] Invoking command in '/home/donavyn/ros2_ws/build/examples_rclcpp_wait_set': CMAKE_PREFIX_PATH=/opt/ros/humble /usr/bin/cmake --install /home/donavyn/ros2_ws/build/examples_rclcpp_wait_set
[38.535s] -- Install configuration: ""
[38.535s] -- Execute custom install script
[38.535s] -- Symlinking: /home/donavyn/ros2_ws/install/examples_rclcpp_wait_set/lib/examples_rclcpp_wait_set/wait_set_talker
[38.543s] -- Symlinking: /home/donavyn/ros2_ws/install/examples_rclcpp_wait_set/lib/examples_rclcpp_wait_set/wait_set_listener
[38.551s] -- Symlinking: /home/donavyn/ros2_ws/install/examples_rclcpp_wait_set/lib/libtalker.so
[38.558s] -- Symlinking: /home/donavyn/ros2_ws/install/examples_rclcpp_wait_set/lib/liblistener.so
[38.565s] -- Symlinking: /home/donavyn/ros2_ws/install/examples_rclcpp_wait_set/lib/examples_rclcpp_wait_set/wait_set
[38.572s] -- Symlinking: /home/donavyn/ros2_ws/install/examples_rclcpp_wait_set/lib/examples_rclcpp_wait_set/static_wait_set
[38.581s] -- Symlinking: /home/donavyn/ros2_ws/install/examples_rclcpp_wait_set/lib/examples_rclcpp_wait_set/thread_safe_wait_set
[38.590s] -- Symlinking: /home/donavyn/ros2_ws/install/examples_rclcpp_wait_set/lib/examples_rclcpp_wait_set/wait_set_topics_and_timer
[38.599s] -- Symlinking: /home/donavyn/ros2_ws/install/examples_rclcpp_wait_set/lib/examples_rclcpp_wait_set/wait_set_random_order
[38.606s] -- Symlinking: /home/donavyn/ros2_ws/install/examples_rclcpp_wait_set/lib/examples_rclcpp_wait_set/executor_random_order
[38.613s] -- Symlinking: /home/donavyn/ros2_ws/install/examples_rclcpp_wait_set/lib/examples_rclcpp_wait_set/wait_set_topics_with_different_rates
[38.620s] -- Symlinking: /home/donavyn/ros2_ws/install/examples_rclcpp_wait_set/lib/examples_rclcpp_wait_set/wait_set_composed
[38.627s] -- Symlinking: /home/donavyn/ros2_ws/install/examples_rclcpp_wait_set/share/ament_index/resource_index/package_run_dependencies/examples_rclcpp_wait_set
[38.636s] -- Symlinking: /home/donavyn/ros2_ws/install/examples_rclcpp_wait_set/share/ament_index/resource_index/parent_prefix_path/examples_rclcpp_wait_set
[38.644s] -- Symlinking: /home/donavyn/ros2_ws/install/examples_rclcpp_wait_set/share/examples_rclcpp_wait_set/environment/ament_prefix_path.sh
[38.652s] -- Symlinking: /home/donavyn/ros2_ws/install/examples_rclcpp_wait_set/share/examples_rclcpp_wait_set/environment/ament_prefix_path.dsv
[38.659s] -- Symlinking: /home/donavyn/ros2_ws/install/examples_rclcpp_wait_set/share/examples_rclcpp_wait_set/environment/path.sh
[38.667s] -- Symlinking: /home/donavyn/ros2_ws/install/examples_rclcpp_wait_set/share/examples_rclcpp_wait_set/environment/path.dsv
[38.674s] -- Symlinking: /home/donavyn/ros2_ws/install/examples_rclcpp_wait_set/share/examples_rclcpp_wait_set/local_setup.bash
[38.681s] -- Symlinking: /home/donavyn/ros2_ws/install/examples_rclcpp_wait_set/share/examples_rclcpp_wait_set/local_setup.sh
[38.691s] -- Symlinking: /home/donavyn/ros2_ws/install/examples_rclcpp_wait_set/share/examples_rclcpp_wait_set/local_setup.zsh
[38.699s] -- Symlinking: /home/donavyn/ros2_ws/install/examples_rclcpp_wait_set/share/examples_rclcpp_wait_set/local_setup.dsv
[38.706s] -- Symlinking: /home/donavyn/ros2_ws/install/examples_rclcpp_wait_set/share/examples_rclcpp_wait_set/package.dsv
[38.713s] -- Symlinking: /home/donavyn/ros2_ws/install/examples_rclcpp_wait_set/share/ament_index/resource_index/packages/examples_rclcpp_wait_set
[38.721s] -- Symlinking: /home/donavyn/ros2_ws/install/examples_rclcpp_wait_set/share/ament_index/resource_index/rclcpp_components/examples_rclcpp_wait_set
[38.729s] -- Symlinking: /home/donavyn/ros2_ws/install/examples_rclcpp_wait_set/share/examples_rclcpp_wait_set/cmake/examples_rclcpp_wait_setConfig.cmake
[38.737s] -- Symlinking: /home/donavyn/ros2_ws/install/examples_rclcpp_wait_set/share/examples_rclcpp_wait_set/cmake/examples_rclcpp_wait_setConfig-version.cmake
[38.745s] -- Symlinking: /home/donavyn/ros2_ws/install/examples_rclcpp_wait_set/share/examples_rclcpp_wait_set/package.xml
[38.755s] Invoked command in '/home/donavyn/ros2_ws/build/examples_rclcpp_wait_set' returned '0': CMAKE_PREFIX_PATH=/opt/ros/humble /usr/bin/cmake --install /home/donavyn/ros2_ws/build/examples_rclcpp_wait_set
