[2.681s] Invoking command in '/home/donavyn/ros2_ws/build/examples_rclpy_executors': PYTHONPATH=/home/donavyn/ros2_ws/build/examples_rclpy_executors/prefix_override:/usr/lib/python3/dist-packages/colcon_core/task/python/colcon_distutils_commands:/home/donavyn/ros2_ws/install/examples_rclpy_executors/lib/python3.10/site-packages:${PYTHONPATH} /usr/bin/python3 -W ignore:setup.py install is deprecated setup.py develop --uninstall --editable --build-directory /home/donavyn/ros2_ws/build/examples_rclpy_executors/build
[2.946s] running develop
[2.946s] /usr/lib/python3/dist-packages/setuptools/command/easy_install.py:158: EasyInstallDeprecationWarning: easy_install command is deprecated. Use build and pip and other standards-based tools.
[2.946s]   warnings.warn(
[3.111s] Removing /home/donavyn/ros2_ws/install/examples_rclpy_executors/lib/python3.10/site-packages/examples-rclpy-executors.egg-link (link to .)
[3.149s] Invoked command in '/home/donavyn/ros2_ws/build/examples_rclpy_executors' returned '0': PYTHONPATH=/home/donavyn/ros2_ws/build/examples_rclpy_executors/prefix_override:/usr/lib/python3/dist-packages/colcon_core/task/python/colcon_distutils_commands:/home/donavyn/ros2_ws/install/examples_rclpy_executors/lib/python3.10/site-packages:${PYTHONPATH} /usr/bin/python3 -W ignore:setup.py install is deprecated setup.py develop --uninstall --editable --build-directory /home/donavyn/ros2_ws/build/examples_rclpy_executors/build
[3.151s] Invoking command in '/home/donavyn/ros2_ws/src/examples/rclpy/executors': PYTHONPATH=/home/donavyn/ros2_ws/build/examples_rclpy_executors/prefix_override:/usr/lib/python3/dist-packages/colcon_core/task/python/colcon_distutils_commands:/home/donavyn/ros2_ws/install/examples_rclpy_executors/lib/python3.10/site-packages:${PYTHONPATH} /usr/bin/python3 -W ignore:setup.py install is deprecated setup.py egg_info --egg-base ../../../../build/examples_rclpy_executors build --build-base /home/donavyn/ros2_ws/build/examples_rclpy_executors/build install --record /home/donavyn/ros2_ws/build/examples_rclpy_executors/install.log --single-version-externally-managed install_data --force
[3.509s] running egg_info
[3.511s] writing ../../../../build/examples_rclpy_executors/examples_rclpy_executors.egg-info/PKG-INFO
[3.511s] writing dependency_links to ../../../../build/examples_rclpy_executors/examples_rclpy_executors.egg-info/dependency_links.txt
[3.511s] writing entry points to ../../../../build/examples_rclpy_executors/examples_rclpy_executors.egg-info/entry_points.txt
[3.511s] writing requirements to ../../../../build/examples_rclpy_executors/examples_rclpy_executors.egg-info/requires.txt
[3.511s] writing top-level names to ../../../../build/examples_rclpy_executors/examples_rclpy_executors.egg-info/top_level.txt
[3.516s] reading manifest file '../../../../build/examples_rclpy_executors/examples_rclpy_executors.egg-info/SOURCES.txt'
[3.517s] writing manifest file '../../../../build/examples_rclpy_executors/examples_rclpy_executors.egg-info/SOURCES.txt'
[3.517s] running build
[3.517s] running build_py
[3.517s] creating /home/donavyn/ros2_ws/build/examples_rclpy_executors/build
[3.518s] creating /home/donavyn/ros2_ws/build/examples_rclpy_executors/build/lib
[3.518s] creating /home/donavyn/ros2_ws/build/examples_rclpy_executors/build/lib/examples_rclpy_executors
[3.518s] copying examples_rclpy_executors/talker.py -> /home/donavyn/ros2_ws/build/examples_rclpy_executors/build/lib/examples_rclpy_executors
[3.518s] copying examples_rclpy_executors/custom_callback_group.py -> /home/donavyn/ros2_ws/build/examples_rclpy_executors/build/lib/examples_rclpy_executors
[3.518s] copying examples_rclpy_executors/__init__.py -> /home/donavyn/ros2_ws/build/examples_rclpy_executors/build/lib/examples_rclpy_executors
[3.518s] copying examples_rclpy_executors/callback_group.py -> /home/donavyn/ros2_ws/build/examples_rclpy_executors/build/lib/examples_rclpy_executors
[3.518s] copying examples_rclpy_executors/custom_executor.py -> /home/donavyn/ros2_ws/build/examples_rclpy_executors/build/lib/examples_rclpy_executors
[3.518s] copying examples_rclpy_executors/listener.py -> /home/donavyn/ros2_ws/build/examples_rclpy_executors/build/lib/examples_rclpy_executors
[3.518s] copying examples_rclpy_executors/composed.py -> /home/donavyn/ros2_ws/build/examples_rclpy_executors/build/lib/examples_rclpy_executors
[3.518s] running install
[3.518s] running install_lib
[3.519s] creating /home/donavyn/ros2_ws/install/examples_rclpy_executors/lib/python3.10/site-packages/examples_rclpy_executors
[3.519s] copying /home/donavyn/ros2_ws/build/examples_rclpy_executors/build/lib/examples_rclpy_executors/talker.py -> /home/donavyn/ros2_ws/install/examples_rclpy_executors/lib/python3.10/site-packages/examples_rclpy_executors
[3.520s] copying /home/donavyn/ros2_ws/build/examples_rclpy_executors/build/lib/examples_rclpy_executors/custom_callback_group.py -> /home/donavyn/ros2_ws/install/examples_rclpy_executors/lib/python3.10/site-packages/examples_rclpy_executors
[3.520s] copying /home/donavyn/ros2_ws/build/examples_rclpy_executors/build/lib/examples_rclpy_executors/__init__.py -> /home/donavyn/ros2_ws/install/examples_rclpy_executors/lib/python3.10/site-packages/examples_rclpy_executors
[3.520s] copying /home/donavyn/ros2_ws/build/examples_rclpy_executors/build/lib/examples_rclpy_executors/callback_group.py -> /home/donavyn/ros2_ws/install/examples_rclpy_executors/lib/python3.10/site-packages/examples_rclpy_executors
[3.520s] copying /home/donavyn/ros2_ws/build/examples_rclpy_executors/build/lib/examples_rclpy_executors/custom_executor.py -> /home/donavyn/ros2_ws/install/examples_rclpy_executors/lib/python3.10/site-packages/examples_rclpy_executors
[3.520s] copying /home/donavyn/ros2_ws/build/examples_rclpy_executors/build/lib/examples_rclpy_executors/listener.py -> /home/donavyn/ros2_ws/install/examples_rclpy_executors/lib/python3.10/site-packages/examples_rclpy_executors
[3.520s] copying /home/donavyn/ros2_ws/build/examples_rclpy_executors/build/lib/examples_rclpy_executors/composed.py -> /home/donavyn/ros2_ws/install/examples_rclpy_executors/lib/python3.10/site-packages/examples_rclpy_executors
[3.521s] byte-compiling /home/donavyn/ros2_ws/install/examples_rclpy_executors/lib/python3.10/site-packages/examples_rclpy_executors/talker.py to talker.cpython-310.pyc
[3.522s] byte-compiling /home/donavyn/ros2_ws/install/examples_rclpy_executors/lib/python3.10/site-packages/examples_rclpy_executors/custom_callback_group.py to custom_callback_group.cpython-310.pyc
[3.523s] byte-compiling /home/donavyn/ros2_ws/install/examples_rclpy_executors/lib/python3.10/site-packages/examples_rclpy_executors/__init__.py to __init__.cpython-310.pyc
[3.523s] byte-compiling /home/donavyn/ros2_ws/install/examples_rclpy_executors/lib/python3.10/site-packages/examples_rclpy_executors/callback_group.py to callback_group.cpython-310.pyc
[3.524s] byte-compiling /home/donavyn/ros2_ws/install/examples_rclpy_executors/lib/python3.10/site-packages/examples_rclpy_executors/custom_executor.py to custom_executor.cpython-310.pyc
[3.525s] byte-compiling /home/donavyn/ros2_ws/install/examples_rclpy_executors/lib/python3.10/site-packages/examples_rclpy_executors/listener.py to listener.cpython-310.pyc
[3.525s] byte-compiling /home/donavyn/ros2_ws/install/examples_rclpy_executors/lib/python3.10/site-packages/examples_rclpy_executors/composed.py to composed.cpython-310.pyc
[3.526s] running install_data
[3.526s] copying resource/examples_rclpy_executors -> /home/donavyn/ros2_ws/install/examples_rclpy_executors/share/ament_index/resource_index/packages
[3.526s] copying package.xml -> /home/donavyn/ros2_ws/install/examples_rclpy_executors/share/examples_rclpy_executors
[3.526s] running install_egg_info
[3.529s] Copying ../../../../build/examples_rclpy_executors/examples_rclpy_executors.egg-info to /home/donavyn/ros2_ws/install/examples_rclpy_executors/lib/python3.10/site-packages/examples_rclpy_executors-0.15.2-py3.10.egg-info
[3.530s] running install_scripts
[3.564s] Installing callback_group script to /home/donavyn/ros2_ws/install/examples_rclpy_executors/lib/examples_rclpy_executors
[3.564s] Installing composed script to /home/donavyn/ros2_ws/install/examples_rclpy_executors/lib/examples_rclpy_executors
[3.564s] Installing custom_callback_group script to /home/donavyn/ros2_ws/install/examples_rclpy_executors/lib/examples_rclpy_executors
[3.565s] Installing custom_executor script to /home/donavyn/ros2_ws/install/examples_rclpy_executors/lib/examples_rclpy_executors
[3.565s] Installing listener script to /home/donavyn/ros2_ws/install/examples_rclpy_executors/lib/examples_rclpy_executors
[3.565s] Installing talker script to /home/donavyn/ros2_ws/install/examples_rclpy_executors/lib/examples_rclpy_executors
[3.565s] writing list of installed files to '/home/donavyn/ros2_ws/build/examples_rclpy_executors/install.log'
[3.605s] Invoked command in '/home/donavyn/ros2_ws/src/examples/rclpy/executors' returned '0': PYTHONPATH=/home/donavyn/ros2_ws/build/examples_rclpy_executors/prefix_override:/usr/lib/python3/dist-packages/colcon_core/task/python/colcon_distutils_commands:/home/donavyn/ros2_ws/install/examples_rclpy_executors/lib/python3.10/site-packages:${PYTHONPATH} /usr/bin/python3 -W ignore:setup.py install is deprecated setup.py egg_info --egg-base ../../../../build/examples_rclpy_executors build --build-base /home/donavyn/ros2_ws/build/examples_rclpy_executors/build install --record /home/donavyn/ros2_ws/build/examples_rclpy_executors/install.log --single-version-externally-managed install_data --force
